[0.627s] Invoking command in '/home/anish/ps1_ws/build/turtlebot3_example': PYTHONPATH=/home/anish/ps1_ws/build/turtlebot3_example/prefix_override:/usr/lib/python3/dist-packages/colcon_core/task/python/colcon_distutils_commands:/home/anish/ps1_ws/install/turtlebot3_example/lib/python3.10/site-packages:${PYTHONPATH} /usr/bin/python3 -W ignore:setup.py install is deprecated -W ignore:easy_install command is deprecated setup.py develop --editable --build-directory /home/anish/ps1_ws/build/turtlebot3_example/build --no-deps symlink_data --force
[0.804s] running develop
[0.887s] running egg_info
[0.888s] writing turtlebot3_example.egg-info/PKG-INFO
[0.888s] writing dependency_links to turtlebot3_example.egg-info/dependency_links.txt
[0.888s] writing entry points to turtlebot3_example.egg-info/entry_points.txt
[0.888s] writing requirements to turtlebot3_example.egg-info/requires.txt
[0.888s] writing top-level names to turtlebot3_example.egg-info/top_level.txt
[0.890s] reading manifest file 'turtlebot3_example.egg-info/SOURCES.txt'
[0.891s] writing manifest file 'turtlebot3_example.egg-info/SOURCES.txt'
[0.892s] running build_ext
[0.892s] Creating /home/anish/ps1_ws/install/turtlebot3_example/lib/python3.10/site-packages/turtlebot3-example.egg-link (link to .)
[0.893s] Installing turtlebot3_absolute_move script to /home/anish/ps1_ws/install/turtlebot3_example/lib/turtlebot3_example
[0.893s] Installing turtlebot3_interactive_marker script to /home/anish/ps1_ws/install/turtlebot3_example/lib/turtlebot3_example
[0.893s] Installing turtlebot3_obstacle_detection script to /home/anish/ps1_ws/install/turtlebot3_example/lib/turtlebot3_example
[0.893s] Installing turtlebot3_patrol_client script to /home/anish/ps1_ws/install/turtlebot3_example/lib/turtlebot3_example
[0.893s] Installing turtlebot3_patrol_server script to /home/anish/ps1_ws/install/turtlebot3_example/lib/turtlebot3_example
[0.893s] Installing turtlebot3_relative_move script to /home/anish/ps1_ws/install/turtlebot3_example/lib/turtlebot3_example
[0.894s] 
[0.894s] Installed /home/anish/ps1_ws/build/turtlebot3_example
[0.894s] running symlink_data
[0.894s] symbolically linking /home/anish/ps1_ws/build/turtlebot3_example/resource/turtlebot3_example -> /home/anish/ps1_ws/install/turtlebot3_example/share/ament_index/resource_index/packages
[0.894s] symbolically linking /home/anish/ps1_ws/build/turtlebot3_example/package.xml -> /home/anish/ps1_ws/install/turtlebot3_example/share/turtlebot3_example
[0.942s] Invoked command in '/home/anish/ps1_ws/build/turtlebot3_example' returned '0': PYTHONPATH=/home/anish/ps1_ws/build/turtlebot3_example/prefix_override:/usr/lib/python3/dist-packages/colcon_core/task/python/colcon_distutils_commands:/home/anish/ps1_ws/install/turtlebot3_example/lib/python3.10/site-packages:${PYTHONPATH} /usr/bin/python3 -W ignore:setup.py install is deprecated -W ignore:easy_install command is deprecated setup.py develop --editable --build-directory /home/anish/ps1_ws/build/turtlebot3_example/build --no-deps symlink_data --force
