[0.009s] Invoking command in '/home/anish/ps1_ws/build/turtlebot3_bringup': AMENT_PREFIX_PATH=/home/anish/ps1_ws/install/turtlebot3_node:/home/anish/ps1_ws/install/turtlebot3_description:${AMENT_PREFIX_PATH} CMAKE_PREFIX_PATH=/home/anish/ps1_ws/install/turtlebot3_node:/home/anish/ps1_ws/install/turtlebot3_description:/home/anish/ps1_ws/install/my_world_launcher:/opt/ros/humble /usr/bin/cmake /home/anish/ps1_ws/src/turtlebot3/turtlebot3_bringup -DCMAKE_INSTALL_PREFIX=/home/anish/ps1_ws/install/turtlebot3_bringup
[0.057s] -- The C compiler identification is GNU 11.4.0
[0.103s] -- The CXX compiler identification is GNU 11.4.0
[0.110s] -- Detecting C compiler ABI info
[0.190s] -- Detecting C compiler ABI info - done
[0.194s] -- Check for working C compiler: /usr/bin/cc - skipped
[0.194s] -- Detecting C compile features
[0.194s] -- Detecting C compile features - done
[0.197s] -- Detecting CXX compiler ABI info
[0.280s] -- Detecting CXX compiler ABI info - done
[0.285s] -- Check for working CXX compiler: /usr/bin/c++ - skipped
[0.285s] -- Detecting CXX compile features
[0.285s] -- Detecting CXX compile features - done
[0.287s] -- Found ament_cmake: 1.3.11 (/opt/ros/humble/share/ament_cmake/cmake)
[0.411s] -- Found Python3: /usr/bin/python3 (found version "3.10.12") found components: Interpreter 
[0.533s] -- Configuring done
[0.536s] -- Generating done
[0.537s] -- Build files have been written to: /home/anish/ps1_ws/build/turtlebot3_bringup
[0.545s] Invoked command in '/home/anish/ps1_ws/build/turtlebot3_bringup' returned '0': AMENT_PREFIX_PATH=/home/anish/ps1_ws/install/turtlebot3_node:/home/anish/ps1_ws/install/turtlebot3_description:${AMENT_PREFIX_PATH} CMAKE_PREFIX_PATH=/home/anish/ps1_ws/install/turtlebot3_node:/home/anish/ps1_ws/install/turtlebot3_description:/home/anish/ps1_ws/install/my_world_launcher:/opt/ros/humble /usr/bin/cmake /home/anish/ps1_ws/src/turtlebot3/turtlebot3_bringup -DCMAKE_INSTALL_PREFIX=/home/anish/ps1_ws/install/turtlebot3_bringup
[0.547s] Invoking command in '/home/anish/ps1_ws/build/turtlebot3_bringup': AMENT_PREFIX_PATH=/home/anish/ps1_ws/install/turtlebot3_node:/home/anish/ps1_ws/install/turtlebot3_description:${AMENT_PREFIX_PATH} CMAKE_PREFIX_PATH=/home/anish/ps1_ws/install/turtlebot3_node:/home/anish/ps1_ws/install/turtlebot3_description:/home/anish/ps1_ws/install/my_world_launcher:/opt/ros/humble /usr/bin/cmake --build /home/anish/ps1_ws/build/turtlebot3_bringup -- -j16 -l16
[0.594s] Invoked command in '/home/anish/ps1_ws/build/turtlebot3_bringup' returned '0': AMENT_PREFIX_PATH=/home/anish/ps1_ws/install/turtlebot3_node:/home/anish/ps1_ws/install/turtlebot3_description:${AMENT_PREFIX_PATH} CMAKE_PREFIX_PATH=/home/anish/ps1_ws/install/turtlebot3_node:/home/anish/ps1_ws/install/turtlebot3_description:/home/anish/ps1_ws/install/my_world_launcher:/opt/ros/humble /usr/bin/cmake --build /home/anish/ps1_ws/build/turtlebot3_bringup -- -j16 -l16
[0.596s] Invoking command in '/home/anish/ps1_ws/build/turtlebot3_bringup': AMENT_PREFIX_PATH=/home/anish/ps1_ws/install/turtlebot3_node:/home/anish/ps1_ws/install/turtlebot3_description:${AMENT_PREFIX_PATH} CMAKE_PREFIX_PATH=/home/anish/ps1_ws/install/turtlebot3_node:/home/anish/ps1_ws/install/turtlebot3_description:/home/anish/ps1_ws/install/my_world_launcher:/opt/ros/humble /usr/bin/cmake --install /home/anish/ps1_ws/build/turtlebot3_bringup
[0.604s] -- Install configuration: ""
[0.604s] -- Installing: /home/anish/ps1_ws/install/turtlebot3_bringup/share/turtlebot3_bringup/launch
[0.605s] -- Installing: /home/anish/ps1_ws/install/turtlebot3_bringup/share/turtlebot3_bringup/launch/camera.launch.py
[0.605s] -- Installing: /home/anish/ps1_ws/install/turtlebot3_bringup/share/turtlebot3_bringup/launch/robot.launch.py
[0.605s] -- Installing: /home/anish/ps1_ws/install/turtlebot3_bringup/share/turtlebot3_bringup/launch/turtlebot3_state_publisher.launch.py
[0.605s] -- Installing: /home/anish/ps1_ws/install/turtlebot3_bringup/share/turtlebot3_bringup/launch/rviz2.launch.py
[0.605s] -- Installing: /home/anish/ps1_ws/install/turtlebot3_bringup/share/turtlebot3_bringup/param
[0.606s] -- Installing: /home/anish/ps1_ws/install/turtlebot3_bringup/share/turtlebot3_bringup/param/waffle_pi.yaml
[0.606s] -- Installing: /home/anish/ps1_ws/install/turtlebot3_bringup/share/turtlebot3_bringup/param/humble
[0.606s] -- Installing: /home/anish/ps1_ws/install/turtlebot3_bringup/share/turtlebot3_bringup/param/humble/waffle_pi.yaml
[0.606s] -- Installing: /home/anish/ps1_ws/install/turtlebot3_bringup/share/turtlebot3_bringup/param/humble/burger.yaml
[0.606s] -- Installing: /home/anish/ps1_ws/install/turtlebot3_bringup/share/turtlebot3_bringup/param/humble/waffle.yaml
[0.606s] -- Installing: /home/anish/ps1_ws/install/turtlebot3_bringup/share/turtlebot3_bringup/param/burger.yaml
[0.606s] -- Installing: /home/anish/ps1_ws/install/turtlebot3_bringup/share/turtlebot3_bringup/param/waffle.yaml
[0.606s] -- Installing: /home/anish/ps1_ws/install/turtlebot3_bringup/share/turtlebot3_bringup/script
[0.606s] -- Installing: /home/anish/ps1_ws/install/turtlebot3_bringup/share/turtlebot3_bringup/script/create_udev_rules
[0.606s] -- Installing: /home/anish/ps1_ws/install/turtlebot3_bringup/share/turtlebot3_bringup/script/99-turtlebot3-cdc.rules
[0.607s] -- Installing: /home/anish/ps1_ws/install/turtlebot3_bringup/share/ament_index/resource_index/package_run_dependencies/turtlebot3_bringup
[0.607s] -- Installing: /home/anish/ps1_ws/install/turtlebot3_bringup/share/ament_index/resource_index/parent_prefix_path/turtlebot3_bringup
[0.607s] -- Installing: /home/anish/ps1_ws/install/turtlebot3_bringup/share/turtlebot3_bringup/environment/ament_prefix_path.sh
[0.607s] -- Installing: /home/anish/ps1_ws/install/turtlebot3_bringup/share/turtlebot3_bringup/environment/ament_prefix_path.dsv
[0.607s] -- Installing: /home/anish/ps1_ws/install/turtlebot3_bringup/share/turtlebot3_bringup/environment/path.sh
[0.607s] -- Installing: /home/anish/ps1_ws/install/turtlebot3_bringup/share/turtlebot3_bringup/environment/path.dsv
[0.607s] -- Installing: /home/anish/ps1_ws/install/turtlebot3_bringup/share/turtlebot3_bringup/local_setup.bash
[0.607s] -- Installing: /home/anish/ps1_ws/install/turtlebot3_bringup/share/turtlebot3_bringup/local_setup.sh
[0.607s] -- Installing: /home/anish/ps1_ws/install/turtlebot3_bringup/share/turtlebot3_bringup/local_setup.zsh
[0.608s] -- Installing: /home/anish/ps1_ws/install/turtlebot3_bringup/share/turtlebot3_bringup/local_setup.dsv
[0.608s] -- Installing: /home/anish/ps1_ws/install/turtlebot3_bringup/share/turtlebot3_bringup/package.dsv
[0.608s] -- Installing: /home/anish/ps1_ws/install/turtlebot3_bringup/share/ament_index/resource_index/packages/turtlebot3_bringup
[0.608s] -- Installing: /home/anish/ps1_ws/install/turtlebot3_bringup/share/turtlebot3_bringup/cmake/turtlebot3_bringupConfig.cmake
[0.608s] -- Installing: /home/anish/ps1_ws/install/turtlebot3_bringup/share/turtlebot3_bringup/cmake/turtlebot3_bringupConfig-version.cmake
[0.609s] -- Installing: /home/anish/ps1_ws/install/turtlebot3_bringup/share/turtlebot3_bringup/package.xml
[0.612s] Invoked command in '/home/anish/ps1_ws/build/turtlebot3_bringup' returned '0': AMENT_PREFIX_PATH=/home/anish/ps1_ws/install/turtlebot3_node:/home/anish/ps1_ws/install/turtlebot3_description:${AMENT_PREFIX_PATH} CMAKE_PREFIX_PATH=/home/anish/ps1_ws/install/turtlebot3_node:/home/anish/ps1_ws/install/turtlebot3_description:/home/anish/ps1_ws/install/my_world_launcher:/opt/ros/humble /usr/bin/cmake --install /home/anish/ps1_ws/build/turtlebot3_bringup
