[0.029s] Invoking command in '/home/anish/ps1_ws/build/turtlebot3_node': CMAKE_PREFIX_PATH=${CMAKE_PREFIX_PATH}:/home/anish/ps1_ws/install/turtlebot3_teleop:/home/anish/ps1_ws/install/turtlebot3_example:/opt/ros/humble /usr/bin/cmake --build /home/anish/ps1_ws/build/turtlebot3_node -- -j16 -l16
[0.183s] [ 85%] Built target turtlebot3_node_lib
[0.183s] [100%] Built target turtlebot3_ros
[0.346s] Invoked command in '/home/anish/ps1_ws/build/turtlebot3_node' returned '0': CMAKE_PREFIX_PATH=${CMAKE_PREFIX_PATH}:/home/anish/ps1_ws/install/turtlebot3_teleop:/home/anish/ps1_ws/install/turtlebot3_example:/opt/ros/humble /usr/bin/cmake --build /home/anish/ps1_ws/build/turtlebot3_node -- -j16 -l16
[0.348s] Invoking command in '/home/anish/ps1_ws/build/turtlebot3_node': CMAKE_PREFIX_PATH=${CMAKE_PREFIX_PATH}:/home/anish/ps1_ws/install/turtlebot3_teleop:/home/anish/ps1_ws/install/turtlebot3_example:/opt/ros/humble /usr/bin/cmake --install /home/anish/ps1_ws/build/turtlebot3_node
[0.355s] -- Install configuration: ""
[0.357s] -- Execute custom install script
[0.357s] -- Up-to-date symlink: /home/anish/ps1_ws/install/turtlebot3_node/share/turtlebot3_node/param/burger.yaml
[0.357s] -- Up-to-date symlink: /home/anish/ps1_ws/install/turtlebot3_node/share/turtlebot3_node/param/waffle.yaml
[0.357s] -- Up-to-date symlink: /home/anish/ps1_ws/install/turtlebot3_node/share/turtlebot3_node/param/waffle_pi.yaml
[0.357s] -- Up-to-date symlink: /home/anish/ps1_ws/install/turtlebot3_node/lib/turtlebot3_node/turtlebot3_ros
[0.357s] -- Up-to-date symlink: /home/anish/ps1_ws/install/turtlebot3_node/share/ament_index/resource_index/package_run_dependencies/turtlebot3_node
[0.357s] -- Up-to-date symlink: /home/anish/ps1_ws/install/turtlebot3_node/share/ament_index/resource_index/parent_prefix_path/turtlebot3_node
[0.357s] -- Up-to-date symlink: /home/anish/ps1_ws/install/turtlebot3_node/share/turtlebot3_node/environment/ament_prefix_path.sh
[0.357s] -- Up-to-date symlink: /home/anish/ps1_ws/install/turtlebot3_node/share/turtlebot3_node/environment/ament_prefix_path.dsv
[0.357s] -- Up-to-date symlink: /home/anish/ps1_ws/install/turtlebot3_node/share/turtlebot3_node/environment/path.sh
[0.357s] -- Up-to-date symlink: /home/anish/ps1_ws/install/turtlebot3_node/share/turtlebot3_node/environment/path.dsv
[0.358s] -- Up-to-date symlink: /home/anish/ps1_ws/install/turtlebot3_node/share/turtlebot3_node/local_setup.bash
[0.359s] -- Up-to-date symlink: /home/anish/ps1_ws/install/turtlebot3_node/share/turtlebot3_node/local_setup.sh
[0.360s] -- Up-to-date symlink: /home/anish/ps1_ws/install/turtlebot3_node/share/turtlebot3_node/local_setup.zsh
[0.360s] -- Up-to-date symlink: /home/anish/ps1_ws/install/turtlebot3_node/share/turtlebot3_node/local_setup.dsv
[0.360s] -- Symlinking: /home/anish/ps1_ws/install/turtlebot3_node/share/turtlebot3_node/package.dsv
[0.368s] -- Up-to-date symlink: /home/anish/ps1_ws/install/turtlebot3_node/share/ament_index/resource_index/packages/turtlebot3_node
[0.368s] -- Up-to-date symlink: /home/anish/ps1_ws/install/turtlebot3_node/share/turtlebot3_node/cmake/ament_cmake_export_dependencies-extras.cmake
[0.368s] -- Up-to-date symlink: /home/anish/ps1_ws/install/turtlebot3_node/share/turtlebot3_node/cmake/ament_cmake_export_include_directories-extras.cmake
[0.368s] -- Up-to-date symlink: /home/anish/ps1_ws/install/turtlebot3_node/share/turtlebot3_node/cmake/turtlebot3_nodeConfig.cmake
[0.369s] -- Up-to-date symlink: /home/anish/ps1_ws/install/turtlebot3_node/share/turtlebot3_node/cmake/turtlebot3_nodeConfig-version.cmake
[0.369s] -- Up-to-date symlink: /home/anish/ps1_ws/install/turtlebot3_node/share/turtlebot3_node/package.xml
[0.427s] Invoked command in '/home/anish/ps1_ws/build/turtlebot3_node' returned '0': CMAKE_PREFIX_PATH=${CMAKE_PREFIX_PATH}:/home/anish/ps1_ws/install/turtlebot3_teleop:/home/anish/ps1_ws/install/turtlebot3_example:/opt/ros/humble /usr/bin/cmake --install /home/anish/ps1_ws/build/turtlebot3_node
