[0.173s] Invoking command in '/home/anish/ps1_ws/build/turtlebot3_gazebo': CMAKE_PREFIX_PATH=${CMAKE_PREFIX_PATH}:/home/anish/ps1_ws/install/turtlebot3_teleop:/home/anish/ps1_ws/install/turtlebot3_example:/opt/ros/humble /usr/bin/cmake /home/anish/ps1_ws/src/turtlebot3_simulations/turtlebot3_gazebo -DAMENT_CMAKE_SYMLINK_INSTALL=1 -DCMAKE_INSTALL_PREFIX=/home/anish/ps1_ws/install/turtlebot3_gazebo
[0.181s] -- Found ament_cmake: 1.3.11 (/opt/ros/humble/share/ament_cmake/cmake)
[0.263s] -- Override CMake install command with custom implementation using symlinks instead of copying resources
[0.271s] [33mCMake Warning (dev) at /usr/share/cmake-3.22/Modules/FindPackageHandleStandardArgs.cmake:438 (message):
[0.271s]   The package name passed to `find_package_handle_standard_args` (PkgConfig)
[0.271s]   does not match the name of the calling package (gazebo).  This can lead to
[0.271s]   problems in calling code that expects `find_package` result variables
[0.271s]   (e.g., `_FOUND`) to follow a certain pattern.
[0.271s] Call Stack (most recent call first):
[0.271s]   /usr/share/cmake-3.22/Modules/FindPkgConfig.cmake:99 (find_package_handle_standard_args)
[0.271s]   /usr/lib/x86_64-linux-gnu/cmake/gazebo/gazebo-config.cmake:72 (include)
[0.272s]   CMakeLists.txt:23 (find_package)
[0.272s] This warning is for project developers.  Use -Wno-dev to suppress it.
[0.272s] [0m
[0.287s] -- Found DART: /usr/include (Required is at least version "6.6") found components: dart 
[0.312s] -- Found Protobuf: /usr/lib/x86_64-linux-gnu/libprotobuf.so (found version "3.12.4") 
[0.312s] -- Looking for ignition-math6 -- found version 6.15.1
[0.315s] -- Searching for dependencies of ignition-math6
[0.316s] -- Looking for OGRE...
[0.320s] -- Found Ogre Ghadamon (1.9.0)
[0.321s] -- Found OGRE: optimized;/usr/lib/x86_64-linux-gnu/libOgreMain.so;debug;/usr/lib/x86_64-linux-gnu/libOgreMain.so
[0.327s] -- Looking for OGRE_Paging...
[0.327s] -- Found OGRE_Paging: optimized;/usr/lib/x86_64-linux-gnu/libOgrePaging.so;debug;/usr/lib/x86_64-linux-gnu/libOgrePaging.so
[0.327s] -- Looking for OGRE_Terrain...
[0.327s] -- Found OGRE_Terrain: optimized;/usr/lib/x86_64-linux-gnu/libOgreTerrain.so;debug;/usr/lib/x86_64-linux-gnu/libOgreTerrain.so
[0.327s] -- Looking for OGRE_Property...
[0.327s] -- Found OGRE_Property: optimized;/usr/lib/x86_64-linux-gnu/libOgreProperty.so;debug;/usr/lib/x86_64-linux-gnu/libOgreProperty.so
[0.327s] -- Looking for OGRE_RTShaderSystem...
[0.327s] -- Found OGRE_RTShaderSystem: optimized;/usr/lib/x86_64-linux-gnu/libOgreRTShaderSystem.so;debug;/usr/lib/x86_64-linux-gnu/libOgreRTShaderSystem.so
[0.327s] -- Looking for OGRE_Volume...
[0.327s] -- Found OGRE_Volume: optimized;/usr/lib/x86_64-linux-gnu/libOgreVolume.so;debug;/usr/lib/x86_64-linux-gnu/libOgreVolume.so
[0.327s] -- Looking for OGRE_Overlay...
[0.327s] -- Found OGRE_Overlay: optimized;/usr/lib/x86_64-linux-gnu/libOgreOverlay.so;debug;/usr/lib/x86_64-linux-gnu/libOgreOverlay.so
[0.458s] -- Looking for ignition-math6 -- found version 6.15.1
[0.458s] -- Looking for ignition-transport8 -- found version 8.2.1
[0.459s] -- Searching for dependencies of ignition-transport8
[0.475s] -- Found Protobuf: /usr/lib/x86_64-linux-gnu/libprotobuf.so (found suitable version "3.12.4", minimum required is "3") 
[0.486s] -- Config-file not installed for ZeroMQ -- checking for pkg-config
[0.491s] -- Checking for module 'libzmq >= 4'
[0.506s] --   Found libzmq , version 4.3.4
[0.545s] -- Checking for module 'uuid'
[0.560s] --   Found uuid, version 2.37.2
[0.593s] -- Looking for ignition-msgs5 -- found version 5.8.1
[0.594s] -- Searching for dependencies of ignition-msgs5
[0.613s] -- Looking for ignition-math6 -- found version 6.15.1
[0.620s] -- Checking for module 'tinyxml2'
[0.632s] --   Found tinyxml2, version 9.0.0
[0.669s] -- Looking for ignition-msgs5 -- found version 5.8.1
[0.669s] -- Looking for ignition-common3 -- found version 3.14.0
[0.669s] -- Searching for dependencies of ignition-common3
[0.669s] -- Looking for dlfcn.h - found
[0.669s] -- Looking for libdl - found
[0.682s] -- Searching for <ignition-common3> component [graphics]
[0.682s] -- Looking for ignition-common3-graphics -- found version 3.14.0
[0.682s] -- Searching for dependencies of ignition-common3-graphics
[0.683s] -- Looking for ignition-math6 -- found version 6.15.1
[0.684s] -- Looking for ignition-fuel_tools4 -- found version 4.4.0
[0.684s] -- Searching for dependencies of ignition-fuel_tools4
[0.723s] -- Checking for module 'jsoncpp'
[0.736s] --   Found jsoncpp, version 1.9.5
[0.781s] -- Checking for module 'libzip'
[0.797s] --   Found libzip, version 1.7.3
[0.833s] -- Looking for ignition-common3 -- found version 3.14.0
[0.833s] -- Looking for ignition-math6 -- found version 6.15.1
[0.833s] -- Looking for ignition-msgs5 -- found version 5.8.1
[0.834s] -- Found gazebo_ros_pkgs: 3.9.0 (/opt/ros/humble/share/gazebo_ros_pkgs/cmake)
[0.834s] -- Found geometry_msgs: 4.9.0 (/opt/ros/humble/share/geometry_msgs/cmake)
[0.848s] -- Found rosidl_generator_c: 3.1.6 (/opt/ros/humble/share/rosidl_generator_c/cmake)
[0.849s] -- Found rosidl_adapter: 3.1.6 (/opt/ros/humble/share/rosidl_adapter/cmake)
[0.853s] -- Found rosidl_generator_cpp: 3.1.6 (/opt/ros/humble/share/rosidl_generator_cpp/cmake)
[0.860s] -- Using all available rosidl_typesupport_c: rosidl_typesupport_fastrtps_c;rosidl_typesupport_introspection_c
[0.868s] -- Using all available rosidl_typesupport_cpp: rosidl_typesupport_fastrtps_cpp;rosidl_typesupport_introspection_cpp
[0.896s] -- Found nav_msgs: 4.9.0 (/opt/ros/humble/share/nav_msgs/cmake)
[0.908s] -- Found rclcpp: 16.0.12 (/opt/ros/humble/share/rclcpp/cmake)
[0.926s] -- Found rmw_implementation_cmake: 6.1.2 (/opt/ros/humble/share/rmw_implementation_cmake/cmake)
[0.927s] -- Found rmw_cyclonedds_cpp: 1.3.4 (/opt/ros/humble/share/rmw_cyclonedds_cpp/cmake)
[0.940s] -- Using RMW implementation 'rmw_cyclonedds_cpp' as default
[0.965s] -- Found sensor_msgs: 4.9.0 (/opt/ros/humble/share/sensor_msgs/cmake)
[0.976s] -- Found tf2: 0.25.13 (/opt/ros/humble/share/tf2/cmake)
[1.031s] -- Configuring done
[1.058s] -- Generating done
[1.063s] -- Build files have been written to: /home/anish/ps1_ws/build/turtlebot3_gazebo
[1.075s] Invoked command in '/home/anish/ps1_ws/build/turtlebot3_gazebo' returned '0': CMAKE_PREFIX_PATH=${CMAKE_PREFIX_PATH}:/home/anish/ps1_ws/install/turtlebot3_teleop:/home/anish/ps1_ws/install/turtlebot3_example:/opt/ros/humble /usr/bin/cmake /home/anish/ps1_ws/src/turtlebot3_simulations/turtlebot3_gazebo -DAMENT_CMAKE_SYMLINK_INSTALL=1 -DCMAKE_INSTALL_PREFIX=/home/anish/ps1_ws/install/turtlebot3_gazebo
[1.077s] Invoking command in '/home/anish/ps1_ws/build/turtlebot3_gazebo': CMAKE_PREFIX_PATH=${CMAKE_PREFIX_PATH}:/home/anish/ps1_ws/install/turtlebot3_teleop:/home/anish/ps1_ws/install/turtlebot3_example:/opt/ros/humble /usr/bin/cmake --build /home/anish/ps1_ws/build/turtlebot3_gazebo -- -j16 -l16
[1.115s] [35m[1mConsolidate compiler generated dependencies of target turtlebot3_drive[0m
[1.115s] [35m[1mConsolidate compiler generated dependencies of target obstacles[0m
[1.116s] [35m[1mConsolidate compiler generated dependencies of target obstacle2[0m
[1.116s] [35m[1mConsolidate compiler generated dependencies of target obstacle1[0m
[1.130s] [ 12%] [32m[1mLinking CXX executable turtlebot3_drive[0m
[1.145s] [ 62%] Built target obstacles
[1.145s] [ 87%] Built target obstacle1
[1.145s] [ 87%] Built target obstacle2
[1.527s] [100%] Built target turtlebot3_drive
[1.538s] Invoked command in '/home/anish/ps1_ws/build/turtlebot3_gazebo' returned '0': CMAKE_PREFIX_PATH=${CMAKE_PREFIX_PATH}:/home/anish/ps1_ws/install/turtlebot3_teleop:/home/anish/ps1_ws/install/turtlebot3_example:/opt/ros/humble /usr/bin/cmake --build /home/anish/ps1_ws/build/turtlebot3_gazebo -- -j16 -l16
[1.539s] Invoking command in '/home/anish/ps1_ws/build/turtlebot3_gazebo': CMAKE_PREFIX_PATH=${CMAKE_PREFIX_PATH}:/home/anish/ps1_ws/install/turtlebot3_teleop:/home/anish/ps1_ws/install/turtlebot3_example:/opt/ros/humble /usr/bin/cmake --install /home/anish/ps1_ws/build/turtlebot3_gazebo
[1.545s] -- Install configuration: ""
[1.546s] -- Execute custom install script
[1.546s] -- Symlinking: /home/anish/ps1_ws/install/turtlebot3_gazebo/lib/turtlebot3_gazebo/turtlebot3_drive
[1.555s] -- Symlinking: /home/anish/ps1_ws/install/turtlebot3_gazebo/share/turtlebot3_gazebo//launch/empty_world.launch.py
[1.563s] -- Symlinking: /home/anish/ps1_ws/install/turtlebot3_gazebo/share/turtlebot3_gazebo//launch/robot_state_publisher.launch.py
[1.571s] -- Symlinking: /home/anish/ps1_ws/install/turtlebot3_gazebo/share/turtlebot3_gazebo//launch/spawn_turtlebot3.launch.py
[1.578s] -- Symlinking: /home/anish/ps1_ws/install/turtlebot3_gazebo/share/turtlebot3_gazebo//launch/turtlebot3_dqn_stage1.launch.py
[1.584s] -- Symlinking: /home/anish/ps1_ws/install/turtlebot3_gazebo/share/turtlebot3_gazebo//launch/turtlebot3_dqn_stage2.launch.py
[1.593s] -- Symlinking: /home/anish/ps1_ws/install/turtlebot3_gazebo/share/turtlebot3_gazebo//launch/turtlebot3_dqn_stage3.launch.py
[1.603s] -- Symlinking: /home/anish/ps1_ws/install/turtlebot3_gazebo/share/turtlebot3_gazebo//launch/turtlebot3_dqn_stage4.launch.py
[1.610s] -- Symlinking: /home/anish/ps1_ws/install/turtlebot3_gazebo/share/turtlebot3_gazebo//launch/turtlebot3_house.launch.py
[1.619s] -- Symlinking: /home/anish/ps1_ws/install/turtlebot3_gazebo/share/turtlebot3_gazebo//launch/turtlebot3_small_house_simple.launch.py
[1.626s] -- Symlinking: /home/anish/ps1_ws/install/turtlebot3_gazebo/share/turtlebot3_gazebo//launch/turtlebot3_world.launch.py
[1.636s] -- Symlinking: /home/anish/ps1_ws/install/turtlebot3_gazebo/share/turtlebot3_gazebo//models/turtlebot3_burger/model-1_4.sdf
[1.645s] -- Symlinking: /home/anish/ps1_ws/install/turtlebot3_gazebo/share/turtlebot3_gazebo//models/turtlebot3_burger/model.config
[1.653s] -- Symlinking: /home/anish/ps1_ws/install/turtlebot3_gazebo/share/turtlebot3_gazebo//models/turtlebot3_burger/model.sdf
[1.661s] -- Symlinking: /home/anish/ps1_ws/install/turtlebot3_gazebo/share/turtlebot3_gazebo//models/turtlebot3_common/meshes/burger_base.dae
[1.668s] -- Symlinking: /home/anish/ps1_ws/install/turtlebot3_gazebo/share/turtlebot3_gazebo//models/turtlebot3_common/meshes/lds.dae
[1.677s] -- Symlinking: /home/anish/ps1_ws/install/turtlebot3_gazebo/share/turtlebot3_gazebo//models/turtlebot3_common/meshes/r200.dae
[1.684s] -- Symlinking: /home/anish/ps1_ws/install/turtlebot3_gazebo/share/turtlebot3_gazebo//models/turtlebot3_common/meshes/tire.dae
[1.692s] -- Symlinking: /home/anish/ps1_ws/install/turtlebot3_gazebo/share/turtlebot3_gazebo//models/turtlebot3_common/meshes/waffle_base.dae
[1.702s] -- Symlinking: /home/anish/ps1_ws/install/turtlebot3_gazebo/share/turtlebot3_gazebo//models/turtlebot3_common/meshes/waffle_pi_base.dae
[1.710s] -- Symlinking: /home/anish/ps1_ws/install/turtlebot3_gazebo/share/turtlebot3_gazebo//models/turtlebot3_common/model.config
[1.718s] -- Symlinking: /home/anish/ps1_ws/install/turtlebot3_gazebo/share/turtlebot3_gazebo//models/turtlebot3_dqn_world/goal_box/model.config
[1.726s] -- Symlinking: /home/anish/ps1_ws/install/turtlebot3_gazebo/share/turtlebot3_gazebo//models/turtlebot3_dqn_world/goal_box/model.sdf
[1.735s] -- Symlinking: /home/anish/ps1_ws/install/turtlebot3_gazebo/share/turtlebot3_gazebo//models/turtlebot3_dqn_world/inner_walls/model.config
[1.744s] -- Symlinking: /home/anish/ps1_ws/install/turtlebot3_gazebo/share/turtlebot3_gazebo//models/turtlebot3_dqn_world/inner_walls/model.sdf
[1.753s] -- Symlinking: /home/anish/ps1_ws/install/turtlebot3_gazebo/share/turtlebot3_gazebo//models/turtlebot3_dqn_world/model.config
[1.761s] -- Symlinking: /home/anish/ps1_ws/install/turtlebot3_gazebo/share/turtlebot3_gazebo//models/turtlebot3_dqn_world/model.sdf
[1.769s] -- Symlinking: /home/anish/ps1_ws/install/turtlebot3_gazebo/share/turtlebot3_gazebo//models/turtlebot3_dqn_world/obstacle1/model.config
[1.776s] -- Symlinking: /home/anish/ps1_ws/install/turtlebot3_gazebo/share/turtlebot3_gazebo//models/turtlebot3_dqn_world/obstacle1/model.sdf
[1.786s] -- Symlinking: /home/anish/ps1_ws/install/turtlebot3_gazebo/share/turtlebot3_gazebo//models/turtlebot3_dqn_world/obstacle2/model.config
[1.794s] -- Symlinking: /home/anish/ps1_ws/install/turtlebot3_gazebo/share/turtlebot3_gazebo//models/turtlebot3_dqn_world/obstacle2/model.sdf
[1.803s] -- Symlinking: /home/anish/ps1_ws/install/turtlebot3_gazebo/share/turtlebot3_gazebo//models/turtlebot3_dqn_world/obstacle_plugin/CMakeLists.txt
[1.811s] -- Symlinking: /home/anish/ps1_ws/install/turtlebot3_gazebo/share/turtlebot3_gazebo//models/turtlebot3_dqn_world/obstacle_plugin/obstacle1.cc
[1.821s] -- Symlinking: /home/anish/ps1_ws/install/turtlebot3_gazebo/share/turtlebot3_gazebo//models/turtlebot3_dqn_world/obstacle_plugin/obstacle2.cc
[1.829s] -- Symlinking: /home/anish/ps1_ws/install/turtlebot3_gazebo/share/turtlebot3_gazebo//models/turtlebot3_dqn_world/obstacle_plugin/obstacles.cc
[1.837s] -- Symlinking: /home/anish/ps1_ws/install/turtlebot3_gazebo/share/turtlebot3_gazebo//models/turtlebot3_dqn_world/obstacles/model.config
[1.846s] -- Symlinking: /home/anish/ps1_ws/install/turtlebot3_gazebo/share/turtlebot3_gazebo//models/turtlebot3_dqn_world/obstacles/model.sdf
[1.855s] -- Symlinking: /home/anish/ps1_ws/install/turtlebot3_gazebo/share/turtlebot3_gazebo//models/turtlebot3_house/model.config
[1.862s] -- Symlinking: /home/anish/ps1_ws/install/turtlebot3_gazebo/share/turtlebot3_gazebo//models/turtlebot3_house/model.sdf
[1.872s] -- Symlinking: /home/anish/ps1_ws/install/turtlebot3_gazebo/share/turtlebot3_gazebo//models/turtlebot3_waffle/model-1_4.sdf
[1.882s] -- Symlinking: /home/anish/ps1_ws/install/turtlebot3_gazebo/share/turtlebot3_gazebo//models/turtlebot3_waffle/model.config
[1.891s] -- Symlinking: /home/anish/ps1_ws/install/turtlebot3_gazebo/share/turtlebot3_gazebo//models/turtlebot3_waffle/model.sdf
[1.902s] -- Symlinking: /home/anish/ps1_ws/install/turtlebot3_gazebo/share/turtlebot3_gazebo//models/turtlebot3_waffle_pi/model-1_4_.sdf
[1.910s] -- Symlinking: /home/anish/ps1_ws/install/turtlebot3_gazebo/share/turtlebot3_gazebo//models/turtlebot3_waffle_pi/model.config
[1.918s] -- Symlinking: /home/anish/ps1_ws/install/turtlebot3_gazebo/share/turtlebot3_gazebo//models/turtlebot3_waffle_pi/model.sdf
[1.925s] -- Symlinking: /home/anish/ps1_ws/install/turtlebot3_gazebo/share/turtlebot3_gazebo//models/turtlebot3_world/meshes/hexagon.dae
[1.933s] -- Symlinking: /home/anish/ps1_ws/install/turtlebot3_gazebo/share/turtlebot3_gazebo//models/turtlebot3_world/meshes/wall.dae
[1.940s] -- Symlinking: /home/anish/ps1_ws/install/turtlebot3_gazebo/share/turtlebot3_gazebo//models/turtlebot3_world/model-1_4.sdf
[1.948s] -- Symlinking: /home/anish/ps1_ws/install/turtlebot3_gazebo/share/turtlebot3_gazebo//models/turtlebot3_world/model.config
[1.955s] -- Symlinking: /home/anish/ps1_ws/install/turtlebot3_gazebo/share/turtlebot3_gazebo//models/turtlebot3_world/model.sdf
[1.963s] -- Symlinking: /home/anish/ps1_ws/install/turtlebot3_gazebo/share/turtlebot3_gazebo//rviz/tb3_gazebo.rviz
[1.970s] -- Symlinking: /home/anish/ps1_ws/install/turtlebot3_gazebo/share/turtlebot3_gazebo//urdf/common_properties.urdf
[1.977s] -- Symlinking: /home/anish/ps1_ws/install/turtlebot3_gazebo/share/turtlebot3_gazebo//urdf/turtlebot3_burger.urdf
[1.984s] -- Symlinking: /home/anish/ps1_ws/install/turtlebot3_gazebo/share/turtlebot3_gazebo//urdf/turtlebot3_waffle.urdf
[1.992s] -- Symlinking: /home/anish/ps1_ws/install/turtlebot3_gazebo/share/turtlebot3_gazebo//urdf/turtlebot3_waffle_pi.urdf
[2.008s] -- Symlinking: /home/anish/ps1_ws/install/turtlebot3_gazebo/share/turtlebot3_gazebo//worlds/maps/turtlebot3_waffle_pi/map.pgm
[2.016s] -- Symlinking: /home/anish/ps1_ws/install/turtlebot3_gazebo/share/turtlebot3_gazebo//worlds/maps/turtlebot3_waffle_pi/map.yaml
[2.022s] -- Symlinking: /home/anish/ps1_ws/install/turtlebot3_gazebo/share/turtlebot3_gazebo//worlds/models/.DS_Store
[2.029s] -- Symlinking: /home/anish/ps1_ws/install/turtlebot3_gazebo/share/turtlebot3_gazebo//worlds/models/aws_robomaker_residential_AirconditionerA_01/materials/textures/aws_AirconditionerA_01.png
[2.037s] -- Symlinking: /home/anish/ps1_ws/install/turtlebot3_gazebo/share/turtlebot3_gazebo//worlds/models/aws_robomaker_residential_AirconditionerA_01/meshes/aws_AirconditionerA_01_collision.DAE
[2.045s] -- Symlinking: /home/anish/ps1_ws/install/turtlebot3_gazebo/share/turtlebot3_gazebo//worlds/models/aws_robomaker_residential_AirconditionerA_01/meshes/aws_AirconditionerA_01_visual.DAE
[2.052s] -- Symlinking: /home/anish/ps1_ws/install/turtlebot3_gazebo/share/turtlebot3_gazebo//worlds/models/aws_robomaker_residential_AirconditionerA_01/meshes/aws__Air conditioner_01.DAE
[2.058s] -- Symlinking: /home/anish/ps1_ws/install/turtlebot3_gazebo/share/turtlebot3_gazebo//worlds/models/aws_robomaker_residential_AirconditionerA_01/model.config
[2.066s] -- Symlinking: /home/anish/ps1_ws/install/turtlebot3_gazebo/share/turtlebot3_gazebo//worlds/models/aws_robomaker_residential_AirconditionerA_01/model.sdf
[2.073s] -- Symlinking: /home/anish/ps1_ws/install/turtlebot3_gazebo/share/turtlebot3_gazebo//worlds/models/aws_robomaker_residential_AirconditionerB_01/materials/textures/aws_AirconditionerB_01.png
[2.080s] -- Symlinking: /home/anish/ps1_ws/install/turtlebot3_gazebo/share/turtlebot3_gazebo//worlds/models/aws_robomaker_residential_AirconditionerB_01/meshes/aws_AirconditionerB_01_collision.DAE
[2.086s] -- Symlinking: /home/anish/ps1_ws/install/turtlebot3_gazebo/share/turtlebot3_gazebo//worlds/models/aws_robomaker_residential_AirconditionerB_01/meshes/aws_AirconditionerB_01_visual.DAE
[2.094s] -- Symlinking: /home/anish/ps1_ws/install/turtlebot3_gazebo/share/turtlebot3_gazebo//worlds/models/aws_robomaker_residential_AirconditionerB_01/model.config
[2.104s] -- Symlinking: /home/anish/ps1_ws/install/turtlebot3_gazebo/share/turtlebot3_gazebo//worlds/models/aws_robomaker_residential_AirconditionerB_01/model.sdf
[2.112s] -- Symlinking: /home/anish/ps1_ws/install/turtlebot3_gazebo/share/turtlebot3_gazebo//worlds/models/aws_robomaker_residential_BalconyTable_01/materials/textures/aws_BalconyTable_01.png
[2.120s] -- Symlinking: /home/anish/ps1_ws/install/turtlebot3_gazebo/share/turtlebot3_gazebo//worlds/models/aws_robomaker_residential_BalconyTable_01/meshes/aws_BalconyTable_01_collision.DAE
[2.128s] -- Symlinking: /home/anish/ps1_ws/install/turtlebot3_gazebo/share/turtlebot3_gazebo//worlds/models/aws_robomaker_residential_BalconyTable_01/meshes/aws_BalconyTable_01_visual.DAE
[2.136s] -- Symlinking: /home/anish/ps1_ws/install/turtlebot3_gazebo/share/turtlebot3_gazebo//worlds/models/aws_robomaker_residential_BalconyTable_01/model.config
[2.143s] -- Symlinking: /home/anish/ps1_ws/install/turtlebot3_gazebo/share/turtlebot3_gazebo//worlds/models/aws_robomaker_residential_BalconyTable_01/model.sdf
[2.150s] -- Symlinking: /home/anish/ps1_ws/install/turtlebot3_gazebo/share/turtlebot3_gazebo//worlds/models/aws_robomaker_residential_Ball_01/materials/textures/aws_Ball_01.png
[2.157s] -- Symlinking: /home/anish/ps1_ws/install/turtlebot3_gazebo/share/turtlebot3_gazebo//worlds/models/aws_robomaker_residential_Ball_01/meshes/aws_Ball_01_collision.DAE
[2.165s] -- Symlinking: /home/anish/ps1_ws/install/turtlebot3_gazebo/share/turtlebot3_gazebo//worlds/models/aws_robomaker_residential_Ball_01/meshes/aws_Ball_01_visual.DAE
[2.174s] -- Symlinking: /home/anish/ps1_ws/install/turtlebot3_gazebo/share/turtlebot3_gazebo//worlds/models/aws_robomaker_residential_Ball_01/model.config
[2.183s] -- Symlinking: /home/anish/ps1_ws/install/turtlebot3_gazebo/share/turtlebot3_gazebo//worlds/models/aws_robomaker_residential_Ball_01/model.sdf
[2.192s] -- Symlinking: /home/anish/ps1_ws/install/turtlebot3_gazebo/share/turtlebot3_gazebo//worlds/models/aws_robomaker_residential_Bed_01/materials/textures/aws_BedA_01.png
[2.202s] -- Symlinking: /home/anish/ps1_ws/install/turtlebot3_gazebo/share/turtlebot3_gazebo//worlds/models/aws_robomaker_residential_Bed_01/materials/textures/aws_BedB_01.png
[2.210s] -- Symlinking: /home/anish/ps1_ws/install/turtlebot3_gazebo/share/turtlebot3_gazebo//worlds/models/aws_robomaker_residential_Bed_01/materials/textures/aws_BedC_01.png
[2.218s] -- Symlinking: /home/anish/ps1_ws/install/turtlebot3_gazebo/share/turtlebot3_gazebo//worlds/models/aws_robomaker_residential_Bed_01/materials/textures/aws_Bed_01.png
[2.226s] -- Symlinking: /home/anish/ps1_ws/install/turtlebot3_gazebo/share/turtlebot3_gazebo//worlds/models/aws_robomaker_residential_Bed_01/meshes/aws_Bed_01_collision.DAE
[2.233s] -- Symlinking: /home/anish/ps1_ws/install/turtlebot3_gazebo/share/turtlebot3_gazebo//worlds/models/aws_robomaker_residential_Bed_01/meshes/aws_Bed_01_visual.DAE
[2.241s] -- Symlinking: /home/anish/ps1_ws/install/turtlebot3_gazebo/share/turtlebot3_gazebo//worlds/models/aws_robomaker_residential_Bed_01/model.config
[2.250s] -- Symlinking: /home/anish/ps1_ws/install/turtlebot3_gazebo/share/turtlebot3_gazebo//worlds/models/aws_robomaker_residential_Bed_01/model.sdf
[2.258s] -- Symlinking: /home/anish/ps1_ws/install/turtlebot3_gazebo/share/turtlebot3_gazebo//worlds/models/aws_robomaker_residential_Board_01/materials/textures/aws_Board_01.png
[2.264s] -- Symlinking: /home/anish/ps1_ws/install/turtlebot3_gazebo/share/turtlebot3_gazebo//worlds/models/aws_robomaker_residential_Board_01/meshes/aws_Board_01_collision.DAE
[2.272s] -- Symlinking: /home/anish/ps1_ws/install/turtlebot3_gazebo/share/turtlebot3_gazebo//worlds/models/aws_robomaker_residential_Board_01/meshes/aws_Board_01_visual.DAE
[2.278s] -- Symlinking: /home/anish/ps1_ws/install/turtlebot3_gazebo/share/turtlebot3_gazebo//worlds/models/aws_robomaker_residential_Board_01/model.config
[2.286s] -- Symlinking: /home/anish/ps1_ws/install/turtlebot3_gazebo/share/turtlebot3_gazebo//worlds/models/aws_robomaker_residential_Board_01/model.sdf
[2.292s] -- Symlinking: /home/anish/ps1_ws/install/turtlebot3_gazebo/share/turtlebot3_gazebo//worlds/models/aws_robomaker_residential_Carpet_01/materials/textures/aws_Carpet_01.png
[2.303s] -- Symlinking: /home/anish/ps1_ws/install/turtlebot3_gazebo/share/turtlebot3_gazebo//worlds/models/aws_robomaker_residential_Carpet_01/meshes/aws_Carpet_01_collision.DAE
[2.310s] -- Symlinking: /home/anish/ps1_ws/install/turtlebot3_gazebo/share/turtlebot3_gazebo//worlds/models/aws_robomaker_residential_Carpet_01/meshes/aws_Carpet_01_visual.DAE
[2.316s] -- Symlinking: /home/anish/ps1_ws/install/turtlebot3_gazebo/share/turtlebot3_gazebo//worlds/models/aws_robomaker_residential_Carpet_01/model.config
[2.323s] -- Symlinking: /home/anish/ps1_ws/install/turtlebot3_gazebo/share/turtlebot3_gazebo//worlds/models/aws_robomaker_residential_Carpet_01/model.sdf
[2.330s] -- Symlinking: /home/anish/ps1_ws/install/turtlebot3_gazebo/share/turtlebot3_gazebo//worlds/models/aws_robomaker_residential_ChairA_01/materials/textures/aws_ChairA_01.png
[2.337s] -- Symlinking: /home/anish/ps1_ws/install/turtlebot3_gazebo/share/turtlebot3_gazebo//worlds/models/aws_robomaker_residential_ChairA_01/meshes/aws_ChairA_01_collision.DAE
[2.343s] -- Symlinking: /home/anish/ps1_ws/install/turtlebot3_gazebo/share/turtlebot3_gazebo//worlds/models/aws_robomaker_residential_ChairA_01/meshes/aws_ChairA_01_visual.DAE
[2.352s] -- Symlinking: /home/anish/ps1_ws/install/turtlebot3_gazebo/share/turtlebot3_gazebo//worlds/models/aws_robomaker_residential_ChairA_01/model.config
[2.359s] -- Symlinking: /home/anish/ps1_ws/install/turtlebot3_gazebo/share/turtlebot3_gazebo//worlds/models/aws_robomaker_residential_ChairA_01/model.sdf
[2.366s] -- Symlinking: /home/anish/ps1_ws/install/turtlebot3_gazebo/share/turtlebot3_gazebo//worlds/models/aws_robomaker_residential_ChairD_01/materials/textures/aws_ChairD_01.png
[2.372s] -- Symlinking: /home/anish/ps1_ws/install/turtlebot3_gazebo/share/turtlebot3_gazebo//worlds/models/aws_robomaker_residential_ChairD_01/meshes/aws_ChairD_01_collision.DAE
[2.380s] -- Symlinking: /home/anish/ps1_ws/install/turtlebot3_gazebo/share/turtlebot3_gazebo//worlds/models/aws_robomaker_residential_ChairD_01/meshes/aws_ChairD_01_visual.DAE
[2.387s] -- Symlinking: /home/anish/ps1_ws/install/turtlebot3_gazebo/share/turtlebot3_gazebo//worlds/models/aws_robomaker_residential_ChairD_01/model.config
[2.395s] -- Symlinking: /home/anish/ps1_ws/install/turtlebot3_gazebo/share/turtlebot3_gazebo//worlds/models/aws_robomaker_residential_ChairD_01/model.sdf
[2.404s] -- Symlinking: /home/anish/ps1_ws/install/turtlebot3_gazebo/share/turtlebot3_gazebo//worlds/models/aws_robomaker_residential_Chandelier_01/materials/textures/aws_Chandelier_01.png
[2.412s] -- Symlinking: /home/anish/ps1_ws/install/turtlebot3_gazebo/share/turtlebot3_gazebo//worlds/models/aws_robomaker_residential_Chandelier_01/meshes/aws_Chandelier_01.DAE
[2.419s] -- Symlinking: /home/anish/ps1_ws/install/turtlebot3_gazebo/share/turtlebot3_gazebo//worlds/models/aws_robomaker_residential_Chandelier_01/meshes/aws_Chandelier_01_collision.DAE
[2.426s] -- Symlinking: /home/anish/ps1_ws/install/turtlebot3_gazebo/share/turtlebot3_gazebo//worlds/models/aws_robomaker_residential_Chandelier_01/meshes/aws_Chandelier_01_visual.DAE
[2.433s] -- Symlinking: /home/anish/ps1_ws/install/turtlebot3_gazebo/share/turtlebot3_gazebo//worlds/models/aws_robomaker_residential_Chandelier_01/model.config
[2.440s] -- Symlinking: /home/anish/ps1_ws/install/turtlebot3_gazebo/share/turtlebot3_gazebo//worlds/models/aws_robomaker_residential_Chandelier_01/model.sdf
[2.448s] -- Symlinking: /home/anish/ps1_ws/install/turtlebot3_gazebo/share/turtlebot3_gazebo//worlds/models/aws_robomaker_residential_CoffeeTable_01/materials/textures/aws_CoffeeTable_01.png
[2.455s] -- Symlinking: /home/anish/ps1_ws/install/turtlebot3_gazebo/share/turtlebot3_gazebo//worlds/models/aws_robomaker_residential_CoffeeTable_01/meshes/aws_CoffeeTable_01_collision.DAE
[2.461s] -- Symlinking: /home/anish/ps1_ws/install/turtlebot3_gazebo/share/turtlebot3_gazebo//worlds/models/aws_robomaker_residential_CoffeeTable_01/meshes/aws_CoffeeTable_01_visual.DAE
[2.467s] -- Symlinking: /home/anish/ps1_ws/install/turtlebot3_gazebo/share/turtlebot3_gazebo//worlds/models/aws_robomaker_residential_CoffeeTable_01/model.config
[2.474s] -- Symlinking: /home/anish/ps1_ws/install/turtlebot3_gazebo/share/turtlebot3_gazebo//worlds/models/aws_robomaker_residential_CoffeeTable_01/model.sdf
[2.480s] -- Symlinking: /home/anish/ps1_ws/install/turtlebot3_gazebo/share/turtlebot3_gazebo//worlds/models/aws_robomaker_residential_CookingBench_01/materials/textures/aws_CookingBench_01.png
[2.487s] -- Symlinking: /home/anish/ps1_ws/install/turtlebot3_gazebo/share/turtlebot3_gazebo//worlds/models/aws_robomaker_residential_CookingBench_01/meshes/aws_CookingBench_01.DAE
[2.494s] -- Symlinking: /home/anish/ps1_ws/install/turtlebot3_gazebo/share/turtlebot3_gazebo//worlds/models/aws_robomaker_residential_CookingBench_01/meshes/aws_CookingBench_01_collision.DAE
[2.504s] -- Symlinking: /home/anish/ps1_ws/install/turtlebot3_gazebo/share/turtlebot3_gazebo//worlds/models/aws_robomaker_residential_CookingBench_01/meshes/aws_CookingBench_01_visual.DAE
[2.512s] -- Symlinking: /home/anish/ps1_ws/install/turtlebot3_gazebo/share/turtlebot3_gazebo//worlds/models/aws_robomaker_residential_CookingBench_01/model.config
[2.520s] -- Symlinking: /home/anish/ps1_ws/install/turtlebot3_gazebo/share/turtlebot3_gazebo//worlds/models/aws_robomaker_residential_CookingBench_01/model.sdf
[2.527s] -- Symlinking: /home/anish/ps1_ws/install/turtlebot3_gazebo/share/turtlebot3_gazebo//worlds/models/aws_robomaker_residential_Curtain_01/materials/textures/aws_Curtain_01.png
[2.534s] -- Symlinking: /home/anish/ps1_ws/install/turtlebot3_gazebo/share/turtlebot3_gazebo//worlds/models/aws_robomaker_residential_Curtain_01/meshes/aws_Curtain_01_collision.DAE
[2.543s] -- Symlinking: /home/anish/ps1_ws/install/turtlebot3_gazebo/share/turtlebot3_gazebo//worlds/models/aws_robomaker_residential_Curtain_01/meshes/aws_Curtain_01_visual.DAE
[2.551s] -- Symlinking: /home/anish/ps1_ws/install/turtlebot3_gazebo/share/turtlebot3_gazebo//worlds/models/aws_robomaker_residential_Curtain_01/model.config
[2.558s] -- Symlinking: /home/anish/ps1_ws/install/turtlebot3_gazebo/share/turtlebot3_gazebo//worlds/models/aws_robomaker_residential_Curtain_01/model.sdf
[2.566s] -- Symlinking: /home/anish/ps1_ws/install/turtlebot3_gazebo/share/turtlebot3_gazebo//worlds/models/aws_robomaker_residential_DeskPortraitA_01/materials/textures/aws_DeskPortraitA_01.png
[2.573s] -- Symlinking: /home/anish/ps1_ws/install/turtlebot3_gazebo/share/turtlebot3_gazebo//worlds/models/aws_robomaker_residential_DeskPortraitA_01/materials/textures/aws_DeskPortraitA_02.png
[2.580s] -- Symlinking: /home/anish/ps1_ws/install/turtlebot3_gazebo/share/turtlebot3_gazebo//worlds/models/aws_robomaker_residential_DeskPortraitA_01/meshes/aws_DeskPortraitA_01_collision.DAE
[2.589s] -- Symlinking: /home/anish/ps1_ws/install/turtlebot3_gazebo/share/turtlebot3_gazebo//worlds/models/aws_robomaker_residential_DeskPortraitA_01/meshes/aws_DeskPortraitA_01_visual.DAE
[2.597s] -- Symlinking: /home/anish/ps1_ws/install/turtlebot3_gazebo/share/turtlebot3_gazebo//worlds/models/aws_robomaker_residential_DeskPortraitA_01/model.config
[2.607s] -- Symlinking: /home/anish/ps1_ws/install/turtlebot3_gazebo/share/turtlebot3_gazebo//worlds/models/aws_robomaker_residential_DeskPortraitA_01/model.sdf
[2.615s] -- Symlinking: /home/anish/ps1_ws/install/turtlebot3_gazebo/share/turtlebot3_gazebo//worlds/models/aws_robomaker_residential_DeskPortraitA_02/materials/textures/aws_DeskPortraitA_01.png
[2.624s] -- Symlinking: /home/anish/ps1_ws/install/turtlebot3_gazebo/share/turtlebot3_gazebo//worlds/models/aws_robomaker_residential_DeskPortraitA_02/materials/textures/aws_DeskPortraitA_02.png
[2.633s] -- Symlinking: /home/anish/ps1_ws/install/turtlebot3_gazebo/share/turtlebot3_gazebo//worlds/models/aws_robomaker_residential_DeskPortraitA_02/meshes/aws_DeskPortraitA_01_collision.DAE
[2.640s] -- Symlinking: /home/anish/ps1_ws/install/turtlebot3_gazebo/share/turtlebot3_gazebo//worlds/models/aws_robomaker_residential_DeskPortraitA_02/meshes/aws_DeskPortraitA_01_visual.DAE
[2.649s] -- Symlinking: /home/anish/ps1_ws/install/turtlebot3_gazebo/share/turtlebot3_gazebo//worlds/models/aws_robomaker_residential_DeskPortraitA_02/model.config
[2.657s] -- Symlinking: /home/anish/ps1_ws/install/turtlebot3_gazebo/share/turtlebot3_gazebo//worlds/models/aws_robomaker_residential_DeskPortraitA_02/model.sdf
[2.665s] -- Symlinking: /home/anish/ps1_ws/install/turtlebot3_gazebo/share/turtlebot3_gazebo//worlds/models/aws_robomaker_residential_DeskPortraitB_01/materials/textures/aws_DeskPortraitB_01.png
[2.671s] -- Symlinking: /home/anish/ps1_ws/install/turtlebot3_gazebo/share/turtlebot3_gazebo//worlds/models/aws_robomaker_residential_DeskPortraitB_01/materials/textures/aws_DeskPortraitB_02.png
[2.679s] -- Symlinking: /home/anish/ps1_ws/install/turtlebot3_gazebo/share/turtlebot3_gazebo//worlds/models/aws_robomaker_residential_DeskPortraitB_01/meshes/aws_DeskPortraitB_01_collision.DAE
[2.685s] -- Symlinking: /home/anish/ps1_ws/install/turtlebot3_gazebo/share/turtlebot3_gazebo//worlds/models/aws_robomaker_residential_DeskPortraitB_01/meshes/aws_DeskPortraitB_01_visual.DAE
[2.692s] -- Symlinking: /home/anish/ps1_ws/install/turtlebot3_gazebo/share/turtlebot3_gazebo//worlds/models/aws_robomaker_residential_DeskPortraitB_01/model.config
[2.699s] -- Symlinking: /home/anish/ps1_ws/install/turtlebot3_gazebo/share/turtlebot3_gazebo//worlds/models/aws_robomaker_residential_DeskPortraitB_01/model.sdf
[2.708s] -- Symlinking: /home/anish/ps1_ws/install/turtlebot3_gazebo/share/turtlebot3_gazebo//worlds/models/aws_robomaker_residential_DeskPortraitB_02/materials/textures/aws_DeskPortraitB_01.png
[2.715s] -- Symlinking: /home/anish/ps1_ws/install/turtlebot3_gazebo/share/turtlebot3_gazebo//worlds/models/aws_robomaker_residential_DeskPortraitB_02/materials/textures/aws_DeskPortraitB_02.png
[2.722s] -- Symlinking: /home/anish/ps1_ws/install/turtlebot3_gazebo/share/turtlebot3_gazebo//worlds/models/aws_robomaker_residential_DeskPortraitB_02/meshes/aws_DeskPortraitB_01_collision.DAE
[2.729s] -- Symlinking: /home/anish/ps1_ws/install/turtlebot3_gazebo/share/turtlebot3_gazebo//worlds/models/aws_robomaker_residential_DeskPortraitB_02/meshes/aws_DeskPortraitB_01_visual.DAE
[2.736s] -- Symlinking: /home/anish/ps1_ws/install/turtlebot3_gazebo/share/turtlebot3_gazebo//worlds/models/aws_robomaker_residential_DeskPortraitB_02/model.config
[2.743s] -- Symlinking: /home/anish/ps1_ws/install/turtlebot3_gazebo/share/turtlebot3_gazebo//worlds/models/aws_robomaker_residential_DeskPortraitB_02/model.sdf
[2.751s] -- Symlinking: /home/anish/ps1_ws/install/turtlebot3_gazebo/share/turtlebot3_gazebo//worlds/models/aws_robomaker_residential_DeskPortraitC_01/materials/textures/aws_DeskPortraitC_01.png
[2.758s] -- Symlinking: /home/anish/ps1_ws/install/turtlebot3_gazebo/share/turtlebot3_gazebo//worlds/models/aws_robomaker_residential_DeskPortraitC_01/materials/textures/aws_DeskPortraitC_02.png
[2.764s] -- Symlinking: /home/anish/ps1_ws/install/turtlebot3_gazebo/share/turtlebot3_gazebo//worlds/models/aws_robomaker_residential_DeskPortraitC_01/meshes/aws_DeskPortraitC_01_collision.DAE
[2.772s] -- Symlinking: /home/anish/ps1_ws/install/turtlebot3_gazebo/share/turtlebot3_gazebo//worlds/models/aws_robomaker_residential_DeskPortraitC_01/meshes/aws_DeskPortraitC_01_visual.DAE
[2.778s] -- Symlinking: /home/anish/ps1_ws/install/turtlebot3_gazebo/share/turtlebot3_gazebo//worlds/models/aws_robomaker_residential_DeskPortraitC_01/model.config
[2.785s] -- Symlinking: /home/anish/ps1_ws/install/turtlebot3_gazebo/share/turtlebot3_gazebo//worlds/models/aws_robomaker_residential_DeskPortraitC_01/model.sdf
[2.792s] -- Symlinking: /home/anish/ps1_ws/install/turtlebot3_gazebo/share/turtlebot3_gazebo//worlds/models/aws_robomaker_residential_DeskPortraitC_02/materials/textures/aws_DeskPortraitC_01.png
[2.799s] -- Symlinking: /home/anish/ps1_ws/install/turtlebot3_gazebo/share/turtlebot3_gazebo//worlds/models/aws_robomaker_residential_DeskPortraitC_02/materials/textures/aws_DeskPortraitC_02.png
[2.809s] -- Symlinking: /home/anish/ps1_ws/install/turtlebot3_gazebo/share/turtlebot3_gazebo//worlds/models/aws_robomaker_residential_DeskPortraitC_02/meshes/aws_DeskPortraitC_01_collision.DAE
[2.816s] -- Symlinking: /home/anish/ps1_ws/install/turtlebot3_gazebo/share/turtlebot3_gazebo//worlds/models/aws_robomaker_residential_DeskPortraitC_02/meshes/aws_DeskPortraitC_01_visual.DAE
[2.823s] -- Symlinking: /home/anish/ps1_ws/install/turtlebot3_gazebo/share/turtlebot3_gazebo//worlds/models/aws_robomaker_residential_DeskPortraitC_02/model.config
[2.831s] -- Symlinking: /home/anish/ps1_ws/install/turtlebot3_gazebo/share/turtlebot3_gazebo//worlds/models/aws_robomaker_residential_DeskPortraitC_02/model.sdf
[2.838s] -- Symlinking: /home/anish/ps1_ws/install/turtlebot3_gazebo/share/turtlebot3_gazebo//worlds/models/aws_robomaker_residential_DeskPortraitD_01/materials/textures/aws_DeskPortraitD_01.png
[2.845s] -- Symlinking: /home/anish/ps1_ws/install/turtlebot3_gazebo/share/turtlebot3_gazebo//worlds/models/aws_robomaker_residential_DeskPortraitD_01/materials/textures/aws_DeskPortraitD_02.png
[2.853s] -- Symlinking: /home/anish/ps1_ws/install/turtlebot3_gazebo/share/turtlebot3_gazebo//worlds/models/aws_robomaker_residential_DeskPortraitD_01/meshes/aws_DeskPortraitD_01_collision.DAE
[2.860s] -- Symlinking: /home/anish/ps1_ws/install/turtlebot3_gazebo/share/turtlebot3_gazebo//worlds/models/aws_robomaker_residential_DeskPortraitD_01/meshes/aws_DeskPortraitD_01_visual.DAE
[2.868s] -- Symlinking: /home/anish/ps1_ws/install/turtlebot3_gazebo/share/turtlebot3_gazebo//worlds/models/aws_robomaker_residential_DeskPortraitD_01/model.config
[2.876s] -- Symlinking: /home/anish/ps1_ws/install/turtlebot3_gazebo/share/turtlebot3_gazebo//worlds/models/aws_robomaker_residential_DeskPortraitD_01/model.sdf
[2.885s] -- Symlinking: /home/anish/ps1_ws/install/turtlebot3_gazebo/share/turtlebot3_gazebo//worlds/models/aws_robomaker_residential_DeskPortraitD_02/materials/textures/aws_DeskPortraitD_01.png
[2.893s] -- Symlinking: /home/anish/ps1_ws/install/turtlebot3_gazebo/share/turtlebot3_gazebo//worlds/models/aws_robomaker_residential_DeskPortraitD_02/materials/textures/aws_DeskPortraitD_02.png
[2.902s] -- Symlinking: /home/anish/ps1_ws/install/turtlebot3_gazebo/share/turtlebot3_gazebo//worlds/models/aws_robomaker_residential_DeskPortraitD_02/meshes/aws_DeskPortraitD_01_collision.DAE
[2.912s] -- Symlinking: /home/anish/ps1_ws/install/turtlebot3_gazebo/share/turtlebot3_gazebo//worlds/models/aws_robomaker_residential_DeskPortraitD_02/meshes/aws_DeskPortraitD_01_visual.DAE
[2.919s] -- Symlinking: /home/anish/ps1_ws/install/turtlebot3_gazebo/share/turtlebot3_gazebo//worlds/models/aws_robomaker_residential_DeskPortraitD_02/model.config
[2.926s] -- Symlinking: /home/anish/ps1_ws/install/turtlebot3_gazebo/share/turtlebot3_gazebo//worlds/models/aws_robomaker_residential_DeskPortraitD_02/model.sdf
[2.934s] -- Symlinking: /home/anish/ps1_ws/install/turtlebot3_gazebo/share/turtlebot3_gazebo//worlds/models/aws_robomaker_residential_DeskPortraitD_03/materials/textures/aws_DeskPortraitD_01.png
[2.942s] -- Symlinking: /home/anish/ps1_ws/install/turtlebot3_gazebo/share/turtlebot3_gazebo//worlds/models/aws_robomaker_residential_DeskPortraitD_03/materials/textures/aws_DeskPortraitD_02.png
[2.949s] -- Symlinking: /home/anish/ps1_ws/install/turtlebot3_gazebo/share/turtlebot3_gazebo//worlds/models/aws_robomaker_residential_DeskPortraitD_03/meshes/aws_DeskPortraitD_01_collision.DAE
[2.956s] -- Symlinking: /home/anish/ps1_ws/install/turtlebot3_gazebo/share/turtlebot3_gazebo//worlds/models/aws_robomaker_residential_DeskPortraitD_03/meshes/aws_DeskPortraitD_01_visual.DAE
[2.964s] -- Symlinking: /home/anish/ps1_ws/install/turtlebot3_gazebo/share/turtlebot3_gazebo//worlds/models/aws_robomaker_residential_DeskPortraitD_03/model.config
[2.972s] -- Symlinking: /home/anish/ps1_ws/install/turtlebot3_gazebo/share/turtlebot3_gazebo//worlds/models/aws_robomaker_residential_DeskPortraitD_03/model.sdf
[2.979s] -- Symlinking: /home/anish/ps1_ws/install/turtlebot3_gazebo/share/turtlebot3_gazebo//worlds/models/aws_robomaker_residential_DeskPortraitD_04/materials/textures/aws_DeskPortraitD_01.png
[2.987s] -- Symlinking: /home/anish/ps1_ws/install/turtlebot3_gazebo/share/turtlebot3_gazebo//worlds/models/aws_robomaker_residential_DeskPortraitD_04/materials/textures/aws_DeskPortraitD_02.png
[2.996s] -- Symlinking: /home/anish/ps1_ws/install/turtlebot3_gazebo/share/turtlebot3_gazebo//worlds/models/aws_robomaker_residential_DeskPortraitD_04/meshes/aws_DeskPortraitD_01_collision.DAE
[3.006s] -- Symlinking: /home/anish/ps1_ws/install/turtlebot3_gazebo/share/turtlebot3_gazebo//worlds/models/aws_robomaker_residential_DeskPortraitD_04/meshes/aws_DeskPortraitD_01_visual.DAE
[3.014s] -- Symlinking: /home/anish/ps1_ws/install/turtlebot3_gazebo/share/turtlebot3_gazebo//worlds/models/aws_robomaker_residential_DeskPortraitD_04/model.config
[3.022s] -- Symlinking: /home/anish/ps1_ws/install/turtlebot3_gazebo/share/turtlebot3_gazebo//worlds/models/aws_robomaker_residential_DeskPortraitD_04/model.sdf
[3.031s] -- Symlinking: /home/anish/ps1_ws/install/turtlebot3_gazebo/share/turtlebot3_gazebo//worlds/models/aws_robomaker_residential_Door_01/materials/textures/aws_Door_01.png
[3.038s] -- Symlinking: /home/anish/ps1_ws/install/turtlebot3_gazebo/share/turtlebot3_gazebo//worlds/models/aws_robomaker_residential_Door_01/meshes/aws_Door_01_collision.DAE
[3.045s] -- Symlinking: /home/anish/ps1_ws/install/turtlebot3_gazebo/share/turtlebot3_gazebo//worlds/models/aws_robomaker_residential_Door_01/meshes/aws_Door_01_visual.DAE
[3.052s] -- Symlinking: /home/anish/ps1_ws/install/turtlebot3_gazebo/share/turtlebot3_gazebo//worlds/models/aws_robomaker_residential_Door_01/model.config
[3.059s] -- Symlinking: /home/anish/ps1_ws/install/turtlebot3_gazebo/share/turtlebot3_gazebo//worlds/models/aws_robomaker_residential_Door_01/model.sdf
[3.068s] -- Symlinking: /home/anish/ps1_ws/install/turtlebot3_gazebo/share/turtlebot3_gazebo//worlds/models/aws_robomaker_residential_Dumbbell_01/materials/textures/aws_Dumbbell_01.png
[3.075s] -- Symlinking: /home/anish/ps1_ws/install/turtlebot3_gazebo/share/turtlebot3_gazebo//worlds/models/aws_robomaker_residential_Dumbbell_01/meshes/aws_Dumbbell_01_collision.DAE
[3.082s] -- Symlinking: /home/anish/ps1_ws/install/turtlebot3_gazebo/share/turtlebot3_gazebo//worlds/models/aws_robomaker_residential_Dumbbell_01/meshes/aws_Dumbbell_01_visual.DAE
[3.089s] -- Symlinking: /home/anish/ps1_ws/install/turtlebot3_gazebo/share/turtlebot3_gazebo//worlds/models/aws_robomaker_residential_Dumbbell_01/model.config
[3.096s] -- Symlinking: /home/anish/ps1_ws/install/turtlebot3_gazebo/share/turtlebot3_gazebo//worlds/models/aws_robomaker_residential_Dumbbell_01/model.sdf
[3.106s] -- Symlinking: /home/anish/ps1_ws/install/turtlebot3_gazebo/share/turtlebot3_gazebo//worlds/models/aws_robomaker_residential_FitnessEquipment_01/materials/textures/aws_FitnessEquipment_01.png
[3.113s] -- Symlinking: /home/anish/ps1_ws/install/turtlebot3_gazebo/share/turtlebot3_gazebo//worlds/models/aws_robomaker_residential_FitnessEquipment_01/meshes/aws_FitnessEquipment_01_collision.DAE
[3.120s] -- Symlinking: /home/anish/ps1_ws/install/turtlebot3_gazebo/share/turtlebot3_gazebo//worlds/models/aws_robomaker_residential_FitnessEquipment_01/meshes/aws_FitnessEquipment_01_visual.DAE
[3.129s] -- Symlinking: /home/anish/ps1_ws/install/turtlebot3_gazebo/share/turtlebot3_gazebo//worlds/models/aws_robomaker_residential_FitnessEquipment_01/model.config
[3.136s] -- Symlinking: /home/anish/ps1_ws/install/turtlebot3_gazebo/share/turtlebot3_gazebo//worlds/models/aws_robomaker_residential_FitnessEquipment_01/model.sdf
[3.143s] -- Symlinking: /home/anish/ps1_ws/install/turtlebot3_gazebo/share/turtlebot3_gazebo//worlds/models/aws_robomaker_residential_FloorB_01/materials/textures/aws_FloorB_01.png
[3.149s] -- Symlinking: /home/anish/ps1_ws/install/turtlebot3_gazebo/share/turtlebot3_gazebo//worlds/models/aws_robomaker_residential_FloorB_01/meshes/aws_FloorB_01_collision.DAE
[3.156s] -- Symlinking: /home/anish/ps1_ws/install/turtlebot3_gazebo/share/turtlebot3_gazebo//worlds/models/aws_robomaker_residential_FloorB_01/meshes/aws_FloorB_01_visual.DAE
[3.163s] -- Symlinking: /home/anish/ps1_ws/install/turtlebot3_gazebo/share/turtlebot3_gazebo//worlds/models/aws_robomaker_residential_FloorB_01/model.config
[3.169s] -- Symlinking: /home/anish/ps1_ws/install/turtlebot3_gazebo/share/turtlebot3_gazebo//worlds/models/aws_robomaker_residential_FloorB_01/model.sdf
[3.176s] -- Symlinking: /home/anish/ps1_ws/install/turtlebot3_gazebo/share/turtlebot3_gazebo//worlds/models/aws_robomaker_residential_FoldingDoor_01/materials/textures/aws_FoldingDoor_01.png
[3.182s] -- Symlinking: /home/anish/ps1_ws/install/turtlebot3_gazebo/share/turtlebot3_gazebo//worlds/models/aws_robomaker_residential_FoldingDoor_01/meshes/aws_FoldingDoor_01_collision.DAE
[3.190s] -- Symlinking: /home/anish/ps1_ws/install/turtlebot3_gazebo/share/turtlebot3_gazebo//worlds/models/aws_robomaker_residential_FoldingDoor_01/meshes/aws_FoldingDoor_01_visual.DAE
[3.198s] -- Symlinking: /home/anish/ps1_ws/install/turtlebot3_gazebo/share/turtlebot3_gazebo//worlds/models/aws_robomaker_residential_FoldingDoor_01/model.config
[3.211s] -- Symlinking: /home/anish/ps1_ws/install/turtlebot3_gazebo/share/turtlebot3_gazebo//worlds/models/aws_robomaker_residential_FoldingDoor_01/model.sdf
[3.220s] -- Symlinking: /home/anish/ps1_ws/install/turtlebot3_gazebo/share/turtlebot3_gazebo//worlds/models/aws_robomaker_residential_FoldingDoor_02/materials/textures/aws_FoldingDoor_02.png
[3.227s] -- Symlinking: /home/anish/ps1_ws/install/turtlebot3_gazebo/share/turtlebot3_gazebo//worlds/models/aws_robomaker_residential_FoldingDoor_02/meshes/aws_FoldingDoor_02_collision.DAE
[3.234s] -- Symlinking: /home/anish/ps1_ws/install/turtlebot3_gazebo/share/turtlebot3_gazebo//worlds/models/aws_robomaker_residential_FoldingDoor_02/meshes/aws_FoldingDoor_02_visual.DAE
[3.240s] -- Symlinking: /home/anish/ps1_ws/install/turtlebot3_gazebo/share/turtlebot3_gazebo//worlds/models/aws_robomaker_residential_FoldingDoor_02/model.config
[3.247s] -- Symlinking: /home/anish/ps1_ws/install/turtlebot3_gazebo/share/turtlebot3_gazebo//worlds/models/aws_robomaker_residential_FoldingDoor_02/model.sdf
[3.255s] -- Symlinking: /home/anish/ps1_ws/install/turtlebot3_gazebo/share/turtlebot3_gazebo//worlds/models/aws_robomaker_residential_Handle_01/materials/textures/aws_Handle_01.png
[3.262s] -- Symlinking: /home/anish/ps1_ws/install/turtlebot3_gazebo/share/turtlebot3_gazebo//worlds/models/aws_robomaker_residential_Handle_01/meshes/aws_ handle_01_collision.DAE
[3.270s] -- Symlinking: /home/anish/ps1_ws/install/turtlebot3_gazebo/share/turtlebot3_gazebo//worlds/models/aws_robomaker_residential_Handle_01/meshes/aws_Handle_01_collision.DAE
[3.278s] -- Symlinking: /home/anish/ps1_ws/install/turtlebot3_gazebo/share/turtlebot3_gazebo//worlds/models/aws_robomaker_residential_Handle_01/meshes/aws_Handle_01_visual.DAE
[3.286s] -- Symlinking: /home/anish/ps1_ws/install/turtlebot3_gazebo/share/turtlebot3_gazebo//worlds/models/aws_robomaker_residential_Handle_01/model.config
[3.295s] -- Symlinking: /home/anish/ps1_ws/install/turtlebot3_gazebo/share/turtlebot3_gazebo//worlds/models/aws_robomaker_residential_Handle_01/model.sdf
[3.306s] -- Symlinking: /home/anish/ps1_ws/install/turtlebot3_gazebo/share/turtlebot3_gazebo//worlds/models/aws_robomaker_residential_HouseWallB_01/materials/textures/aws_HouseWallB_01.png
[3.314s] -- Symlinking: /home/anish/ps1_ws/install/turtlebot3_gazebo/share/turtlebot3_gazebo//worlds/models/aws_robomaker_residential_HouseWallB_01/meshes/aws_HouseWallB_01_collision.DAE
[3.320s] -- Symlinking: /home/anish/ps1_ws/install/turtlebot3_gazebo/share/turtlebot3_gazebo//worlds/models/aws_robomaker_residential_HouseWallB_01/meshes/aws_HouseWallB_01_visual.DAE
[3.327s] -- Symlinking: /home/anish/ps1_ws/install/turtlebot3_gazebo/share/turtlebot3_gazebo//worlds/models/aws_robomaker_residential_HouseWallB_01/model.config
[3.333s] -- Symlinking: /home/anish/ps1_ws/install/turtlebot3_gazebo/share/turtlebot3_gazebo//worlds/models/aws_robomaker_residential_HouseWallB_01/model.sdf
[3.340s] -- Symlinking: /home/anish/ps1_ws/install/turtlebot3_gazebo/share/turtlebot3_gazebo//worlds/models/aws_robomaker_residential_KitchenCabinet_01/materials/textures/aws_KitchenCabinet_01.png
[3.346s] -- Symlinking: /home/anish/ps1_ws/install/turtlebot3_gazebo/share/turtlebot3_gazebo//worlds/models/aws_robomaker_residential_KitchenCabinet_01/meshes/aws_KitchenCabinet_01_collision.DAE
[3.353s] -- Symlinking: /home/anish/ps1_ws/install/turtlebot3_gazebo/share/turtlebot3_gazebo//worlds/models/aws_robomaker_residential_KitchenCabinet_01/meshes/aws_KitchenCabinet_01_visual.DAE
[3.360s] -- Symlinking: /home/anish/ps1_ws/install/turtlebot3_gazebo/share/turtlebot3_gazebo//worlds/models/aws_robomaker_residential_KitchenCabinet_01/model.config
[3.366s] -- Symlinking: /home/anish/ps1_ws/install/turtlebot3_gazebo/share/turtlebot3_gazebo//worlds/models/aws_robomaker_residential_KitchenCabinet_01/model.sdf
[3.374s] -- Symlinking: /home/anish/ps1_ws/install/turtlebot3_gazebo/share/turtlebot3_gazebo//worlds/models/aws_robomaker_residential_KitchenTable_01/materials/textures/aws_KitchenTable_01.png
[3.383s] -- Symlinking: /home/anish/ps1_ws/install/turtlebot3_gazebo/share/turtlebot3_gazebo//worlds/models/aws_robomaker_residential_KitchenTable_01/meshes/aws_KitchenTable_01_collision.DAE
[3.391s] -- Symlinking: /home/anish/ps1_ws/install/turtlebot3_gazebo/share/turtlebot3_gazebo//worlds/models/aws_robomaker_residential_KitchenTable_01/meshes/aws_KitchenTable_01_visual.DAE
[3.400s] -- Symlinking: /home/anish/ps1_ws/install/turtlebot3_gazebo/share/turtlebot3_gazebo//worlds/models/aws_robomaker_residential_KitchenTable_01/model.config
[3.410s] -- Symlinking: /home/anish/ps1_ws/install/turtlebot3_gazebo/share/turtlebot3_gazebo//worlds/models/aws_robomaker_residential_KitchenTable_01/model.sdf
[3.419s] -- Symlinking: /home/anish/ps1_ws/install/turtlebot3_gazebo/share/turtlebot3_gazebo//worlds/models/aws_robomaker_residential_KitchenUtensils_01/materials/textures/aws_KitchenUtensils_01.png
[3.427s] -- Symlinking: /home/anish/ps1_ws/install/turtlebot3_gazebo/share/turtlebot3_gazebo//worlds/models/aws_robomaker_residential_KitchenUtensils_01/meshes/aws_KitchenUtensils_01_collision.DAE
[3.435s] -- Symlinking: /home/anish/ps1_ws/install/turtlebot3_gazebo/share/turtlebot3_gazebo//worlds/models/aws_robomaker_residential_KitchenUtensils_01/meshes/aws_KitchenUtensils_01_visual.DAE
[3.442s] -- Symlinking: /home/anish/ps1_ws/install/turtlebot3_gazebo/share/turtlebot3_gazebo//worlds/models/aws_robomaker_residential_KitchenUtensils_01/model.config
[3.450s] -- Symlinking: /home/anish/ps1_ws/install/turtlebot3_gazebo/share/turtlebot3_gazebo//worlds/models/aws_robomaker_residential_KitchenUtensils_01/model.sdf
[3.456s] -- Symlinking: /home/anish/ps1_ws/install/turtlebot3_gazebo/share/turtlebot3_gazebo//worlds/models/aws_robomaker_residential_LightC_01/materials/textures/aws_LightC_01.png
[3.464s] -- Symlinking: /home/anish/ps1_ws/install/turtlebot3_gazebo/share/turtlebot3_gazebo//worlds/models/aws_robomaker_residential_LightC_01/meshes/aws_LightC_01_collision.DAE
[3.471s] -- Symlinking: /home/anish/ps1_ws/install/turtlebot3_gazebo/share/turtlebot3_gazebo//worlds/models/aws_robomaker_residential_LightC_01/meshes/aws_LightC_01_visual.DAE
[3.479s] -- Symlinking: /home/anish/ps1_ws/install/turtlebot3_gazebo/share/turtlebot3_gazebo//worlds/models/aws_robomaker_residential_LightC_01/model.config
[3.487s] -- Symlinking: /home/anish/ps1_ws/install/turtlebot3_gazebo/share/turtlebot3_gazebo//worlds/models/aws_robomaker_residential_LightC_01/model.sdf
[3.495s] -- Symlinking: /home/anish/ps1_ws/install/turtlebot3_gazebo/share/turtlebot3_gazebo//worlds/models/aws_robomaker_residential_NightStand_01/materials/textures/aws_NightStand_01.png
[3.504s] -- Symlinking: /home/anish/ps1_ws/install/turtlebot3_gazebo/share/turtlebot3_gazebo//worlds/models/aws_robomaker_residential_NightStand_01/meshes/aws_NightStand_01_collision.DAE
[3.513s] -- Symlinking: /home/anish/ps1_ws/install/turtlebot3_gazebo/share/turtlebot3_gazebo//worlds/models/aws_robomaker_residential_NightStand_01/meshes/aws_NightStand_01_visual.DAE
[3.520s] -- Symlinking: /home/anish/ps1_ws/install/turtlebot3_gazebo/share/turtlebot3_gazebo//worlds/models/aws_robomaker_residential_NightStand_01/model.config
[3.529s] -- Symlinking: /home/anish/ps1_ws/install/turtlebot3_gazebo/share/turtlebot3_gazebo//worlds/models/aws_robomaker_residential_NightStand_01/model.sdf
[3.535s] -- Symlinking: /home/anish/ps1_ws/install/turtlebot3_gazebo/share/turtlebot3_gazebo//worlds/models/aws_robomaker_residential_Pillow_01/materials/textures/aws_Pillow_01.png
[3.543s] -- Symlinking: /home/anish/ps1_ws/install/turtlebot3_gazebo/share/turtlebot3_gazebo//worlds/models/aws_robomaker_residential_Pillow_01/meshes/aws_Pillow_01_collision.DAE
[3.551s] -- Symlinking: /home/anish/ps1_ws/install/turtlebot3_gazebo/share/turtlebot3_gazebo//worlds/models/aws_robomaker_residential_Pillow_01/meshes/aws_Pillow_01_visual.DAE
[3.559s] -- Symlinking: /home/anish/ps1_ws/install/turtlebot3_gazebo/share/turtlebot3_gazebo//worlds/models/aws_robomaker_residential_Pillow_01/model.config
[3.566s] -- Symlinking: /home/anish/ps1_ws/install/turtlebot3_gazebo/share/turtlebot3_gazebo//worlds/models/aws_robomaker_residential_Pillow_01/model.sdf
[3.574s] -- Symlinking: /home/anish/ps1_ws/install/turtlebot3_gazebo/share/turtlebot3_gazebo//worlds/models/aws_robomaker_residential_PortraitA_01/materials/textures/aws_PortraitA_01.png
[3.582s] -- Symlinking: /home/anish/ps1_ws/install/turtlebot3_gazebo/share/turtlebot3_gazebo//worlds/models/aws_robomaker_residential_PortraitA_01/materials/textures/aws_PortraitA_02.png
[3.589s] -- Symlinking: /home/anish/ps1_ws/install/turtlebot3_gazebo/share/turtlebot3_gazebo//worlds/models/aws_robomaker_residential_PortraitA_01/meshes/aws_PortraitA_01_collision.DAE
[3.597s] -- Symlinking: /home/anish/ps1_ws/install/turtlebot3_gazebo/share/turtlebot3_gazebo//worlds/models/aws_robomaker_residential_PortraitA_01/meshes/aws_PortraitA_01_visual.DAE
[3.607s] -- Symlinking: /home/anish/ps1_ws/install/turtlebot3_gazebo/share/turtlebot3_gazebo//worlds/models/aws_robomaker_residential_PortraitA_01/model.config
[3.615s] -- Symlinking: /home/anish/ps1_ws/install/turtlebot3_gazebo/share/turtlebot3_gazebo//worlds/models/aws_robomaker_residential_PortraitA_01/model.sdf
[3.623s] -- Symlinking: /home/anish/ps1_ws/install/turtlebot3_gazebo/share/turtlebot3_gazebo//worlds/models/aws_robomaker_residential_PortraitA_02/materials/textures/aws_PortraitA_01.png
[3.631s] -- Symlinking: /home/anish/ps1_ws/install/turtlebot3_gazebo/share/turtlebot3_gazebo//worlds/models/aws_robomaker_residential_PortraitA_02/materials/textures/aws_PortraitA_02.png
[3.639s] -- Symlinking: /home/anish/ps1_ws/install/turtlebot3_gazebo/share/turtlebot3_gazebo//worlds/models/aws_robomaker_residential_PortraitA_02/meshes/aws_PortraitA_01_collision.DAE
[3.647s] -- Symlinking: /home/anish/ps1_ws/install/turtlebot3_gazebo/share/turtlebot3_gazebo//worlds/models/aws_robomaker_residential_PortraitA_02/meshes/aws_PortraitA_01_visual.DAE
[3.654s] -- Symlinking: /home/anish/ps1_ws/install/turtlebot3_gazebo/share/turtlebot3_gazebo//worlds/models/aws_robomaker_residential_PortraitA_02/model.config
[3.661s] -- Symlinking: /home/anish/ps1_ws/install/turtlebot3_gazebo/share/turtlebot3_gazebo//worlds/models/aws_robomaker_residential_PortraitA_02/model.sdf
[3.668s] -- Symlinking: /home/anish/ps1_ws/install/turtlebot3_gazebo/share/turtlebot3_gazebo//worlds/models/aws_robomaker_residential_PortraitB_01/materials/textures/aws_PortraitB_01.png
[3.676s] -- Symlinking: /home/anish/ps1_ws/install/turtlebot3_gazebo/share/turtlebot3_gazebo//worlds/models/aws_robomaker_residential_PortraitB_01/materials/textures/aws_PortraitB_02.png
[3.683s] -- Symlinking: /home/anish/ps1_ws/install/turtlebot3_gazebo/share/turtlebot3_gazebo//worlds/models/aws_robomaker_residential_PortraitB_01/meshes/aws_PortraitB_01_collision.DAE
[3.690s] -- Symlinking: /home/anish/ps1_ws/install/turtlebot3_gazebo/share/turtlebot3_gazebo//worlds/models/aws_robomaker_residential_PortraitB_01/meshes/aws_PortraitB_01_visual.DAE
[3.697s] -- Symlinking: /home/anish/ps1_ws/install/turtlebot3_gazebo/share/turtlebot3_gazebo//worlds/models/aws_robomaker_residential_PortraitB_01/model.config
[3.705s] -- Symlinking: /home/anish/ps1_ws/install/turtlebot3_gazebo/share/turtlebot3_gazebo//worlds/models/aws_robomaker_residential_PortraitB_01/model.sdf
[3.714s] -- Symlinking: /home/anish/ps1_ws/install/turtlebot3_gazebo/share/turtlebot3_gazebo//worlds/models/aws_robomaker_residential_PortraitB_02/materials/textures/aws_PortraitB_01.png
[3.722s] -- Symlinking: /home/anish/ps1_ws/install/turtlebot3_gazebo/share/turtlebot3_gazebo//worlds/models/aws_robomaker_residential_PortraitB_02/materials/textures/aws_PortraitB_02.png
[3.729s] -- Symlinking: /home/anish/ps1_ws/install/turtlebot3_gazebo/share/turtlebot3_gazebo//worlds/models/aws_robomaker_residential_PortraitB_02/meshes/aws_PortraitB_01_collision.DAE
[3.736s] -- Symlinking: /home/anish/ps1_ws/install/turtlebot3_gazebo/share/turtlebot3_gazebo//worlds/models/aws_robomaker_residential_PortraitB_02/meshes/aws_PortraitB_01_visual.DAE
[3.743s] -- Symlinking: /home/anish/ps1_ws/install/turtlebot3_gazebo/share/turtlebot3_gazebo//worlds/models/aws_robomaker_residential_PortraitB_02/model.config
[3.752s] -- Symlinking: /home/anish/ps1_ws/install/turtlebot3_gazebo/share/turtlebot3_gazebo//worlds/models/aws_robomaker_residential_PortraitB_02/model.sdf
[3.759s] -- Symlinking: /home/anish/ps1_ws/install/turtlebot3_gazebo/share/turtlebot3_gazebo//worlds/models/aws_robomaker_residential_PortraitB_03/materials/textures/aws_PortraitB_01.png
[3.766s] -- Symlinking: /home/anish/ps1_ws/install/turtlebot3_gazebo/share/turtlebot3_gazebo//worlds/models/aws_robomaker_residential_PortraitB_03/materials/textures/aws_PortraitB_02.png
[3.774s] -- Symlinking: /home/anish/ps1_ws/install/turtlebot3_gazebo/share/turtlebot3_gazebo//worlds/models/aws_robomaker_residential_PortraitB_03/meshes/aws_PortraitB_01_collision.DAE
[3.782s] -- Symlinking: /home/anish/ps1_ws/install/turtlebot3_gazebo/share/turtlebot3_gazebo//worlds/models/aws_robomaker_residential_PortraitB_03/meshes/aws_PortraitB_01_visual.DAE
[3.791s] -- Symlinking: /home/anish/ps1_ws/install/turtlebot3_gazebo/share/turtlebot3_gazebo//worlds/models/aws_robomaker_residential_PortraitB_03/model.config
[3.799s] -- Symlinking: /home/anish/ps1_ws/install/turtlebot3_gazebo/share/turtlebot3_gazebo//worlds/models/aws_robomaker_residential_PortraitB_03/model.sdf
[3.809s] -- Symlinking: /home/anish/ps1_ws/install/turtlebot3_gazebo/share/turtlebot3_gazebo//worlds/models/aws_robomaker_residential_PortraitC_01/materials/textures/aws_PortraitC_01.png
[3.817s] -- Symlinking: /home/anish/ps1_ws/install/turtlebot3_gazebo/share/turtlebot3_gazebo//worlds/models/aws_robomaker_residential_PortraitC_01/materials/textures/aws_PortraitC_02.png
[3.824s] -- Symlinking: /home/anish/ps1_ws/install/turtlebot3_gazebo/share/turtlebot3_gazebo//worlds/models/aws_robomaker_residential_PortraitC_01/meshes/aws_PortraitC_01_collision.DAE
[3.831s] -- Symlinking: /home/anish/ps1_ws/install/turtlebot3_gazebo/share/turtlebot3_gazebo//worlds/models/aws_robomaker_residential_PortraitC_01/meshes/aws_PortraitC_01_visual.DAE
[3.838s] -- Symlinking: /home/anish/ps1_ws/install/turtlebot3_gazebo/share/turtlebot3_gazebo//worlds/models/aws_robomaker_residential_PortraitC_01/model.config
[3.846s] -- Symlinking: /home/anish/ps1_ws/install/turtlebot3_gazebo/share/turtlebot3_gazebo//worlds/models/aws_robomaker_residential_PortraitC_01/model.sdf
[3.854s] -- Symlinking: /home/anish/ps1_ws/install/turtlebot3_gazebo/share/turtlebot3_gazebo//worlds/models/aws_robomaker_residential_PortraitD_01/materials/textures/aws_PortraitD_01.png
[3.862s] -- Symlinking: /home/anish/ps1_ws/install/turtlebot3_gazebo/share/turtlebot3_gazebo//worlds/models/aws_robomaker_residential_PortraitD_01/materials/textures/aws_PortraitD_02.png
[3.869s] -- Symlinking: /home/anish/ps1_ws/install/turtlebot3_gazebo/share/turtlebot3_gazebo//worlds/models/aws_robomaker_residential_PortraitD_01/meshes/aws_PortraitD_01_collision.DAE
[3.878s] -- Symlinking: /home/anish/ps1_ws/install/turtlebot3_gazebo/share/turtlebot3_gazebo//worlds/models/aws_robomaker_residential_PortraitD_01/meshes/aws_PortraitD_01_visual.DAE
[3.885s] -- Symlinking: /home/anish/ps1_ws/install/turtlebot3_gazebo/share/turtlebot3_gazebo//worlds/models/aws_robomaker_residential_PortraitD_01/model.config
[3.894s] -- Symlinking: /home/anish/ps1_ws/install/turtlebot3_gazebo/share/turtlebot3_gazebo//worlds/models/aws_robomaker_residential_PortraitD_01/model.sdf
[3.904s] -- Symlinking: /home/anish/ps1_ws/install/turtlebot3_gazebo/share/turtlebot3_gazebo//worlds/models/aws_robomaker_residential_PortraitD_02/materials/textures/aws_PortraitD_01.png
[3.912s] -- Symlinking: /home/anish/ps1_ws/install/turtlebot3_gazebo/share/turtlebot3_gazebo//worlds/models/aws_robomaker_residential_PortraitD_02/materials/textures/aws_PortraitD_02.png
[3.919s] -- Symlinking: /home/anish/ps1_ws/install/turtlebot3_gazebo/share/turtlebot3_gazebo//worlds/models/aws_robomaker_residential_PortraitD_02/meshes/aws_PortraitD_01_collision.DAE
[3.926s] -- Symlinking: /home/anish/ps1_ws/install/turtlebot3_gazebo/share/turtlebot3_gazebo//worlds/models/aws_robomaker_residential_PortraitD_02/meshes/aws_PortraitD_01_visual.DAE
[3.934s] -- Symlinking: /home/anish/ps1_ws/install/turtlebot3_gazebo/share/turtlebot3_gazebo//worlds/models/aws_robomaker_residential_PortraitD_02/model.config
[3.942s] -- Symlinking: /home/anish/ps1_ws/install/turtlebot3_gazebo/share/turtlebot3_gazebo//worlds/models/aws_robomaker_residential_PortraitD_02/model.sdf
[3.950s] -- Symlinking: /home/anish/ps1_ws/install/turtlebot3_gazebo/share/turtlebot3_gazebo//worlds/models/aws_robomaker_residential_PortraitE_01/materials/textures/aws_PortraitE_01.png
[3.957s] -- Symlinking: /home/anish/ps1_ws/install/turtlebot3_gazebo/share/turtlebot3_gazebo//worlds/models/aws_robomaker_residential_PortraitE_01/materials/textures/aws_PortraitE_02.png
[3.963s] -- Symlinking: /home/anish/ps1_ws/install/turtlebot3_gazebo/share/turtlebot3_gazebo//worlds/models/aws_robomaker_residential_PortraitE_01/meshes/aws_PortraitE_01_collision.DAE
[3.970s] -- Symlinking: /home/anish/ps1_ws/install/turtlebot3_gazebo/share/turtlebot3_gazebo//worlds/models/aws_robomaker_residential_PortraitE_01/meshes/aws_PortraitE_01_visual.DAE
[3.976s] -- Symlinking: /home/anish/ps1_ws/install/turtlebot3_gazebo/share/turtlebot3_gazebo//worlds/models/aws_robomaker_residential_PortraitE_01/model.config
[3.983s] -- Symlinking: /home/anish/ps1_ws/install/turtlebot3_gazebo/share/turtlebot3_gazebo//worlds/models/aws_robomaker_residential_PortraitE_01/model.sdf
[3.991s] -- Symlinking: /home/anish/ps1_ws/install/turtlebot3_gazebo/share/turtlebot3_gazebo//worlds/models/aws_robomaker_residential_PortraitE_02/materials/textures/aws_PortraitE_01.png
[4.000s] -- Symlinking: /home/anish/ps1_ws/install/turtlebot3_gazebo/share/turtlebot3_gazebo//worlds/models/aws_robomaker_residential_PortraitE_02/materials/textures/aws_PortraitE_02.png
[4.009s] -- Symlinking: /home/anish/ps1_ws/install/turtlebot3_gazebo/share/turtlebot3_gazebo//worlds/models/aws_robomaker_residential_PortraitE_02/meshes/aws_PortraitE_01_collision.DAE
[4.016s] -- Symlinking: /home/anish/ps1_ws/install/turtlebot3_gazebo/share/turtlebot3_gazebo//worlds/models/aws_robomaker_residential_PortraitE_02/meshes/aws_PortraitE_01_visual.DAE
[4.024s] -- Symlinking: /home/anish/ps1_ws/install/turtlebot3_gazebo/share/turtlebot3_gazebo//worlds/models/aws_robomaker_residential_PortraitE_02/model.config
[4.031s] -- Symlinking: /home/anish/ps1_ws/install/turtlebot3_gazebo/share/turtlebot3_gazebo//worlds/models/aws_robomaker_residential_PortraitE_02/model.sdf
[4.039s] -- Symlinking: /home/anish/ps1_ws/install/turtlebot3_gazebo/share/turtlebot3_gazebo//worlds/models/aws_robomaker_residential_Quilt_01/materials/textures/aws_Quilt_01.png
[4.047s] -- Symlinking: /home/anish/ps1_ws/install/turtlebot3_gazebo/share/turtlebot3_gazebo//worlds/models/aws_robomaker_residential_Quilt_01/meshes/aws_Quilt_01_collision.DAE
[4.054s] -- Symlinking: /home/anish/ps1_ws/install/turtlebot3_gazebo/share/turtlebot3_gazebo//worlds/models/aws_robomaker_residential_Quilt_01/meshes/aws_Quilt_01_visual.DAE
[4.061s] -- Symlinking: /home/anish/ps1_ws/install/turtlebot3_gazebo/share/turtlebot3_gazebo//worlds/models/aws_robomaker_residential_Quilt_01/model.config
[4.068s] -- Symlinking: /home/anish/ps1_ws/install/turtlebot3_gazebo/share/turtlebot3_gazebo//worlds/models/aws_robomaker_residential_Quilt_01/model.sdf
[4.075s] -- Symlinking: /home/anish/ps1_ws/install/turtlebot3_gazebo/share/turtlebot3_gazebo//worlds/models/aws_robomaker_residential_Rangehood_01/materials/textures/aws_Rangehood_01.png
[4.082s] -- Symlinking: /home/anish/ps1_ws/install/turtlebot3_gazebo/share/turtlebot3_gazebo//worlds/models/aws_robomaker_residential_Rangehood_01/meshes/aws_Rangehood_01_collision.DAE
[4.089s] -- Symlinking: /home/anish/ps1_ws/install/turtlebot3_gazebo/share/turtlebot3_gazebo//worlds/models/aws_robomaker_residential_Rangehood_01/meshes/aws_Rangehood_01_visual.DAE
[4.097s] -- Symlinking: /home/anish/ps1_ws/install/turtlebot3_gazebo/share/turtlebot3_gazebo//worlds/models/aws_robomaker_residential_Rangehood_01/model.config
[4.105s] -- Symlinking: /home/anish/ps1_ws/install/turtlebot3_gazebo/share/turtlebot3_gazebo//worlds/models/aws_robomaker_residential_Rangehood_01/model.sdf
[4.115s] -- Symlinking: /home/anish/ps1_ws/install/turtlebot3_gazebo/share/turtlebot3_gazebo//worlds/models/aws_robomaker_residential_ReadingDesk_01/materials/textures/aws_ReadingDesk_01.png
[4.122s] -- Symlinking: /home/anish/ps1_ws/install/turtlebot3_gazebo/share/turtlebot3_gazebo//worlds/models/aws_robomaker_residential_ReadingDesk_01/meshes/aws_ReadingDesk_01_collision.DAE
[4.130s] -- Symlinking: /home/anish/ps1_ws/install/turtlebot3_gazebo/share/turtlebot3_gazebo//worlds/models/aws_robomaker_residential_ReadingDesk_01/meshes/aws_ReadingDesk_01_visual.DAE
[4.138s] -- Symlinking: /home/anish/ps1_ws/install/turtlebot3_gazebo/share/turtlebot3_gazebo//worlds/models/aws_robomaker_residential_ReadingDesk_01/model.config
[4.145s] -- Symlinking: /home/anish/ps1_ws/install/turtlebot3_gazebo/share/turtlebot3_gazebo//worlds/models/aws_robomaker_residential_ReadingDesk_01/model.sdf
[4.152s] -- Symlinking: /home/anish/ps1_ws/install/turtlebot3_gazebo/share/turtlebot3_gazebo//worlds/models/aws_robomaker_residential_Refrigerator_01/materials/textures/aws_Refrigerator_01.png
[4.160s] -- Symlinking: /home/anish/ps1_ws/install/turtlebot3_gazebo/share/turtlebot3_gazebo//worlds/models/aws_robomaker_residential_Refrigerator_01/materials/textures/aws_Refrigerator_02.png
[4.167s] -- Symlinking: /home/anish/ps1_ws/install/turtlebot3_gazebo/share/turtlebot3_gazebo//worlds/models/aws_robomaker_residential_Refrigerator_01/meshes/aws_Refrigerator_01.DAE
[4.174s] -- Symlinking: /home/anish/ps1_ws/install/turtlebot3_gazebo/share/turtlebot3_gazebo//worlds/models/aws_robomaker_residential_Refrigerator_01/meshes/aws_Refrigerator_01_collision.DAE
[4.182s] -- Symlinking: /home/anish/ps1_ws/install/turtlebot3_gazebo/share/turtlebot3_gazebo//worlds/models/aws_robomaker_residential_Refrigerator_01/meshes/aws_Refrigerator_01_visual.DAE
[4.189s] -- Symlinking: /home/anish/ps1_ws/install/turtlebot3_gazebo/share/turtlebot3_gazebo//worlds/models/aws_robomaker_residential_Refrigerator_01/model.config
[4.198s] -- Symlinking: /home/anish/ps1_ws/install/turtlebot3_gazebo/share/turtlebot3_gazebo//worlds/models/aws_robomaker_residential_Refrigerator_01/model.sdf
[4.207s] -- Symlinking: /home/anish/ps1_ws/install/turtlebot3_gazebo/share/turtlebot3_gazebo//worlds/models/aws_robomaker_residential_RoomCeiling_01/materials/textures/aws_RoomCeiling_01.png
[4.216s] -- Symlinking: /home/anish/ps1_ws/install/turtlebot3_gazebo/share/turtlebot3_gazebo//worlds/models/aws_robomaker_residential_RoomCeiling_01/meshes/aws_RoomCeiling_01_collision.DAE
[4.223s] -- Symlinking: /home/anish/ps1_ws/install/turtlebot3_gazebo/share/turtlebot3_gazebo//worlds/models/aws_robomaker_residential_RoomCeiling_01/meshes/aws_RoomCeiling_01_visual.DAE
[4.230s] -- Symlinking: /home/anish/ps1_ws/install/turtlebot3_gazebo/share/turtlebot3_gazebo//worlds/models/aws_robomaker_residential_RoomCeiling_01/model.config
[4.237s] -- Symlinking: /home/anish/ps1_ws/install/turtlebot3_gazebo/share/turtlebot3_gazebo//worlds/models/aws_robomaker_residential_RoomCeiling_01/model.sdf
[4.244s] -- Symlinking: /home/anish/ps1_ws/install/turtlebot3_gazebo/share/turtlebot3_gazebo//worlds/models/aws_robomaker_residential_RoomWall_01/materials/textures/aws_RoomWall_01.png
[4.252s] -- Symlinking: /home/anish/ps1_ws/install/turtlebot3_gazebo/share/turtlebot3_gazebo//worlds/models/aws_robomaker_residential_RoomWall_01/meshes/aws_RoomWall_01_collision.DAE
[4.260s] -- Symlinking: /home/anish/ps1_ws/install/turtlebot3_gazebo/share/turtlebot3_gazebo//worlds/models/aws_robomaker_residential_RoomWall_01/meshes/aws_RoomWall_01_visual.DAE
[4.268s] -- Symlinking: /home/anish/ps1_ws/install/turtlebot3_gazebo/share/turtlebot3_gazebo//worlds/models/aws_robomaker_residential_RoomWall_01/model.config
[4.276s] -- Symlinking: /home/anish/ps1_ws/install/turtlebot3_gazebo/share/turtlebot3_gazebo//worlds/models/aws_robomaker_residential_RoomWall_01/model.sdf
[4.284s] -- Symlinking: /home/anish/ps1_ws/install/turtlebot3_gazebo/share/turtlebot3_gazebo//worlds/models/aws_robomaker_residential_RoomWindow_01/materials/textures/aws_RoomWindow_01.png
[4.292s] -- Symlinking: /home/anish/ps1_ws/install/turtlebot3_gazebo/share/turtlebot3_gazebo//worlds/models/aws_robomaker_residential_RoomWindow_01/meshes/aws_RoomWindow_01_collision.DAE
[4.299s] -- Symlinking: /home/anish/ps1_ws/install/turtlebot3_gazebo/share/turtlebot3_gazebo//worlds/models/aws_robomaker_residential_RoomWindow_01/meshes/aws_RoomWindow_01_visual.DAE
[4.310s] -- Symlinking: /home/anish/ps1_ws/install/turtlebot3_gazebo/share/turtlebot3_gazebo//worlds/models/aws_robomaker_residential_RoomWindow_01/model.config
[4.319s] -- Symlinking: /home/anish/ps1_ws/install/turtlebot3_gazebo/share/turtlebot3_gazebo//worlds/models/aws_robomaker_residential_RoomWindow_01/model.sdf
[4.327s] -- Symlinking: /home/anish/ps1_ws/install/turtlebot3_gazebo/share/turtlebot3_gazebo//worlds/models/aws_robomaker_residential_SeasoningBox_01/materials/textures/aws_SeasoningBox_01.png
[4.335s] -- Symlinking: /home/anish/ps1_ws/install/turtlebot3_gazebo/share/turtlebot3_gazebo//worlds/models/aws_robomaker_residential_SeasoningBox_01/meshes/aws_SeasoningBox_01_collision.DAE
[4.344s] -- Symlinking: /home/anish/ps1_ws/install/turtlebot3_gazebo/share/turtlebot3_gazebo//worlds/models/aws_robomaker_residential_SeasoningBox_01/meshes/aws_SeasoningBox_01_visual.DAE
[4.353s] -- Symlinking: /home/anish/ps1_ws/install/turtlebot3_gazebo/share/turtlebot3_gazebo//worlds/models/aws_robomaker_residential_SeasoningBox_01/model.config
[4.361s] -- Symlinking: /home/anish/ps1_ws/install/turtlebot3_gazebo/share/turtlebot3_gazebo//worlds/models/aws_robomaker_residential_SeasoningBox_01/model.sdf
[4.371s] -- Symlinking: /home/anish/ps1_ws/install/turtlebot3_gazebo/share/turtlebot3_gazebo//worlds/models/aws_robomaker_residential_SecurityCamera_01/materials/textures/aws_SecurityCamera_01.png
[4.380s] -- Symlinking: /home/anish/ps1_ws/install/turtlebot3_gazebo/share/turtlebot3_gazebo//worlds/models/aws_robomaker_residential_SecurityCamera_01/meshes/aws_SecurityCamera_01_collision.DAE
[4.388s] -- Symlinking: /home/anish/ps1_ws/install/turtlebot3_gazebo/share/turtlebot3_gazebo//worlds/models/aws_robomaker_residential_SecurityCamera_01/meshes/aws_SecurityCamera_01_visual.DAE
[4.397s] -- Symlinking: /home/anish/ps1_ws/install/turtlebot3_gazebo/share/turtlebot3_gazebo//worlds/models/aws_robomaker_residential_SecurityCamera_01/model.config
[4.405s] -- Symlinking: /home/anish/ps1_ws/install/turtlebot3_gazebo/share/turtlebot3_gazebo//worlds/models/aws_robomaker_residential_SecurityCamera_01/model.sdf
[4.414s] -- Symlinking: /home/anish/ps1_ws/install/turtlebot3_gazebo/share/turtlebot3_gazebo//worlds/models/aws_robomaker_residential_ShoeRack_01/materials/textures/aws_ShoeRack_01.png
[4.423s] -- Symlinking: /home/anish/ps1_ws/install/turtlebot3_gazebo/share/turtlebot3_gazebo//worlds/models/aws_robomaker_residential_ShoeRack_01/meshes/aws_ShoeRack_01_collision.DAE
[4.431s] -- Symlinking: /home/anish/ps1_ws/install/turtlebot3_gazebo/share/turtlebot3_gazebo//worlds/models/aws_robomaker_residential_ShoeRack_01/meshes/aws_ShoeRack_01_visual.DAE
[4.438s] -- Symlinking: /home/anish/ps1_ws/install/turtlebot3_gazebo/share/turtlebot3_gazebo//worlds/models/aws_robomaker_residential_ShoeRack_01/model.config
[4.446s] -- Symlinking: /home/anish/ps1_ws/install/turtlebot3_gazebo/share/turtlebot3_gazebo//worlds/models/aws_robomaker_residential_ShoeRack_01/model.sdf
[4.453s] -- Symlinking: /home/anish/ps1_ws/install/turtlebot3_gazebo/share/turtlebot3_gazebo//worlds/models/aws_robomaker_residential_SofaB_01/materials/textures/aws_SofaB_01.png
[4.460s] -- Symlinking: /home/anish/ps1_ws/install/turtlebot3_gazebo/share/turtlebot3_gazebo//worlds/models/aws_robomaker_residential_SofaB_01/meshes/aws_SofaB_01_collision.DAE
[4.468s] -- Symlinking: /home/anish/ps1_ws/install/turtlebot3_gazebo/share/turtlebot3_gazebo//worlds/models/aws_robomaker_residential_SofaB_01/meshes/aws_SofaB_01_visual.DAE
[4.476s] -- Symlinking: /home/anish/ps1_ws/install/turtlebot3_gazebo/share/turtlebot3_gazebo//worlds/models/aws_robomaker_residential_SofaB_01/model.config
[4.483s] -- Symlinking: /home/anish/ps1_ws/install/turtlebot3_gazebo/share/turtlebot3_gazebo//worlds/models/aws_robomaker_residential_SofaB_01/model.sdf
[4.491s] -- Symlinking: /home/anish/ps1_ws/install/turtlebot3_gazebo/share/turtlebot3_gazebo//worlds/models/aws_robomaker_residential_SofaC_01/materials/textures/aws_SofaC_01.png
[4.498s] -- Symlinking: /home/anish/ps1_ws/install/turtlebot3_gazebo/share/turtlebot3_gazebo//worlds/models/aws_robomaker_residential_SofaC_01/meshes/aws_SofaC_01_collision.DAE
[4.507s] -- Symlinking: /home/anish/ps1_ws/install/turtlebot3_gazebo/share/turtlebot3_gazebo//worlds/models/aws_robomaker_residential_SofaC_01/meshes/aws_SofaC_01_visual.DAE
[4.518s] -- Symlinking: /home/anish/ps1_ws/install/turtlebot3_gazebo/share/turtlebot3_gazebo//worlds/models/aws_robomaker_residential_SofaC_01/model.config
[4.526s] -- Symlinking: /home/anish/ps1_ws/install/turtlebot3_gazebo/share/turtlebot3_gazebo//worlds/models/aws_robomaker_residential_SofaC_01/model.sdf
[4.534s] -- Symlinking: /home/anish/ps1_ws/install/turtlebot3_gazebo/share/turtlebot3_gazebo//worlds/models/aws_robomaker_residential_Sofa_01/materials/textures/aws_Sofa_01.png
[4.541s] -- Symlinking: /home/anish/ps1_ws/install/turtlebot3_gazebo/share/turtlebot3_gazebo//worlds/models/aws_robomaker_residential_Sofa_01/meshes/aws_Sofa_01.DAE
[4.548s] -- Symlinking: /home/anish/ps1_ws/install/turtlebot3_gazebo/share/turtlebot3_gazebo//worlds/models/aws_robomaker_residential_Sofa_01/meshes/aws_Sofa_01_collision.DAE
[4.556s] -- Symlinking: /home/anish/ps1_ws/install/turtlebot3_gazebo/share/turtlebot3_gazebo//worlds/models/aws_robomaker_residential_Sofa_01/meshes/aws_Sofa_01_visual.DAE
[4.564s] -- Symlinking: /home/anish/ps1_ws/install/turtlebot3_gazebo/share/turtlebot3_gazebo//worlds/models/aws_robomaker_residential_Sofa_01/model.config
[4.572s] -- Symlinking: /home/anish/ps1_ws/install/turtlebot3_gazebo/share/turtlebot3_gazebo//worlds/models/aws_robomaker_residential_Sofa_01/model.sdf
[4.580s] -- Symlinking: /home/anish/ps1_ws/install/turtlebot3_gazebo/share/turtlebot3_gazebo//worlds/models/aws_robomaker_residential_TVCabinet_01/materials/textures/aws_TVCabinet_01.png
[4.588s] -- Symlinking: /home/anish/ps1_ws/install/turtlebot3_gazebo/share/turtlebot3_gazebo//worlds/models/aws_robomaker_residential_TVCabinet_01/meshes/aws_TVCabinet_01_collision.DAE
[4.595s] -- Symlinking: /home/anish/ps1_ws/install/turtlebot3_gazebo/share/turtlebot3_gazebo//worlds/models/aws_robomaker_residential_TVCabinet_01/meshes/aws_TVCabinet_01_visual.DAE
[4.603s] -- Symlinking: /home/anish/ps1_ws/install/turtlebot3_gazebo/share/turtlebot3_gazebo//worlds/models/aws_robomaker_residential_TVCabinet_01/model.config
[4.610s] -- Symlinking: /home/anish/ps1_ws/install/turtlebot3_gazebo/share/turtlebot3_gazebo//worlds/models/aws_robomaker_residential_TVCabinet_01/model.sdf
[4.619s] -- Symlinking: /home/anish/ps1_ws/install/turtlebot3_gazebo/share/turtlebot3_gazebo//worlds/models/aws_robomaker_residential_TV_01/materials/textures/aws_TV_01.png
[4.627s] -- Symlinking: /home/anish/ps1_ws/install/turtlebot3_gazebo/share/turtlebot3_gazebo//worlds/models/aws_robomaker_residential_TV_01/meshes/aws_TV_01_collision.DAE
[4.635s] -- Symlinking: /home/anish/ps1_ws/install/turtlebot3_gazebo/share/turtlebot3_gazebo//worlds/models/aws_robomaker_residential_TV_01/meshes/aws_TV_01_visual.DAE
[4.644s] -- Symlinking: /home/anish/ps1_ws/install/turtlebot3_gazebo/share/turtlebot3_gazebo//worlds/models/aws_robomaker_residential_TV_01/model.config
[4.652s] -- Symlinking: /home/anish/ps1_ws/install/turtlebot3_gazebo/share/turtlebot3_gazebo//worlds/models/aws_robomaker_residential_TV_01/model.sdf
[4.659s] -- Symlinking: /home/anish/ps1_ws/install/turtlebot3_gazebo/share/turtlebot3_gazebo//worlds/models/aws_robomaker_residential_TV_02/materials/textures/aws_TV_01.png
[4.667s] -- Symlinking: /home/anish/ps1_ws/install/turtlebot3_gazebo/share/turtlebot3_gazebo//worlds/models/aws_robomaker_residential_TV_02/meshes/aws_TV_01_collision.DAE
[4.675s] -- Symlinking: /home/anish/ps1_ws/install/turtlebot3_gazebo/share/turtlebot3_gazebo//worlds/models/aws_robomaker_residential_TV_02/meshes/aws_TV_01_visual.DAE
[4.682s] -- Symlinking: /home/anish/ps1_ws/install/turtlebot3_gazebo/share/turtlebot3_gazebo//worlds/models/aws_robomaker_residential_TV_02/model.config
[4.690s] -- Symlinking: /home/anish/ps1_ws/install/turtlebot3_gazebo/share/turtlebot3_gazebo//worlds/models/aws_robomaker_residential_TV_02/model.sdf
[4.697s] -- Symlinking: /home/anish/ps1_ws/install/turtlebot3_gazebo/share/turtlebot3_gazebo//worlds/models/aws_robomaker_residential_Tablet_01/.DS_Store
[4.705s] -- Symlinking: /home/anish/ps1_ws/install/turtlebot3_gazebo/share/turtlebot3_gazebo//worlds/models/aws_robomaker_residential_Tablet_01/materials/.DS_Store
[4.714s] -- Symlinking: /home/anish/ps1_ws/install/turtlebot3_gazebo/share/turtlebot3_gazebo//worlds/models/aws_robomaker_residential_Tablet_01/materials/textures/aws_Tablet_01_nologo.png
[4.723s] -- Symlinking: /home/anish/ps1_ws/install/turtlebot3_gazebo/share/turtlebot3_gazebo//worlds/models/aws_robomaker_residential_Tablet_01/meshes/aws_Tablet_01_collision.DAE
[4.730s] -- Symlinking: /home/anish/ps1_ws/install/turtlebot3_gazebo/share/turtlebot3_gazebo//worlds/models/aws_robomaker_residential_Tablet_01/meshes/aws_Tablet_01_visual.DAE
[4.738s] -- Symlinking: /home/anish/ps1_ws/install/turtlebot3_gazebo/share/turtlebot3_gazebo//worlds/models/aws_robomaker_residential_Tablet_01/model.config
[4.746s] -- Symlinking: /home/anish/ps1_ws/install/turtlebot3_gazebo/share/turtlebot3_gazebo//worlds/models/aws_robomaker_residential_Tablet_01/model.sdf
[4.754s] -- Symlinking: /home/anish/ps1_ws/install/turtlebot3_gazebo/share/turtlebot3_gazebo//worlds/models/aws_robomaker_residential_Tableware_01/materials/textures/aws_Tableware_01.png
[4.762s] -- Symlinking: /home/anish/ps1_ws/install/turtlebot3_gazebo/share/turtlebot3_gazebo//worlds/models/aws_robomaker_residential_Tableware_01/meshes/aws_Tableware_01_collision.DAE
[4.771s] -- Symlinking: /home/anish/ps1_ws/install/turtlebot3_gazebo/share/turtlebot3_gazebo//worlds/models/aws_robomaker_residential_Tableware_01/meshes/aws_Tableware_01_visual.DAE
[4.779s] -- Symlinking: /home/anish/ps1_ws/install/turtlebot3_gazebo/share/turtlebot3_gazebo//worlds/models/aws_robomaker_residential_Tableware_01/model.config
[4.788s] -- Symlinking: /home/anish/ps1_ws/install/turtlebot3_gazebo/share/turtlebot3_gazebo//worlds/models/aws_robomaker_residential_Tableware_01/model.sdf
[4.796s] -- Symlinking: /home/anish/ps1_ws/install/turtlebot3_gazebo/share/turtlebot3_gazebo//worlds/models/aws_robomaker_residential_Trash_01/materials/textures/aws_Trash_01.png
[4.804s] -- Symlinking: /home/anish/ps1_ws/install/turtlebot3_gazebo/share/turtlebot3_gazebo//worlds/models/aws_robomaker_residential_Trash_01/meshes/aws_Trash_01_collision.DAE
[4.813s] -- Symlinking: /home/anish/ps1_ws/install/turtlebot3_gazebo/share/turtlebot3_gazebo//worlds/models/aws_robomaker_residential_Trash_01/meshes/aws_Trash_01_visual.DAE
[4.823s] -- Symlinking: /home/anish/ps1_ws/install/turtlebot3_gazebo/share/turtlebot3_gazebo//worlds/models/aws_robomaker_residential_Trash_01/model.config
[4.832s] -- Symlinking: /home/anish/ps1_ws/install/turtlebot3_gazebo/share/turtlebot3_gazebo//worlds/models/aws_robomaker_residential_Trash_01/model.sdf
[4.839s] -- Symlinking: /home/anish/ps1_ws/install/turtlebot3_gazebo/share/turtlebot3_gazebo//worlds/models/aws_robomaker_residential_Vase_01/materials/textures/aws_Vase_01.png
[4.847s] -- Symlinking: /home/anish/ps1_ws/install/turtlebot3_gazebo/share/turtlebot3_gazebo//worlds/models/aws_robomaker_residential_Vase_01/meshes/aws_Vase_01_collision.DAE
[4.856s] -- Symlinking: /home/anish/ps1_ws/install/turtlebot3_gazebo/share/turtlebot3_gazebo//worlds/models/aws_robomaker_residential_Vase_01/meshes/aws_Vase_01_visual.DAE
[4.863s] -- Symlinking: /home/anish/ps1_ws/install/turtlebot3_gazebo/share/turtlebot3_gazebo//worlds/models/aws_robomaker_residential_Vase_01/model.config
[4.871s] -- Symlinking: /home/anish/ps1_ws/install/turtlebot3_gazebo/share/turtlebot3_gazebo//worlds/models/aws_robomaker_residential_Vase_01/model.sdf
[4.879s] -- Symlinking: /home/anish/ps1_ws/install/turtlebot3_gazebo/share/turtlebot3_gazebo//worlds/models/aws_robomaker_residential_Wardrobe_01/materials/textures/aws_Wardrobe_01.png
[4.887s] -- Symlinking: /home/anish/ps1_ws/install/turtlebot3_gazebo/share/turtlebot3_gazebo//worlds/models/aws_robomaker_residential_Wardrobe_01/meshes/aws_Wardrobe_01_collision.DAE
[4.895s] -- Symlinking: /home/anish/ps1_ws/install/turtlebot3_gazebo/share/turtlebot3_gazebo//worlds/models/aws_robomaker_residential_Wardrobe_01/meshes/aws_Wardrobe_01_visual.DAE
[4.902s] -- Symlinking: /home/anish/ps1_ws/install/turtlebot3_gazebo/share/turtlebot3_gazebo//worlds/models/aws_robomaker_residential_Wardrobe_01/model.config
[4.910s] -- Symlinking: /home/anish/ps1_ws/install/turtlebot3_gazebo/share/turtlebot3_gazebo//worlds/models/aws_robomaker_residential_Wardrobe_01/model.sdf
[4.919s] -- Symlinking: /home/anish/ps1_ws/install/turtlebot3_gazebo/share/turtlebot3_gazebo//worlds/models/turtlebot3_waffle_pi/model-1_4_.sdf
[4.928s] -- Symlinking: /home/anish/ps1_ws/install/turtlebot3_gazebo/share/turtlebot3_gazebo//worlds/models/turtlebot3_waffle_pi/model.config
[4.936s] -- Symlinking: /home/anish/ps1_ws/install/turtlebot3_gazebo/share/turtlebot3_gazebo//worlds/models/turtlebot3_waffle_pi/model.sdf
[4.943s] -- Symlinking: /home/anish/ps1_ws/install/turtlebot3_gazebo/share/turtlebot3_gazebo//worlds/photos/DeskPortraitA_01.jpg
[4.949s] -- Symlinking: /home/anish/ps1_ws/install/turtlebot3_gazebo/share/turtlebot3_gazebo//worlds/photos/DeskPortraitA_02.jpg
[4.957s] -- Symlinking: /home/anish/ps1_ws/install/turtlebot3_gazebo/share/turtlebot3_gazebo//worlds/photos/DeskPortraitB_01.jpg
[4.965s] -- Symlinking: /home/anish/ps1_ws/install/turtlebot3_gazebo/share/turtlebot3_gazebo//worlds/photos/DeskPortraitB_02.jpg
[4.974s] -- Symlinking: /home/anish/ps1_ws/install/turtlebot3_gazebo/share/turtlebot3_gazebo//worlds/photos/DeskPortraitC_01.jpg
[4.982s] -- Symlinking: /home/anish/ps1_ws/install/turtlebot3_gazebo/share/turtlebot3_gazebo//worlds/photos/DeskPortraitC_02.jpg
[4.990s] -- Symlinking: /home/anish/ps1_ws/install/turtlebot3_gazebo/share/turtlebot3_gazebo//worlds/photos/DeskPortraitD_01.jpg
[4.998s] -- Symlinking: /home/anish/ps1_ws/install/turtlebot3_gazebo/share/turtlebot3_gazebo//worlds/photos/DeskPortraitD_02.jpg
[5.007s] -- Symlinking: /home/anish/ps1_ws/install/turtlebot3_gazebo/share/turtlebot3_gazebo//worlds/photos/DeskPortraitD_03.jpg
[5.014s] -- Symlinking: /home/anish/ps1_ws/install/turtlebot3_gazebo/share/turtlebot3_gazebo//worlds/photos/DeskPortraitD_04.jpg
[5.025s] -- Symlinking: /home/anish/ps1_ws/install/turtlebot3_gazebo/share/turtlebot3_gazebo//worlds/photos/PortraitA_01.jpg
[5.034s] -- Symlinking: /home/anish/ps1_ws/install/turtlebot3_gazebo/share/turtlebot3_gazebo//worlds/photos/PortraitA_02.jpg
[5.042s] -- Symlinking: /home/anish/ps1_ws/install/turtlebot3_gazebo/share/turtlebot3_gazebo//worlds/photos/PortraitB_01.jpg
[5.051s] -- Symlinking: /home/anish/ps1_ws/install/turtlebot3_gazebo/share/turtlebot3_gazebo//worlds/photos/PortraitB_02.jpg
[5.060s] -- Symlinking: /home/anish/ps1_ws/install/turtlebot3_gazebo/share/turtlebot3_gazebo//worlds/photos/PortraitB_03.jpg
[5.067s] -- Symlinking: /home/anish/ps1_ws/install/turtlebot3_gazebo/share/turtlebot3_gazebo//worlds/photos/PortraitC_01.jpg
[5.074s] -- Symlinking: /home/anish/ps1_ws/install/turtlebot3_gazebo/share/turtlebot3_gazebo//worlds/photos/PortraitD_01.jpg
[5.081s] -- Symlinking: /home/anish/ps1_ws/install/turtlebot3_gazebo/share/turtlebot3_gazebo//worlds/photos/PortraitD_02.jpg
[5.089s] -- Symlinking: /home/anish/ps1_ws/install/turtlebot3_gazebo/share/turtlebot3_gazebo//worlds/photos/PortraitE_01.jpg
[5.096s] -- Symlinking: /home/anish/ps1_ws/install/turtlebot3_gazebo/share/turtlebot3_gazebo//worlds/photos/PortraitE_02.jpg
[5.104s] -- Symlinking: /home/anish/ps1_ws/install/turtlebot3_gazebo/share/turtlebot3_gazebo//worlds/small_house.jpg
[5.113s] -- Symlinking: /home/anish/ps1_ws/install/turtlebot3_gazebo/share/turtlebot3_gazebo//worlds/small_house.world
[5.122s] -- Symlinking: /home/anish/ps1_ws/install/turtlebot3_gazebo/include//turtlebot3_gazebo/turtlebot3_drive.hpp
[5.130s] -- Symlinking: /home/anish/ps1_ws/install/turtlebot3_gazebo/share/ament_index/resource_index/package_run_dependencies/turtlebot3_gazebo
[5.137s] -- Symlinking: /home/anish/ps1_ws/install/turtlebot3_gazebo/share/ament_index/resource_index/parent_prefix_path/turtlebot3_gazebo
[5.145s] -- Symlinking: /home/anish/ps1_ws/install/turtlebot3_gazebo/share/turtlebot3_gazebo/environment/ament_prefix_path.sh
[5.152s] -- Symlinking: /home/anish/ps1_ws/install/turtlebot3_gazebo/share/turtlebot3_gazebo/environment/ament_prefix_path.dsv
[5.161s] -- Symlinking: /home/anish/ps1_ws/install/turtlebot3_gazebo/share/turtlebot3_gazebo/environment/path.sh
[5.169s] -- Symlinking: /home/anish/ps1_ws/install/turtlebot3_gazebo/share/turtlebot3_gazebo/environment/path.dsv
[5.177s] -- Symlinking: /home/anish/ps1_ws/install/turtlebot3_gazebo/share/turtlebot3_gazebo/local_setup.bash
[5.185s] -- Symlinking: /home/anish/ps1_ws/install/turtlebot3_gazebo/share/turtlebot3_gazebo/local_setup.sh
[5.191s] -- Symlinking: /home/anish/ps1_ws/install/turtlebot3_gazebo/share/turtlebot3_gazebo/local_setup.zsh
[5.199s] -- Symlinking: /home/anish/ps1_ws/install/turtlebot3_gazebo/share/turtlebot3_gazebo/local_setup.dsv
[5.208s] -- Symlinking: /home/anish/ps1_ws/install/turtlebot3_gazebo/share/turtlebot3_gazebo/package.dsv
[5.217s] -- Symlinking: /home/anish/ps1_ws/install/turtlebot3_gazebo/share/ament_index/resource_index/packages/turtlebot3_gazebo
[5.225s] -- Symlinking: /home/anish/ps1_ws/install/turtlebot3_gazebo/share/turtlebot3_gazebo/cmake/ament_cmake_export_include_directories-extras.cmake
[5.233s] -- Symlinking: /home/anish/ps1_ws/install/turtlebot3_gazebo/share/turtlebot3_gazebo/cmake/ament_cmake_export_dependencies-extras.cmake
[5.242s] -- Symlinking: /home/anish/ps1_ws/install/turtlebot3_gazebo/share/turtlebot3_gazebo/cmake/turtlebot3_gazeboConfig.cmake
[5.249s] -- Symlinking: /home/anish/ps1_ws/install/turtlebot3_gazebo/share/turtlebot3_gazebo/cmake/turtlebot3_gazeboConfig-version.cmake
[5.258s] -- Symlinking: /home/anish/ps1_ws/install/turtlebot3_gazebo/share/turtlebot3_gazebo/package.xml
[5.268s] Invoked command in '/home/anish/ps1_ws/build/turtlebot3_gazebo' returned '0': CMAKE_PREFIX_PATH=${CMAKE_PREFIX_PATH}:/home/anish/ps1_ws/install/turtlebot3_teleop:/home/anish/ps1_ws/install/turtlebot3_example:/opt/ros/humble /usr/bin/cmake --install /home/anish/ps1_ws/build/turtlebot3_gazebo
