[0.566s] Invoking command in '/home/anish/ps1_ws/build/turtlebot3_teleop': PYTHONPATH=/home/anish/ps1_ws/build/turtlebot3_teleop/prefix_override:/usr/lib/python3/dist-packages/colcon_core/task/python/colcon_distutils_commands:/home/anish/ps1_ws/install/turtlebot3_teleop/lib/python3.10/site-packages:${PYTHONPATH} /usr/bin/python3 -W ignore:setup.py install is deprecated -W ignore:easy_install command is deprecated setup.py develop --uninstall --editable --build-directory /home/anish/ps1_ws/build/turtlebot3_teleop/build
[0.713s] running develop
[0.798s] Removing /home/anish/ps1_ws/install/turtlebot3_teleop/lib/python3.10/site-packages/turtlebot3-teleop.egg-link (link to .)
[0.822s] Invoked command in '/home/anish/ps1_ws/build/turtlebot3_teleop' returned '0': PYTHONPATH=/home/anish/ps1_ws/build/turtlebot3_teleop/prefix_override:/usr/lib/python3/dist-packages/colcon_core/task/python/colcon_distutils_commands:/home/anish/ps1_ws/install/turtlebot3_teleop/lib/python3.10/site-packages:${PYTHONPATH} /usr/bin/python3 -W ignore:setup.py install is deprecated -W ignore:easy_install command is deprecated setup.py develop --uninstall --editable --build-directory /home/anish/ps1_ws/build/turtlebot3_teleop/build
[0.823s] Invoking command in '/home/anish/ps1_ws/src/turtlebot3/turtlebot3_teleop': PYTHONPATH=/home/anish/ps1_ws/build/turtlebot3_teleop/prefix_override:/usr/lib/python3/dist-packages/colcon_core/task/python/colcon_distutils_commands:/home/anish/ps1_ws/install/turtlebot3_teleop/lib/python3.10/site-packages:${PYTHONPATH} /usr/bin/python3 -W ignore:setup.py install is deprecated -W ignore:easy_install command is deprecated setup.py egg_info --egg-base ../../../build/turtlebot3_teleop build --build-base /home/anish/ps1_ws/build/turtlebot3_teleop/build install --record /home/anish/ps1_ws/build/turtlebot3_teleop/install.log --single-version-externally-managed install_data --force
[0.958s] running egg_info
[0.959s] writing ../../../build/turtlebot3_teleop/turtlebot3_teleop.egg-info/PKG-INFO
[0.959s] writing dependency_links to ../../../build/turtlebot3_teleop/turtlebot3_teleop.egg-info/dependency_links.txt
[0.959s] writing entry points to ../../../build/turtlebot3_teleop/turtlebot3_teleop.egg-info/entry_points.txt
[0.959s] writing requirements to ../../../build/turtlebot3_teleop/turtlebot3_teleop.egg-info/requires.txt
[0.959s] writing top-level names to ../../../build/turtlebot3_teleop/turtlebot3_teleop.egg-info/top_level.txt
[0.960s] reading manifest file '../../../build/turtlebot3_teleop/turtlebot3_teleop.egg-info/SOURCES.txt'
[0.961s] writing manifest file '../../../build/turtlebot3_teleop/turtlebot3_teleop.egg-info/SOURCES.txt'
[0.961s] running build
[0.961s] running build_py
[0.961s] running install
[0.961s] running install_lib
[0.963s] creating /home/anish/ps1_ws/install/turtlebot3_teleop/lib/python3.10/site-packages/turtlebot3_teleop
[0.963s] copying /home/anish/ps1_ws/build/turtlebot3_teleop/build/lib/turtlebot3_teleop/__init__.py -> /home/anish/ps1_ws/install/turtlebot3_teleop/lib/python3.10/site-packages/turtlebot3_teleop
[0.963s] creating /home/anish/ps1_ws/install/turtlebot3_teleop/lib/python3.10/site-packages/turtlebot3_teleop/script
[0.963s] copying /home/anish/ps1_ws/build/turtlebot3_teleop/build/lib/turtlebot3_teleop/script/__init__.py -> /home/anish/ps1_ws/install/turtlebot3_teleop/lib/python3.10/site-packages/turtlebot3_teleop/script
[0.963s] copying /home/anish/ps1_ws/build/turtlebot3_teleop/build/lib/turtlebot3_teleop/script/teleop_keyboard.py -> /home/anish/ps1_ws/install/turtlebot3_teleop/lib/python3.10/site-packages/turtlebot3_teleop/script
[0.963s] byte-compiling /home/anish/ps1_ws/install/turtlebot3_teleop/lib/python3.10/site-packages/turtlebot3_teleop/__init__.py to __init__.cpython-310.pyc
[0.963s] byte-compiling /home/anish/ps1_ws/install/turtlebot3_teleop/lib/python3.10/site-packages/turtlebot3_teleop/script/__init__.py to __init__.cpython-310.pyc
[0.963s] byte-compiling /home/anish/ps1_ws/install/turtlebot3_teleop/lib/python3.10/site-packages/turtlebot3_teleop/script/teleop_keyboard.py to teleop_keyboard.cpython-310.pyc
[0.964s] running install_data
[0.964s] copying resource/turtlebot3_teleop -> /home/anish/ps1_ws/install/turtlebot3_teleop/share/ament_index/resource_index/packages
[0.964s] copying package.xml -> /home/anish/ps1_ws/install/turtlebot3_teleop/share/turtlebot3_teleop
[0.964s] running install_egg_info
[0.966s] Copying ../../../build/turtlebot3_teleop/turtlebot3_teleop.egg-info to /home/anish/ps1_ws/install/turtlebot3_teleop/lib/python3.10/site-packages/turtlebot3_teleop-2.3.1-py3.10.egg-info
[0.966s] running install_scripts
[0.980s] Installing teleop_keyboard script to /home/anish/ps1_ws/install/turtlebot3_teleop/lib/turtlebot3_teleop
[0.981s] writing list of installed files to '/home/anish/ps1_ws/build/turtlebot3_teleop/install.log'
[1.013s] Invoked command in '/home/anish/ps1_ws/src/turtlebot3/turtlebot3_teleop' returned '0': PYTHONPATH=/home/anish/ps1_ws/build/turtlebot3_teleop/prefix_override:/usr/lib/python3/dist-packages/colcon_core/task/python/colcon_distutils_commands:/home/anish/ps1_ws/install/turtlebot3_teleop/lib/python3.10/site-packages:${PYTHONPATH} /usr/bin/python3 -W ignore:setup.py install is deprecated -W ignore:easy_install command is deprecated setup.py egg_info --egg-base ../../../build/turtlebot3_teleop build --build-base /home/anish/ps1_ws/build/turtlebot3_teleop/build install --record /home/anish/ps1_ws/build/turtlebot3_teleop/install.log --single-version-externally-managed install_data --force
