[0.070s] DEBUG:colcon:Command line arguments: ['/usr/bin/colcon', 'build', '--packages-select', 'my_world_launcher']
[0.070s] DEBUG:colcon:Parsed command line arguments: Namespace(log_base=None, log_level=None, verb_name='build', build_base='build', install_base='install', merge_install=False, symlink_install=False, test_result_base=None, continue_on_error=False, executor='parallel', parallel_workers=16, event_handlers=None, ignore_user_meta=False, metas=['./colcon.meta'], base_paths=['.'], packages_ignore=None, packages_ignore_regex=None, paths=None, packages_up_to=None, packages_up_to_regex=None, packages_above=None, packages_above_and_dependencies=None, packages_above_depth=None, packages_select_by_dep=None, packages_skip_by_dep=None, packages_skip_up_to=None, packages_select_build_failed=False, packages_skip_build_finished=False, packages_select_test_failures=False, packages_skip_test_passed=False, packages_select=['my_world_launcher'], packages_skip=None, packages_select_regex=None, packages_skip_regex=None, packages_start=None, packages_end=None, allow_overriding=[], cmake_args=None, cmake_target=None, cmake_target_skip_unavailable=False, cmake_clean_cache=False, cmake_clean_first=False, cmake_force_configure=False, ament_cmake_args=None, catkin_cmake_args=None, catkin_skip_building_tests=False, verb_parser=<colcon_defaults.argument_parser.defaults.DefaultArgumentsDecorator object at 0x728dbc758c70>, verb_extension=<colcon_core.verb.build.BuildVerb object at 0x728dbc8ca290>, main=<bound method BuildVerb.main of <colcon_core.verb.build.BuildVerb object at 0x728dbc8ca290>>)
[0.164s] Level 1:colcon.colcon_core.package_discovery:discover_packages(colcon_meta) check parameters
[0.164s] Level 1:colcon.colcon_core.package_discovery:discover_packages(recursive) check parameters
[0.164s] Level 1:colcon.colcon_core.package_discovery:discover_packages(ignore) check parameters
[0.164s] Level 1:colcon.colcon_core.package_discovery:discover_packages(path) check parameters
[0.164s] Level 1:colcon.colcon_core.package_discovery:discover_packages(colcon_meta) discover
[0.164s] Level 1:colcon.colcon_core.package_discovery:discover_packages(recursive) discover
[0.164s] INFO:colcon.colcon_core.package_discovery:Crawling recursively for packages in '/home/anish/ps1_ws'
[0.164s] Level 1:colcon.colcon_core.package_identification:_identify(.) by extensions ['ignore', 'ignore_ament_install']
[0.164s] Level 1:colcon.colcon_core.package_identification:_identify(.) by extension 'ignore'
[0.164s] Level 1:colcon.colcon_core.package_identification:_identify(.) by extension 'ignore_ament_install'
[0.164s] Level 1:colcon.colcon_core.package_identification:_identify(.) by extensions ['colcon_pkg']
[0.164s] Level 1:colcon.colcon_core.package_identification:_identify(.) by extension 'colcon_pkg'
[0.164s] Level 1:colcon.colcon_core.package_identification:_identify(.) by extensions ['colcon_meta']
[0.164s] Level 1:colcon.colcon_core.package_identification:_identify(.) by extension 'colcon_meta'
[0.164s] Level 1:colcon.colcon_core.package_identification:_identify(.) by extensions ['ros']
[0.164s] Level 1:colcon.colcon_core.package_identification:_identify(.) by extension 'ros'
[0.171s] Level 1:colcon.colcon_core.package_identification:_identify(.) by extensions ['cmake', 'python']
[0.171s] Level 1:colcon.colcon_core.package_identification:_identify(.) by extension 'cmake'
[0.171s] Level 1:colcon.colcon_core.package_identification:_identify(.) by extension 'python'
[0.171s] Level 1:colcon.colcon_core.package_identification:_identify(.) by extensions ['python_setup_py']
[0.171s] Level 1:colcon.colcon_core.package_identification:_identify(.) by extension 'python_setup_py'
[0.171s] Level 1:colcon.colcon_core.package_identification:_identify(build) by extensions ['ignore', 'ignore_ament_install']
[0.171s] Level 1:colcon.colcon_core.package_identification:_identify(build) by extension 'ignore'
[0.171s] Level 1:colcon.colcon_core.package_identification:_identify(build) ignored
[0.171s] Level 1:colcon.colcon_core.package_identification:_identify(install) by extensions ['ignore', 'ignore_ament_install']
[0.171s] Level 1:colcon.colcon_core.package_identification:_identify(install) by extension 'ignore'
[0.171s] Level 1:colcon.colcon_core.package_identification:_identify(install) ignored
[0.171s] Level 1:colcon.colcon_core.package_identification:_identify(log) by extensions ['ignore', 'ignore_ament_install']
[0.171s] Level 1:colcon.colcon_core.package_identification:_identify(log) by extension 'ignore'
[0.171s] Level 1:colcon.colcon_core.package_identification:_identify(log) ignored
[0.171s] Level 1:colcon.colcon_core.package_identification:_identify(src) by extensions ['ignore', 'ignore_ament_install']
[0.172s] Level 1:colcon.colcon_core.package_identification:_identify(src) by extension 'ignore'
[0.172s] Level 1:colcon.colcon_core.package_identification:_identify(src) by extension 'ignore_ament_install'
[0.172s] Level 1:colcon.colcon_core.package_identification:_identify(src) by extensions ['colcon_pkg']
[0.172s] Level 1:colcon.colcon_core.package_identification:_identify(src) by extension 'colcon_pkg'
[0.172s] Level 1:colcon.colcon_core.package_identification:_identify(src) by extensions ['colcon_meta']
[0.172s] Level 1:colcon.colcon_core.package_identification:_identify(src) by extension 'colcon_meta'
[0.172s] Level 1:colcon.colcon_core.package_identification:_identify(src) by extensions ['ros']
[0.172s] Level 1:colcon.colcon_core.package_identification:_identify(src) by extension 'ros'
[0.172s] Level 1:colcon.colcon_core.package_identification:_identify(src) by extensions ['cmake', 'python']
[0.172s] Level 1:colcon.colcon_core.package_identification:_identify(src) by extension 'cmake'
[0.172s] Level 1:colcon.colcon_core.package_identification:_identify(src) by extension 'python'
[0.172s] Level 1:colcon.colcon_core.package_identification:_identify(src) by extensions ['python_setup_py']
[0.172s] Level 1:colcon.colcon_core.package_identification:_identify(src) by extension 'python_setup_py'
[0.172s] Level 1:colcon.colcon_core.package_identification:_identify(src/Dataset-of-Gazebo-Worlds-Models-and-Maps) by extensions ['ignore', 'ignore_ament_install']
[0.172s] Level 1:colcon.colcon_core.package_identification:_identify(src/Dataset-of-Gazebo-Worlds-Models-and-Maps) by extension 'ignore'
[0.172s] Level 1:colcon.colcon_core.package_identification:_identify(src/Dataset-of-Gazebo-Worlds-Models-and-Maps) by extension 'ignore_ament_install'
[0.172s] Level 1:colcon.colcon_core.package_identification:_identify(src/Dataset-of-Gazebo-Worlds-Models-and-Maps) by extensions ['colcon_pkg']
[0.172s] Level 1:colcon.colcon_core.package_identification:_identify(src/Dataset-of-Gazebo-Worlds-Models-and-Maps) by extension 'colcon_pkg'
[0.172s] Level 1:colcon.colcon_core.package_identification:_identify(src/Dataset-of-Gazebo-Worlds-Models-and-Maps) by extensions ['colcon_meta']
[0.172s] Level 1:colcon.colcon_core.package_identification:_identify(src/Dataset-of-Gazebo-Worlds-Models-and-Maps) by extension 'colcon_meta'
[0.172s] Level 1:colcon.colcon_core.package_identification:_identify(src/Dataset-of-Gazebo-Worlds-Models-and-Maps) by extensions ['ros']
[0.172s] Level 1:colcon.colcon_core.package_identification:_identify(src/Dataset-of-Gazebo-Worlds-Models-and-Maps) by extension 'ros'
[0.172s] Level 1:colcon.colcon_core.package_identification:_identify(src/Dataset-of-Gazebo-Worlds-Models-and-Maps) by extensions ['cmake', 'python']
[0.172s] Level 1:colcon.colcon_core.package_identification:_identify(src/Dataset-of-Gazebo-Worlds-Models-and-Maps) by extension 'cmake'
[0.172s] Level 1:colcon.colcon_core.package_identification:_identify(src/Dataset-of-Gazebo-Worlds-Models-and-Maps) by extension 'python'
[0.172s] Level 1:colcon.colcon_core.package_identification:_identify(src/Dataset-of-Gazebo-Worlds-Models-and-Maps) by extensions ['python_setup_py']
[0.172s] Level 1:colcon.colcon_core.package_identification:_identify(src/Dataset-of-Gazebo-Worlds-Models-and-Maps) by extension 'python_setup_py'
[0.172s] Level 1:colcon.colcon_core.package_identification:_identify(src/Dataset-of-Gazebo-Worlds-Models-and-Maps/robots) by extensions ['ignore', 'ignore_ament_install']
[0.172s] Level 1:colcon.colcon_core.package_identification:_identify(src/Dataset-of-Gazebo-Worlds-Models-and-Maps/robots) by extension 'ignore'
[0.172s] Level 1:colcon.colcon_core.package_identification:_identify(src/Dataset-of-Gazebo-Worlds-Models-and-Maps/robots) by extension 'ignore_ament_install'
[0.172s] Level 1:colcon.colcon_core.package_identification:_identify(src/Dataset-of-Gazebo-Worlds-Models-and-Maps/robots) by extensions ['colcon_pkg']
[0.172s] Level 1:colcon.colcon_core.package_identification:_identify(src/Dataset-of-Gazebo-Worlds-Models-and-Maps/robots) by extension 'colcon_pkg'
[0.172s] Level 1:colcon.colcon_core.package_identification:_identify(src/Dataset-of-Gazebo-Worlds-Models-and-Maps/robots) by extensions ['colcon_meta']
[0.172s] Level 1:colcon.colcon_core.package_identification:_identify(src/Dataset-of-Gazebo-Worlds-Models-and-Maps/robots) by extension 'colcon_meta'
[0.172s] Level 1:colcon.colcon_core.package_identification:_identify(src/Dataset-of-Gazebo-Worlds-Models-and-Maps/robots) by extensions ['ros']
[0.172s] Level 1:colcon.colcon_core.package_identification:_identify(src/Dataset-of-Gazebo-Worlds-Models-and-Maps/robots) by extension 'ros'
[0.172s] Level 1:colcon.colcon_core.package_identification:_identify(src/Dataset-of-Gazebo-Worlds-Models-and-Maps/robots) by extensions ['cmake', 'python']
[0.172s] Level 1:colcon.colcon_core.package_identification:_identify(src/Dataset-of-Gazebo-Worlds-Models-and-Maps/robots) by extension 'cmake'
[0.172s] Level 1:colcon.colcon_core.package_identification:_identify(src/Dataset-of-Gazebo-Worlds-Models-and-Maps/robots) by extension 'python'
[0.172s] Level 1:colcon.colcon_core.package_identification:_identify(src/Dataset-of-Gazebo-Worlds-Models-and-Maps/robots) by extensions ['python_setup_py']
[0.172s] Level 1:colcon.colcon_core.package_identification:_identify(src/Dataset-of-Gazebo-Worlds-Models-and-Maps/robots) by extension 'python_setup_py'
[0.172s] Level 1:colcon.colcon_core.package_identification:_identify(src/Dataset-of-Gazebo-Worlds-Models-and-Maps/robots/tb3_waffle_realsense_no_visuals) by extensions ['ignore', 'ignore_ament_install']
[0.172s] Level 1:colcon.colcon_core.package_identification:_identify(src/Dataset-of-Gazebo-Worlds-Models-and-Maps/robots/tb3_waffle_realsense_no_visuals) by extension 'ignore'
[0.172s] Level 1:colcon.colcon_core.package_identification:_identify(src/Dataset-of-Gazebo-Worlds-Models-and-Maps/robots/tb3_waffle_realsense_no_visuals) by extension 'ignore_ament_install'
[0.172s] Level 1:colcon.colcon_core.package_identification:_identify(src/Dataset-of-Gazebo-Worlds-Models-and-Maps/robots/tb3_waffle_realsense_no_visuals) by extensions ['colcon_pkg']
[0.172s] Level 1:colcon.colcon_core.package_identification:_identify(src/Dataset-of-Gazebo-Worlds-Models-and-Maps/robots/tb3_waffle_realsense_no_visuals) by extension 'colcon_pkg'
[0.172s] Level 1:colcon.colcon_core.package_identification:_identify(src/Dataset-of-Gazebo-Worlds-Models-and-Maps/robots/tb3_waffle_realsense_no_visuals) by extensions ['colcon_meta']
[0.173s] Level 1:colcon.colcon_core.package_identification:_identify(src/Dataset-of-Gazebo-Worlds-Models-and-Maps/robots/tb3_waffle_realsense_no_visuals) by extension 'colcon_meta'
[0.173s] Level 1:colcon.colcon_core.package_identification:_identify(src/Dataset-of-Gazebo-Worlds-Models-and-Maps/robots/tb3_waffle_realsense_no_visuals) by extensions ['ros']
[0.173s] Level 1:colcon.colcon_core.package_identification:_identify(src/Dataset-of-Gazebo-Worlds-Models-and-Maps/robots/tb3_waffle_realsense_no_visuals) by extension 'ros'
[0.173s] Level 1:colcon.colcon_core.package_identification:_identify(src/Dataset-of-Gazebo-Worlds-Models-and-Maps/robots/tb3_waffle_realsense_no_visuals) by extensions ['cmake', 'python']
[0.173s] Level 1:colcon.colcon_core.package_identification:_identify(src/Dataset-of-Gazebo-Worlds-Models-and-Maps/robots/tb3_waffle_realsense_no_visuals) by extension 'cmake'
[0.173s] Level 1:colcon.colcon_core.package_identification:_identify(src/Dataset-of-Gazebo-Worlds-Models-and-Maps/robots/tb3_waffle_realsense_no_visuals) by extension 'python'
[0.173s] Level 1:colcon.colcon_core.package_identification:_identify(src/Dataset-of-Gazebo-Worlds-Models-and-Maps/robots/tb3_waffle_realsense_no_visuals) by extensions ['python_setup_py']
[0.173s] Level 1:colcon.colcon_core.package_identification:_identify(src/Dataset-of-Gazebo-Worlds-Models-and-Maps/robots/tb3_waffle_realsense_no_visuals) by extension 'python_setup_py'
[0.173s] Level 1:colcon.colcon_core.package_identification:_identify(src/Dataset-of-Gazebo-Worlds-Models-and-Maps/robots/turtlebot3_burger) by extensions ['ignore', 'ignore_ament_install']
[0.173s] Level 1:colcon.colcon_core.package_identification:_identify(src/Dataset-of-Gazebo-Worlds-Models-and-Maps/robots/turtlebot3_burger) by extension 'ignore'
[0.173s] Level 1:colcon.colcon_core.package_identification:_identify(src/Dataset-of-Gazebo-Worlds-Models-and-Maps/robots/turtlebot3_burger) by extension 'ignore_ament_install'
[0.173s] Level 1:colcon.colcon_core.package_identification:_identify(src/Dataset-of-Gazebo-Worlds-Models-and-Maps/robots/turtlebot3_burger) by extensions ['colcon_pkg']
[0.173s] Level 1:colcon.colcon_core.package_identification:_identify(src/Dataset-of-Gazebo-Worlds-Models-and-Maps/robots/turtlebot3_burger) by extension 'colcon_pkg'
[0.173s] Level 1:colcon.colcon_core.package_identification:_identify(src/Dataset-of-Gazebo-Worlds-Models-and-Maps/robots/turtlebot3_burger) by extensions ['colcon_meta']
[0.173s] Level 1:colcon.colcon_core.package_identification:_identify(src/Dataset-of-Gazebo-Worlds-Models-and-Maps/robots/turtlebot3_burger) by extension 'colcon_meta'
[0.173s] Level 1:colcon.colcon_core.package_identification:_identify(src/Dataset-of-Gazebo-Worlds-Models-and-Maps/robots/turtlebot3_burger) by extensions ['ros']
[0.173s] Level 1:colcon.colcon_core.package_identification:_identify(src/Dataset-of-Gazebo-Worlds-Models-and-Maps/robots/turtlebot3_burger) by extension 'ros'
[0.173s] Level 1:colcon.colcon_core.package_identification:_identify(src/Dataset-of-Gazebo-Worlds-Models-and-Maps/robots/turtlebot3_burger) by extensions ['cmake', 'python']
[0.173s] Level 1:colcon.colcon_core.package_identification:_identify(src/Dataset-of-Gazebo-Worlds-Models-and-Maps/robots/turtlebot3_burger) by extension 'cmake'
[0.173s] Level 1:colcon.colcon_core.package_identification:_identify(src/Dataset-of-Gazebo-Worlds-Models-and-Maps/robots/turtlebot3_burger) by extension 'python'
[0.173s] Level 1:colcon.colcon_core.package_identification:_identify(src/Dataset-of-Gazebo-Worlds-Models-and-Maps/robots/turtlebot3_burger) by extensions ['python_setup_py']
[0.173s] Level 1:colcon.colcon_core.package_identification:_identify(src/Dataset-of-Gazebo-Worlds-Models-and-Maps/robots/turtlebot3_burger) by extension 'python_setup_py'
[0.173s] Level 1:colcon.colcon_core.package_identification:_identify(src/Dataset-of-Gazebo-Worlds-Models-and-Maps/robots/turtlebot3_burger/meshes) by extensions ['ignore', 'ignore_ament_install']
[0.173s] Level 1:colcon.colcon_core.package_identification:_identify(src/Dataset-of-Gazebo-Worlds-Models-and-Maps/robots/turtlebot3_burger/meshes) by extension 'ignore'
[0.173s] Level 1:colcon.colcon_core.package_identification:_identify(src/Dataset-of-Gazebo-Worlds-Models-and-Maps/robots/turtlebot3_burger/meshes) by extension 'ignore_ament_install'
[0.173s] Level 1:colcon.colcon_core.package_identification:_identify(src/Dataset-of-Gazebo-Worlds-Models-and-Maps/robots/turtlebot3_burger/meshes) by extensions ['colcon_pkg']
[0.173s] Level 1:colcon.colcon_core.package_identification:_identify(src/Dataset-of-Gazebo-Worlds-Models-and-Maps/robots/turtlebot3_burger/meshes) by extension 'colcon_pkg'
[0.173s] Level 1:colcon.colcon_core.package_identification:_identify(src/Dataset-of-Gazebo-Worlds-Models-and-Maps/robots/turtlebot3_burger/meshes) by extensions ['colcon_meta']
[0.173s] Level 1:colcon.colcon_core.package_identification:_identify(src/Dataset-of-Gazebo-Worlds-Models-and-Maps/robots/turtlebot3_burger/meshes) by extension 'colcon_meta'
[0.173s] Level 1:colcon.colcon_core.package_identification:_identify(src/Dataset-of-Gazebo-Worlds-Models-and-Maps/robots/turtlebot3_burger/meshes) by extensions ['ros']
[0.173s] Level 1:colcon.colcon_core.package_identification:_identify(src/Dataset-of-Gazebo-Worlds-Models-and-Maps/robots/turtlebot3_burger/meshes) by extension 'ros'
[0.173s] Level 1:colcon.colcon_core.package_identification:_identify(src/Dataset-of-Gazebo-Worlds-Models-and-Maps/robots/turtlebot3_burger/meshes) by extensions ['cmake', 'python']
[0.173s] Level 1:colcon.colcon_core.package_identification:_identify(src/Dataset-of-Gazebo-Worlds-Models-and-Maps/robots/turtlebot3_burger/meshes) by extension 'cmake'
[0.173s] Level 1:colcon.colcon_core.package_identification:_identify(src/Dataset-of-Gazebo-Worlds-Models-and-Maps/robots/turtlebot3_burger/meshes) by extension 'python'
[0.173s] Level 1:colcon.colcon_core.package_identification:_identify(src/Dataset-of-Gazebo-Worlds-Models-and-Maps/robots/turtlebot3_burger/meshes) by extensions ['python_setup_py']
[0.173s] Level 1:colcon.colcon_core.package_identification:_identify(src/Dataset-of-Gazebo-Worlds-Models-and-Maps/robots/turtlebot3_burger/meshes) by extension 'python_setup_py'
[0.173s] Level 1:colcon.colcon_core.package_identification:_identify(src/Dataset-of-Gazebo-Worlds-Models-and-Maps/robots/turtlebot3_waffle) by extensions ['ignore', 'ignore_ament_install']
[0.173s] Level 1:colcon.colcon_core.package_identification:_identify(src/Dataset-of-Gazebo-Worlds-Models-and-Maps/robots/turtlebot3_waffle) by extension 'ignore'
[0.173s] Level 1:colcon.colcon_core.package_identification:_identify(src/Dataset-of-Gazebo-Worlds-Models-and-Maps/robots/turtlebot3_waffle) by extension 'ignore_ament_install'
[0.173s] Level 1:colcon.colcon_core.package_identification:_identify(src/Dataset-of-Gazebo-Worlds-Models-and-Maps/robots/turtlebot3_waffle) by extensions ['colcon_pkg']
[0.173s] Level 1:colcon.colcon_core.package_identification:_identify(src/Dataset-of-Gazebo-Worlds-Models-and-Maps/robots/turtlebot3_waffle) by extension 'colcon_pkg'
[0.173s] Level 1:colcon.colcon_core.package_identification:_identify(src/Dataset-of-Gazebo-Worlds-Models-and-Maps/robots/turtlebot3_waffle) by extensions ['colcon_meta']
[0.173s] Level 1:colcon.colcon_core.package_identification:_identify(src/Dataset-of-Gazebo-Worlds-Models-and-Maps/robots/turtlebot3_waffle) by extension 'colcon_meta'
[0.173s] Level 1:colcon.colcon_core.package_identification:_identify(src/Dataset-of-Gazebo-Worlds-Models-and-Maps/robots/turtlebot3_waffle) by extensions ['ros']
[0.173s] Level 1:colcon.colcon_core.package_identification:_identify(src/Dataset-of-Gazebo-Worlds-Models-and-Maps/robots/turtlebot3_waffle) by extension 'ros'
[0.173s] Level 1:colcon.colcon_core.package_identification:_identify(src/Dataset-of-Gazebo-Worlds-Models-and-Maps/robots/turtlebot3_waffle) by extensions ['cmake', 'python']
[0.173s] Level 1:colcon.colcon_core.package_identification:_identify(src/Dataset-of-Gazebo-Worlds-Models-and-Maps/robots/turtlebot3_waffle) by extension 'cmake'
[0.174s] Level 1:colcon.colcon_core.package_identification:_identify(src/Dataset-of-Gazebo-Worlds-Models-and-Maps/robots/turtlebot3_waffle) by extension 'python'
[0.174s] Level 1:colcon.colcon_core.package_identification:_identify(src/Dataset-of-Gazebo-Worlds-Models-and-Maps/robots/turtlebot3_waffle) by extensions ['python_setup_py']
[0.174s] Level 1:colcon.colcon_core.package_identification:_identify(src/Dataset-of-Gazebo-Worlds-Models-and-Maps/robots/turtlebot3_waffle) by extension 'python_setup_py'
[0.174s] Level 1:colcon.colcon_core.package_identification:_identify(src/Dataset-of-Gazebo-Worlds-Models-and-Maps/robots/turtlebot3_waffle/meshes) by extensions ['ignore', 'ignore_ament_install']
[0.174s] Level 1:colcon.colcon_core.package_identification:_identify(src/Dataset-of-Gazebo-Worlds-Models-and-Maps/robots/turtlebot3_waffle/meshes) by extension 'ignore'
[0.174s] Level 1:colcon.colcon_core.package_identification:_identify(src/Dataset-of-Gazebo-Worlds-Models-and-Maps/robots/turtlebot3_waffle/meshes) by extension 'ignore_ament_install'
[0.174s] Level 1:colcon.colcon_core.package_identification:_identify(src/Dataset-of-Gazebo-Worlds-Models-and-Maps/robots/turtlebot3_waffle/meshes) by extensions ['colcon_pkg']
[0.174s] Level 1:colcon.colcon_core.package_identification:_identify(src/Dataset-of-Gazebo-Worlds-Models-and-Maps/robots/turtlebot3_waffle/meshes) by extension 'colcon_pkg'
[0.174s] Level 1:colcon.colcon_core.package_identification:_identify(src/Dataset-of-Gazebo-Worlds-Models-and-Maps/robots/turtlebot3_waffle/meshes) by extensions ['colcon_meta']
[0.174s] Level 1:colcon.colcon_core.package_identification:_identify(src/Dataset-of-Gazebo-Worlds-Models-and-Maps/robots/turtlebot3_waffle/meshes) by extension 'colcon_meta'
[0.174s] Level 1:colcon.colcon_core.package_identification:_identify(src/Dataset-of-Gazebo-Worlds-Models-and-Maps/robots/turtlebot3_waffle/meshes) by extensions ['ros']
[0.174s] Level 1:colcon.colcon_core.package_identification:_identify(src/Dataset-of-Gazebo-Worlds-Models-and-Maps/robots/turtlebot3_waffle/meshes) by extension 'ros'
[0.174s] Level 1:colcon.colcon_core.package_identification:_identify(src/Dataset-of-Gazebo-Worlds-Models-and-Maps/robots/turtlebot3_waffle/meshes) by extensions ['cmake', 'python']
[0.174s] Level 1:colcon.colcon_core.package_identification:_identify(src/Dataset-of-Gazebo-Worlds-Models-and-Maps/robots/turtlebot3_waffle/meshes) by extension 'cmake'
[0.174s] Level 1:colcon.colcon_core.package_identification:_identify(src/Dataset-of-Gazebo-Worlds-Models-and-Maps/robots/turtlebot3_waffle/meshes) by extension 'python'
[0.174s] Level 1:colcon.colcon_core.package_identification:_identify(src/Dataset-of-Gazebo-Worlds-Models-and-Maps/robots/turtlebot3_waffle/meshes) by extensions ['python_setup_py']
[0.174s] Level 1:colcon.colcon_core.package_identification:_identify(src/Dataset-of-Gazebo-Worlds-Models-and-Maps/robots/turtlebot3_waffle/meshes) by extension 'python_setup_py'
[0.174s] Level 1:colcon.colcon_core.package_identification:_identify(src/Dataset-of-Gazebo-Worlds-Models-and-Maps/robots/turtlebot3_waffle_pi) by extensions ['ignore', 'ignore_ament_install']
[0.174s] Level 1:colcon.colcon_core.package_identification:_identify(src/Dataset-of-Gazebo-Worlds-Models-and-Maps/robots/turtlebot3_waffle_pi) by extension 'ignore'
[0.174s] Level 1:colcon.colcon_core.package_identification:_identify(src/Dataset-of-Gazebo-Worlds-Models-and-Maps/robots/turtlebot3_waffle_pi) by extension 'ignore_ament_install'
[0.174s] Level 1:colcon.colcon_core.package_identification:_identify(src/Dataset-of-Gazebo-Worlds-Models-and-Maps/robots/turtlebot3_waffle_pi) by extensions ['colcon_pkg']
[0.174s] Level 1:colcon.colcon_core.package_identification:_identify(src/Dataset-of-Gazebo-Worlds-Models-and-Maps/robots/turtlebot3_waffle_pi) by extension 'colcon_pkg'
[0.174s] Level 1:colcon.colcon_core.package_identification:_identify(src/Dataset-of-Gazebo-Worlds-Models-and-Maps/robots/turtlebot3_waffle_pi) by extensions ['colcon_meta']
[0.174s] Level 1:colcon.colcon_core.package_identification:_identify(src/Dataset-of-Gazebo-Worlds-Models-and-Maps/robots/turtlebot3_waffle_pi) by extension 'colcon_meta'
[0.174s] Level 1:colcon.colcon_core.package_identification:_identify(src/Dataset-of-Gazebo-Worlds-Models-and-Maps/robots/turtlebot3_waffle_pi) by extensions ['ros']
[0.174s] Level 1:colcon.colcon_core.package_identification:_identify(src/Dataset-of-Gazebo-Worlds-Models-and-Maps/robots/turtlebot3_waffle_pi) by extension 'ros'
[0.174s] Level 1:colcon.colcon_core.package_identification:_identify(src/Dataset-of-Gazebo-Worlds-Models-and-Maps/robots/turtlebot3_waffle_pi) by extensions ['cmake', 'python']
[0.174s] Level 1:colcon.colcon_core.package_identification:_identify(src/Dataset-of-Gazebo-Worlds-Models-and-Maps/robots/turtlebot3_waffle_pi) by extension 'cmake'
[0.174s] Level 1:colcon.colcon_core.package_identification:_identify(src/Dataset-of-Gazebo-Worlds-Models-and-Maps/robots/turtlebot3_waffle_pi) by extension 'python'
[0.174s] Level 1:colcon.colcon_core.package_identification:_identify(src/Dataset-of-Gazebo-Worlds-Models-and-Maps/robots/turtlebot3_waffle_pi) by extensions ['python_setup_py']
[0.174s] Level 1:colcon.colcon_core.package_identification:_identify(src/Dataset-of-Gazebo-Worlds-Models-and-Maps/robots/turtlebot3_waffle_pi) by extension 'python_setup_py'
[0.174s] Level 1:colcon.colcon_core.package_identification:_identify(src/Dataset-of-Gazebo-Worlds-Models-and-Maps/robots/turtlebot3_waffle_pi/meshes) by extensions ['ignore', 'ignore_ament_install']
[0.174s] Level 1:colcon.colcon_core.package_identification:_identify(src/Dataset-of-Gazebo-Worlds-Models-and-Maps/robots/turtlebot3_waffle_pi/meshes) by extension 'ignore'
[0.174s] Level 1:colcon.colcon_core.package_identification:_identify(src/Dataset-of-Gazebo-Worlds-Models-and-Maps/robots/turtlebot3_waffle_pi/meshes) by extension 'ignore_ament_install'
[0.174s] Level 1:colcon.colcon_core.package_identification:_identify(src/Dataset-of-Gazebo-Worlds-Models-and-Maps/robots/turtlebot3_waffle_pi/meshes) by extensions ['colcon_pkg']
[0.174s] Level 1:colcon.colcon_core.package_identification:_identify(src/Dataset-of-Gazebo-Worlds-Models-and-Maps/robots/turtlebot3_waffle_pi/meshes) by extension 'colcon_pkg'
[0.174s] Level 1:colcon.colcon_core.package_identification:_identify(src/Dataset-of-Gazebo-Worlds-Models-and-Maps/robots/turtlebot3_waffle_pi/meshes) by extensions ['colcon_meta']
[0.174s] Level 1:colcon.colcon_core.package_identification:_identify(src/Dataset-of-Gazebo-Worlds-Models-and-Maps/robots/turtlebot3_waffle_pi/meshes) by extension 'colcon_meta'
[0.174s] Level 1:colcon.colcon_core.package_identification:_identify(src/Dataset-of-Gazebo-Worlds-Models-and-Maps/robots/turtlebot3_waffle_pi/meshes) by extensions ['ros']
[0.174s] Level 1:colcon.colcon_core.package_identification:_identify(src/Dataset-of-Gazebo-Worlds-Models-and-Maps/robots/turtlebot3_waffle_pi/meshes) by extension 'ros'
[0.174s] Level 1:colcon.colcon_core.package_identification:_identify(src/Dataset-of-Gazebo-Worlds-Models-and-Maps/robots/turtlebot3_waffle_pi/meshes) by extensions ['cmake', 'python']
[0.174s] Level 1:colcon.colcon_core.package_identification:_identify(src/Dataset-of-Gazebo-Worlds-Models-and-Maps/robots/turtlebot3_waffle_pi/meshes) by extension 'cmake'
[0.174s] Level 1:colcon.colcon_core.package_identification:_identify(src/Dataset-of-Gazebo-Worlds-Models-and-Maps/robots/turtlebot3_waffle_pi/meshes) by extension 'python'
[0.174s] Level 1:colcon.colcon_core.package_identification:_identify(src/Dataset-of-Gazebo-Worlds-Models-and-Maps/robots/turtlebot3_waffle_pi/meshes) by extensions ['python_setup_py']
[0.174s] Level 1:colcon.colcon_core.package_identification:_identify(src/Dataset-of-Gazebo-Worlds-Models-and-Maps/robots/turtlebot3_waffle_pi/meshes) by extension 'python_setup_py'
[0.174s] Level 1:colcon.colcon_core.package_identification:_identify(src/Dataset-of-Gazebo-Worlds-Models-and-Maps/worldsofgazeboturtle) by extensions ['ignore', 'ignore_ament_install']
[0.174s] Level 1:colcon.colcon_core.package_identification:_identify(src/Dataset-of-Gazebo-Worlds-Models-and-Maps/worldsofgazeboturtle) by extension 'ignore'
[0.175s] Level 1:colcon.colcon_core.package_identification:_identify(src/Dataset-of-Gazebo-Worlds-Models-and-Maps/worldsofgazeboturtle) by extension 'ignore_ament_install'
[0.175s] Level 1:colcon.colcon_core.package_identification:_identify(src/Dataset-of-Gazebo-Worlds-Models-and-Maps/worldsofgazeboturtle) by extensions ['colcon_pkg']
[0.175s] Level 1:colcon.colcon_core.package_identification:_identify(src/Dataset-of-Gazebo-Worlds-Models-and-Maps/worldsofgazeboturtle) by extension 'colcon_pkg'
[0.175s] Level 1:colcon.colcon_core.package_identification:_identify(src/Dataset-of-Gazebo-Worlds-Models-and-Maps/worldsofgazeboturtle) by extensions ['colcon_meta']
[0.175s] Level 1:colcon.colcon_core.package_identification:_identify(src/Dataset-of-Gazebo-Worlds-Models-and-Maps/worldsofgazeboturtle) by extension 'colcon_meta'
[0.175s] Level 1:colcon.colcon_core.package_identification:_identify(src/Dataset-of-Gazebo-Worlds-Models-and-Maps/worldsofgazeboturtle) by extensions ['ros']
[0.175s] Level 1:colcon.colcon_core.package_identification:_identify(src/Dataset-of-Gazebo-Worlds-Models-and-Maps/worldsofgazeboturtle) by extension 'ros'
[0.175s] Level 1:colcon.colcon_core.package_identification:_identify(src/Dataset-of-Gazebo-Worlds-Models-and-Maps/worldsofgazeboturtle) by extensions ['cmake', 'python']
[0.175s] Level 1:colcon.colcon_core.package_identification:_identify(src/Dataset-of-Gazebo-Worlds-Models-and-Maps/worldsofgazeboturtle) by extension 'cmake'
[0.175s] Level 1:colcon.colcon_core.package_identification:_identify(src/Dataset-of-Gazebo-Worlds-Models-and-Maps/worldsofgazeboturtle) by extension 'python'
[0.175s] Level 1:colcon.colcon_core.package_identification:_identify(src/Dataset-of-Gazebo-Worlds-Models-and-Maps/worldsofgazeboturtle) by extensions ['python_setup_py']
[0.175s] Level 1:colcon.colcon_core.package_identification:_identify(src/Dataset-of-Gazebo-Worlds-Models-and-Maps/worldsofgazeboturtle) by extension 'python_setup_py'
[0.175s] Level 1:colcon.colcon_core.package_identification:_identify(src/turtlebot3) by extensions ['ignore', 'ignore_ament_install']
[0.175s] Level 1:colcon.colcon_core.package_identification:_identify(src/turtlebot3) by extension 'ignore'
[0.175s] Level 1:colcon.colcon_core.package_identification:_identify(src/turtlebot3) by extension 'ignore_ament_install'
[0.175s] Level 1:colcon.colcon_core.package_identification:_identify(src/turtlebot3) by extensions ['colcon_pkg']
[0.175s] Level 1:colcon.colcon_core.package_identification:_identify(src/turtlebot3) by extension 'colcon_pkg'
[0.175s] Level 1:colcon.colcon_core.package_identification:_identify(src/turtlebot3) by extensions ['colcon_meta']
[0.175s] Level 1:colcon.colcon_core.package_identification:_identify(src/turtlebot3) by extension 'colcon_meta'
[0.175s] Level 1:colcon.colcon_core.package_identification:_identify(src/turtlebot3) by extensions ['ros']
[0.175s] Level 1:colcon.colcon_core.package_identification:_identify(src/turtlebot3) by extension 'ros'
[0.175s] Level 1:colcon.colcon_core.package_identification:_identify(src/turtlebot3) by extensions ['cmake', 'python']
[0.175s] Level 1:colcon.colcon_core.package_identification:_identify(src/turtlebot3) by extension 'cmake'
[0.175s] Level 1:colcon.colcon_core.package_identification:_identify(src/turtlebot3) by extension 'python'
[0.175s] Level 1:colcon.colcon_core.package_identification:_identify(src/turtlebot3) by extensions ['python_setup_py']
[0.175s] Level 1:colcon.colcon_core.package_identification:_identify(src/turtlebot3) by extension 'python_setup_py'
[0.175s] Level 1:colcon.colcon_core.package_identification:_identify(src/turtlebot3/turtlebot3) by extensions ['ignore', 'ignore_ament_install']
[0.175s] Level 1:colcon.colcon_core.package_identification:_identify(src/turtlebot3/turtlebot3) by extension 'ignore'
[0.175s] Level 1:colcon.colcon_core.package_identification:_identify(src/turtlebot3/turtlebot3) by extension 'ignore_ament_install'
[0.175s] Level 1:colcon.colcon_core.package_identification:_identify(src/turtlebot3/turtlebot3) by extensions ['colcon_pkg']
[0.175s] Level 1:colcon.colcon_core.package_identification:_identify(src/turtlebot3/turtlebot3) by extension 'colcon_pkg'
[0.175s] Level 1:colcon.colcon_core.package_identification:_identify(src/turtlebot3/turtlebot3) by extensions ['colcon_meta']
[0.175s] Level 1:colcon.colcon_core.package_identification:_identify(src/turtlebot3/turtlebot3) by extension 'colcon_meta'
[0.175s] Level 1:colcon.colcon_core.package_identification:_identify(src/turtlebot3/turtlebot3) by extensions ['ros']
[0.175s] Level 1:colcon.colcon_core.package_identification:_identify(src/turtlebot3/turtlebot3) by extension 'ros'
[0.177s] DEBUG:colcon.colcon_core.package_identification:Package 'src/turtlebot3/turtlebot3' with type 'ros.ament_cmake' and name 'turtlebot3'
[0.177s] Level 1:colcon.colcon_core.package_identification:_identify(src/turtlebot3/turtlebot3_bringup) by extensions ['ignore', 'ignore_ament_install']
[0.177s] Level 1:colcon.colcon_core.package_identification:_identify(src/turtlebot3/turtlebot3_bringup) by extension 'ignore'
[0.177s] Level 1:colcon.colcon_core.package_identification:_identify(src/turtlebot3/turtlebot3_bringup) by extension 'ignore_ament_install'
[0.177s] Level 1:colcon.colcon_core.package_identification:_identify(src/turtlebot3/turtlebot3_bringup) by extensions ['colcon_pkg']
[0.177s] Level 1:colcon.colcon_core.package_identification:_identify(src/turtlebot3/turtlebot3_bringup) by extension 'colcon_pkg'
[0.177s] Level 1:colcon.colcon_core.package_identification:_identify(src/turtlebot3/turtlebot3_bringup) by extensions ['colcon_meta']
[0.177s] Level 1:colcon.colcon_core.package_identification:_identify(src/turtlebot3/turtlebot3_bringup) by extension 'colcon_meta'
[0.177s] Level 1:colcon.colcon_core.package_identification:_identify(src/turtlebot3/turtlebot3_bringup) by extensions ['ros']
[0.177s] Level 1:colcon.colcon_core.package_identification:_identify(src/turtlebot3/turtlebot3_bringup) by extension 'ros'
[0.177s] DEBUG:colcon.colcon_core.package_identification:Package 'src/turtlebot3/turtlebot3_bringup' with type 'ros.ament_cmake' and name 'turtlebot3_bringup'
[0.178s] Level 1:colcon.colcon_core.package_identification:_identify(src/turtlebot3/turtlebot3_cartographer) by extensions ['ignore', 'ignore_ament_install']
[0.178s] Level 1:colcon.colcon_core.package_identification:_identify(src/turtlebot3/turtlebot3_cartographer) by extension 'ignore'
[0.178s] Level 1:colcon.colcon_core.package_identification:_identify(src/turtlebot3/turtlebot3_cartographer) by extension 'ignore_ament_install'
[0.178s] Level 1:colcon.colcon_core.package_identification:_identify(src/turtlebot3/turtlebot3_cartographer) by extensions ['colcon_pkg']
[0.178s] Level 1:colcon.colcon_core.package_identification:_identify(src/turtlebot3/turtlebot3_cartographer) by extension 'colcon_pkg'
[0.178s] Level 1:colcon.colcon_core.package_identification:_identify(src/turtlebot3/turtlebot3_cartographer) by extensions ['colcon_meta']
[0.178s] Level 1:colcon.colcon_core.package_identification:_identify(src/turtlebot3/turtlebot3_cartographer) by extension 'colcon_meta'
[0.178s] Level 1:colcon.colcon_core.package_identification:_identify(src/turtlebot3/turtlebot3_cartographer) by extensions ['ros']
[0.178s] Level 1:colcon.colcon_core.package_identification:_identify(src/turtlebot3/turtlebot3_cartographer) by extension 'ros'
[0.178s] DEBUG:colcon.colcon_core.package_identification:Package 'src/turtlebot3/turtlebot3_cartographer' with type 'ros.ament_cmake' and name 'turtlebot3_cartographer'
[0.178s] Level 1:colcon.colcon_core.package_identification:_identify(src/turtlebot3/turtlebot3_description) by extensions ['ignore', 'ignore_ament_install']
[0.178s] Level 1:colcon.colcon_core.package_identification:_identify(src/turtlebot3/turtlebot3_description) by extension 'ignore'
[0.178s] Level 1:colcon.colcon_core.package_identification:_identify(src/turtlebot3/turtlebot3_description) by extension 'ignore_ament_install'
[0.178s] Level 1:colcon.colcon_core.package_identification:_identify(src/turtlebot3/turtlebot3_description) by extensions ['colcon_pkg']
[0.178s] Level 1:colcon.colcon_core.package_identification:_identify(src/turtlebot3/turtlebot3_description) by extension 'colcon_pkg'
[0.178s] Level 1:colcon.colcon_core.package_identification:_identify(src/turtlebot3/turtlebot3_description) by extensions ['colcon_meta']
[0.178s] Level 1:colcon.colcon_core.package_identification:_identify(src/turtlebot3/turtlebot3_description) by extension 'colcon_meta'
[0.178s] Level 1:colcon.colcon_core.package_identification:_identify(src/turtlebot3/turtlebot3_description) by extensions ['ros']
[0.178s] Level 1:colcon.colcon_core.package_identification:_identify(src/turtlebot3/turtlebot3_description) by extension 'ros'
[0.179s] DEBUG:colcon.colcon_core.package_identification:Package 'src/turtlebot3/turtlebot3_description' with type 'ros.ament_cmake' and name 'turtlebot3_description'
[0.179s] Level 1:colcon.colcon_core.package_identification:_identify(src/turtlebot3/turtlebot3_example) by extensions ['ignore', 'ignore_ament_install']
[0.179s] Level 1:colcon.colcon_core.package_identification:_identify(src/turtlebot3/turtlebot3_example) by extension 'ignore'
[0.179s] Level 1:colcon.colcon_core.package_identification:_identify(src/turtlebot3/turtlebot3_example) by extension 'ignore_ament_install'
[0.179s] Level 1:colcon.colcon_core.package_identification:_identify(src/turtlebot3/turtlebot3_example) by extensions ['colcon_pkg']
[0.179s] Level 1:colcon.colcon_core.package_identification:_identify(src/turtlebot3/turtlebot3_example) by extension 'colcon_pkg'
[0.179s] Level 1:colcon.colcon_core.package_identification:_identify(src/turtlebot3/turtlebot3_example) by extensions ['colcon_meta']
[0.179s] Level 1:colcon.colcon_core.package_identification:_identify(src/turtlebot3/turtlebot3_example) by extension 'colcon_meta'
[0.179s] Level 1:colcon.colcon_core.package_identification:_identify(src/turtlebot3/turtlebot3_example) by extensions ['ros']
[0.179s] Level 1:colcon.colcon_core.package_identification:_identify(src/turtlebot3/turtlebot3_example) by extension 'ros'
[0.179s] DEBUG:colcon.colcon_core.package_identification:Package 'src/turtlebot3/turtlebot3_example' with type 'ros.ament_python' and name 'turtlebot3_example'
[0.180s] Level 1:colcon.colcon_core.package_identification:_identify(src/turtlebot3/turtlebot3_navigation2) by extensions ['ignore', 'ignore_ament_install']
[0.180s] Level 1:colcon.colcon_core.package_identification:_identify(src/turtlebot3/turtlebot3_navigation2) by extension 'ignore'
[0.180s] Level 1:colcon.colcon_core.package_identification:_identify(src/turtlebot3/turtlebot3_navigation2) by extension 'ignore_ament_install'
[0.180s] Level 1:colcon.colcon_core.package_identification:_identify(src/turtlebot3/turtlebot3_navigation2) by extensions ['colcon_pkg']
[0.180s] Level 1:colcon.colcon_core.package_identification:_identify(src/turtlebot3/turtlebot3_navigation2) by extension 'colcon_pkg'
[0.180s] Level 1:colcon.colcon_core.package_identification:_identify(src/turtlebot3/turtlebot3_navigation2) by extensions ['colcon_meta']
[0.180s] Level 1:colcon.colcon_core.package_identification:_identify(src/turtlebot3/turtlebot3_navigation2) by extension 'colcon_meta'
[0.180s] Level 1:colcon.colcon_core.package_identification:_identify(src/turtlebot3/turtlebot3_navigation2) by extensions ['ros']
[0.180s] Level 1:colcon.colcon_core.package_identification:_identify(src/turtlebot3/turtlebot3_navigation2) by extension 'ros'
[0.180s] DEBUG:colcon.colcon_core.package_identification:Package 'src/turtlebot3/turtlebot3_navigation2' with type 'ros.ament_cmake' and name 'turtlebot3_navigation2'
[0.180s] Level 1:colcon.colcon_core.package_identification:_identify(src/turtlebot3/turtlebot3_node) by extensions ['ignore', 'ignore_ament_install']
[0.180s] Level 1:colcon.colcon_core.package_identification:_identify(src/turtlebot3/turtlebot3_node) by extension 'ignore'
[0.180s] Level 1:colcon.colcon_core.package_identification:_identify(src/turtlebot3/turtlebot3_node) by extension 'ignore_ament_install'
[0.180s] Level 1:colcon.colcon_core.package_identification:_identify(src/turtlebot3/turtlebot3_node) by extensions ['colcon_pkg']
[0.180s] Level 1:colcon.colcon_core.package_identification:_identify(src/turtlebot3/turtlebot3_node) by extension 'colcon_pkg'
[0.180s] Level 1:colcon.colcon_core.package_identification:_identify(src/turtlebot3/turtlebot3_node) by extensions ['colcon_meta']
[0.180s] Level 1:colcon.colcon_core.package_identification:_identify(src/turtlebot3/turtlebot3_node) by extension 'colcon_meta'
[0.180s] Level 1:colcon.colcon_core.package_identification:_identify(src/turtlebot3/turtlebot3_node) by extensions ['ros']
[0.180s] Level 1:colcon.colcon_core.package_identification:_identify(src/turtlebot3/turtlebot3_node) by extension 'ros'
[0.181s] DEBUG:colcon.colcon_core.package_identification:Package 'src/turtlebot3/turtlebot3_node' with type 'ros.ament_cmake' and name 'turtlebot3_node'
[0.181s] Level 1:colcon.colcon_core.package_identification:_identify(src/turtlebot3/turtlebot3_teleop) by extensions ['ignore', 'ignore_ament_install']
[0.181s] Level 1:colcon.colcon_core.package_identification:_identify(src/turtlebot3/turtlebot3_teleop) by extension 'ignore'
[0.181s] Level 1:colcon.colcon_core.package_identification:_identify(src/turtlebot3/turtlebot3_teleop) by extension 'ignore_ament_install'
[0.181s] Level 1:colcon.colcon_core.package_identification:_identify(src/turtlebot3/turtlebot3_teleop) by extensions ['colcon_pkg']
[0.181s] Level 1:colcon.colcon_core.package_identification:_identify(src/turtlebot3/turtlebot3_teleop) by extension 'colcon_pkg'
[0.181s] Level 1:colcon.colcon_core.package_identification:_identify(src/turtlebot3/turtlebot3_teleop) by extensions ['colcon_meta']
[0.181s] Level 1:colcon.colcon_core.package_identification:_identify(src/turtlebot3/turtlebot3_teleop) by extension 'colcon_meta'
[0.181s] Level 1:colcon.colcon_core.package_identification:_identify(src/turtlebot3/turtlebot3_teleop) by extensions ['ros']
[0.181s] Level 1:colcon.colcon_core.package_identification:_identify(src/turtlebot3/turtlebot3_teleop) by extension 'ros'
[0.182s] DEBUG:colcon.colcon_core.package_identification:Package 'src/turtlebot3/turtlebot3_teleop' with type 'ros.ament_python' and name 'turtlebot3_teleop'
[0.182s] Level 1:colcon.colcon_core.package_identification:_identify(src/turtlebot3_simulations) by extensions ['ignore', 'ignore_ament_install']
[0.182s] Level 1:colcon.colcon_core.package_identification:_identify(src/turtlebot3_simulations) by extension 'ignore'
[0.182s] Level 1:colcon.colcon_core.package_identification:_identify(src/turtlebot3_simulations) by extension 'ignore_ament_install'
[0.182s] Level 1:colcon.colcon_core.package_identification:_identify(src/turtlebot3_simulations) by extensions ['colcon_pkg']
[0.182s] Level 1:colcon.colcon_core.package_identification:_identify(src/turtlebot3_simulations) by extension 'colcon_pkg'
[0.182s] Level 1:colcon.colcon_core.package_identification:_identify(src/turtlebot3_simulations) by extensions ['colcon_meta']
[0.182s] Level 1:colcon.colcon_core.package_identification:_identify(src/turtlebot3_simulations) by extension 'colcon_meta'
[0.182s] Level 1:colcon.colcon_core.package_identification:_identify(src/turtlebot3_simulations) by extensions ['ros']
[0.182s] Level 1:colcon.colcon_core.package_identification:_identify(src/turtlebot3_simulations) by extension 'ros'
[0.182s] Level 1:colcon.colcon_core.package_identification:_identify(src/turtlebot3_simulations) by extensions ['cmake', 'python']
[0.182s] Level 1:colcon.colcon_core.package_identification:_identify(src/turtlebot3_simulations) by extension 'cmake'
[0.182s] Level 1:colcon.colcon_core.package_identification:_identify(src/turtlebot3_simulations) by extension 'python'
[0.182s] Level 1:colcon.colcon_core.package_identification:_identify(src/turtlebot3_simulations) by extensions ['python_setup_py']
[0.182s] Level 1:colcon.colcon_core.package_identification:_identify(src/turtlebot3_simulations) by extension 'python_setup_py'
[0.182s] Level 1:colcon.colcon_core.package_identification:_identify(src/turtlebot3_simulations/turtlebot3_fake_node) by extensions ['ignore', 'ignore_ament_install']
[0.182s] Level 1:colcon.colcon_core.package_identification:_identify(src/turtlebot3_simulations/turtlebot3_fake_node) by extension 'ignore'
[0.182s] Level 1:colcon.colcon_core.package_identification:_identify(src/turtlebot3_simulations/turtlebot3_fake_node) by extension 'ignore_ament_install'
[0.182s] Level 1:colcon.colcon_core.package_identification:_identify(src/turtlebot3_simulations/turtlebot3_fake_node) by extensions ['colcon_pkg']
[0.182s] Level 1:colcon.colcon_core.package_identification:_identify(src/turtlebot3_simulations/turtlebot3_fake_node) by extension 'colcon_pkg'
[0.182s] Level 1:colcon.colcon_core.package_identification:_identify(src/turtlebot3_simulations/turtlebot3_fake_node) by extensions ['colcon_meta']
[0.182s] Level 1:colcon.colcon_core.package_identification:_identify(src/turtlebot3_simulations/turtlebot3_fake_node) by extension 'colcon_meta'
[0.182s] Level 1:colcon.colcon_core.package_identification:_identify(src/turtlebot3_simulations/turtlebot3_fake_node) by extensions ['ros']
[0.182s] Level 1:colcon.colcon_core.package_identification:_identify(src/turtlebot3_simulations/turtlebot3_fake_node) by extension 'ros'
[0.183s] DEBUG:colcon.colcon_core.package_identification:Package 'src/turtlebot3_simulations/turtlebot3_fake_node' with type 'ros.ament_cmake' and name 'turtlebot3_fake_node'
[0.183s] Level 1:colcon.colcon_core.package_identification:_identify(src/turtlebot3_simulations/turtlebot3_gazebo) by extensions ['ignore', 'ignore_ament_install']
[0.183s] Level 1:colcon.colcon_core.package_identification:_identify(src/turtlebot3_simulations/turtlebot3_gazebo) by extension 'ignore'
[0.183s] Level 1:colcon.colcon_core.package_identification:_identify(src/turtlebot3_simulations/turtlebot3_gazebo) by extension 'ignore_ament_install'
[0.183s] Level 1:colcon.colcon_core.package_identification:_identify(src/turtlebot3_simulations/turtlebot3_gazebo) by extensions ['colcon_pkg']
[0.183s] Level 1:colcon.colcon_core.package_identification:_identify(src/turtlebot3_simulations/turtlebot3_gazebo) by extension 'colcon_pkg'
[0.183s] Level 1:colcon.colcon_core.package_identification:_identify(src/turtlebot3_simulations/turtlebot3_gazebo) by extensions ['colcon_meta']
[0.183s] Level 1:colcon.colcon_core.package_identification:_identify(src/turtlebot3_simulations/turtlebot3_gazebo) by extension 'colcon_meta'
[0.183s] Level 1:colcon.colcon_core.package_identification:_identify(src/turtlebot3_simulations/turtlebot3_gazebo) by extensions ['ros']
[0.183s] Level 1:colcon.colcon_core.package_identification:_identify(src/turtlebot3_simulations/turtlebot3_gazebo) by extension 'ros'
[0.185s] DEBUG:colcon.colcon_core.package_identification:Package 'src/turtlebot3_simulations/turtlebot3_gazebo' with type 'ros.ament_cmake' and name 'turtlebot3_gazebo'
[0.186s] Level 1:colcon.colcon_core.package_identification:_identify(src/turtlebot3_simulations/turtlebot3_simulations) by extensions ['ignore', 'ignore_ament_install']
[0.186s] Level 1:colcon.colcon_core.package_identification:_identify(src/turtlebot3_simulations/turtlebot3_simulations) by extension 'ignore'
[0.186s] Level 1:colcon.colcon_core.package_identification:_identify(src/turtlebot3_simulations/turtlebot3_simulations) by extension 'ignore_ament_install'
[0.186s] Level 1:colcon.colcon_core.package_identification:_identify(src/turtlebot3_simulations/turtlebot3_simulations) by extensions ['colcon_pkg']
[0.186s] Level 1:colcon.colcon_core.package_identification:_identify(src/turtlebot3_simulations/turtlebot3_simulations) by extension 'colcon_pkg'
[0.186s] Level 1:colcon.colcon_core.package_identification:_identify(src/turtlebot3_simulations/turtlebot3_simulations) by extensions ['colcon_meta']
[0.186s] Level 1:colcon.colcon_core.package_identification:_identify(src/turtlebot3_simulations/turtlebot3_simulations) by extension 'colcon_meta'
[0.186s] Level 1:colcon.colcon_core.package_identification:_identify(src/turtlebot3_simulations/turtlebot3_simulations) by extensions ['ros']
[0.186s] Level 1:colcon.colcon_core.package_identification:_identify(src/turtlebot3_simulations/turtlebot3_simulations) by extension 'ros'
[0.186s] DEBUG:colcon.colcon_core.package_identification:Package 'src/turtlebot3_simulations/turtlebot3_simulations' with type 'ros.ament_cmake' and name 'turtlebot3_simulations'
[0.186s] Level 1:colcon.colcon_core.package_discovery:discover_packages(recursive) using defaults
[0.186s] Level 1:colcon.colcon_core.package_discovery:discover_packages(ignore) discover
[0.186s] Level 1:colcon.colcon_core.package_discovery:discover_packages(ignore) using defaults
[0.186s] Level 1:colcon.colcon_core.package_discovery:discover_packages(path) discover
[0.186s] Level 1:colcon.colcon_core.package_discovery:discover_packages(path) using defaults
[0.186s] WARNING:colcon.colcon_core.package_selection:ignoring unknown package 'my_world_launcher' in --packages-select
[0.209s] INFO:colcon.colcon_core.package_selection:Skipping not selected package 'turtlebot3_cartographer' in 'src/turtlebot3/turtlebot3_cartographer'
[0.209s] INFO:colcon.colcon_core.package_selection:Skipping not selected package 'turtlebot3_description' in 'src/turtlebot3/turtlebot3_description'
[0.209s] INFO:colcon.colcon_core.package_selection:Skipping not selected package 'turtlebot3_example' in 'src/turtlebot3/turtlebot3_example'
[0.209s] INFO:colcon.colcon_core.package_selection:Skipping not selected package 'turtlebot3_fake_node' in 'src/turtlebot3_simulations/turtlebot3_fake_node'
[0.209s] INFO:colcon.colcon_core.package_selection:Skipping not selected package 'turtlebot3_gazebo' in 'src/turtlebot3_simulations/turtlebot3_gazebo'
[0.209s] INFO:colcon.colcon_core.package_selection:Skipping not selected package 'turtlebot3_navigation2' in 'src/turtlebot3/turtlebot3_navigation2'
[0.209s] INFO:colcon.colcon_core.package_selection:Skipping not selected package 'turtlebot3_node' in 'src/turtlebot3/turtlebot3_node'
[0.209s] INFO:colcon.colcon_core.package_selection:Skipping not selected package 'turtlebot3_teleop' in 'src/turtlebot3/turtlebot3_teleop'
[0.209s] INFO:colcon.colcon_core.package_selection:Skipping not selected package 'turtlebot3_bringup' in 'src/turtlebot3/turtlebot3_bringup'
[0.209s] INFO:colcon.colcon_core.package_selection:Skipping not selected package 'turtlebot3_simulations' in 'src/turtlebot3_simulations/turtlebot3_simulations'
[0.209s] INFO:colcon.colcon_core.package_selection:Skipping not selected package 'turtlebot3' in 'src/turtlebot3/turtlebot3'
[0.209s] Level 1:colcon.colcon_core.package_discovery:discover_packages(prefix_path) check parameters
[0.209s] Level 1:colcon.colcon_core.package_discovery:discover_packages(prefix_path) discover
[0.210s] DEBUG:colcon.colcon_installed_package_information.package_discovery:Found 11 installed packages in /home/anish/ps1_ws/install
[0.212s] DEBUG:colcon.colcon_installed_package_information.package_discovery:Found 426 installed packages in /opt/ros/humble
[0.213s] Level 1:colcon.colcon_core.package_discovery:discover_packages(prefix_path) using defaults
[0.247s] INFO:colcon.colcon_core.executor:Executing jobs using 'parallel' executor
[0.248s] DEBUG:colcon.colcon_parallel_executor.executor.parallel:run_until_complete
[0.248s] DEBUG:colcon.colcon_parallel_executor.executor.parallel:closing loop
[0.248s] DEBUG:colcon.colcon_parallel_executor.executor.parallel:loop closed
[0.249s] DEBUG:colcon.colcon_parallel_executor.executor.parallel:run_until_complete finished with '0'
[0.249s] DEBUG:colcon.colcon_core.event_reactor:joining thread
[0.252s] INFO:colcon.colcon_core.plugin_system:Skipping extension 'colcon_notification.desktop_notification.terminal_notifier': Not used on non-Darwin systems
[0.252s] INFO:colcon.colcon_core.plugin_system:Skipping extension 'colcon_notification.desktop_notification.win32': Not used on non-Windows systems
[0.252s] INFO:colcon.colcon_notification.desktop_notification:Sending desktop notification using 'notify2'
[0.260s] DEBUG:colcon.colcon_core.event_reactor:joined thread
[0.261s] INFO:colcon.colcon_core.plugin_system:Skipping extension 'colcon_core.shell.bat': Not used on non-Windows systems
[0.261s] INFO:colcon.colcon_core.shell:Creating prefix script '/home/anish/ps1_ws/install/local_setup.ps1'
[0.262s] INFO:colcon.colcon_core.shell:Creating prefix util module '/home/anish/ps1_ws/install/_local_setup_util_ps1.py'
[0.263s] INFO:colcon.colcon_core.shell:Creating prefix chain script '/home/anish/ps1_ws/install/setup.ps1'
[0.264s] INFO:colcon.colcon_core.shell:Creating prefix script '/home/anish/ps1_ws/install/local_setup.sh'
[0.264s] INFO:colcon.colcon_core.shell:Creating prefix util module '/home/anish/ps1_ws/install/_local_setup_util_sh.py'
[0.264s] INFO:colcon.colcon_core.shell:Creating prefix chain script '/home/anish/ps1_ws/install/setup.sh'
[0.265s] INFO:colcon.colcon_core.shell:Creating prefix script '/home/anish/ps1_ws/install/local_setup.bash'
[0.265s] INFO:colcon.colcon_core.shell:Creating prefix chain script '/home/anish/ps1_ws/install/setup.bash'
[0.266s] INFO:colcon.colcon_core.shell:Creating prefix script '/home/anish/ps1_ws/install/local_setup.zsh'
[0.266s] INFO:colcon.colcon_core.shell:Creating prefix chain script '/home/anish/ps1_ws/install/setup.zsh'
