[0.028s] Invoking command in '/home/anish/ps1_ws/build/turtlebot3_cartographer': CMAKE_PREFIX_PATH=${CMAKE_PREFIX_PATH}:/home/anish/ps1_ws/install/turtlebot3_teleop:/home/anish/ps1_ws/install/turtlebot3_example:/opt/ros/humble /usr/bin/cmake /home/anish/ps1_ws/src/turtlebot3/turtlebot3_cartographer -DAMENT_CMAKE_SYMLINK_INSTALL=1 -DCMAKE_INSTALL_PREFIX=/home/anish/ps1_ws/install/turtlebot3_cartographer
[0.187s] -- Found ament_cmake: 1.3.11 (/opt/ros/humble/share/ament_cmake/cmake)
[0.188s] -- Override CMake install command with custom implementation using symlinks instead of copying resources
[0.188s] -- Configuring done
[0.188s] -- Generating done
[0.188s] -- Build files have been written to: /home/anish/ps1_ws/build/turtlebot3_cartographer
[0.344s] Invoked command in '/home/anish/ps1_ws/build/turtlebot3_cartographer' returned '0': CMAKE_PREFIX_PATH=${CMAKE_PREFIX_PATH}:/home/anish/ps1_ws/install/turtlebot3_teleop:/home/anish/ps1_ws/install/turtlebot3_example:/opt/ros/humble /usr/bin/cmake /home/anish/ps1_ws/src/turtlebot3/turtlebot3_cartographer -DAMENT_CMAKE_SYMLINK_INSTALL=1 -DCMAKE_INSTALL_PREFIX=/home/anish/ps1_ws/install/turtlebot3_cartographer
[0.346s] Invoking command in '/home/anish/ps1_ws/build/turtlebot3_cartographer': CMAKE_PREFIX_PATH=${CMAKE_PREFIX_PATH}:/home/anish/ps1_ws/install/turtlebot3_teleop:/home/anish/ps1_ws/install/turtlebot3_example:/opt/ros/humble /usr/bin/cmake --build /home/anish/ps1_ws/build/turtlebot3_cartographer -- -j16 -l16
[0.379s] Invoked command in '/home/anish/ps1_ws/build/turtlebot3_cartographer' returned '0': CMAKE_PREFIX_PATH=${CMAKE_PREFIX_PATH}:/home/anish/ps1_ws/install/turtlebot3_teleop:/home/anish/ps1_ws/install/turtlebot3_example:/opt/ros/humble /usr/bin/cmake --build /home/anish/ps1_ws/build/turtlebot3_cartographer -- -j16 -l16
[0.390s] Invoking command in '/home/anish/ps1_ws/build/turtlebot3_cartographer': CMAKE_PREFIX_PATH=${CMAKE_PREFIX_PATH}:/home/anish/ps1_ws/install/turtlebot3_teleop:/home/anish/ps1_ws/install/turtlebot3_example:/opt/ros/humble /usr/bin/cmake --install /home/anish/ps1_ws/build/turtlebot3_cartographer
[0.400s] -- Install configuration: ""
[0.400s] -- Execute custom install script
[0.400s] -- Symlinking: /home/anish/ps1_ws/install/turtlebot3_cartographer/share/turtlebot3_cartographer/config/turtlebot3_lds_2d.lua
[0.406s] -- Symlinking: /home/anish/ps1_ws/install/turtlebot3_cartographer/share/turtlebot3_cartographer/launch/cartographer.launch.py
[0.414s] -- Symlinking: /home/anish/ps1_ws/install/turtlebot3_cartographer/share/turtlebot3_cartographer/launch/occupancy_grid.launch.py
[0.422s] -- Symlinking: /home/anish/ps1_ws/install/turtlebot3_cartographer/share/turtlebot3_cartographer/rviz/tb3_cartographer.rviz
[0.431s] -- Symlinking: /home/anish/ps1_ws/install/turtlebot3_cartographer/share/ament_index/resource_index/package_run_dependencies/turtlebot3_cartographer
[0.440s] -- Symlinking: /home/anish/ps1_ws/install/turtlebot3_cartographer/share/ament_index/resource_index/parent_prefix_path/turtlebot3_cartographer
[0.448s] -- Symlinking: /home/anish/ps1_ws/install/turtlebot3_cartographer/share/turtlebot3_cartographer/environment/ament_prefix_path.sh
[0.457s] -- Symlinking: /home/anish/ps1_ws/install/turtlebot3_cartographer/share/turtlebot3_cartographer/environment/ament_prefix_path.dsv
[0.465s] -- Symlinking: /home/anish/ps1_ws/install/turtlebot3_cartographer/share/turtlebot3_cartographer/environment/path.sh
[0.473s] -- Symlinking: /home/anish/ps1_ws/install/turtlebot3_cartographer/share/turtlebot3_cartographer/environment/path.dsv
[0.481s] -- Symlinking: /home/anish/ps1_ws/install/turtlebot3_cartographer/share/turtlebot3_cartographer/local_setup.bash
[0.489s] -- Symlinking: /home/anish/ps1_ws/install/turtlebot3_cartographer/share/turtlebot3_cartographer/local_setup.sh
[0.497s] -- Symlinking: /home/anish/ps1_ws/install/turtlebot3_cartographer/share/turtlebot3_cartographer/local_setup.zsh
[0.505s] -- Symlinking: /home/anish/ps1_ws/install/turtlebot3_cartographer/share/turtlebot3_cartographer/local_setup.dsv
[0.514s] -- Symlinking: /home/anish/ps1_ws/install/turtlebot3_cartographer/share/turtlebot3_cartographer/package.dsv
[0.523s] -- Symlinking: /home/anish/ps1_ws/install/turtlebot3_cartographer/share/ament_index/resource_index/packages/turtlebot3_cartographer
[0.531s] -- Symlinking: /home/anish/ps1_ws/install/turtlebot3_cartographer/share/turtlebot3_cartographer/cmake/turtlebot3_cartographerConfig.cmake
[0.540s] -- Symlinking: /home/anish/ps1_ws/install/turtlebot3_cartographer/share/turtlebot3_cartographer/cmake/turtlebot3_cartographerConfig-version.cmake
[0.548s] -- Symlinking: /home/anish/ps1_ws/install/turtlebot3_cartographer/share/turtlebot3_cartographer/package.xml
[0.558s] Invoked command in '/home/anish/ps1_ws/build/turtlebot3_cartographer' returned '0': CMAKE_PREFIX_PATH=${CMAKE_PREFIX_PATH}:/home/anish/ps1_ws/install/turtlebot3_teleop:/home/anish/ps1_ws/install/turtlebot3_example:/opt/ros/humble /usr/bin/cmake --install /home/anish/ps1_ws/build/turtlebot3_cartographer
