[0.702s] Invoking command in '/home/anish/ps1_ws/src/turtlebot3/turtlebot3_example': PYTHONPATH=/home/anish/ps1_ws/build/turtlebot3_example/prefix_override:/usr/lib/python3/dist-packages/colcon_core/task/python/colcon_distutils_commands:/home/anish/ps1_ws/install/turtlebot3_example/lib/python3.10/site-packages:${PYTHONPATH} /usr/bin/python3 -W ignore:setup.py install is deprecated -W ignore:easy_install command is deprecated setup.py egg_info --egg-base ../../../build/turtlebot3_example build --build-base /home/anish/ps1_ws/build/turtlebot3_example/build install --record /home/anish/ps1_ws/build/turtlebot3_example/install.log --single-version-externally-managed install_data
[0.843s] running egg_info
[0.843s] creating ../../../build/turtlebot3_example/turtlebot3_example.egg-info
[0.844s] writing ../../../build/turtlebot3_example/turtlebot3_example.egg-info/PKG-INFO
[0.844s] writing dependency_links to ../../../build/turtlebot3_example/turtlebot3_example.egg-info/dependency_links.txt
[0.844s] writing entry points to ../../../build/turtlebot3_example/turtlebot3_example.egg-info/entry_points.txt
[0.844s] writing requirements to ../../../build/turtlebot3_example/turtlebot3_example.egg-info/requires.txt
[0.844s] writing top-level names to ../../../build/turtlebot3_example/turtlebot3_example.egg-info/top_level.txt
[0.844s] writing manifest file '../../../build/turtlebot3_example/turtlebot3_example.egg-info/SOURCES.txt'
[0.846s] reading manifest file '../../../build/turtlebot3_example/turtlebot3_example.egg-info/SOURCES.txt'
[0.846s] writing manifest file '../../../build/turtlebot3_example/turtlebot3_example.egg-info/SOURCES.txt'
[0.846s] running build
[0.846s] running build_py
[0.846s] creating /home/anish/ps1_ws/build/turtlebot3_example/build
[0.846s] creating /home/anish/ps1_ws/build/turtlebot3_example/build/lib
[0.846s] creating /home/anish/ps1_ws/build/turtlebot3_example/build/lib/turtlebot3_example
[0.846s] copying turtlebot3_example/__init__.py -> /home/anish/ps1_ws/build/turtlebot3_example/build/lib/turtlebot3_example
[0.847s] creating /home/anish/ps1_ws/build/turtlebot3_example/build/lib/turtlebot3_example/turtlebot3_relative_move
[0.847s] copying turtlebot3_example/turtlebot3_relative_move/__init__.py -> /home/anish/ps1_ws/build/turtlebot3_example/build/lib/turtlebot3_example/turtlebot3_relative_move
[0.847s] copying turtlebot3_example/turtlebot3_relative_move/turtlebot3_relative_move.py -> /home/anish/ps1_ws/build/turtlebot3_example/build/lib/turtlebot3_example/turtlebot3_relative_move
[0.847s] creating /home/anish/ps1_ws/build/turtlebot3_example/build/lib/turtlebot3_example/turtlebot3_patrol
[0.847s] copying turtlebot3_example/turtlebot3_patrol/__init__.py -> /home/anish/ps1_ws/build/turtlebot3_example/build/lib/turtlebot3_example/turtlebot3_patrol
[0.847s] copying turtlebot3_example/turtlebot3_patrol/turtlebot3_patrol_server.py -> /home/anish/ps1_ws/build/turtlebot3_example/build/lib/turtlebot3_example/turtlebot3_patrol
[0.847s] copying turtlebot3_example/turtlebot3_patrol/turtlebot3_patrol_client.py -> /home/anish/ps1_ws/build/turtlebot3_example/build/lib/turtlebot3_example/turtlebot3_patrol
[0.847s] creating /home/anish/ps1_ws/build/turtlebot3_example/build/lib/turtlebot3_example/turtlebot3_absolute_move
[0.847s] copying turtlebot3_example/turtlebot3_absolute_move/__init__.py -> /home/anish/ps1_ws/build/turtlebot3_example/build/lib/turtlebot3_example/turtlebot3_absolute_move
[0.847s] copying turtlebot3_example/turtlebot3_absolute_move/turtlebot3_absolute_move.py -> /home/anish/ps1_ws/build/turtlebot3_example/build/lib/turtlebot3_example/turtlebot3_absolute_move
[0.847s] creating /home/anish/ps1_ws/build/turtlebot3_example/build/lib/turtlebot3_example/turtlebot3_interactive_marker
[0.848s] copying turtlebot3_example/turtlebot3_interactive_marker/turtlebot3_interactive_marker.py -> /home/anish/ps1_ws/build/turtlebot3_example/build/lib/turtlebot3_example/turtlebot3_interactive_marker
[0.848s] copying turtlebot3_example/turtlebot3_interactive_marker/__init__.py -> /home/anish/ps1_ws/build/turtlebot3_example/build/lib/turtlebot3_example/turtlebot3_interactive_marker
[0.848s] creating /home/anish/ps1_ws/build/turtlebot3_example/build/lib/turtlebot3_example/turtlebot3_obstacle_detection
[0.848s] copying turtlebot3_example/turtlebot3_obstacle_detection/turtlebot3_obstacle_detection.py -> /home/anish/ps1_ws/build/turtlebot3_example/build/lib/turtlebot3_example/turtlebot3_obstacle_detection
[0.848s] copying turtlebot3_example/turtlebot3_obstacle_detection/__init__.py -> /home/anish/ps1_ws/build/turtlebot3_example/build/lib/turtlebot3_example/turtlebot3_obstacle_detection
[0.848s] running install
[0.849s] running install_lib
[0.849s] creating /home/anish/ps1_ws/install/turtlebot3_example/lib/python3.10/site-packages/turtlebot3_example
[0.849s] creating /home/anish/ps1_ws/install/turtlebot3_example/lib/python3.10/site-packages/turtlebot3_example/turtlebot3_relative_move
[0.849s] copying /home/anish/ps1_ws/build/turtlebot3_example/build/lib/turtlebot3_example/turtlebot3_relative_move/__init__.py -> /home/anish/ps1_ws/install/turtlebot3_example/lib/python3.10/site-packages/turtlebot3_example/turtlebot3_relative_move
[0.850s] copying /home/anish/ps1_ws/build/turtlebot3_example/build/lib/turtlebot3_example/turtlebot3_relative_move/turtlebot3_relative_move.py -> /home/anish/ps1_ws/install/turtlebot3_example/lib/python3.10/site-packages/turtlebot3_example/turtlebot3_relative_move
[0.850s] copying /home/anish/ps1_ws/build/turtlebot3_example/build/lib/turtlebot3_example/__init__.py -> /home/anish/ps1_ws/install/turtlebot3_example/lib/python3.10/site-packages/turtlebot3_example
[0.850s] creating /home/anish/ps1_ws/install/turtlebot3_example/lib/python3.10/site-packages/turtlebot3_example/turtlebot3_patrol
[0.850s] copying /home/anish/ps1_ws/build/turtlebot3_example/build/lib/turtlebot3_example/turtlebot3_patrol/__init__.py -> /home/anish/ps1_ws/install/turtlebot3_example/lib/python3.10/site-packages/turtlebot3_example/turtlebot3_patrol
[0.850s] copying /home/anish/ps1_ws/build/turtlebot3_example/build/lib/turtlebot3_example/turtlebot3_patrol/turtlebot3_patrol_server.py -> /home/anish/ps1_ws/install/turtlebot3_example/lib/python3.10/site-packages/turtlebot3_example/turtlebot3_patrol
[0.850s] copying /home/anish/ps1_ws/build/turtlebot3_example/build/lib/turtlebot3_example/turtlebot3_patrol/turtlebot3_patrol_client.py -> /home/anish/ps1_ws/install/turtlebot3_example/lib/python3.10/site-packages/turtlebot3_example/turtlebot3_patrol
[0.850s] creating /home/anish/ps1_ws/install/turtlebot3_example/lib/python3.10/site-packages/turtlebot3_example/turtlebot3_absolute_move
[0.850s] copying /home/anish/ps1_ws/build/turtlebot3_example/build/lib/turtlebot3_example/turtlebot3_absolute_move/__init__.py -> /home/anish/ps1_ws/install/turtlebot3_example/lib/python3.10/site-packages/turtlebot3_example/turtlebot3_absolute_move
[0.850s] copying /home/anish/ps1_ws/build/turtlebot3_example/build/lib/turtlebot3_example/turtlebot3_absolute_move/turtlebot3_absolute_move.py -> /home/anish/ps1_ws/install/turtlebot3_example/lib/python3.10/site-packages/turtlebot3_example/turtlebot3_absolute_move
[0.850s] creating /home/anish/ps1_ws/install/turtlebot3_example/lib/python3.10/site-packages/turtlebot3_example/turtlebot3_interactive_marker
[0.850s] copying /home/anish/ps1_ws/build/turtlebot3_example/build/lib/turtlebot3_example/turtlebot3_interactive_marker/turtlebot3_interactive_marker.py -> /home/anish/ps1_ws/install/turtlebot3_example/lib/python3.10/site-packages/turtlebot3_example/turtlebot3_interactive_marker
[0.850s] copying /home/anish/ps1_ws/build/turtlebot3_example/build/lib/turtlebot3_example/turtlebot3_interactive_marker/__init__.py -> /home/anish/ps1_ws/install/turtlebot3_example/lib/python3.10/site-packages/turtlebot3_example/turtlebot3_interactive_marker
[0.850s] creating /home/anish/ps1_ws/install/turtlebot3_example/lib/python3.10/site-packages/turtlebot3_example/turtlebot3_obstacle_detection
[0.850s] copying /home/anish/ps1_ws/build/turtlebot3_example/build/lib/turtlebot3_example/turtlebot3_obstacle_detection/turtlebot3_obstacle_detection.py -> /home/anish/ps1_ws/install/turtlebot3_example/lib/python3.10/site-packages/turtlebot3_example/turtlebot3_obstacle_detection
[0.850s] copying /home/anish/ps1_ws/build/turtlebot3_example/build/lib/turtlebot3_example/turtlebot3_obstacle_detection/__init__.py -> /home/anish/ps1_ws/install/turtlebot3_example/lib/python3.10/site-packages/turtlebot3_example/turtlebot3_obstacle_detection
[0.851s] byte-compiling /home/anish/ps1_ws/install/turtlebot3_example/lib/python3.10/site-packages/turtlebot3_example/turtlebot3_relative_move/__init__.py to __init__.cpython-310.pyc
[0.851s] byte-compiling /home/anish/ps1_ws/install/turtlebot3_example/lib/python3.10/site-packages/turtlebot3_example/turtlebot3_relative_move/turtlebot3_relative_move.py to turtlebot3_relative_move.cpython-310.pyc
[0.852s] byte-compiling /home/anish/ps1_ws/install/turtlebot3_example/lib/python3.10/site-packages/turtlebot3_example/__init__.py to __init__.cpython-310.pyc
[0.852s] byte-compiling /home/anish/ps1_ws/install/turtlebot3_example/lib/python3.10/site-packages/turtlebot3_example/turtlebot3_patrol/__init__.py to __init__.cpython-310.pyc
[0.852s] byte-compiling /home/anish/ps1_ws/install/turtlebot3_example/lib/python3.10/site-packages/turtlebot3_example/turtlebot3_patrol/turtlebot3_patrol_server.py to turtlebot3_patrol_server.cpython-310.pyc
[0.853s] byte-compiling /home/anish/ps1_ws/install/turtlebot3_example/lib/python3.10/site-packages/turtlebot3_example/turtlebot3_patrol/turtlebot3_patrol_client.py to turtlebot3_patrol_client.cpython-310.pyc
[0.853s] byte-compiling /home/anish/ps1_ws/install/turtlebot3_example/lib/python3.10/site-packages/turtlebot3_example/turtlebot3_absolute_move/__init__.py to __init__.cpython-310.pyc
[0.853s] byte-compiling /home/anish/ps1_ws/install/turtlebot3_example/lib/python3.10/site-packages/turtlebot3_example/turtlebot3_absolute_move/turtlebot3_absolute_move.py to turtlebot3_absolute_move.cpython-310.pyc
[0.854s] byte-compiling /home/anish/ps1_ws/install/turtlebot3_example/lib/python3.10/site-packages/turtlebot3_example/turtlebot3_interactive_marker/turtlebot3_interactive_marker.py to turtlebot3_interactive_marker.cpython-310.pyc
[0.855s] byte-compiling /home/anish/ps1_ws/install/turtlebot3_example/lib/python3.10/site-packages/turtlebot3_example/turtlebot3_interactive_marker/__init__.py to __init__.cpython-310.pyc
[0.855s] byte-compiling /home/anish/ps1_ws/install/turtlebot3_example/lib/python3.10/site-packages/turtlebot3_example/turtlebot3_obstacle_detection/turtlebot3_obstacle_detection.py to turtlebot3_obstacle_detection.cpython-310.pyc
[0.855s] byte-compiling /home/anish/ps1_ws/install/turtlebot3_example/lib/python3.10/site-packages/turtlebot3_example/turtlebot3_obstacle_detection/__init__.py to __init__.cpython-310.pyc
[0.855s] running install_data
[0.855s] creating /home/anish/ps1_ws/install/turtlebot3_example/share/ament_index
[0.855s] creating /home/anish/ps1_ws/install/turtlebot3_example/share/ament_index/resource_index
[0.855s] creating /home/anish/ps1_ws/install/turtlebot3_example/share/ament_index/resource_index/packages
[0.855s] copying resource/turtlebot3_example -> /home/anish/ps1_ws/install/turtlebot3_example/share/ament_index/resource_index/packages
[0.856s] copying package.xml -> /home/anish/ps1_ws/install/turtlebot3_example/share/turtlebot3_example
[0.856s] running install_egg_info
[0.857s] Copying ../../../build/turtlebot3_example/turtlebot3_example.egg-info to /home/anish/ps1_ws/install/turtlebot3_example/lib/python3.10/site-packages/turtlebot3_example-2.3.1-py3.10.egg-info
[0.858s] running install_scripts
[0.872s] Installing turtlebot3_absolute_move script to /home/anish/ps1_ws/install/turtlebot3_example/lib/turtlebot3_example
[0.873s] Installing turtlebot3_interactive_marker script to /home/anish/ps1_ws/install/turtlebot3_example/lib/turtlebot3_example
[0.873s] Installing turtlebot3_obstacle_detection script to /home/anish/ps1_ws/install/turtlebot3_example/lib/turtlebot3_example
[0.873s] Installing turtlebot3_patrol_client script to /home/anish/ps1_ws/install/turtlebot3_example/lib/turtlebot3_example
[0.873s] Installing turtlebot3_patrol_server script to /home/anish/ps1_ws/install/turtlebot3_example/lib/turtlebot3_example
[0.873s] Installing turtlebot3_relative_move script to /home/anish/ps1_ws/install/turtlebot3_example/lib/turtlebot3_example
[0.873s] writing list of installed files to '/home/anish/ps1_ws/build/turtlebot3_example/install.log'
[0.900s] Invoked command in '/home/anish/ps1_ws/src/turtlebot3/turtlebot3_example' returned '0': PYTHONPATH=/home/anish/ps1_ws/build/turtlebot3_example/prefix_override:/usr/lib/python3/dist-packages/colcon_core/task/python/colcon_distutils_commands:/home/anish/ps1_ws/install/turtlebot3_example/lib/python3.10/site-packages:${PYTHONPATH} /usr/bin/python3 -W ignore:setup.py install is deprecated -W ignore:easy_install command is deprecated setup.py egg_info --egg-base ../../../build/turtlebot3_example build --build-base /home/anish/ps1_ws/build/turtlebot3_example/build install --record /home/anish/ps1_ws/build/turtlebot3_example/install.log --single-version-externally-managed install_data
