[0.221s] Invoking command in '/home/anish/ps1_ws/build/turtlebot3_navigation2': CMAKE_PREFIX_PATH=/home/anish/ps1_ws/install/my_world_launcher:/opt/ros/humble /usr/bin/cmake /home/anish/ps1_ws/src/turtlebot3/turtlebot3_navigation2 -DCMAKE_INSTALL_PREFIX=/home/anish/ps1_ws/install/turtlebot3_navigation2
[0.268s] -- The C compiler identification is GNU 11.4.0
[0.312s] -- The CXX compiler identification is GNU 11.4.0
[0.317s] -- Detecting C compiler ABI info
[0.374s] -- Detecting C compiler ABI info - done
[0.381s] -- Check for working C compiler: /usr/bin/cc - skipped
[0.382s] -- Detecting C compile features
[0.382s] -- Detecting C compile features - done
[0.385s] -- Detecting CXX compiler ABI info
[0.450s] -- Detecting CXX compiler ABI info - done
[0.455s] -- Check for working CXX compiler: /usr/bin/c++ - skipped
[0.456s] -- Detecting CXX compile features
[0.456s] -- Detecting CXX compile features - done
[0.458s] -- Found ament_cmake: 1.3.11 (/opt/ros/humble/share/ament_cmake/cmake)
[0.569s] -- Found Python3: /usr/bin/python3 (found version "3.10.12") found components: Interpreter 
[0.692s] -- Configuring done
[0.692s] -- Generating done
[0.692s] -- Build files have been written to: /home/anish/ps1_ws/build/turtlebot3_navigation2
[0.697s] Invoked command in '/home/anish/ps1_ws/build/turtlebot3_navigation2' returned '0': CMAKE_PREFIX_PATH=/home/anish/ps1_ws/install/my_world_launcher:/opt/ros/humble /usr/bin/cmake /home/anish/ps1_ws/src/turtlebot3/turtlebot3_navigation2 -DCMAKE_INSTALL_PREFIX=/home/anish/ps1_ws/install/turtlebot3_navigation2
[0.698s] Invoking command in '/home/anish/ps1_ws/build/turtlebot3_navigation2': CMAKE_PREFIX_PATH=/home/anish/ps1_ws/install/my_world_launcher:/opt/ros/humble /usr/bin/cmake --build /home/anish/ps1_ws/build/turtlebot3_navigation2 -- -j16 -l16
[0.732s] Invoked command in '/home/anish/ps1_ws/build/turtlebot3_navigation2' returned '0': CMAKE_PREFIX_PATH=/home/anish/ps1_ws/install/my_world_launcher:/opt/ros/humble /usr/bin/cmake --build /home/anish/ps1_ws/build/turtlebot3_navigation2 -- -j16 -l16
[0.734s] Invoking command in '/home/anish/ps1_ws/build/turtlebot3_navigation2': CMAKE_PREFIX_PATH=/home/anish/ps1_ws/install/my_world_launcher:/opt/ros/humble /usr/bin/cmake --install /home/anish/ps1_ws/build/turtlebot3_navigation2
[0.739s] -- Install configuration: ""
[0.739s] -- Installing: /home/anish/ps1_ws/install/turtlebot3_navigation2/share/turtlebot3_navigation2/launch
[0.739s] -- Installing: /home/anish/ps1_ws/install/turtlebot3_navigation2/share/turtlebot3_navigation2/launch/navigation2.launch.py
[0.740s] -- Installing: /home/anish/ps1_ws/install/turtlebot3_navigation2/share/turtlebot3_navigation2/map
[0.740s] -- Installing: /home/anish/ps1_ws/install/turtlebot3_navigation2/share/turtlebot3_navigation2/map/map.yaml
[0.740s] -- Installing: /home/anish/ps1_ws/install/turtlebot3_navigation2/share/turtlebot3_navigation2/map/map.pgm
[0.740s] -- Installing: /home/anish/ps1_ws/install/turtlebot3_navigation2/share/turtlebot3_navigation2/param
[0.740s] -- Installing: /home/anish/ps1_ws/install/turtlebot3_navigation2/share/turtlebot3_navigation2/param/waffle_pi.yaml
[0.740s] -- Installing: /home/anish/ps1_ws/install/turtlebot3_navigation2/share/turtlebot3_navigation2/param/humble
[0.741s] -- Installing: /home/anish/ps1_ws/install/turtlebot3_navigation2/share/turtlebot3_navigation2/param/humble/waffle_pi.yaml
[0.741s] -- Installing: /home/anish/ps1_ws/install/turtlebot3_navigation2/share/turtlebot3_navigation2/param/humble/burger_cam.yaml
[0.741s] -- Installing: /home/anish/ps1_ws/install/turtlebot3_navigation2/share/turtlebot3_navigation2/param/humble/burger.yaml
[0.741s] -- Installing: /home/anish/ps1_ws/install/turtlebot3_navigation2/share/turtlebot3_navigation2/param/humble/waffle.yaml
[0.741s] -- Installing: /home/anish/ps1_ws/install/turtlebot3_navigation2/share/turtlebot3_navigation2/param/burger_cam.yaml
[0.741s] -- Installing: /home/anish/ps1_ws/install/turtlebot3_navigation2/share/turtlebot3_navigation2/param/burger.yaml
[0.741s] -- Installing: /home/anish/ps1_ws/install/turtlebot3_navigation2/share/turtlebot3_navigation2/param/waffle.yaml
[0.741s] -- Installing: /home/anish/ps1_ws/install/turtlebot3_navigation2/share/turtlebot3_navigation2/rviz
[0.741s] -- Installing: /home/anish/ps1_ws/install/turtlebot3_navigation2/share/turtlebot3_navigation2/rviz/tb3_navigation2.rviz
[0.742s] -- Installing: /home/anish/ps1_ws/install/turtlebot3_navigation2/share/ament_index/resource_index/package_run_dependencies/turtlebot3_navigation2
[0.742s] -- Installing: /home/anish/ps1_ws/install/turtlebot3_navigation2/share/ament_index/resource_index/parent_prefix_path/turtlebot3_navigation2
[0.742s] -- Installing: /home/anish/ps1_ws/install/turtlebot3_navigation2/share/turtlebot3_navigation2/environment/ament_prefix_path.sh
[0.742s] -- Installing: /home/anish/ps1_ws/install/turtlebot3_navigation2/share/turtlebot3_navigation2/environment/ament_prefix_path.dsv
[0.742s] -- Installing: /home/anish/ps1_ws/install/turtlebot3_navigation2/share/turtlebot3_navigation2/environment/path.sh
[0.742s] -- Installing: /home/anish/ps1_ws/install/turtlebot3_navigation2/share/turtlebot3_navigation2/environment/path.dsv
[0.742s] -- Installing: /home/anish/ps1_ws/install/turtlebot3_navigation2/share/turtlebot3_navigation2/local_setup.bash
[0.742s] -- Installing: /home/anish/ps1_ws/install/turtlebot3_navigation2/share/turtlebot3_navigation2/local_setup.sh
[0.743s] -- Installing: /home/anish/ps1_ws/install/turtlebot3_navigation2/share/turtlebot3_navigation2/local_setup.zsh
[0.743s] -- Installing: /home/anish/ps1_ws/install/turtlebot3_navigation2/share/turtlebot3_navigation2/local_setup.dsv
[0.743s] -- Installing: /home/anish/ps1_ws/install/turtlebot3_navigation2/share/turtlebot3_navigation2/package.dsv
[0.743s] -- Installing: /home/anish/ps1_ws/install/turtlebot3_navigation2/share/ament_index/resource_index/packages/turtlebot3_navigation2
[0.743s] -- Installing: /home/anish/ps1_ws/install/turtlebot3_navigation2/share/turtlebot3_navigation2/cmake/turtlebot3_navigation2Config.cmake
[0.743s] -- Installing: /home/anish/ps1_ws/install/turtlebot3_navigation2/share/turtlebot3_navigation2/cmake/turtlebot3_navigation2Config-version.cmake
[0.743s] -- Installing: /home/anish/ps1_ws/install/turtlebot3_navigation2/share/turtlebot3_navigation2/package.xml
[0.746s] Invoked command in '/home/anish/ps1_ws/build/turtlebot3_navigation2' returned '0': CMAKE_PREFIX_PATH=/home/anish/ps1_ws/install/my_world_launcher:/opt/ros/humble /usr/bin/cmake --install /home/anish/ps1_ws/build/turtlebot3_navigation2
