[0.108s] DEBUG:colcon:Command line arguments: ['/usr/bin/colcon', 'build', '--packages-select', 'turtlebot3_gazebo']
[0.108s] DEBUG:colcon:Parsed command line arguments: Namespace(log_base=None, log_level=None, verb_name='build', build_base='build', install_base='install', merge_install=False, symlink_install=False, test_result_base=None, continue_on_error=False, executor='parallel', parallel_workers=16, event_handlers=None, ignore_user_meta=False, metas=['./colcon.meta'], base_paths=['.'], packages_ignore=None, packages_ignore_regex=None, paths=None, packages_up_to=None, packages_up_to_regex=None, packages_above=None, packages_above_and_dependencies=None, packages_above_depth=None, packages_select_by_dep=None, packages_skip_by_dep=None, packages_skip_up_to=None, packages_select_build_failed=False, packages_skip_build_finished=False, packages_select_test_failures=False, packages_skip_test_passed=False, packages_select=['turtlebot3_gazebo'], packages_skip=None, packages_select_regex=None, packages_skip_regex=None, packages_start=None, packages_end=None, allow_overriding=[], cmake_args=None, cmake_target=None, cmake_target_skip_unavailable=False, cmake_clean_cache=False, cmake_clean_first=False, cmake_force_configure=False, ament_cmake_args=None, catkin_cmake_args=None, catkin_skip_building_tests=False, verb_parser=<colcon_defaults.argument_parser.defaults.DefaultArgumentsDecorator object at 0x7862e47cd360>, verb_extension=<colcon_core.verb.build.BuildVerb object at 0x7862e4996980>, main=<bound method BuildVerb.main of <colcon_core.verb.build.BuildVerb object at 0x7862e4996980>>)
[0.227s] Level 1:colcon.colcon_core.package_discovery:discover_packages(colcon_meta) check parameters
[0.227s] Level 1:colcon.colcon_core.package_discovery:discover_packages(recursive) check parameters
[0.227s] Level 1:colcon.colcon_core.package_discovery:discover_packages(ignore) check parameters
[0.227s] Level 1:colcon.colcon_core.package_discovery:discover_packages(path) check parameters
[0.227s] Level 1:colcon.colcon_core.package_discovery:discover_packages(colcon_meta) discover
[0.227s] Level 1:colcon.colcon_core.package_discovery:discover_packages(recursive) discover
[0.227s] INFO:colcon.colcon_core.package_discovery:Crawling recursively for packages in '/home/anish/ps1_ws'
[0.228s] Level 1:colcon.colcon_core.package_identification:_identify(.) by extensions ['ignore', 'ignore_ament_install']
[0.228s] Level 1:colcon.colcon_core.package_identification:_identify(.) by extension 'ignore'
[0.228s] Level 1:colcon.colcon_core.package_identification:_identify(.) by extension 'ignore_ament_install'
[0.228s] Level 1:colcon.colcon_core.package_identification:_identify(.) by extensions ['colcon_pkg']
[0.228s] Level 1:colcon.colcon_core.package_identification:_identify(.) by extension 'colcon_pkg'
[0.228s] Level 1:colcon.colcon_core.package_identification:_identify(.) by extensions ['colcon_meta']
[0.228s] Level 1:colcon.colcon_core.package_identification:_identify(.) by extension 'colcon_meta'
[0.228s] Level 1:colcon.colcon_core.package_identification:_identify(.) by extensions ['ros']
[0.228s] Level 1:colcon.colcon_core.package_identification:_identify(.) by extension 'ros'
[0.239s] Level 1:colcon.colcon_core.package_identification:_identify(.) by extensions ['cmake', 'python']
[0.239s] Level 1:colcon.colcon_core.package_identification:_identify(.) by extension 'cmake'
[0.240s] Level 1:colcon.colcon_core.package_identification:_identify(.) by extension 'python'
[0.240s] Level 1:colcon.colcon_core.package_identification:_identify(.) by extensions ['python_setup_py']
[0.240s] Level 1:colcon.colcon_core.package_identification:_identify(.) by extension 'python_setup_py'
[0.240s] Level 1:colcon.colcon_core.package_identification:_identify(build) by extensions ['ignore', 'ignore_ament_install']
[0.240s] Level 1:colcon.colcon_core.package_identification:_identify(build) by extension 'ignore'
[0.240s] Level 1:colcon.colcon_core.package_identification:_identify(build) ignored
[0.240s] Level 1:colcon.colcon_core.package_identification:_identify(install) by extensions ['ignore', 'ignore_ament_install']
[0.240s] Level 1:colcon.colcon_core.package_identification:_identify(install) by extension 'ignore'
[0.240s] Level 1:colcon.colcon_core.package_identification:_identify(install) ignored
[0.240s] Level 1:colcon.colcon_core.package_identification:_identify(log) by extensions ['ignore', 'ignore_ament_install']
[0.240s] Level 1:colcon.colcon_core.package_identification:_identify(log) by extension 'ignore'
[0.240s] Level 1:colcon.colcon_core.package_identification:_identify(log) ignored
[0.241s] Level 1:colcon.colcon_core.package_identification:_identify(src) by extensions ['ignore', 'ignore_ament_install']
[0.241s] Level 1:colcon.colcon_core.package_identification:_identify(src) by extension 'ignore'
[0.241s] Level 1:colcon.colcon_core.package_identification:_identify(src) by extension 'ignore_ament_install'
[0.241s] Level 1:colcon.colcon_core.package_identification:_identify(src) by extensions ['colcon_pkg']
[0.241s] Level 1:colcon.colcon_core.package_identification:_identify(src) by extension 'colcon_pkg'
[0.241s] Level 1:colcon.colcon_core.package_identification:_identify(src) by extensions ['colcon_meta']
[0.241s] Level 1:colcon.colcon_core.package_identification:_identify(src) by extension 'colcon_meta'
[0.241s] Level 1:colcon.colcon_core.package_identification:_identify(src) by extensions ['ros']
[0.241s] Level 1:colcon.colcon_core.package_identification:_identify(src) by extension 'ros'
[0.241s] Level 1:colcon.colcon_core.package_identification:_identify(src) by extensions ['cmake', 'python']
[0.241s] Level 1:colcon.colcon_core.package_identification:_identify(src) by extension 'cmake'
[0.241s] Level 1:colcon.colcon_core.package_identification:_identify(src) by extension 'python'
[0.241s] Level 1:colcon.colcon_core.package_identification:_identify(src) by extensions ['python_setup_py']
[0.241s] Level 1:colcon.colcon_core.package_identification:_identify(src) by extension 'python_setup_py'
[0.241s] Level 1:colcon.colcon_core.package_identification:_identify(src/Dataset-of-Gazebo-Worlds-Models-and-Maps) by extensions ['ignore', 'ignore_ament_install']
[0.241s] Level 1:colcon.colcon_core.package_identification:_identify(src/Dataset-of-Gazebo-Worlds-Models-and-Maps) by extension 'ignore'
[0.241s] Level 1:colcon.colcon_core.package_identification:_identify(src/Dataset-of-Gazebo-Worlds-Models-and-Maps) by extension 'ignore_ament_install'
[0.241s] Level 1:colcon.colcon_core.package_identification:_identify(src/Dataset-of-Gazebo-Worlds-Models-and-Maps) by extensions ['colcon_pkg']
[0.241s] Level 1:colcon.colcon_core.package_identification:_identify(src/Dataset-of-Gazebo-Worlds-Models-and-Maps) by extension 'colcon_pkg'
[0.241s] Level 1:colcon.colcon_core.package_identification:_identify(src/Dataset-of-Gazebo-Worlds-Models-and-Maps) by extensions ['colcon_meta']
[0.241s] Level 1:colcon.colcon_core.package_identification:_identify(src/Dataset-of-Gazebo-Worlds-Models-and-Maps) by extension 'colcon_meta'
[0.241s] Level 1:colcon.colcon_core.package_identification:_identify(src/Dataset-of-Gazebo-Worlds-Models-and-Maps) by extensions ['ros']
[0.241s] Level 1:colcon.colcon_core.package_identification:_identify(src/Dataset-of-Gazebo-Worlds-Models-and-Maps) by extension 'ros'
[0.241s] Level 1:colcon.colcon_core.package_identification:_identify(src/Dataset-of-Gazebo-Worlds-Models-and-Maps) by extensions ['cmake', 'python']
[0.241s] Level 1:colcon.colcon_core.package_identification:_identify(src/Dataset-of-Gazebo-Worlds-Models-and-Maps) by extension 'cmake'
[0.241s] Level 1:colcon.colcon_core.package_identification:_identify(src/Dataset-of-Gazebo-Worlds-Models-and-Maps) by extension 'python'
[0.241s] Level 1:colcon.colcon_core.package_identification:_identify(src/Dataset-of-Gazebo-Worlds-Models-and-Maps) by extensions ['python_setup_py']
[0.241s] Level 1:colcon.colcon_core.package_identification:_identify(src/Dataset-of-Gazebo-Worlds-Models-and-Maps) by extension 'python_setup_py'
[0.241s] Level 1:colcon.colcon_core.package_identification:_identify(src/Dataset-of-Gazebo-Worlds-Models-and-Maps/robots) by extensions ['ignore', 'ignore_ament_install']
[0.241s] Level 1:colcon.colcon_core.package_identification:_identify(src/Dataset-of-Gazebo-Worlds-Models-and-Maps/robots) by extension 'ignore'
[0.241s] Level 1:colcon.colcon_core.package_identification:_identify(src/Dataset-of-Gazebo-Worlds-Models-and-Maps/robots) by extension 'ignore_ament_install'
[0.242s] Level 1:colcon.colcon_core.package_identification:_identify(src/Dataset-of-Gazebo-Worlds-Models-and-Maps/robots) by extensions ['colcon_pkg']
[0.242s] Level 1:colcon.colcon_core.package_identification:_identify(src/Dataset-of-Gazebo-Worlds-Models-and-Maps/robots) by extension 'colcon_pkg'
[0.242s] Level 1:colcon.colcon_core.package_identification:_identify(src/Dataset-of-Gazebo-Worlds-Models-and-Maps/robots) by extensions ['colcon_meta']
[0.242s] Level 1:colcon.colcon_core.package_identification:_identify(src/Dataset-of-Gazebo-Worlds-Models-and-Maps/robots) by extension 'colcon_meta'
[0.242s] Level 1:colcon.colcon_core.package_identification:_identify(src/Dataset-of-Gazebo-Worlds-Models-and-Maps/robots) by extensions ['ros']
[0.242s] Level 1:colcon.colcon_core.package_identification:_identify(src/Dataset-of-Gazebo-Worlds-Models-and-Maps/robots) by extension 'ros'
[0.242s] Level 1:colcon.colcon_core.package_identification:_identify(src/Dataset-of-Gazebo-Worlds-Models-and-Maps/robots) by extensions ['cmake', 'python']
[0.242s] Level 1:colcon.colcon_core.package_identification:_identify(src/Dataset-of-Gazebo-Worlds-Models-and-Maps/robots) by extension 'cmake'
[0.242s] Level 1:colcon.colcon_core.package_identification:_identify(src/Dataset-of-Gazebo-Worlds-Models-and-Maps/robots) by extension 'python'
[0.242s] Level 1:colcon.colcon_core.package_identification:_identify(src/Dataset-of-Gazebo-Worlds-Models-and-Maps/robots) by extensions ['python_setup_py']
[0.242s] Level 1:colcon.colcon_core.package_identification:_identify(src/Dataset-of-Gazebo-Worlds-Models-and-Maps/robots) by extension 'python_setup_py'
[0.242s] Level 1:colcon.colcon_core.package_identification:_identify(src/Dataset-of-Gazebo-Worlds-Models-and-Maps/robots/tb3_waffle_realsense_no_visuals) by extensions ['ignore', 'ignore_ament_install']
[0.242s] Level 1:colcon.colcon_core.package_identification:_identify(src/Dataset-of-Gazebo-Worlds-Models-and-Maps/robots/tb3_waffle_realsense_no_visuals) by extension 'ignore'
[0.242s] Level 1:colcon.colcon_core.package_identification:_identify(src/Dataset-of-Gazebo-Worlds-Models-and-Maps/robots/tb3_waffle_realsense_no_visuals) by extension 'ignore_ament_install'
[0.242s] Level 1:colcon.colcon_core.package_identification:_identify(src/Dataset-of-Gazebo-Worlds-Models-and-Maps/robots/tb3_waffle_realsense_no_visuals) by extensions ['colcon_pkg']
[0.242s] Level 1:colcon.colcon_core.package_identification:_identify(src/Dataset-of-Gazebo-Worlds-Models-and-Maps/robots/tb3_waffle_realsense_no_visuals) by extension 'colcon_pkg'
[0.242s] Level 1:colcon.colcon_core.package_identification:_identify(src/Dataset-of-Gazebo-Worlds-Models-and-Maps/robots/tb3_waffle_realsense_no_visuals) by extensions ['colcon_meta']
[0.242s] Level 1:colcon.colcon_core.package_identification:_identify(src/Dataset-of-Gazebo-Worlds-Models-and-Maps/robots/tb3_waffle_realsense_no_visuals) by extension 'colcon_meta'
[0.242s] Level 1:colcon.colcon_core.package_identification:_identify(src/Dataset-of-Gazebo-Worlds-Models-and-Maps/robots/tb3_waffle_realsense_no_visuals) by extensions ['ros']
[0.242s] Level 1:colcon.colcon_core.package_identification:_identify(src/Dataset-of-Gazebo-Worlds-Models-and-Maps/robots/tb3_waffle_realsense_no_visuals) by extension 'ros'
[0.242s] Level 1:colcon.colcon_core.package_identification:_identify(src/Dataset-of-Gazebo-Worlds-Models-and-Maps/robots/tb3_waffle_realsense_no_visuals) by extensions ['cmake', 'python']
[0.242s] Level 1:colcon.colcon_core.package_identification:_identify(src/Dataset-of-Gazebo-Worlds-Models-and-Maps/robots/tb3_waffle_realsense_no_visuals) by extension 'cmake'
[0.242s] Level 1:colcon.colcon_core.package_identification:_identify(src/Dataset-of-Gazebo-Worlds-Models-and-Maps/robots/tb3_waffle_realsense_no_visuals) by extension 'python'
[0.242s] Level 1:colcon.colcon_core.package_identification:_identify(src/Dataset-of-Gazebo-Worlds-Models-and-Maps/robots/tb3_waffle_realsense_no_visuals) by extensions ['python_setup_py']
[0.242s] Level 1:colcon.colcon_core.package_identification:_identify(src/Dataset-of-Gazebo-Worlds-Models-and-Maps/robots/tb3_waffle_realsense_no_visuals) by extension 'python_setup_py'
[0.242s] Level 1:colcon.colcon_core.package_identification:_identify(src/Dataset-of-Gazebo-Worlds-Models-and-Maps/robots/turtlebot3_burger) by extensions ['ignore', 'ignore_ament_install']
[0.242s] Level 1:colcon.colcon_core.package_identification:_identify(src/Dataset-of-Gazebo-Worlds-Models-and-Maps/robots/turtlebot3_burger) by extension 'ignore'
[0.242s] Level 1:colcon.colcon_core.package_identification:_identify(src/Dataset-of-Gazebo-Worlds-Models-and-Maps/robots/turtlebot3_burger) by extension 'ignore_ament_install'
[0.242s] Level 1:colcon.colcon_core.package_identification:_identify(src/Dataset-of-Gazebo-Worlds-Models-and-Maps/robots/turtlebot3_burger) by extensions ['colcon_pkg']
[0.242s] Level 1:colcon.colcon_core.package_identification:_identify(src/Dataset-of-Gazebo-Worlds-Models-and-Maps/robots/turtlebot3_burger) by extension 'colcon_pkg'
[0.242s] Level 1:colcon.colcon_core.package_identification:_identify(src/Dataset-of-Gazebo-Worlds-Models-and-Maps/robots/turtlebot3_burger) by extensions ['colcon_meta']
[0.242s] Level 1:colcon.colcon_core.package_identification:_identify(src/Dataset-of-Gazebo-Worlds-Models-and-Maps/robots/turtlebot3_burger) by extension 'colcon_meta'
[0.242s] Level 1:colcon.colcon_core.package_identification:_identify(src/Dataset-of-Gazebo-Worlds-Models-and-Maps/robots/turtlebot3_burger) by extensions ['ros']
[0.242s] Level 1:colcon.colcon_core.package_identification:_identify(src/Dataset-of-Gazebo-Worlds-Models-and-Maps/robots/turtlebot3_burger) by extension 'ros'
[0.243s] Level 1:colcon.colcon_core.package_identification:_identify(src/Dataset-of-Gazebo-Worlds-Models-and-Maps/robots/turtlebot3_burger) by extensions ['cmake', 'python']
[0.243s] Level 1:colcon.colcon_core.package_identification:_identify(src/Dataset-of-Gazebo-Worlds-Models-and-Maps/robots/turtlebot3_burger) by extension 'cmake'
[0.243s] Level 1:colcon.colcon_core.package_identification:_identify(src/Dataset-of-Gazebo-Worlds-Models-and-Maps/robots/turtlebot3_burger) by extension 'python'
[0.243s] Level 1:colcon.colcon_core.package_identification:_identify(src/Dataset-of-Gazebo-Worlds-Models-and-Maps/robots/turtlebot3_burger) by extensions ['python_setup_py']
[0.243s] Level 1:colcon.colcon_core.package_identification:_identify(src/Dataset-of-Gazebo-Worlds-Models-and-Maps/robots/turtlebot3_burger) by extension 'python_setup_py'
[0.243s] Level 1:colcon.colcon_core.package_identification:_identify(src/Dataset-of-Gazebo-Worlds-Models-and-Maps/robots/turtlebot3_burger/meshes) by extensions ['ignore', 'ignore_ament_install']
[0.243s] Level 1:colcon.colcon_core.package_identification:_identify(src/Dataset-of-Gazebo-Worlds-Models-and-Maps/robots/turtlebot3_burger/meshes) by extension 'ignore'
[0.243s] Level 1:colcon.colcon_core.package_identification:_identify(src/Dataset-of-Gazebo-Worlds-Models-and-Maps/robots/turtlebot3_burger/meshes) by extension 'ignore_ament_install'
[0.243s] Level 1:colcon.colcon_core.package_identification:_identify(src/Dataset-of-Gazebo-Worlds-Models-and-Maps/robots/turtlebot3_burger/meshes) by extensions ['colcon_pkg']
[0.243s] Level 1:colcon.colcon_core.package_identification:_identify(src/Dataset-of-Gazebo-Worlds-Models-and-Maps/robots/turtlebot3_burger/meshes) by extension 'colcon_pkg'
[0.243s] Level 1:colcon.colcon_core.package_identification:_identify(src/Dataset-of-Gazebo-Worlds-Models-and-Maps/robots/turtlebot3_burger/meshes) by extensions ['colcon_meta']
[0.243s] Level 1:colcon.colcon_core.package_identification:_identify(src/Dataset-of-Gazebo-Worlds-Models-and-Maps/robots/turtlebot3_burger/meshes) by extension 'colcon_meta'
[0.243s] Level 1:colcon.colcon_core.package_identification:_identify(src/Dataset-of-Gazebo-Worlds-Models-and-Maps/robots/turtlebot3_burger/meshes) by extensions ['ros']
[0.243s] Level 1:colcon.colcon_core.package_identification:_identify(src/Dataset-of-Gazebo-Worlds-Models-and-Maps/robots/turtlebot3_burger/meshes) by extension 'ros'
[0.243s] Level 1:colcon.colcon_core.package_identification:_identify(src/Dataset-of-Gazebo-Worlds-Models-and-Maps/robots/turtlebot3_burger/meshes) by extensions ['cmake', 'python']
[0.243s] Level 1:colcon.colcon_core.package_identification:_identify(src/Dataset-of-Gazebo-Worlds-Models-and-Maps/robots/turtlebot3_burger/meshes) by extension 'cmake'
[0.243s] Level 1:colcon.colcon_core.package_identification:_identify(src/Dataset-of-Gazebo-Worlds-Models-and-Maps/robots/turtlebot3_burger/meshes) by extension 'python'
[0.243s] Level 1:colcon.colcon_core.package_identification:_identify(src/Dataset-of-Gazebo-Worlds-Models-and-Maps/robots/turtlebot3_burger/meshes) by extensions ['python_setup_py']
[0.243s] Level 1:colcon.colcon_core.package_identification:_identify(src/Dataset-of-Gazebo-Worlds-Models-and-Maps/robots/turtlebot3_burger/meshes) by extension 'python_setup_py'
[0.243s] Level 1:colcon.colcon_core.package_identification:_identify(src/Dataset-of-Gazebo-Worlds-Models-and-Maps/robots/turtlebot3_waffle) by extensions ['ignore', 'ignore_ament_install']
[0.243s] Level 1:colcon.colcon_core.package_identification:_identify(src/Dataset-of-Gazebo-Worlds-Models-and-Maps/robots/turtlebot3_waffle) by extension 'ignore'
[0.243s] Level 1:colcon.colcon_core.package_identification:_identify(src/Dataset-of-Gazebo-Worlds-Models-and-Maps/robots/turtlebot3_waffle) by extension 'ignore_ament_install'
[0.243s] Level 1:colcon.colcon_core.package_identification:_identify(src/Dataset-of-Gazebo-Worlds-Models-and-Maps/robots/turtlebot3_waffle) by extensions ['colcon_pkg']
[0.243s] Level 1:colcon.colcon_core.package_identification:_identify(src/Dataset-of-Gazebo-Worlds-Models-and-Maps/robots/turtlebot3_waffle) by extension 'colcon_pkg'
[0.243s] Level 1:colcon.colcon_core.package_identification:_identify(src/Dataset-of-Gazebo-Worlds-Models-and-Maps/robots/turtlebot3_waffle) by extensions ['colcon_meta']
[0.244s] Level 1:colcon.colcon_core.package_identification:_identify(src/Dataset-of-Gazebo-Worlds-Models-and-Maps/robots/turtlebot3_waffle) by extension 'colcon_meta'
[0.244s] Level 1:colcon.colcon_core.package_identification:_identify(src/Dataset-of-Gazebo-Worlds-Models-and-Maps/robots/turtlebot3_waffle) by extensions ['ros']
[0.244s] Level 1:colcon.colcon_core.package_identification:_identify(src/Dataset-of-Gazebo-Worlds-Models-and-Maps/robots/turtlebot3_waffle) by extension 'ros'
[0.244s] Level 1:colcon.colcon_core.package_identification:_identify(src/Dataset-of-Gazebo-Worlds-Models-and-Maps/robots/turtlebot3_waffle) by extensions ['cmake', 'python']
[0.244s] Level 1:colcon.colcon_core.package_identification:_identify(src/Dataset-of-Gazebo-Worlds-Models-and-Maps/robots/turtlebot3_waffle) by extension 'cmake'
[0.244s] Level 1:colcon.colcon_core.package_identification:_identify(src/Dataset-of-Gazebo-Worlds-Models-and-Maps/robots/turtlebot3_waffle) by extension 'python'
[0.244s] Level 1:colcon.colcon_core.package_identification:_identify(src/Dataset-of-Gazebo-Worlds-Models-and-Maps/robots/turtlebot3_waffle) by extensions ['python_setup_py']
[0.244s] Level 1:colcon.colcon_core.package_identification:_identify(src/Dataset-of-Gazebo-Worlds-Models-and-Maps/robots/turtlebot3_waffle) by extension 'python_setup_py'
[0.244s] Level 1:colcon.colcon_core.package_identification:_identify(src/Dataset-of-Gazebo-Worlds-Models-and-Maps/robots/turtlebot3_waffle/meshes) by extensions ['ignore', 'ignore_ament_install']
[0.244s] Level 1:colcon.colcon_core.package_identification:_identify(src/Dataset-of-Gazebo-Worlds-Models-and-Maps/robots/turtlebot3_waffle/meshes) by extension 'ignore'
[0.244s] Level 1:colcon.colcon_core.package_identification:_identify(src/Dataset-of-Gazebo-Worlds-Models-and-Maps/robots/turtlebot3_waffle/meshes) by extension 'ignore_ament_install'
[0.244s] Level 1:colcon.colcon_core.package_identification:_identify(src/Dataset-of-Gazebo-Worlds-Models-and-Maps/robots/turtlebot3_waffle/meshes) by extensions ['colcon_pkg']
[0.244s] Level 1:colcon.colcon_core.package_identification:_identify(src/Dataset-of-Gazebo-Worlds-Models-and-Maps/robots/turtlebot3_waffle/meshes) by extension 'colcon_pkg'
[0.244s] Level 1:colcon.colcon_core.package_identification:_identify(src/Dataset-of-Gazebo-Worlds-Models-and-Maps/robots/turtlebot3_waffle/meshes) by extensions ['colcon_meta']
[0.244s] Level 1:colcon.colcon_core.package_identification:_identify(src/Dataset-of-Gazebo-Worlds-Models-and-Maps/robots/turtlebot3_waffle/meshes) by extension 'colcon_meta'
[0.244s] Level 1:colcon.colcon_core.package_identification:_identify(src/Dataset-of-Gazebo-Worlds-Models-and-Maps/robots/turtlebot3_waffle/meshes) by extensions ['ros']
[0.244s] Level 1:colcon.colcon_core.package_identification:_identify(src/Dataset-of-Gazebo-Worlds-Models-and-Maps/robots/turtlebot3_waffle/meshes) by extension 'ros'
[0.244s] Level 1:colcon.colcon_core.package_identification:_identify(src/Dataset-of-Gazebo-Worlds-Models-and-Maps/robots/turtlebot3_waffle/meshes) by extensions ['cmake', 'python']
[0.244s] Level 1:colcon.colcon_core.package_identification:_identify(src/Dataset-of-Gazebo-Worlds-Models-and-Maps/robots/turtlebot3_waffle/meshes) by extension 'cmake'
[0.244s] Level 1:colcon.colcon_core.package_identification:_identify(src/Dataset-of-Gazebo-Worlds-Models-and-Maps/robots/turtlebot3_waffle/meshes) by extension 'python'
[0.244s] Level 1:colcon.colcon_core.package_identification:_identify(src/Dataset-of-Gazebo-Worlds-Models-and-Maps/robots/turtlebot3_waffle/meshes) by extensions ['python_setup_py']
[0.244s] Level 1:colcon.colcon_core.package_identification:_identify(src/Dataset-of-Gazebo-Worlds-Models-and-Maps/robots/turtlebot3_waffle/meshes) by extension 'python_setup_py'
[0.244s] Level 1:colcon.colcon_core.package_identification:_identify(src/Dataset-of-Gazebo-Worlds-Models-and-Maps/robots/turtlebot3_waffle_pi) by extensions ['ignore', 'ignore_ament_install']
[0.244s] Level 1:colcon.colcon_core.package_identification:_identify(src/Dataset-of-Gazebo-Worlds-Models-and-Maps/robots/turtlebot3_waffle_pi) by extension 'ignore'
[0.244s] Level 1:colcon.colcon_core.package_identification:_identify(src/Dataset-of-Gazebo-Worlds-Models-and-Maps/robots/turtlebot3_waffle_pi) by extension 'ignore_ament_install'
[0.244s] Level 1:colcon.colcon_core.package_identification:_identify(src/Dataset-of-Gazebo-Worlds-Models-and-Maps/robots/turtlebot3_waffle_pi) by extensions ['colcon_pkg']
[0.244s] Level 1:colcon.colcon_core.package_identification:_identify(src/Dataset-of-Gazebo-Worlds-Models-and-Maps/robots/turtlebot3_waffle_pi) by extension 'colcon_pkg'
[0.244s] Level 1:colcon.colcon_core.package_identification:_identify(src/Dataset-of-Gazebo-Worlds-Models-and-Maps/robots/turtlebot3_waffle_pi) by extensions ['colcon_meta']
[0.245s] Level 1:colcon.colcon_core.package_identification:_identify(src/Dataset-of-Gazebo-Worlds-Models-and-Maps/robots/turtlebot3_waffle_pi) by extension 'colcon_meta'
[0.245s] Level 1:colcon.colcon_core.package_identification:_identify(src/Dataset-of-Gazebo-Worlds-Models-and-Maps/robots/turtlebot3_waffle_pi) by extensions ['ros']
[0.245s] Level 1:colcon.colcon_core.package_identification:_identify(src/Dataset-of-Gazebo-Worlds-Models-and-Maps/robots/turtlebot3_waffle_pi) by extension 'ros'
[0.245s] Level 1:colcon.colcon_core.package_identification:_identify(src/Dataset-of-Gazebo-Worlds-Models-and-Maps/robots/turtlebot3_waffle_pi) by extensions ['cmake', 'python']
[0.245s] Level 1:colcon.colcon_core.package_identification:_identify(src/Dataset-of-Gazebo-Worlds-Models-and-Maps/robots/turtlebot3_waffle_pi) by extension 'cmake'
[0.245s] Level 1:colcon.colcon_core.package_identification:_identify(src/Dataset-of-Gazebo-Worlds-Models-and-Maps/robots/turtlebot3_waffle_pi) by extension 'python'
[0.245s] Level 1:colcon.colcon_core.package_identification:_identify(src/Dataset-of-Gazebo-Worlds-Models-and-Maps/robots/turtlebot3_waffle_pi) by extensions ['python_setup_py']
[0.245s] Level 1:colcon.colcon_core.package_identification:_identify(src/Dataset-of-Gazebo-Worlds-Models-and-Maps/robots/turtlebot3_waffle_pi) by extension 'python_setup_py'
[0.245s] Level 1:colcon.colcon_core.package_identification:_identify(src/Dataset-of-Gazebo-Worlds-Models-and-Maps/robots/turtlebot3_waffle_pi/meshes) by extensions ['ignore', 'ignore_ament_install']
[0.245s] Level 1:colcon.colcon_core.package_identification:_identify(src/Dataset-of-Gazebo-Worlds-Models-and-Maps/robots/turtlebot3_waffle_pi/meshes) by extension 'ignore'
[0.245s] Level 1:colcon.colcon_core.package_identification:_identify(src/Dataset-of-Gazebo-Worlds-Models-and-Maps/robots/turtlebot3_waffle_pi/meshes) by extension 'ignore_ament_install'
[0.245s] Level 1:colcon.colcon_core.package_identification:_identify(src/Dataset-of-Gazebo-Worlds-Models-and-Maps/robots/turtlebot3_waffle_pi/meshes) by extensions ['colcon_pkg']
[0.245s] Level 1:colcon.colcon_core.package_identification:_identify(src/Dataset-of-Gazebo-Worlds-Models-and-Maps/robots/turtlebot3_waffle_pi/meshes) by extension 'colcon_pkg'
[0.245s] Level 1:colcon.colcon_core.package_identification:_identify(src/Dataset-of-Gazebo-Worlds-Models-and-Maps/robots/turtlebot3_waffle_pi/meshes) by extensions ['colcon_meta']
[0.245s] Level 1:colcon.colcon_core.package_identification:_identify(src/Dataset-of-Gazebo-Worlds-Models-and-Maps/robots/turtlebot3_waffle_pi/meshes) by extension 'colcon_meta'
[0.245s] Level 1:colcon.colcon_core.package_identification:_identify(src/Dataset-of-Gazebo-Worlds-Models-and-Maps/robots/turtlebot3_waffle_pi/meshes) by extensions ['ros']
[0.245s] Level 1:colcon.colcon_core.package_identification:_identify(src/Dataset-of-Gazebo-Worlds-Models-and-Maps/robots/turtlebot3_waffle_pi/meshes) by extension 'ros'
[0.245s] Level 1:colcon.colcon_core.package_identification:_identify(src/Dataset-of-Gazebo-Worlds-Models-and-Maps/robots/turtlebot3_waffle_pi/meshes) by extensions ['cmake', 'python']
[0.245s] Level 1:colcon.colcon_core.package_identification:_identify(src/Dataset-of-Gazebo-Worlds-Models-and-Maps/robots/turtlebot3_waffle_pi/meshes) by extension 'cmake'
[0.245s] Level 1:colcon.colcon_core.package_identification:_identify(src/Dataset-of-Gazebo-Worlds-Models-and-Maps/robots/turtlebot3_waffle_pi/meshes) by extension 'python'
[0.245s] Level 1:colcon.colcon_core.package_identification:_identify(src/Dataset-of-Gazebo-Worlds-Models-and-Maps/robots/turtlebot3_waffle_pi/meshes) by extensions ['python_setup_py']
[0.245s] Level 1:colcon.colcon_core.package_identification:_identify(src/Dataset-of-Gazebo-Worlds-Models-and-Maps/robots/turtlebot3_waffle_pi/meshes) by extension 'python_setup_py'
[0.245s] Level 1:colcon.colcon_core.package_identification:_identify(src/Dataset-of-Gazebo-Worlds-Models-and-Maps/worldsofgazeboturtle) by extensions ['ignore', 'ignore_ament_install']
[0.245s] Level 1:colcon.colcon_core.package_identification:_identify(src/Dataset-of-Gazebo-Worlds-Models-and-Maps/worldsofgazeboturtle) by extension 'ignore'
[0.245s] Level 1:colcon.colcon_core.package_identification:_identify(src/Dataset-of-Gazebo-Worlds-Models-and-Maps/worldsofgazeboturtle) by extension 'ignore_ament_install'
[0.245s] Level 1:colcon.colcon_core.package_identification:_identify(src/Dataset-of-Gazebo-Worlds-Models-and-Maps/worldsofgazeboturtle) by extensions ['colcon_pkg']
[0.245s] Level 1:colcon.colcon_core.package_identification:_identify(src/Dataset-of-Gazebo-Worlds-Models-and-Maps/worldsofgazeboturtle) by extension 'colcon_pkg'
[0.245s] Level 1:colcon.colcon_core.package_identification:_identify(src/Dataset-of-Gazebo-Worlds-Models-and-Maps/worldsofgazeboturtle) by extensions ['colcon_meta']
[0.245s] Level 1:colcon.colcon_core.package_identification:_identify(src/Dataset-of-Gazebo-Worlds-Models-and-Maps/worldsofgazeboturtle) by extension 'colcon_meta'
[0.245s] Level 1:colcon.colcon_core.package_identification:_identify(src/Dataset-of-Gazebo-Worlds-Models-and-Maps/worldsofgazeboturtle) by extensions ['ros']
[0.245s] Level 1:colcon.colcon_core.package_identification:_identify(src/Dataset-of-Gazebo-Worlds-Models-and-Maps/worldsofgazeboturtle) by extension 'ros'
[0.246s] Level 1:colcon.colcon_core.package_identification:_identify(src/Dataset-of-Gazebo-Worlds-Models-and-Maps/worldsofgazeboturtle) by extensions ['cmake', 'python']
[0.246s] Level 1:colcon.colcon_core.package_identification:_identify(src/Dataset-of-Gazebo-Worlds-Models-and-Maps/worldsofgazeboturtle) by extension 'cmake'
[0.246s] Level 1:colcon.colcon_core.package_identification:_identify(src/Dataset-of-Gazebo-Worlds-Models-and-Maps/worldsofgazeboturtle) by extension 'python'
[0.246s] Level 1:colcon.colcon_core.package_identification:_identify(src/Dataset-of-Gazebo-Worlds-Models-and-Maps/worldsofgazeboturtle) by extensions ['python_setup_py']
[0.246s] Level 1:colcon.colcon_core.package_identification:_identify(src/Dataset-of-Gazebo-Worlds-Models-and-Maps/worldsofgazeboturtle) by extension 'python_setup_py'
[0.246s] Level 1:colcon.colcon_core.package_identification:_identify(src/turtlebot3) by extensions ['ignore', 'ignore_ament_install']
[0.246s] Level 1:colcon.colcon_core.package_identification:_identify(src/turtlebot3) by extension 'ignore'
[0.246s] Level 1:colcon.colcon_core.package_identification:_identify(src/turtlebot3) by extension 'ignore_ament_install'
[0.246s] Level 1:colcon.colcon_core.package_identification:_identify(src/turtlebot3) by extensions ['colcon_pkg']
[0.246s] Level 1:colcon.colcon_core.package_identification:_identify(src/turtlebot3) by extension 'colcon_pkg'
[0.246s] Level 1:colcon.colcon_core.package_identification:_identify(src/turtlebot3) by extensions ['colcon_meta']
[0.246s] Level 1:colcon.colcon_core.package_identification:_identify(src/turtlebot3) by extension 'colcon_meta'
[0.246s] Level 1:colcon.colcon_core.package_identification:_identify(src/turtlebot3) by extensions ['ros']
[0.246s] Level 1:colcon.colcon_core.package_identification:_identify(src/turtlebot3) by extension 'ros'
[0.246s] Level 1:colcon.colcon_core.package_identification:_identify(src/turtlebot3) by extensions ['cmake', 'python']
[0.246s] Level 1:colcon.colcon_core.package_identification:_identify(src/turtlebot3) by extension 'cmake'
[0.246s] Level 1:colcon.colcon_core.package_identification:_identify(src/turtlebot3) by extension 'python'
[0.246s] Level 1:colcon.colcon_core.package_identification:_identify(src/turtlebot3) by extensions ['python_setup_py']
[0.246s] Level 1:colcon.colcon_core.package_identification:_identify(src/turtlebot3) by extension 'python_setup_py'
[0.246s] Level 1:colcon.colcon_core.package_identification:_identify(src/turtlebot3/turtlebot3) by extensions ['ignore', 'ignore_ament_install']
[0.246s] Level 1:colcon.colcon_core.package_identification:_identify(src/turtlebot3/turtlebot3) by extension 'ignore'
[0.246s] Level 1:colcon.colcon_core.package_identification:_identify(src/turtlebot3/turtlebot3) by extension 'ignore_ament_install'
[0.246s] Level 1:colcon.colcon_core.package_identification:_identify(src/turtlebot3/turtlebot3) by extensions ['colcon_pkg']
[0.246s] Level 1:colcon.colcon_core.package_identification:_identify(src/turtlebot3/turtlebot3) by extension 'colcon_pkg'
[0.246s] Level 1:colcon.colcon_core.package_identification:_identify(src/turtlebot3/turtlebot3) by extensions ['colcon_meta']
[0.246s] Level 1:colcon.colcon_core.package_identification:_identify(src/turtlebot3/turtlebot3) by extension 'colcon_meta'
[0.246s] Level 1:colcon.colcon_core.package_identification:_identify(src/turtlebot3/turtlebot3) by extensions ['ros']
[0.246s] Level 1:colcon.colcon_core.package_identification:_identify(src/turtlebot3/turtlebot3) by extension 'ros'
[0.249s] DEBUG:colcon.colcon_core.package_identification:Package 'src/turtlebot3/turtlebot3' with type 'ros.ament_cmake' and name 'turtlebot3'
[0.249s] Level 1:colcon.colcon_core.package_identification:_identify(src/turtlebot3/turtlebot3_bringup) by extensions ['ignore', 'ignore_ament_install']
[0.249s] Level 1:colcon.colcon_core.package_identification:_identify(src/turtlebot3/turtlebot3_bringup) by extension 'ignore'
[0.249s] Level 1:colcon.colcon_core.package_identification:_identify(src/turtlebot3/turtlebot3_bringup) by extension 'ignore_ament_install'
[0.249s] Level 1:colcon.colcon_core.package_identification:_identify(src/turtlebot3/turtlebot3_bringup) by extensions ['colcon_pkg']
[0.249s] Level 1:colcon.colcon_core.package_identification:_identify(src/turtlebot3/turtlebot3_bringup) by extension 'colcon_pkg'
[0.249s] Level 1:colcon.colcon_core.package_identification:_identify(src/turtlebot3/turtlebot3_bringup) by extensions ['colcon_meta']
[0.249s] Level 1:colcon.colcon_core.package_identification:_identify(src/turtlebot3/turtlebot3_bringup) by extension 'colcon_meta'
[0.249s] Level 1:colcon.colcon_core.package_identification:_identify(src/turtlebot3/turtlebot3_bringup) by extensions ['ros']
[0.249s] Level 1:colcon.colcon_core.package_identification:_identify(src/turtlebot3/turtlebot3_bringup) by extension 'ros'
[0.250s] DEBUG:colcon.colcon_core.package_identification:Package 'src/turtlebot3/turtlebot3_bringup' with type 'ros.ament_cmake' and name 'turtlebot3_bringup'
[0.250s] Level 1:colcon.colcon_core.package_identification:_identify(src/turtlebot3/turtlebot3_cartographer) by extensions ['ignore', 'ignore_ament_install']
[0.250s] Level 1:colcon.colcon_core.package_identification:_identify(src/turtlebot3/turtlebot3_cartographer) by extension 'ignore'
[0.250s] Level 1:colcon.colcon_core.package_identification:_identify(src/turtlebot3/turtlebot3_cartographer) by extension 'ignore_ament_install'
[0.250s] Level 1:colcon.colcon_core.package_identification:_identify(src/turtlebot3/turtlebot3_cartographer) by extensions ['colcon_pkg']
[0.250s] Level 1:colcon.colcon_core.package_identification:_identify(src/turtlebot3/turtlebot3_cartographer) by extension 'colcon_pkg'
[0.250s] Level 1:colcon.colcon_core.package_identification:_identify(src/turtlebot3/turtlebot3_cartographer) by extensions ['colcon_meta']
[0.250s] Level 1:colcon.colcon_core.package_identification:_identify(src/turtlebot3/turtlebot3_cartographer) by extension 'colcon_meta'
[0.250s] Level 1:colcon.colcon_core.package_identification:_identify(src/turtlebot3/turtlebot3_cartographer) by extensions ['ros']
[0.250s] Level 1:colcon.colcon_core.package_identification:_identify(src/turtlebot3/turtlebot3_cartographer) by extension 'ros'
[0.251s] DEBUG:colcon.colcon_core.package_identification:Package 'src/turtlebot3/turtlebot3_cartographer' with type 'ros.ament_cmake' and name 'turtlebot3_cartographer'
[0.251s] Level 1:colcon.colcon_core.package_identification:_identify(src/turtlebot3/turtlebot3_description) by extensions ['ignore', 'ignore_ament_install']
[0.251s] Level 1:colcon.colcon_core.package_identification:_identify(src/turtlebot3/turtlebot3_description) by extension 'ignore'
[0.251s] Level 1:colcon.colcon_core.package_identification:_identify(src/turtlebot3/turtlebot3_description) by extension 'ignore_ament_install'
[0.251s] Level 1:colcon.colcon_core.package_identification:_identify(src/turtlebot3/turtlebot3_description) by extensions ['colcon_pkg']
[0.251s] Level 1:colcon.colcon_core.package_identification:_identify(src/turtlebot3/turtlebot3_description) by extension 'colcon_pkg'
[0.251s] Level 1:colcon.colcon_core.package_identification:_identify(src/turtlebot3/turtlebot3_description) by extensions ['colcon_meta']
[0.251s] Level 1:colcon.colcon_core.package_identification:_identify(src/turtlebot3/turtlebot3_description) by extension 'colcon_meta'
[0.251s] Level 1:colcon.colcon_core.package_identification:_identify(src/turtlebot3/turtlebot3_description) by extensions ['ros']
[0.251s] Level 1:colcon.colcon_core.package_identification:_identify(src/turtlebot3/turtlebot3_description) by extension 'ros'
[0.252s] DEBUG:colcon.colcon_core.package_identification:Package 'src/turtlebot3/turtlebot3_description' with type 'ros.ament_cmake' and name 'turtlebot3_description'
[0.252s] Level 1:colcon.colcon_core.package_identification:_identify(src/turtlebot3/turtlebot3_example) by extensions ['ignore', 'ignore_ament_install']
[0.252s] Level 1:colcon.colcon_core.package_identification:_identify(src/turtlebot3/turtlebot3_example) by extension 'ignore'
[0.252s] Level 1:colcon.colcon_core.package_identification:_identify(src/turtlebot3/turtlebot3_example) by extension 'ignore_ament_install'
[0.252s] Level 1:colcon.colcon_core.package_identification:_identify(src/turtlebot3/turtlebot3_example) by extensions ['colcon_pkg']
[0.252s] Level 1:colcon.colcon_core.package_identification:_identify(src/turtlebot3/turtlebot3_example) by extension 'colcon_pkg'
[0.252s] Level 1:colcon.colcon_core.package_identification:_identify(src/turtlebot3/turtlebot3_example) by extensions ['colcon_meta']
[0.252s] Level 1:colcon.colcon_core.package_identification:_identify(src/turtlebot3/turtlebot3_example) by extension 'colcon_meta'
[0.252s] Level 1:colcon.colcon_core.package_identification:_identify(src/turtlebot3/turtlebot3_example) by extensions ['ros']
[0.252s] Level 1:colcon.colcon_core.package_identification:_identify(src/turtlebot3/turtlebot3_example) by extension 'ros'
[0.253s] DEBUG:colcon.colcon_core.package_identification:Package 'src/turtlebot3/turtlebot3_example' with type 'ros.ament_python' and name 'turtlebot3_example'
[0.253s] Level 1:colcon.colcon_core.package_identification:_identify(src/turtlebot3/turtlebot3_navigation2) by extensions ['ignore', 'ignore_ament_install']
[0.253s] Level 1:colcon.colcon_core.package_identification:_identify(src/turtlebot3/turtlebot3_navigation2) by extension 'ignore'
[0.253s] Level 1:colcon.colcon_core.package_identification:_identify(src/turtlebot3/turtlebot3_navigation2) by extension 'ignore_ament_install'
[0.253s] Level 1:colcon.colcon_core.package_identification:_identify(src/turtlebot3/turtlebot3_navigation2) by extensions ['colcon_pkg']
[0.253s] Level 1:colcon.colcon_core.package_identification:_identify(src/turtlebot3/turtlebot3_navigation2) by extension 'colcon_pkg'
[0.253s] Level 1:colcon.colcon_core.package_identification:_identify(src/turtlebot3/turtlebot3_navigation2) by extensions ['colcon_meta']
[0.253s] Level 1:colcon.colcon_core.package_identification:_identify(src/turtlebot3/turtlebot3_navigation2) by extension 'colcon_meta'
[0.253s] Level 1:colcon.colcon_core.package_identification:_identify(src/turtlebot3/turtlebot3_navigation2) by extensions ['ros']
[0.254s] Level 1:colcon.colcon_core.package_identification:_identify(src/turtlebot3/turtlebot3_navigation2) by extension 'ros'
[0.254s] DEBUG:colcon.colcon_core.package_identification:Package 'src/turtlebot3/turtlebot3_navigation2' with type 'ros.ament_cmake' and name 'turtlebot3_navigation2'
[0.254s] Level 1:colcon.colcon_core.package_identification:_identify(src/turtlebot3/turtlebot3_node) by extensions ['ignore', 'ignore_ament_install']
[0.254s] Level 1:colcon.colcon_core.package_identification:_identify(src/turtlebot3/turtlebot3_node) by extension 'ignore'
[0.254s] Level 1:colcon.colcon_core.package_identification:_identify(src/turtlebot3/turtlebot3_node) by extension 'ignore_ament_install'
[0.254s] Level 1:colcon.colcon_core.package_identification:_identify(src/turtlebot3/turtlebot3_node) by extensions ['colcon_pkg']
[0.254s] Level 1:colcon.colcon_core.package_identification:_identify(src/turtlebot3/turtlebot3_node) by extension 'colcon_pkg'
[0.254s] Level 1:colcon.colcon_core.package_identification:_identify(src/turtlebot3/turtlebot3_node) by extensions ['colcon_meta']
[0.254s] Level 1:colcon.colcon_core.package_identification:_identify(src/turtlebot3/turtlebot3_node) by extension 'colcon_meta'
[0.254s] Level 1:colcon.colcon_core.package_identification:_identify(src/turtlebot3/turtlebot3_node) by extensions ['ros']
[0.254s] Level 1:colcon.colcon_core.package_identification:_identify(src/turtlebot3/turtlebot3_node) by extension 'ros'
[0.256s] DEBUG:colcon.colcon_core.package_identification:Package 'src/turtlebot3/turtlebot3_node' with type 'ros.ament_cmake' and name 'turtlebot3_node'
[0.256s] Level 1:colcon.colcon_core.package_identification:_identify(src/turtlebot3/turtlebot3_teleop) by extensions ['ignore', 'ignore_ament_install']
[0.256s] Level 1:colcon.colcon_core.package_identification:_identify(src/turtlebot3/turtlebot3_teleop) by extension 'ignore'
[0.256s] Level 1:colcon.colcon_core.package_identification:_identify(src/turtlebot3/turtlebot3_teleop) by extension 'ignore_ament_install'
[0.256s] Level 1:colcon.colcon_core.package_identification:_identify(src/turtlebot3/turtlebot3_teleop) by extensions ['colcon_pkg']
[0.256s] Level 1:colcon.colcon_core.package_identification:_identify(src/turtlebot3/turtlebot3_teleop) by extension 'colcon_pkg'
[0.256s] Level 1:colcon.colcon_core.package_identification:_identify(src/turtlebot3/turtlebot3_teleop) by extensions ['colcon_meta']
[0.256s] Level 1:colcon.colcon_core.package_identification:_identify(src/turtlebot3/turtlebot3_teleop) by extension 'colcon_meta'
[0.256s] Level 1:colcon.colcon_core.package_identification:_identify(src/turtlebot3/turtlebot3_teleop) by extensions ['ros']
[0.256s] Level 1:colcon.colcon_core.package_identification:_identify(src/turtlebot3/turtlebot3_teleop) by extension 'ros'
[0.256s] DEBUG:colcon.colcon_core.package_identification:Package 'src/turtlebot3/turtlebot3_teleop' with type 'ros.ament_python' and name 'turtlebot3_teleop'
[0.256s] Level 1:colcon.colcon_core.package_identification:_identify(src/turtlebot3_simulations) by extensions ['ignore', 'ignore_ament_install']
[0.257s] Level 1:colcon.colcon_core.package_identification:_identify(src/turtlebot3_simulations) by extension 'ignore'
[0.257s] Level 1:colcon.colcon_core.package_identification:_identify(src/turtlebot3_simulations) by extension 'ignore_ament_install'
[0.257s] Level 1:colcon.colcon_core.package_identification:_identify(src/turtlebot3_simulations) by extensions ['colcon_pkg']
[0.257s] Level 1:colcon.colcon_core.package_identification:_identify(src/turtlebot3_simulations) by extension 'colcon_pkg'
[0.257s] Level 1:colcon.colcon_core.package_identification:_identify(src/turtlebot3_simulations) by extensions ['colcon_meta']
[0.257s] Level 1:colcon.colcon_core.package_identification:_identify(src/turtlebot3_simulations) by extension 'colcon_meta'
[0.257s] Level 1:colcon.colcon_core.package_identification:_identify(src/turtlebot3_simulations) by extensions ['ros']
[0.257s] Level 1:colcon.colcon_core.package_identification:_identify(src/turtlebot3_simulations) by extension 'ros'
[0.257s] Level 1:colcon.colcon_core.package_identification:_identify(src/turtlebot3_simulations) by extensions ['cmake', 'python']
[0.257s] Level 1:colcon.colcon_core.package_identification:_identify(src/turtlebot3_simulations) by extension 'cmake'
[0.257s] Level 1:colcon.colcon_core.package_identification:_identify(src/turtlebot3_simulations) by extension 'python'
[0.257s] Level 1:colcon.colcon_core.package_identification:_identify(src/turtlebot3_simulations) by extensions ['python_setup_py']
[0.257s] Level 1:colcon.colcon_core.package_identification:_identify(src/turtlebot3_simulations) by extension 'python_setup_py'
[0.257s] Level 1:colcon.colcon_core.package_identification:_identify(src/turtlebot3_simulations/turtlebot3_fake_node) by extensions ['ignore', 'ignore_ament_install']
[0.257s] Level 1:colcon.colcon_core.package_identification:_identify(src/turtlebot3_simulations/turtlebot3_fake_node) by extension 'ignore'
[0.257s] Level 1:colcon.colcon_core.package_identification:_identify(src/turtlebot3_simulations/turtlebot3_fake_node) by extension 'ignore_ament_install'
[0.257s] Level 1:colcon.colcon_core.package_identification:_identify(src/turtlebot3_simulations/turtlebot3_fake_node) by extensions ['colcon_pkg']
[0.257s] Level 1:colcon.colcon_core.package_identification:_identify(src/turtlebot3_simulations/turtlebot3_fake_node) by extension 'colcon_pkg'
[0.257s] Level 1:colcon.colcon_core.package_identification:_identify(src/turtlebot3_simulations/turtlebot3_fake_node) by extensions ['colcon_meta']
[0.257s] Level 1:colcon.colcon_core.package_identification:_identify(src/turtlebot3_simulations/turtlebot3_fake_node) by extension 'colcon_meta'
[0.257s] Level 1:colcon.colcon_core.package_identification:_identify(src/turtlebot3_simulations/turtlebot3_fake_node) by extensions ['ros']
[0.257s] Level 1:colcon.colcon_core.package_identification:_identify(src/turtlebot3_simulations/turtlebot3_fake_node) by extension 'ros'
[0.258s] DEBUG:colcon.colcon_core.package_identification:Package 'src/turtlebot3_simulations/turtlebot3_fake_node' with type 'ros.ament_cmake' and name 'turtlebot3_fake_node'
[0.258s] Level 1:colcon.colcon_core.package_identification:_identify(src/turtlebot3_simulations/turtlebot3_gazebo) by extensions ['ignore', 'ignore_ament_install']
[0.258s] Level 1:colcon.colcon_core.package_identification:_identify(src/turtlebot3_simulations/turtlebot3_gazebo) by extension 'ignore'
[0.259s] Level 1:colcon.colcon_core.package_identification:_identify(src/turtlebot3_simulations/turtlebot3_gazebo) by extension 'ignore_ament_install'
[0.259s] Level 1:colcon.colcon_core.package_identification:_identify(src/turtlebot3_simulations/turtlebot3_gazebo) by extensions ['colcon_pkg']
[0.259s] Level 1:colcon.colcon_core.package_identification:_identify(src/turtlebot3_simulations/turtlebot3_gazebo) by extension 'colcon_pkg'
[0.259s] Level 1:colcon.colcon_core.package_identification:_identify(src/turtlebot3_simulations/turtlebot3_gazebo) by extensions ['colcon_meta']
[0.259s] Level 1:colcon.colcon_core.package_identification:_identify(src/turtlebot3_simulations/turtlebot3_gazebo) by extension 'colcon_meta'
[0.259s] Level 1:colcon.colcon_core.package_identification:_identify(src/turtlebot3_simulations/turtlebot3_gazebo) by extensions ['ros']
[0.259s] Level 1:colcon.colcon_core.package_identification:_identify(src/turtlebot3_simulations/turtlebot3_gazebo) by extension 'ros'
[0.260s] DEBUG:colcon.colcon_core.package_identification:Package 'src/turtlebot3_simulations/turtlebot3_gazebo' with type 'ros.ament_cmake' and name 'turtlebot3_gazebo'
[0.260s] Level 1:colcon.colcon_core.package_identification:_identify(src/turtlebot3_simulations/turtlebot3_simulations) by extensions ['ignore', 'ignore_ament_install']
[0.260s] Level 1:colcon.colcon_core.package_identification:_identify(src/turtlebot3_simulations/turtlebot3_simulations) by extension 'ignore'
[0.260s] Level 1:colcon.colcon_core.package_identification:_identify(src/turtlebot3_simulations/turtlebot3_simulations) by extension 'ignore_ament_install'
[0.260s] Level 1:colcon.colcon_core.package_identification:_identify(src/turtlebot3_simulations/turtlebot3_simulations) by extensions ['colcon_pkg']
[0.260s] Level 1:colcon.colcon_core.package_identification:_identify(src/turtlebot3_simulations/turtlebot3_simulations) by extension 'colcon_pkg'
[0.260s] Level 1:colcon.colcon_core.package_identification:_identify(src/turtlebot3_simulations/turtlebot3_simulations) by extensions ['colcon_meta']
[0.260s] Level 1:colcon.colcon_core.package_identification:_identify(src/turtlebot3_simulations/turtlebot3_simulations) by extension 'colcon_meta'
[0.260s] Level 1:colcon.colcon_core.package_identification:_identify(src/turtlebot3_simulations/turtlebot3_simulations) by extensions ['ros']
[0.260s] Level 1:colcon.colcon_core.package_identification:_identify(src/turtlebot3_simulations/turtlebot3_simulations) by extension 'ros'
[0.260s] DEBUG:colcon.colcon_core.package_identification:Package 'src/turtlebot3_simulations/turtlebot3_simulations' with type 'ros.ament_cmake' and name 'turtlebot3_simulations'
[0.260s] Level 1:colcon.colcon_core.package_discovery:discover_packages(recursive) using defaults
[0.261s] Level 1:colcon.colcon_core.package_discovery:discover_packages(ignore) discover
[0.261s] Level 1:colcon.colcon_core.package_discovery:discover_packages(ignore) using defaults
[0.261s] Level 1:colcon.colcon_core.package_discovery:discover_packages(path) discover
[0.261s] Level 1:colcon.colcon_core.package_discovery:discover_packages(path) using defaults
[0.286s] INFO:colcon.colcon_core.package_selection:Skipping not selected package 'turtlebot3_cartographer' in 'src/turtlebot3/turtlebot3_cartographer'
[0.286s] INFO:colcon.colcon_core.package_selection:Skipping not selected package 'turtlebot3_description' in 'src/turtlebot3/turtlebot3_description'
[0.286s] INFO:colcon.colcon_core.package_selection:Skipping not selected package 'turtlebot3_example' in 'src/turtlebot3/turtlebot3_example'
[0.286s] INFO:colcon.colcon_core.package_selection:Skipping not selected package 'turtlebot3_fake_node' in 'src/turtlebot3_simulations/turtlebot3_fake_node'
[0.286s] INFO:colcon.colcon_core.package_selection:Skipping not selected package 'turtlebot3_navigation2' in 'src/turtlebot3/turtlebot3_navigation2'
[0.286s] INFO:colcon.colcon_core.package_selection:Skipping not selected package 'turtlebot3_node' in 'src/turtlebot3/turtlebot3_node'
[0.286s] INFO:colcon.colcon_core.package_selection:Skipping not selected package 'turtlebot3_teleop' in 'src/turtlebot3/turtlebot3_teleop'
[0.286s] INFO:colcon.colcon_core.package_selection:Skipping not selected package 'turtlebot3_bringup' in 'src/turtlebot3/turtlebot3_bringup'
[0.286s] INFO:colcon.colcon_core.package_selection:Skipping not selected package 'turtlebot3_simulations' in 'src/turtlebot3_simulations/turtlebot3_simulations'
[0.286s] INFO:colcon.colcon_core.package_selection:Skipping not selected package 'turtlebot3' in 'src/turtlebot3/turtlebot3'
[0.287s] Level 1:colcon.colcon_core.package_discovery:discover_packages(prefix_path) check parameters
[0.287s] Level 1:colcon.colcon_core.package_discovery:discover_packages(prefix_path) discover
[0.288s] WARNING:colcon.colcon_ros.prefix_path.ament:The path '/home/anish/ps1_ws/install/my_world_launcher' in the environment variable AMENT_PREFIX_PATH doesn't exist
[0.289s] DEBUG:colcon.colcon_installed_package_information.package_discovery:Found 11 installed packages in /home/anish/ps1_ws/install
[0.290s] DEBUG:colcon.colcon_installed_package_information.package_discovery:Found 221 installed packages in /opt/ros/humble
[0.293s] Level 1:colcon.colcon_core.package_discovery:discover_packages(prefix_path) using defaults
[0.364s] WARNING:colcon.colcon_core.package_selection:Some selected packages are already built in one or more underlay workspaces:
	'turtlebot3_gazebo' is in: /home/anish/ps1_ws/install/turtlebot3_gazebo
If a package in a merged underlay workspace is overridden and it installs headers, then all packages in the overlay must sort their include directories by workspace order. Failure to do so may result in build failures or undefined behavior at run time.
If the overridden package is used by another package in any underlay, then the overriding package in the overlay must be API and ABI compatible or undefined behavior at run time may occur.

If you understand the risks and want to override a package anyways, add the following to the command line:
	--allow-overriding turtlebot3_gazebo

This may be promoted to an error in a future release of colcon-override-check.
[0.366s] Level 5:colcon.colcon_core.verb:set package 'turtlebot3_gazebo' build argument 'cmake_args' from command line to 'None'
[0.366s] Level 5:colcon.colcon_core.verb:set package 'turtlebot3_gazebo' build argument 'cmake_target' from command line to 'None'
[0.366s] Level 5:colcon.colcon_core.verb:set package 'turtlebot3_gazebo' build argument 'cmake_target_skip_unavailable' from command line to 'False'
[0.366s] Level 5:colcon.colcon_core.verb:set package 'turtlebot3_gazebo' build argument 'cmake_clean_cache' from command line to 'False'
[0.366s] Level 5:colcon.colcon_core.verb:set package 'turtlebot3_gazebo' build argument 'cmake_clean_first' from command line to 'False'
[0.366s] Level 5:colcon.colcon_core.verb:set package 'turtlebot3_gazebo' build argument 'cmake_force_configure' from command line to 'False'
[0.366s] Level 5:colcon.colcon_core.verb:set package 'turtlebot3_gazebo' build argument 'ament_cmake_args' from command line to 'None'
[0.366s] Level 5:colcon.colcon_core.verb:set package 'turtlebot3_gazebo' build argument 'catkin_cmake_args' from command line to 'None'
[0.366s] Level 5:colcon.colcon_core.verb:set package 'turtlebot3_gazebo' build argument 'catkin_skip_building_tests' from command line to 'False'
[0.366s] DEBUG:colcon.colcon_core.verb:Building package 'turtlebot3_gazebo' with the following arguments: {'ament_cmake_args': None, 'build_base': '/home/anish/ps1_ws/build/turtlebot3_gazebo', 'catkin_cmake_args': None, 'catkin_skip_building_tests': False, 'cmake_args': None, 'cmake_clean_cache': False, 'cmake_clean_first': False, 'cmake_force_configure': False, 'cmake_target': None, 'cmake_target_skip_unavailable': False, 'install_base': '/home/anish/ps1_ws/install/turtlebot3_gazebo', 'merge_install': False, 'path': '/home/anish/ps1_ws/src/turtlebot3_simulations/turtlebot3_gazebo', 'symlink_install': False, 'test_result_base': None}
[0.366s] INFO:colcon.colcon_core.executor:Executing jobs using 'parallel' executor
[0.368s] DEBUG:colcon.colcon_parallel_executor.executor.parallel:run_until_complete
[0.368s] INFO:colcon.colcon_ros.task.ament_cmake.build:Building ROS package in '/home/anish/ps1_ws/src/turtlebot3_simulations/turtlebot3_gazebo' with build type 'ament_cmake'
[0.368s] INFO:colcon.colcon_cmake.task.cmake.build:Building CMake package in '/home/anish/ps1_ws/src/turtlebot3_simulations/turtlebot3_gazebo'
[0.370s] INFO:colcon.colcon_core.plugin_system:Skipping extension 'colcon_core.shell.bat': Not used on non-Windows systems
[0.370s] INFO:colcon.colcon_core.shell:Skip shell extension 'powershell' for command environment: Not usable outside of PowerShell
[0.370s] DEBUG:colcon.colcon_core.shell:Skip shell extension 'dsv' for command environment
[0.384s] DEBUG:colcon.colcon_core.event_handler.log_command:Invoking command in '/home/anish/ps1_ws/build/turtlebot3_gazebo': CMAKE_PREFIX_PATH=/home/anish/ps1_ws/install/my_world_launcher:/opt/ros/humble /usr/bin/cmake --build /home/anish/ps1_ws/build/turtlebot3_gazebo -- -j16 -l16
[0.498s] DEBUG:colcon.colcon_core.event_handler.log_command:Invoked command in '/home/anish/ps1_ws/build/turtlebot3_gazebo' returned '0': CMAKE_PREFIX_PATH=/home/anish/ps1_ws/install/my_world_launcher:/opt/ros/humble /usr/bin/cmake --build /home/anish/ps1_ws/build/turtlebot3_gazebo -- -j16 -l16
[0.510s] DEBUG:colcon.colcon_core.event_handler.log_command:Invoking command in '/home/anish/ps1_ws/build/turtlebot3_gazebo': CMAKE_PREFIX_PATH=/home/anish/ps1_ws/install/my_world_launcher:/opt/ros/humble /usr/bin/cmake --install /home/anish/ps1_ws/build/turtlebot3_gazebo
[0.548s] Level 1:colcon.colcon_core.environment:create_environment_scripts_only(turtlebot3_gazebo)
[0.555s] Level 1:colcon.colcon_core.environment:checking '/home/anish/ps1_ws/install/turtlebot3_gazebo' for CMake module files
[0.558s] Level 1:colcon.colcon_core.environment:checking '/home/anish/ps1_ws/install/turtlebot3_gazebo' for CMake config files
[0.562s] DEBUG:colcon.colcon_core.event_handler.log_command:Invoked command in '/home/anish/ps1_ws/build/turtlebot3_gazebo' returned '0': CMAKE_PREFIX_PATH=/home/anish/ps1_ws/install/my_world_launcher:/opt/ros/humble /usr/bin/cmake --install /home/anish/ps1_ws/build/turtlebot3_gazebo
[0.568s] Level 1:colcon.colcon_core.shell:create_environment_hook('turtlebot3_gazebo', 'cmake_prefix_path')
[0.568s] INFO:colcon.colcon_core.shell:Creating environment hook '/home/anish/ps1_ws/install/turtlebot3_gazebo/share/turtlebot3_gazebo/hook/cmake_prefix_path.ps1'
[0.568s] INFO:colcon.colcon_core.shell:Creating environment descriptor '/home/anish/ps1_ws/install/turtlebot3_gazebo/share/turtlebot3_gazebo/hook/cmake_prefix_path.dsv'
[0.569s] INFO:colcon.colcon_core.shell:Creating environment hook '/home/anish/ps1_ws/install/turtlebot3_gazebo/share/turtlebot3_gazebo/hook/cmake_prefix_path.sh'
[0.570s] Level 1:colcon.colcon_core.environment:checking '/home/anish/ps1_ws/install/turtlebot3_gazebo/lib'
[0.570s] Level 1:colcon.colcon_core.environment:checking '/home/anish/ps1_ws/install/turtlebot3_gazebo/bin'
[0.570s] Level 1:colcon.colcon_core.environment:checking '/home/anish/ps1_ws/install/turtlebot3_gazebo/lib/pkgconfig/turtlebot3_gazebo.pc'
[0.570s] Level 1:colcon.colcon_core.environment:checking '/home/anish/ps1_ws/install/turtlebot3_gazebo/lib/python3.10/site-packages'
[0.570s] Level 1:colcon.colcon_core.environment:checking '/home/anish/ps1_ws/install/turtlebot3_gazebo/bin'
[0.570s] INFO:colcon.colcon_core.shell:Creating package script '/home/anish/ps1_ws/install/turtlebot3_gazebo/share/turtlebot3_gazebo/package.ps1'
[0.571s] INFO:colcon.colcon_core.shell:Creating package descriptor '/home/anish/ps1_ws/install/turtlebot3_gazebo/share/turtlebot3_gazebo/package.dsv'
[0.572s] INFO:colcon.colcon_core.shell:Creating package script '/home/anish/ps1_ws/install/turtlebot3_gazebo/share/turtlebot3_gazebo/package.sh'
[0.572s] INFO:colcon.colcon_core.shell:Creating package script '/home/anish/ps1_ws/install/turtlebot3_gazebo/share/turtlebot3_gazebo/package.bash'
[0.573s] INFO:colcon.colcon_core.shell:Creating package script '/home/anish/ps1_ws/install/turtlebot3_gazebo/share/turtlebot3_gazebo/package.zsh'
[0.573s] Level 1:colcon.colcon_core.environment:create_file_with_runtime_dependencies(/home/anish/ps1_ws/install/turtlebot3_gazebo/share/colcon-core/packages/turtlebot3_gazebo)
[0.574s] Level 1:colcon.colcon_core.environment:create_environment_scripts_only(turtlebot3_gazebo)
[0.574s] Level 1:colcon.colcon_core.environment:checking '/home/anish/ps1_ws/install/turtlebot3_gazebo' for CMake module files
[0.574s] Level 1:colcon.colcon_core.environment:checking '/home/anish/ps1_ws/install/turtlebot3_gazebo' for CMake config files
[0.579s] Level 1:colcon.colcon_core.shell:create_environment_hook('turtlebot3_gazebo', 'cmake_prefix_path')
[0.580s] INFO:colcon.colcon_core.shell:Creating environment hook '/home/anish/ps1_ws/install/turtlebot3_gazebo/share/turtlebot3_gazebo/hook/cmake_prefix_path.ps1'
[0.580s] INFO:colcon.colcon_core.shell:Creating environment descriptor '/home/anish/ps1_ws/install/turtlebot3_gazebo/share/turtlebot3_gazebo/hook/cmake_prefix_path.dsv'
[0.580s] INFO:colcon.colcon_core.shell:Creating environment hook '/home/anish/ps1_ws/install/turtlebot3_gazebo/share/turtlebot3_gazebo/hook/cmake_prefix_path.sh'
[0.581s] Level 1:colcon.colcon_core.environment:checking '/home/anish/ps1_ws/install/turtlebot3_gazebo/lib'
[0.581s] Level 1:colcon.colcon_core.environment:checking '/home/anish/ps1_ws/install/turtlebot3_gazebo/bin'
[0.581s] Level 1:colcon.colcon_core.environment:checking '/home/anish/ps1_ws/install/turtlebot3_gazebo/lib/pkgconfig/turtlebot3_gazebo.pc'
[0.581s] Level 1:colcon.colcon_core.environment:checking '/home/anish/ps1_ws/install/turtlebot3_gazebo/lib/python3.10/site-packages'
[0.581s] Level 1:colcon.colcon_core.environment:checking '/home/anish/ps1_ws/install/turtlebot3_gazebo/bin'
[0.582s] INFO:colcon.colcon_core.shell:Creating package script '/home/anish/ps1_ws/install/turtlebot3_gazebo/share/turtlebot3_gazebo/package.ps1'
[0.582s] INFO:colcon.colcon_core.shell:Creating package descriptor '/home/anish/ps1_ws/install/turtlebot3_gazebo/share/turtlebot3_gazebo/package.dsv'
[0.582s] INFO:colcon.colcon_core.shell:Creating package script '/home/anish/ps1_ws/install/turtlebot3_gazebo/share/turtlebot3_gazebo/package.sh'
[0.583s] INFO:colcon.colcon_core.shell:Creating package script '/home/anish/ps1_ws/install/turtlebot3_gazebo/share/turtlebot3_gazebo/package.bash'
[0.583s] INFO:colcon.colcon_core.shell:Creating package script '/home/anish/ps1_ws/install/turtlebot3_gazebo/share/turtlebot3_gazebo/package.zsh'
[0.583s] Level 1:colcon.colcon_core.environment:create_file_with_runtime_dependencies(/home/anish/ps1_ws/install/turtlebot3_gazebo/share/colcon-core/packages/turtlebot3_gazebo)
[0.584s] DEBUG:colcon.colcon_parallel_executor.executor.parallel:closing loop
[0.584s] DEBUG:colcon.colcon_parallel_executor.executor.parallel:loop closed
[0.584s] DEBUG:colcon.colcon_parallel_executor.executor.parallel:run_until_complete finished with '0'
[0.584s] DEBUG:colcon.colcon_core.event_reactor:joining thread
[0.589s] INFO:colcon.colcon_core.plugin_system:Skipping extension 'colcon_notification.desktop_notification.terminal_notifier': Not used on non-Darwin systems
[0.590s] INFO:colcon.colcon_core.plugin_system:Skipping extension 'colcon_notification.desktop_notification.win32': Not used on non-Windows systems
[0.590s] INFO:colcon.colcon_notification.desktop_notification:Sending desktop notification using 'notify2'
[0.600s] DEBUG:colcon.colcon_core.event_reactor:joined thread
[0.600s] INFO:colcon.colcon_core.shell:Creating prefix script '/home/anish/ps1_ws/install/local_setup.ps1'
[0.601s] INFO:colcon.colcon_core.shell:Creating prefix util module '/home/anish/ps1_ws/install/_local_setup_util_ps1.py'
[0.603s] INFO:colcon.colcon_core.shell:Creating prefix chain script '/home/anish/ps1_ws/install/setup.ps1'
[0.603s] INFO:colcon.colcon_core.shell:Creating prefix script '/home/anish/ps1_ws/install/local_setup.sh'
[0.604s] INFO:colcon.colcon_core.shell:Creating prefix util module '/home/anish/ps1_ws/install/_local_setup_util_sh.py'
[0.604s] INFO:colcon.colcon_core.shell:Creating prefix chain script '/home/anish/ps1_ws/install/setup.sh'
[0.605s] INFO:colcon.colcon_core.shell:Creating prefix script '/home/anish/ps1_ws/install/local_setup.bash'
[0.605s] INFO:colcon.colcon_core.shell:Creating prefix chain script '/home/anish/ps1_ws/install/setup.bash'
[0.606s] INFO:colcon.colcon_core.shell:Creating prefix script '/home/anish/ps1_ws/install/local_setup.zsh'
[0.606s] INFO:colcon.colcon_core.shell:Creating prefix chain script '/home/anish/ps1_ws/install/setup.zsh'
