[0.028s] Invoking command in '/home/anish/ps1_ws/build/turtlebot3_cartographer': CMAKE_PREFIX_PATH=/home/anish/ps1_ws/install/my_world_launcher:/opt/ros/humble /usr/bin/cmake /home/anish/ps1_ws/src/turtlebot3/turtlebot3_cartographer -DCMAKE_INSTALL_PREFIX=/home/anish/ps1_ws/install/turtlebot3_cartographer
[0.235s] -- The C compiler identification is GNU 11.4.0
[0.236s] -- The CXX compiler identification is GNU 11.4.0
[0.236s] -- Detecting C compiler ABI info
[0.281s] -- Detecting C compiler ABI info - done
[0.286s] -- Check for working C compiler: /usr/bin/cc - skipped
[0.286s] -- Detecting C compile features
[0.286s] -- Detecting C compile features - done
[0.289s] -- Detecting CXX compiler ABI info
[0.356s] -- Detecting CXX compiler ABI info - done
[0.361s] -- Check for working CXX compiler: /usr/bin/c++ - skipped
[0.361s] -- Detecting CXX compile features
[0.361s] -- Detecting CXX compile features - done
[0.364s] -- Found ament_cmake: 1.3.11 (/opt/ros/humble/share/ament_cmake/cmake)
[0.482s] -- Found Python3: /usr/bin/python3 (found version "3.10.12") found components: Interpreter 
[0.607s] -- Configuring done
[0.609s] -- Generating done
[0.610s] -- Build files have been written to: /home/anish/ps1_ws/build/turtlebot3_cartographer
[0.614s] Invoked command in '/home/anish/ps1_ws/build/turtlebot3_cartographer' returned '0': CMAKE_PREFIX_PATH=/home/anish/ps1_ws/install/my_world_launcher:/opt/ros/humble /usr/bin/cmake /home/anish/ps1_ws/src/turtlebot3/turtlebot3_cartographer -DCMAKE_INSTALL_PREFIX=/home/anish/ps1_ws/install/turtlebot3_cartographer
[0.616s] Invoking command in '/home/anish/ps1_ws/build/turtlebot3_cartographer': CMAKE_PREFIX_PATH=/home/anish/ps1_ws/install/my_world_launcher:/opt/ros/humble /usr/bin/cmake --build /home/anish/ps1_ws/build/turtlebot3_cartographer -- -j16 -l16
[0.652s] Invoked command in '/home/anish/ps1_ws/build/turtlebot3_cartographer' returned '0': CMAKE_PREFIX_PATH=/home/anish/ps1_ws/install/my_world_launcher:/opt/ros/humble /usr/bin/cmake --build /home/anish/ps1_ws/build/turtlebot3_cartographer -- -j16 -l16
[0.665s] Invoking command in '/home/anish/ps1_ws/build/turtlebot3_cartographer': CMAKE_PREFIX_PATH=/home/anish/ps1_ws/install/my_world_launcher:/opt/ros/humble /usr/bin/cmake --install /home/anish/ps1_ws/build/turtlebot3_cartographer
[0.672s] -- Install configuration: ""
[0.672s] -- Installing: /home/anish/ps1_ws/install/turtlebot3_cartographer/share/turtlebot3_cartographer/config
[0.673s] -- Installing: /home/anish/ps1_ws/install/turtlebot3_cartographer/share/turtlebot3_cartographer/config/turtlebot3_lds_2d.lua
[0.673s] -- Installing: /home/anish/ps1_ws/install/turtlebot3_cartographer/share/turtlebot3_cartographer/launch
[0.673s] -- Installing: /home/anish/ps1_ws/install/turtlebot3_cartographer/share/turtlebot3_cartographer/launch/occupancy_grid.launch.py
[0.673s] -- Installing: /home/anish/ps1_ws/install/turtlebot3_cartographer/share/turtlebot3_cartographer/launch/cartographer.launch.py
[0.673s] -- Installing: /home/anish/ps1_ws/install/turtlebot3_cartographer/share/turtlebot3_cartographer/rviz
[0.673s] -- Installing: /home/anish/ps1_ws/install/turtlebot3_cartographer/share/turtlebot3_cartographer/rviz/tb3_cartographer.rviz
[0.673s] -- Installing: /home/anish/ps1_ws/install/turtlebot3_cartographer/share/ament_index/resource_index/package_run_dependencies/turtlebot3_cartographer
[0.673s] -- Installing: /home/anish/ps1_ws/install/turtlebot3_cartographer/share/ament_index/resource_index/parent_prefix_path/turtlebot3_cartographer
[0.673s] -- Installing: /home/anish/ps1_ws/install/turtlebot3_cartographer/share/turtlebot3_cartographer/environment/ament_prefix_path.sh
[0.673s] -- Installing: /home/anish/ps1_ws/install/turtlebot3_cartographer/share/turtlebot3_cartographer/environment/ament_prefix_path.dsv
[0.673s] -- Installing: /home/anish/ps1_ws/install/turtlebot3_cartographer/share/turtlebot3_cartographer/environment/path.sh
[0.673s] -- Installing: /home/anish/ps1_ws/install/turtlebot3_cartographer/share/turtlebot3_cartographer/environment/path.dsv
[0.673s] -- Installing: /home/anish/ps1_ws/install/turtlebot3_cartographer/share/turtlebot3_cartographer/local_setup.bash
[0.673s] -- Installing: /home/anish/ps1_ws/install/turtlebot3_cartographer/share/turtlebot3_cartographer/local_setup.sh
[0.673s] -- Installing: /home/anish/ps1_ws/install/turtlebot3_cartographer/share/turtlebot3_cartographer/local_setup.zsh
[0.673s] -- Installing: /home/anish/ps1_ws/install/turtlebot3_cartographer/share/turtlebot3_cartographer/local_setup.dsv
[0.673s] -- Installing: /home/anish/ps1_ws/install/turtlebot3_cartographer/share/turtlebot3_cartographer/package.dsv
[0.674s] -- Installing: /home/anish/ps1_ws/install/turtlebot3_cartographer/share/ament_index/resource_index/packages/turtlebot3_cartographer
[0.674s] -- Installing: /home/anish/ps1_ws/install/turtlebot3_cartographer/share/turtlebot3_cartographer/cmake/turtlebot3_cartographerConfig.cmake
[0.674s] -- Installing: /home/anish/ps1_ws/install/turtlebot3_cartographer/share/turtlebot3_cartographer/cmake/turtlebot3_cartographerConfig-version.cmake
[0.674s] -- Installing: /home/anish/ps1_ws/install/turtlebot3_cartographer/share/turtlebot3_cartographer/package.xml
[0.675s] Invoked command in '/home/anish/ps1_ws/build/turtlebot3_cartographer' returned '0': CMAKE_PREFIX_PATH=/home/anish/ps1_ws/install/my_world_launcher:/opt/ros/humble /usr/bin/cmake --install /home/anish/ps1_ws/build/turtlebot3_cartographer
