[0.021s] Invoking command in '/home/anish/ps1_ws/build/turtlebot3_node': CMAKE_PREFIX_PATH=/opt/ros/humble /usr/bin/cmake /home/anish/ps1_ws/src/turtlebot3/turtlebot3_node -DCMAKE_INSTALL_PREFIX=/home/anish/ps1_ws/install/turtlebot3_node
[0.180s] -- Found ament_cmake: 1.3.11 (/opt/ros/humble/share/ament_cmake/cmake)
[0.181s] -- Override CMake install command with custom implementation using symlinks instead of copying resources
[0.181s] -- Found dynamixel_sdk: 3.8.4 (/opt/ros/humble/share/dynamixel_sdk/cmake)
[0.181s] -- Found geometry_msgs: 4.9.0 (/opt/ros/humble/share/geometry_msgs/cmake)
[0.181s] -- Found rosidl_generator_c: 3.1.6 (/opt/ros/humble/share/rosidl_generator_c/cmake)
[0.181s] -- Found rosidl_adapter: 3.1.6 (/opt/ros/humble/share/rosidl_adapter/cmake)
[0.181s] -- Found rosidl_generator_cpp: 3.1.6 (/opt/ros/humble/share/rosidl_generator_cpp/cmake)
[0.181s] -- Using all available rosidl_typesupport_c: rosidl_typesupport_fastrtps_c;rosidl_typesupport_introspection_c
[0.181s] -- Using all available rosidl_typesupport_cpp: rosidl_typesupport_fastrtps_cpp;rosidl_typesupport_introspection_cpp
[0.181s] -- Found message_filters: 4.3.7 (/opt/ros/humble/share/message_filters/cmake)
[0.197s] -- Found rmw_implementation_cmake: 6.1.2 (/opt/ros/humble/share/rmw_implementation_cmake/cmake)
[0.197s] -- Found rmw_cyclonedds_cpp: 1.3.4 (/opt/ros/humble/share/rmw_cyclonedds_cpp/cmake)
[0.208s] -- Using RMW implementation 'rmw_cyclonedds_cpp' as default
[0.233s] -- Found nav_msgs: 4.9.0 (/opt/ros/humble/share/nav_msgs/cmake)
[0.243s] -- Found sensor_msgs: 4.9.0 (/opt/ros/humble/share/sensor_msgs/cmake)
[0.254s] -- Found std_srvs: 4.9.0 (/opt/ros/humble/share/std_srvs/cmake)
[0.259s] -- Found tf2: 0.25.13 (/opt/ros/humble/share/tf2/cmake)
[0.262s] -- Found tf2_ros: 0.25.13 (/opt/ros/humble/share/tf2_ros/cmake)
[0.309s] -- Found turtlebot3_msgs: 2.4.0 (/opt/ros/humble/share/turtlebot3_msgs/cmake)
[0.368s] -- Configuring done
[0.382s] -- Generating done
[0.387s] -- Build files have been written to: /home/anish/ps1_ws/build/turtlebot3_node
[0.397s] Invoked command in '/home/anish/ps1_ws/build/turtlebot3_node' returned '0': CMAKE_PREFIX_PATH=/opt/ros/humble /usr/bin/cmake /home/anish/ps1_ws/src/turtlebot3/turtlebot3_node -DCMAKE_INSTALL_PREFIX=/home/anish/ps1_ws/install/turtlebot3_node
[0.399s] Invoking command in '/home/anish/ps1_ws/build/turtlebot3_node': CMAKE_PREFIX_PATH=/opt/ros/humble /usr/bin/cmake --build /home/anish/ps1_ws/build/turtlebot3_node -- -j16 -l16
[0.437s] [35m[1mConsolidate compiler generated dependencies of target turtlebot3_node_lib[0m
[0.471s] [ 85%] Built target turtlebot3_node_lib
[0.480s] [35m[1mConsolidate compiler generated dependencies of target turtlebot3_ros[0m
[0.496s] [100%] Built target turtlebot3_ros
[0.506s] Invoked command in '/home/anish/ps1_ws/build/turtlebot3_node' returned '0': CMAKE_PREFIX_PATH=/opt/ros/humble /usr/bin/cmake --build /home/anish/ps1_ws/build/turtlebot3_node -- -j16 -l16
[0.507s] Invoking command in '/home/anish/ps1_ws/build/turtlebot3_node': CMAKE_PREFIX_PATH=/opt/ros/humble /usr/bin/cmake --install /home/anish/ps1_ws/build/turtlebot3_node
[0.514s] -- Install configuration: ""
[0.514s] -- Execute custom install script
[0.514s] -- Up-to-date symlink: /home/anish/ps1_ws/install/turtlebot3_node/share/turtlebot3_node/param/burger.yaml
[0.514s] -- Up-to-date symlink: /home/anish/ps1_ws/install/turtlebot3_node/share/turtlebot3_node/param/waffle.yaml
[0.514s] -- Up-to-date symlink: /home/anish/ps1_ws/install/turtlebot3_node/share/turtlebot3_node/param/waffle_pi.yaml
[0.514s] -- Up-to-date symlink: /home/anish/ps1_ws/install/turtlebot3_node/lib/turtlebot3_node/turtlebot3_ros
[0.514s] -- Up-to-date symlink: /home/anish/ps1_ws/install/turtlebot3_node/share/ament_index/resource_index/package_run_dependencies/turtlebot3_node
[0.514s] -- Up-to-date symlink: /home/anish/ps1_ws/install/turtlebot3_node/share/ament_index/resource_index/parent_prefix_path/turtlebot3_node
[0.514s] -- Up-to-date symlink: /home/anish/ps1_ws/install/turtlebot3_node/share/turtlebot3_node/environment/ament_prefix_path.sh
[0.514s] -- Up-to-date symlink: /home/anish/ps1_ws/install/turtlebot3_node/share/turtlebot3_node/environment/ament_prefix_path.dsv
[0.515s] -- Up-to-date symlink: /home/anish/ps1_ws/install/turtlebot3_node/share/turtlebot3_node/environment/path.sh
[0.515s] -- Up-to-date symlink: /home/anish/ps1_ws/install/turtlebot3_node/share/turtlebot3_node/environment/path.dsv
[0.515s] -- Up-to-date symlink: /home/anish/ps1_ws/install/turtlebot3_node/share/turtlebot3_node/local_setup.bash
[0.515s] -- Up-to-date symlink: /home/anish/ps1_ws/install/turtlebot3_node/share/turtlebot3_node/local_setup.sh
[0.515s] -- Up-to-date symlink: /home/anish/ps1_ws/install/turtlebot3_node/share/turtlebot3_node/local_setup.zsh
[0.515s] -- Up-to-date symlink: /home/anish/ps1_ws/install/turtlebot3_node/share/turtlebot3_node/local_setup.dsv
[0.515s] -- Symlinking: /home/anish/ps1_ws/install/turtlebot3_node/share/turtlebot3_node/package.dsv
[0.522s] -- Up-to-date symlink: /home/anish/ps1_ws/install/turtlebot3_node/share/ament_index/resource_index/packages/turtlebot3_node
[0.522s] -- Up-to-date symlink: /home/anish/ps1_ws/install/turtlebot3_node/share/turtlebot3_node/cmake/ament_cmake_export_dependencies-extras.cmake
[0.522s] -- Up-to-date symlink: /home/anish/ps1_ws/install/turtlebot3_node/share/turtlebot3_node/cmake/ament_cmake_export_include_directories-extras.cmake
[0.522s] -- Up-to-date symlink: /home/anish/ps1_ws/install/turtlebot3_node/share/turtlebot3_node/cmake/turtlebot3_nodeConfig.cmake
[0.522s] -- Up-to-date symlink: /home/anish/ps1_ws/install/turtlebot3_node/share/turtlebot3_node/cmake/turtlebot3_nodeConfig-version.cmake
[0.522s] -- Up-to-date symlink: /home/anish/ps1_ws/install/turtlebot3_node/share/turtlebot3_node/package.xml
[0.524s] Invoked command in '/home/anish/ps1_ws/build/turtlebot3_node' returned '0': CMAKE_PREFIX_PATH=/opt/ros/humble /usr/bin/cmake --install /home/anish/ps1_ws/build/turtlebot3_node
