[0.012s] Invoking command in '/home/anish/ps1_ws/build/turtlebot3': AMENT_PREFIX_PATH=/home/anish/ps1_ws/install/turtlebot3_bringup:/home/anish/ps1_ws/install/turtlebot3_teleop:/home/anish/ps1_ws/install/turtlebot3_node:/home/anish/ps1_ws/install/turtlebot3_navigation2:/home/anish/ps1_ws/install/turtlebot3_example:/home/anish/ps1_ws/install/turtlebot3_description:/home/anish/ps1_ws/install/turtlebot3_cartographer:${AMENT_PREFIX_PATH} CMAKE_PREFIX_PATH=/home/anish/ps1_ws/install/turtlebot3_bringup:/home/anish/ps1_ws/install/turtlebot3_node:/home/anish/ps1_ws/install/turtlebot3_navigation2:/home/anish/ps1_ws/install/turtlebot3_description:/home/anish/ps1_ws/install/turtlebot3_cartographer:/home/anish/ps1_ws/install/my_world_launcher:/opt/ros/humble PYTHONPATH=/home/anish/ps1_ws/install/turtlebot3_teleop/lib/python3.10/site-packages:/home/anish/ps1_ws/install/turtlebot3_example/lib/python3.10/site-packages:${PYTHONPATH} /usr/bin/cmake /home/anish/ps1_ws/src/turtlebot3/turtlebot3 -DCMAKE_INSTALL_PREFIX=/home/anish/ps1_ws/install/turtlebot3
[0.067s] -- The C compiler identification is GNU 11.4.0
[0.120s] -- The CXX compiler identification is GNU 11.4.0
[0.126s] -- Detecting C compiler ABI info
[0.206s] -- Detecting C compiler ABI info - done
[0.210s] -- Check for working C compiler: /usr/bin/cc - skipped
[0.210s] -- Detecting C compile features
[0.211s] -- Detecting C compile features - done
[0.213s] -- Detecting CXX compiler ABI info
[0.298s] -- Detecting CXX compiler ABI info - done
[0.303s] -- Check for working CXX compiler: /usr/bin/c++ - skipped
[0.303s] -- Detecting CXX compile features
[0.303s] -- Detecting CXX compile features - done
[0.306s] -- Found ament_cmake: 1.3.11 (/opt/ros/humble/share/ament_cmake/cmake)
[0.417s] -- Found Python3: /usr/bin/python3 (found version "3.10.12") found components: Interpreter 
[0.521s] -- Configuring done
[0.522s] -- Generating done
[0.524s] -- Build files have been written to: /home/anish/ps1_ws/build/turtlebot3
[0.527s] Invoked command in '/home/anish/ps1_ws/build/turtlebot3' returned '0': AMENT_PREFIX_PATH=/home/anish/ps1_ws/install/turtlebot3_bringup:/home/anish/ps1_ws/install/turtlebot3_teleop:/home/anish/ps1_ws/install/turtlebot3_node:/home/anish/ps1_ws/install/turtlebot3_navigation2:/home/anish/ps1_ws/install/turtlebot3_example:/home/anish/ps1_ws/install/turtlebot3_description:/home/anish/ps1_ws/install/turtlebot3_cartographer:${AMENT_PREFIX_PATH} CMAKE_PREFIX_PATH=/home/anish/ps1_ws/install/turtlebot3_bringup:/home/anish/ps1_ws/install/turtlebot3_node:/home/anish/ps1_ws/install/turtlebot3_navigation2:/home/anish/ps1_ws/install/turtlebot3_description:/home/anish/ps1_ws/install/turtlebot3_cartographer:/home/anish/ps1_ws/install/my_world_launcher:/opt/ros/humble PYTHONPATH=/home/anish/ps1_ws/install/turtlebot3_teleop/lib/python3.10/site-packages:/home/anish/ps1_ws/install/turtlebot3_example/lib/python3.10/site-packages:${PYTHONPATH} /usr/bin/cmake /home/anish/ps1_ws/src/turtlebot3/turtlebot3 -DCMAKE_INSTALL_PREFIX=/home/anish/ps1_ws/install/turtlebot3
[0.529s] Invoking command in '/home/anish/ps1_ws/build/turtlebot3': AMENT_PREFIX_PATH=/home/anish/ps1_ws/install/turtlebot3_bringup:/home/anish/ps1_ws/install/turtlebot3_teleop:/home/anish/ps1_ws/install/turtlebot3_node:/home/anish/ps1_ws/install/turtlebot3_navigation2:/home/anish/ps1_ws/install/turtlebot3_example:/home/anish/ps1_ws/install/turtlebot3_description:/home/anish/ps1_ws/install/turtlebot3_cartographer:${AMENT_PREFIX_PATH} CMAKE_PREFIX_PATH=/home/anish/ps1_ws/install/turtlebot3_bringup:/home/anish/ps1_ws/install/turtlebot3_node:/home/anish/ps1_ws/install/turtlebot3_navigation2:/home/anish/ps1_ws/install/turtlebot3_description:/home/anish/ps1_ws/install/turtlebot3_cartographer:/home/anish/ps1_ws/install/my_world_launcher:/opt/ros/humble PYTHONPATH=/home/anish/ps1_ws/install/turtlebot3_teleop/lib/python3.10/site-packages:/home/anish/ps1_ws/install/turtlebot3_example/lib/python3.10/site-packages:${PYTHONPATH} /usr/bin/cmake --build /home/anish/ps1_ws/build/turtlebot3 -- -j16 -l16
[0.562s] Invoked command in '/home/anish/ps1_ws/build/turtlebot3' returned '0': AMENT_PREFIX_PATH=/home/anish/ps1_ws/install/turtlebot3_bringup:/home/anish/ps1_ws/install/turtlebot3_teleop:/home/anish/ps1_ws/install/turtlebot3_node:/home/anish/ps1_ws/install/turtlebot3_navigation2:/home/anish/ps1_ws/install/turtlebot3_example:/home/anish/ps1_ws/install/turtlebot3_description:/home/anish/ps1_ws/install/turtlebot3_cartographer:${AMENT_PREFIX_PATH} CMAKE_PREFIX_PATH=/home/anish/ps1_ws/install/turtlebot3_bringup:/home/anish/ps1_ws/install/turtlebot3_node:/home/anish/ps1_ws/install/turtlebot3_navigation2:/home/anish/ps1_ws/install/turtlebot3_description:/home/anish/ps1_ws/install/turtlebot3_cartographer:/home/anish/ps1_ws/install/my_world_launcher:/opt/ros/humble PYTHONPATH=/home/anish/ps1_ws/install/turtlebot3_teleop/lib/python3.10/site-packages:/home/anish/ps1_ws/install/turtlebot3_example/lib/python3.10/site-packages:${PYTHONPATH} /usr/bin/cmake --build /home/anish/ps1_ws/build/turtlebot3 -- -j16 -l16
[0.563s] Invoking command in '/home/anish/ps1_ws/build/turtlebot3': AMENT_PREFIX_PATH=/home/anish/ps1_ws/install/turtlebot3_bringup:/home/anish/ps1_ws/install/turtlebot3_teleop:/home/anish/ps1_ws/install/turtlebot3_node:/home/anish/ps1_ws/install/turtlebot3_navigation2:/home/anish/ps1_ws/install/turtlebot3_example:/home/anish/ps1_ws/install/turtlebot3_description:/home/anish/ps1_ws/install/turtlebot3_cartographer:${AMENT_PREFIX_PATH} CMAKE_PREFIX_PATH=/home/anish/ps1_ws/install/turtlebot3_bringup:/home/anish/ps1_ws/install/turtlebot3_node:/home/anish/ps1_ws/install/turtlebot3_navigation2:/home/anish/ps1_ws/install/turtlebot3_description:/home/anish/ps1_ws/install/turtlebot3_cartographer:/home/anish/ps1_ws/install/my_world_launcher:/opt/ros/humble PYTHONPATH=/home/anish/ps1_ws/install/turtlebot3_teleop/lib/python3.10/site-packages:/home/anish/ps1_ws/install/turtlebot3_example/lib/python3.10/site-packages:${PYTHONPATH} /usr/bin/cmake --install /home/anish/ps1_ws/build/turtlebot3
[0.570s] -- Install configuration: ""
[0.570s] -- Installing: /home/anish/ps1_ws/install/turtlebot3/share/ament_index/resource_index/package_run_dependencies/turtlebot3
[0.570s] -- Installing: /home/anish/ps1_ws/install/turtlebot3/share/ament_index/resource_index/parent_prefix_path/turtlebot3
[0.570s] -- Installing: /home/anish/ps1_ws/install/turtlebot3/share/turtlebot3/environment/ament_prefix_path.sh
[0.570s] -- Installing: /home/anish/ps1_ws/install/turtlebot3/share/turtlebot3/environment/ament_prefix_path.dsv
[0.570s] -- Installing: /home/anish/ps1_ws/install/turtlebot3/share/turtlebot3/environment/path.sh
[0.571s] -- Installing: /home/anish/ps1_ws/install/turtlebot3/share/turtlebot3/environment/path.dsv
[0.571s] -- Installing: /home/anish/ps1_ws/install/turtlebot3/share/turtlebot3/local_setup.bash
[0.571s] -- Installing: /home/anish/ps1_ws/install/turtlebot3/share/turtlebot3/local_setup.sh
[0.571s] -- Installing: /home/anish/ps1_ws/install/turtlebot3/share/turtlebot3/local_setup.zsh
[0.571s] -- Installing: /home/anish/ps1_ws/install/turtlebot3/share/turtlebot3/local_setup.dsv
[0.571s] -- Installing: /home/anish/ps1_ws/install/turtlebot3/share/turtlebot3/package.dsv
[0.571s] -- Installing: /home/anish/ps1_ws/install/turtlebot3/share/ament_index/resource_index/packages/turtlebot3
[0.571s] -- Installing: /home/anish/ps1_ws/install/turtlebot3/share/turtlebot3/cmake/turtlebot3Config.cmake
[0.571s] -- Installing: /home/anish/ps1_ws/install/turtlebot3/share/turtlebot3/cmake/turtlebot3Config-version.cmake
[0.571s] -- Installing: /home/anish/ps1_ws/install/turtlebot3/share/turtlebot3/package.xml
[0.573s] Invoked command in '/home/anish/ps1_ws/build/turtlebot3' returned '0': AMENT_PREFIX_PATH=/home/anish/ps1_ws/install/turtlebot3_bringup:/home/anish/ps1_ws/install/turtlebot3_teleop:/home/anish/ps1_ws/install/turtlebot3_node:/home/anish/ps1_ws/install/turtlebot3_navigation2:/home/anish/ps1_ws/install/turtlebot3_example:/home/anish/ps1_ws/install/turtlebot3_description:/home/anish/ps1_ws/install/turtlebot3_cartographer:${AMENT_PREFIX_PATH} CMAKE_PREFIX_PATH=/home/anish/ps1_ws/install/turtlebot3_bringup:/home/anish/ps1_ws/install/turtlebot3_node:/home/anish/ps1_ws/install/turtlebot3_navigation2:/home/anish/ps1_ws/install/turtlebot3_description:/home/anish/ps1_ws/install/turtlebot3_cartographer:/home/anish/ps1_ws/install/my_world_launcher:/opt/ros/humble PYTHONPATH=/home/anish/ps1_ws/install/turtlebot3_teleop/lib/python3.10/site-packages:/home/anish/ps1_ws/install/turtlebot3_example/lib/python3.10/site-packages:${PYTHONPATH} /usr/bin/cmake --install /home/anish/ps1_ws/build/turtlebot3
