[0.007s] Invoking command in '/home/anish/ps1_ws/build/turtlebot3_bringup': CMAKE_PREFIX_PATH=/home/anish/ps1_ws/install/turtlebot3_node:/home/anish/ps1_ws/install/turtlebot3_description:/home/anish/ps1_ws/install/turtlebot3:/home/anish/ps1_ws/install/turtlebot3_simulations:/home/anish/ps1_ws/install/turtlebot3_bringup:/home/anish/ps1_ws/install/turtlebot3_navigation2:/home/anish/ps1_ws/install/turtlebot3_gazebo:/home/anish/ps1_ws/install/turtlebot3_fake_node:/home/anish/ps1_ws/install/turtlebot3_cartographer:/home/anish/ps1_ws/install/turtlebot3_teleop:/home/anish/ps1_ws/install/turtlebot3_example:/opt/ros/humble /usr/bin/cmake /home/anish/ps1_ws/src/turtlebot3/turtlebot3_bringup -DAMENT_CMAKE_SYMLINK_INSTALL=1 -DCMAKE_INSTALL_PREFIX=/home/anish/ps1_ws/install/turtlebot3_bringup
[0.017s] -- Found ament_cmake: 1.3.11 (/opt/ros/humble/share/ament_cmake/cmake)
[0.097s] -- Override CMake install command with custom implementation using symlinks instead of copying resources
[0.141s] -- Configuring done
[0.143s] -- Generating done
[0.144s] -- Build files have been written to: /home/anish/ps1_ws/build/turtlebot3_bringup
[0.147s] Invoked command in '/home/anish/ps1_ws/build/turtlebot3_bringup' returned '0': CMAKE_PREFIX_PATH=/home/anish/ps1_ws/install/turtlebot3_node:/home/anish/ps1_ws/install/turtlebot3_description:/home/anish/ps1_ws/install/turtlebot3:/home/anish/ps1_ws/install/turtlebot3_simulations:/home/anish/ps1_ws/install/turtlebot3_bringup:/home/anish/ps1_ws/install/turtlebot3_navigation2:/home/anish/ps1_ws/install/turtlebot3_gazebo:/home/anish/ps1_ws/install/turtlebot3_fake_node:/home/anish/ps1_ws/install/turtlebot3_cartographer:/home/anish/ps1_ws/install/turtlebot3_teleop:/home/anish/ps1_ws/install/turtlebot3_example:/opt/ros/humble /usr/bin/cmake /home/anish/ps1_ws/src/turtlebot3/turtlebot3_bringup -DAMENT_CMAKE_SYMLINK_INSTALL=1 -DCMAKE_INSTALL_PREFIX=/home/anish/ps1_ws/install/turtlebot3_bringup
[0.148s] Invoking command in '/home/anish/ps1_ws/build/turtlebot3_bringup': CMAKE_PREFIX_PATH=/home/anish/ps1_ws/install/turtlebot3_node:/home/anish/ps1_ws/install/turtlebot3_description:/home/anish/ps1_ws/install/turtlebot3:/home/anish/ps1_ws/install/turtlebot3_simulations:/home/anish/ps1_ws/install/turtlebot3_bringup:/home/anish/ps1_ws/install/turtlebot3_navigation2:/home/anish/ps1_ws/install/turtlebot3_gazebo:/home/anish/ps1_ws/install/turtlebot3_fake_node:/home/anish/ps1_ws/install/turtlebot3_cartographer:/home/anish/ps1_ws/install/turtlebot3_teleop:/home/anish/ps1_ws/install/turtlebot3_example:/opt/ros/humble /usr/bin/cmake --build /home/anish/ps1_ws/build/turtlebot3_bringup -- -j16 -l16
[0.178s] Invoked command in '/home/anish/ps1_ws/build/turtlebot3_bringup' returned '0': CMAKE_PREFIX_PATH=/home/anish/ps1_ws/install/turtlebot3_node:/home/anish/ps1_ws/install/turtlebot3_description:/home/anish/ps1_ws/install/turtlebot3:/home/anish/ps1_ws/install/turtlebot3_simulations:/home/anish/ps1_ws/install/turtlebot3_bringup:/home/anish/ps1_ws/install/turtlebot3_navigation2:/home/anish/ps1_ws/install/turtlebot3_gazebo:/home/anish/ps1_ws/install/turtlebot3_fake_node:/home/anish/ps1_ws/install/turtlebot3_cartographer:/home/anish/ps1_ws/install/turtlebot3_teleop:/home/anish/ps1_ws/install/turtlebot3_example:/opt/ros/humble /usr/bin/cmake --build /home/anish/ps1_ws/build/turtlebot3_bringup -- -j16 -l16
[0.179s] Invoking command in '/home/anish/ps1_ws/build/turtlebot3_bringup': CMAKE_PREFIX_PATH=/home/anish/ps1_ws/install/turtlebot3_node:/home/anish/ps1_ws/install/turtlebot3_description:/home/anish/ps1_ws/install/turtlebot3:/home/anish/ps1_ws/install/turtlebot3_simulations:/home/anish/ps1_ws/install/turtlebot3_bringup:/home/anish/ps1_ws/install/turtlebot3_navigation2:/home/anish/ps1_ws/install/turtlebot3_gazebo:/home/anish/ps1_ws/install/turtlebot3_fake_node:/home/anish/ps1_ws/install/turtlebot3_cartographer:/home/anish/ps1_ws/install/turtlebot3_teleop:/home/anish/ps1_ws/install/turtlebot3_example:/opt/ros/humble /usr/bin/cmake --install /home/anish/ps1_ws/build/turtlebot3_bringup
[0.185s] -- Install configuration: ""
[0.185s] -- Execute custom install script
[0.185s] -- Symlinking: /home/anish/ps1_ws/install/turtlebot3_bringup/share/turtlebot3_bringup/launch/camera.launch.py
[0.194s] -- Symlinking: /home/anish/ps1_ws/install/turtlebot3_bringup/share/turtlebot3_bringup/launch/robot.launch.py
[0.201s] -- Symlinking: /home/anish/ps1_ws/install/turtlebot3_bringup/share/turtlebot3_bringup/launch/rviz2.launch.py
[0.208s] -- Symlinking: /home/anish/ps1_ws/install/turtlebot3_bringup/share/turtlebot3_bringup/launch/turtlebot3_state_publisher.launch.py
[0.216s] -- Symlinking: /home/anish/ps1_ws/install/turtlebot3_bringup/share/turtlebot3_bringup/param/burger.yaml
[0.222s] -- Symlinking: /home/anish/ps1_ws/install/turtlebot3_bringup/share/turtlebot3_bringup/param/humble/burger.yaml
[0.229s] -- Symlinking: /home/anish/ps1_ws/install/turtlebot3_bringup/share/turtlebot3_bringup/param/humble/waffle.yaml
[0.236s] -- Symlinking: /home/anish/ps1_ws/install/turtlebot3_bringup/share/turtlebot3_bringup/param/humble/waffle_pi.yaml
[0.244s] -- Symlinking: /home/anish/ps1_ws/install/turtlebot3_bringup/share/turtlebot3_bringup/param/waffle.yaml
[0.251s] -- Symlinking: /home/anish/ps1_ws/install/turtlebot3_bringup/share/turtlebot3_bringup/param/waffle_pi.yaml
[0.258s] -- Symlinking: /home/anish/ps1_ws/install/turtlebot3_bringup/share/turtlebot3_bringup/script/99-turtlebot3-cdc.rules
[0.266s] -- Symlinking: /home/anish/ps1_ws/install/turtlebot3_bringup/share/turtlebot3_bringup/script/create_udev_rules
[0.273s] -- Symlinking: /home/anish/ps1_ws/install/turtlebot3_bringup/share/ament_index/resource_index/package_run_dependencies/turtlebot3_bringup
[0.280s] -- Symlinking: /home/anish/ps1_ws/install/turtlebot3_bringup/share/ament_index/resource_index/parent_prefix_path/turtlebot3_bringup
[0.287s] -- Symlinking: /home/anish/ps1_ws/install/turtlebot3_bringup/share/turtlebot3_bringup/environment/ament_prefix_path.sh
[0.296s] -- Symlinking: /home/anish/ps1_ws/install/turtlebot3_bringup/share/turtlebot3_bringup/environment/ament_prefix_path.dsv
[0.303s] -- Symlinking: /home/anish/ps1_ws/install/turtlebot3_bringup/share/turtlebot3_bringup/environment/path.sh
[0.311s] -- Symlinking: /home/anish/ps1_ws/install/turtlebot3_bringup/share/turtlebot3_bringup/environment/path.dsv
[0.318s] -- Symlinking: /home/anish/ps1_ws/install/turtlebot3_bringup/share/turtlebot3_bringup/local_setup.bash
[0.326s] -- Symlinking: /home/anish/ps1_ws/install/turtlebot3_bringup/share/turtlebot3_bringup/local_setup.sh
[0.333s] -- Symlinking: /home/anish/ps1_ws/install/turtlebot3_bringup/share/turtlebot3_bringup/local_setup.zsh
[0.340s] -- Symlinking: /home/anish/ps1_ws/install/turtlebot3_bringup/share/turtlebot3_bringup/local_setup.dsv
[0.347s] -- Symlinking: /home/anish/ps1_ws/install/turtlebot3_bringup/share/turtlebot3_bringup/package.dsv
[0.354s] -- Symlinking: /home/anish/ps1_ws/install/turtlebot3_bringup/share/ament_index/resource_index/packages/turtlebot3_bringup
[0.362s] -- Symlinking: /home/anish/ps1_ws/install/turtlebot3_bringup/share/turtlebot3_bringup/cmake/turtlebot3_bringupConfig.cmake
[0.370s] -- Symlinking: /home/anish/ps1_ws/install/turtlebot3_bringup/share/turtlebot3_bringup/cmake/turtlebot3_bringupConfig-version.cmake
[0.378s] -- Symlinking: /home/anish/ps1_ws/install/turtlebot3_bringup/share/turtlebot3_bringup/package.xml
[0.386s] Invoked command in '/home/anish/ps1_ws/build/turtlebot3_bringup' returned '0': CMAKE_PREFIX_PATH=/home/anish/ps1_ws/install/turtlebot3_node:/home/anish/ps1_ws/install/turtlebot3_description:/home/anish/ps1_ws/install/turtlebot3:/home/anish/ps1_ws/install/turtlebot3_simulations:/home/anish/ps1_ws/install/turtlebot3_bringup:/home/anish/ps1_ws/install/turtlebot3_navigation2:/home/anish/ps1_ws/install/turtlebot3_gazebo:/home/anish/ps1_ws/install/turtlebot3_fake_node:/home/anish/ps1_ws/install/turtlebot3_cartographer:/home/anish/ps1_ws/install/turtlebot3_teleop:/home/anish/ps1_ws/install/turtlebot3_example:/opt/ros/humble /usr/bin/cmake --install /home/anish/ps1_ws/build/turtlebot3_bringup
