[0.174s] Invoking command in '/home/anish/ps1_ws/build/turtlebot3_fake_node': CMAKE_PREFIX_PATH=${CMAKE_PREFIX_PATH}:/home/anish/ps1_ws/install/turtlebot3_teleop:/home/anish/ps1_ws/install/turtlebot3_example:/opt/ros/humble /usr/bin/cmake /home/anish/ps1_ws/src/turtlebot3_simulations/turtlebot3_fake_node -DAMENT_CMAKE_SYMLINK_INSTALL=1 -DCMAKE_INSTALL_PREFIX=/home/anish/ps1_ws/install/turtlebot3_fake_node
[0.183s] -- Found ament_cmake: 1.3.11 (/opt/ros/humble/share/ament_cmake/cmake)
[0.266s] -- Override CMake install command with custom implementation using symlinks instead of copying resources
[0.270s] -- Found geometry_msgs: 4.9.0 (/opt/ros/humble/share/geometry_msgs/cmake)
[0.286s] -- Found rosidl_generator_c: 3.1.6 (/opt/ros/humble/share/rosidl_generator_c/cmake)
[0.288s] -- Found rosidl_adapter: 3.1.6 (/opt/ros/humble/share/rosidl_adapter/cmake)
[0.291s] -- Found rosidl_generator_cpp: 3.1.6 (/opt/ros/humble/share/rosidl_generator_cpp/cmake)
[0.297s] -- Using all available rosidl_typesupport_c: rosidl_typesupport_fastrtps_c;rosidl_typesupport_introspection_c
[0.305s] -- Using all available rosidl_typesupport_cpp: rosidl_typesupport_fastrtps_cpp;rosidl_typesupport_introspection_cpp
[0.329s] -- Found nav_msgs: 4.9.0 (/opt/ros/humble/share/nav_msgs/cmake)
[0.339s] -- Found rclcpp: 16.0.12 (/opt/ros/humble/share/rclcpp/cmake)
[0.355s] -- Found rmw_implementation_cmake: 6.1.2 (/opt/ros/humble/share/rmw_implementation_cmake/cmake)
[0.356s] -- Found rmw_cyclonedds_cpp: 1.3.4 (/opt/ros/humble/share/rmw_cyclonedds_cpp/cmake)
[0.368s] -- Using RMW implementation 'rmw_cyclonedds_cpp' as default
[0.393s] -- Found sensor_msgs: 4.9.0 (/opt/ros/humble/share/sensor_msgs/cmake)
[0.404s] -- Found tf2: 0.25.13 (/opt/ros/humble/share/tf2/cmake)
[0.406s] -- Found tf2_msgs: 0.25.13 (/opt/ros/humble/share/tf2_msgs/cmake)
[0.438s] -- Found turtlebot3_msgs: 2.4.0 (/opt/ros/humble/share/turtlebot3_msgs/cmake)
[0.505s] -- Configuring done
[0.515s] -- Generating done
[0.519s] -- Build files have been written to: /home/anish/ps1_ws/build/turtlebot3_fake_node
[0.526s] Invoked command in '/home/anish/ps1_ws/build/turtlebot3_fake_node' returned '0': CMAKE_PREFIX_PATH=${CMAKE_PREFIX_PATH}:/home/anish/ps1_ws/install/turtlebot3_teleop:/home/anish/ps1_ws/install/turtlebot3_example:/opt/ros/humble /usr/bin/cmake /home/anish/ps1_ws/src/turtlebot3_simulations/turtlebot3_fake_node -DAMENT_CMAKE_SYMLINK_INSTALL=1 -DCMAKE_INSTALL_PREFIX=/home/anish/ps1_ws/install/turtlebot3_fake_node
[0.527s] Invoking command in '/home/anish/ps1_ws/build/turtlebot3_fake_node': CMAKE_PREFIX_PATH=${CMAKE_PREFIX_PATH}:/home/anish/ps1_ws/install/turtlebot3_teleop:/home/anish/ps1_ws/install/turtlebot3_example:/opt/ros/humble /usr/bin/cmake --build /home/anish/ps1_ws/build/turtlebot3_fake_node -- -j16 -l16
[0.564s] [35m[1mConsolidate compiler generated dependencies of target turtlebot3_fake_node[0m
[0.581s] [ 50%] [32m[1mLinking CXX executable turtlebot3_fake_node[0m
[0.982s] [100%] Built target turtlebot3_fake_node
[0.994s] Invoked command in '/home/anish/ps1_ws/build/turtlebot3_fake_node' returned '0': CMAKE_PREFIX_PATH=${CMAKE_PREFIX_PATH}:/home/anish/ps1_ws/install/turtlebot3_teleop:/home/anish/ps1_ws/install/turtlebot3_example:/opt/ros/humble /usr/bin/cmake --build /home/anish/ps1_ws/build/turtlebot3_fake_node -- -j16 -l16
[0.996s] Invoking command in '/home/anish/ps1_ws/build/turtlebot3_fake_node': CMAKE_PREFIX_PATH=${CMAKE_PREFIX_PATH}:/home/anish/ps1_ws/install/turtlebot3_teleop:/home/anish/ps1_ws/install/turtlebot3_example:/opt/ros/humble /usr/bin/cmake --install /home/anish/ps1_ws/build/turtlebot3_fake_node
[1.003s] -- Install configuration: ""
[1.003s] -- Execute custom install script
[1.003s] -- Symlinking: /home/anish/ps1_ws/install/turtlebot3_fake_node/lib/turtlebot3_fake_node/turtlebot3_fake_node
[1.013s] -- Symlinking: /home/anish/ps1_ws/install/turtlebot3_fake_node/share/turtlebot3_fake_node/launch/rviz2.launch.py
[1.023s] -- Symlinking: /home/anish/ps1_ws/install/turtlebot3_fake_node/share/turtlebot3_fake_node/launch/turtlebot3_fake_node.launch.py
[1.032s] -- Symlinking: /home/anish/ps1_ws/install/turtlebot3_fake_node/share/turtlebot3_fake_node/param/burger.yaml
[1.040s] -- Symlinking: /home/anish/ps1_ws/install/turtlebot3_fake_node/share/turtlebot3_fake_node/param/waffle.yaml
[1.049s] -- Symlinking: /home/anish/ps1_ws/install/turtlebot3_fake_node/share/turtlebot3_fake_node/param/waffle_pi.yaml
[1.057s] -- Symlinking: /home/anish/ps1_ws/install/turtlebot3_fake_node/include//turtlebot3_fake_node/turtlebot3_fake_node.hpp
[1.066s] -- Symlinking: /home/anish/ps1_ws/install/turtlebot3_fake_node/share/ament_index/resource_index/package_run_dependencies/turtlebot3_fake_node
[1.075s] -- Symlinking: /home/anish/ps1_ws/install/turtlebot3_fake_node/share/ament_index/resource_index/parent_prefix_path/turtlebot3_fake_node
[1.084s] -- Symlinking: /home/anish/ps1_ws/install/turtlebot3_fake_node/share/turtlebot3_fake_node/environment/ament_prefix_path.sh
[1.094s] -- Symlinking: /home/anish/ps1_ws/install/turtlebot3_fake_node/share/turtlebot3_fake_node/environment/ament_prefix_path.dsv
[1.104s] -- Symlinking: /home/anish/ps1_ws/install/turtlebot3_fake_node/share/turtlebot3_fake_node/environment/path.sh
[1.112s] -- Symlinking: /home/anish/ps1_ws/install/turtlebot3_fake_node/share/turtlebot3_fake_node/environment/path.dsv
[1.118s] -- Symlinking: /home/anish/ps1_ws/install/turtlebot3_fake_node/share/turtlebot3_fake_node/local_setup.bash
[1.126s] -- Symlinking: /home/anish/ps1_ws/install/turtlebot3_fake_node/share/turtlebot3_fake_node/local_setup.sh
[1.134s] -- Symlinking: /home/anish/ps1_ws/install/turtlebot3_fake_node/share/turtlebot3_fake_node/local_setup.zsh
[1.141s] -- Symlinking: /home/anish/ps1_ws/install/turtlebot3_fake_node/share/turtlebot3_fake_node/local_setup.dsv
[1.149s] -- Symlinking: /home/anish/ps1_ws/install/turtlebot3_fake_node/share/turtlebot3_fake_node/package.dsv
[1.158s] -- Symlinking: /home/anish/ps1_ws/install/turtlebot3_fake_node/share/ament_index/resource_index/packages/turtlebot3_fake_node
[1.167s] -- Symlinking: /home/anish/ps1_ws/install/turtlebot3_fake_node/share/turtlebot3_fake_node/cmake/ament_cmake_export_include_directories-extras.cmake
[1.176s] -- Symlinking: /home/anish/ps1_ws/install/turtlebot3_fake_node/share/turtlebot3_fake_node/cmake/ament_cmake_export_dependencies-extras.cmake
[1.184s] -- Symlinking: /home/anish/ps1_ws/install/turtlebot3_fake_node/share/turtlebot3_fake_node/cmake/turtlebot3_fake_nodeConfig.cmake
[1.193s] -- Symlinking: /home/anish/ps1_ws/install/turtlebot3_fake_node/share/turtlebot3_fake_node/cmake/turtlebot3_fake_nodeConfig-version.cmake
[1.206s] -- Symlinking: /home/anish/ps1_ws/install/turtlebot3_fake_node/share/turtlebot3_fake_node/package.xml
[1.221s] Invoked command in '/home/anish/ps1_ws/build/turtlebot3_fake_node' returned '0': CMAKE_PREFIX_PATH=${CMAKE_PREFIX_PATH}:/home/anish/ps1_ws/install/turtlebot3_teleop:/home/anish/ps1_ws/install/turtlebot3_example:/opt/ros/humble /usr/bin/cmake --install /home/anish/ps1_ws/build/turtlebot3_fake_node
