[0.179s] Invoking command in '/home/anish/ps1_ws/build/turtlebot3_gazebo': CMAKE_PREFIX_PATH=${CMAKE_PREFIX_PATH}:/home/anish/ps1_ws/install/turtlebot3_teleop:/home/anish/ps1_ws/install/turtlebot3_example:/opt/ros/humble /usr/bin/cmake --build /home/anish/ps1_ws/build/turtlebot3_gazebo -- -j16 -l16
[0.227s] [ 25%] Built target turtlebot3_drive
[0.238s] [100%] Built target obstacle1
[0.238s] [100%] Built target obstacles
[0.238s] [100%] Built target obstacle2
[0.390s] Invoked command in '/home/anish/ps1_ws/build/turtlebot3_gazebo' returned '0': CMAKE_PREFIX_PATH=${CMAKE_PREFIX_PATH}:/home/anish/ps1_ws/install/turtlebot3_teleop:/home/anish/ps1_ws/install/turtlebot3_example:/opt/ros/humble /usr/bin/cmake --build /home/anish/ps1_ws/build/turtlebot3_gazebo -- -j16 -l16
[0.391s] Invoking command in '/home/anish/ps1_ws/build/turtlebot3_gazebo': CMAKE_PREFIX_PATH=${CMAKE_PREFIX_PATH}:/home/anish/ps1_ws/install/turtlebot3_teleop:/home/anish/ps1_ws/install/turtlebot3_example:/opt/ros/humble /usr/bin/cmake --install /home/anish/ps1_ws/build/turtlebot3_gazebo
[0.397s] -- Install configuration: ""
[0.398s] -- Execute custom install script
[0.398s] -- Up-to-date symlink: /home/anish/ps1_ws/install/turtlebot3_gazebo/lib/turtlebot3_gazebo/turtlebot3_drive
[0.398s] -- Up-to-date symlink: /home/anish/ps1_ws/install/turtlebot3_gazebo/share/turtlebot3_gazebo//launch/empty_world.launch.py
[0.398s] -- Up-to-date symlink: /home/anish/ps1_ws/install/turtlebot3_gazebo/share/turtlebot3_gazebo//launch/robot_state_publisher.launch.py
[0.398s] -- Up-to-date symlink: /home/anish/ps1_ws/install/turtlebot3_gazebo/share/turtlebot3_gazebo//launch/spawn_turtlebot3.launch.py
[0.398s] -- Up-to-date symlink: /home/anish/ps1_ws/install/turtlebot3_gazebo/share/turtlebot3_gazebo//launch/turtlebot3_dqn_stage1.launch.py
[0.398s] -- Up-to-date symlink: /home/anish/ps1_ws/install/turtlebot3_gazebo/share/turtlebot3_gazebo//launch/turtlebot3_dqn_stage2.launch.py
[0.398s] -- Up-to-date symlink: /home/anish/ps1_ws/install/turtlebot3_gazebo/share/turtlebot3_gazebo//launch/turtlebot3_dqn_stage3.launch.py
[0.399s] -- Up-to-date symlink: /home/anish/ps1_ws/install/turtlebot3_gazebo/share/turtlebot3_gazebo//launch/turtlebot3_dqn_stage4.launch.py
[0.399s] -- Up-to-date symlink: /home/anish/ps1_ws/install/turtlebot3_gazebo/share/turtlebot3_gazebo//launch/turtlebot3_house.launch.py
[0.399s] -- Up-to-date symlink: /home/anish/ps1_ws/install/turtlebot3_gazebo/share/turtlebot3_gazebo//launch/turtlebot3_small_house_simple.launch.py
[0.399s] -- Up-to-date symlink: /home/anish/ps1_ws/install/turtlebot3_gazebo/share/turtlebot3_gazebo//launch/turtlebot3_world.launch.py
[0.399s] -- Up-to-date symlink: /home/anish/ps1_ws/install/turtlebot3_gazebo/share/turtlebot3_gazebo//models/turtlebot3_burger/model-1_4.sdf
[0.399s] -- Up-to-date symlink: /home/anish/ps1_ws/install/turtlebot3_gazebo/share/turtlebot3_gazebo//models/turtlebot3_burger/model.config
[0.400s] -- Up-to-date symlink: /home/anish/ps1_ws/install/turtlebot3_gazebo/share/turtlebot3_gazebo//models/turtlebot3_burger/model.sdf
[0.400s] -- Up-to-date symlink: /home/anish/ps1_ws/install/turtlebot3_gazebo/share/turtlebot3_gazebo//models/turtlebot3_common/meshes/burger_base.dae
[0.400s] -- Up-to-date symlink: /home/anish/ps1_ws/install/turtlebot3_gazebo/share/turtlebot3_gazebo//models/turtlebot3_common/meshes/lds.dae
[0.400s] -- Up-to-date symlink: /home/anish/ps1_ws/install/turtlebot3_gazebo/share/turtlebot3_gazebo//models/turtlebot3_common/meshes/r200.dae
[0.400s] -- Up-to-date symlink: /home/anish/ps1_ws/install/turtlebot3_gazebo/share/turtlebot3_gazebo//models/turtlebot3_common/meshes/tire.dae
[0.400s] -- Up-to-date symlink: /home/anish/ps1_ws/install/turtlebot3_gazebo/share/turtlebot3_gazebo//models/turtlebot3_common/meshes/waffle_base.dae
[0.400s] -- Up-to-date symlink: /home/anish/ps1_ws/install/turtlebot3_gazebo/share/turtlebot3_gazebo//models/turtlebot3_common/meshes/waffle_pi_base.dae
[0.401s] -- Up-to-date symlink: /home/anish/ps1_ws/install/turtlebot3_gazebo/share/turtlebot3_gazebo//models/turtlebot3_common/model.config
[0.401s] -- Up-to-date symlink: /home/anish/ps1_ws/install/turtlebot3_gazebo/share/turtlebot3_gazebo//models/turtlebot3_dqn_world/goal_box/model.config
[0.401s] -- Up-to-date symlink: /home/anish/ps1_ws/install/turtlebot3_gazebo/share/turtlebot3_gazebo//models/turtlebot3_dqn_world/goal_box/model.sdf
[0.401s] -- Up-to-date symlink: /home/anish/ps1_ws/install/turtlebot3_gazebo/share/turtlebot3_gazebo//models/turtlebot3_dqn_world/inner_walls/model.config
[0.402s] -- Up-to-date symlink: /home/anish/ps1_ws/install/turtlebot3_gazebo/share/turtlebot3_gazebo//models/turtlebot3_dqn_world/inner_walls/model.sdf
[0.402s] -- Up-to-date symlink: /home/anish/ps1_ws/install/turtlebot3_gazebo/share/turtlebot3_gazebo//models/turtlebot3_dqn_world/model.config
[0.402s] -- Up-to-date symlink: /home/anish/ps1_ws/install/turtlebot3_gazebo/share/turtlebot3_gazebo//models/turtlebot3_dqn_world/model.sdf
[0.402s] -- Up-to-date symlink: /home/anish/ps1_ws/install/turtlebot3_gazebo/share/turtlebot3_gazebo//models/turtlebot3_dqn_world/obstacle1/model.config
[0.402s] -- Up-to-date symlink: /home/anish/ps1_ws/install/turtlebot3_gazebo/share/turtlebot3_gazebo//models/turtlebot3_dqn_world/obstacle1/model.sdf
[0.402s] -- Up-to-date symlink: /home/anish/ps1_ws/install/turtlebot3_gazebo/share/turtlebot3_gazebo//models/turtlebot3_dqn_world/obstacle2/model.config
[0.403s] -- Up-to-date symlink: /home/anish/ps1_ws/install/turtlebot3_gazebo/share/turtlebot3_gazebo//models/turtlebot3_dqn_world/obstacle2/model.sdf
[0.403s] -- Up-to-date symlink: /home/anish/ps1_ws/install/turtlebot3_gazebo/share/turtlebot3_gazebo//models/turtlebot3_dqn_world/obstacle_plugin/CMakeLists.txt
[0.403s] -- Up-to-date symlink: /home/anish/ps1_ws/install/turtlebot3_gazebo/share/turtlebot3_gazebo//models/turtlebot3_dqn_world/obstacle_plugin/obstacle1.cc
[0.403s] -- Up-to-date symlink: /home/anish/ps1_ws/install/turtlebot3_gazebo/share/turtlebot3_gazebo//models/turtlebot3_dqn_world/obstacle_plugin/obstacle2.cc
[0.403s] -- Up-to-date symlink: /home/anish/ps1_ws/install/turtlebot3_gazebo/share/turtlebot3_gazebo//models/turtlebot3_dqn_world/obstacle_plugin/obstacles.cc
[0.403s] -- Up-to-date symlink: /home/anish/ps1_ws/install/turtlebot3_gazebo/share/turtlebot3_gazebo//models/turtlebot3_dqn_world/obstacles/model.config
[0.403s] -- Up-to-date symlink: /home/anish/ps1_ws/install/turtlebot3_gazebo/share/turtlebot3_gazebo//models/turtlebot3_dqn_world/obstacles/model.sdf
[0.403s] -- Up-to-date symlink: /home/anish/ps1_ws/install/turtlebot3_gazebo/share/turtlebot3_gazebo//models/turtlebot3_house/model.config
[0.403s] -- Up-to-date symlink: /home/anish/ps1_ws/install/turtlebot3_gazebo/share/turtlebot3_gazebo//models/turtlebot3_house/model.sdf
[0.403s] -- Up-to-date symlink: /home/anish/ps1_ws/install/turtlebot3_gazebo/share/turtlebot3_gazebo//models/turtlebot3_waffle/model-1_4.sdf
[0.403s] -- Up-to-date symlink: /home/anish/ps1_ws/install/turtlebot3_gazebo/share/turtlebot3_gazebo//models/turtlebot3_waffle/model.config
[0.404s] -- Up-to-date symlink: /home/anish/ps1_ws/install/turtlebot3_gazebo/share/turtlebot3_gazebo//models/turtlebot3_waffle/model.sdf
[0.404s] -- Up-to-date symlink: /home/anish/ps1_ws/install/turtlebot3_gazebo/share/turtlebot3_gazebo//models/turtlebot3_waffle_pi/model-1_4_.sdf
[0.404s] -- Up-to-date symlink: /home/anish/ps1_ws/install/turtlebot3_gazebo/share/turtlebot3_gazebo//models/turtlebot3_waffle_pi/model.config
[0.404s] -- Up-to-date symlink: /home/anish/ps1_ws/install/turtlebot3_gazebo/share/turtlebot3_gazebo//models/turtlebot3_waffle_pi/model.sdf
[0.404s] -- Up-to-date symlink: /home/anish/ps1_ws/install/turtlebot3_gazebo/share/turtlebot3_gazebo//models/turtlebot3_world/meshes/hexagon.dae
[0.404s] -- Up-to-date symlink: /home/anish/ps1_ws/install/turtlebot3_gazebo/share/turtlebot3_gazebo//models/turtlebot3_world/meshes/wall.dae
[0.404s] -- Up-to-date symlink: /home/anish/ps1_ws/install/turtlebot3_gazebo/share/turtlebot3_gazebo//models/turtlebot3_world/model-1_4.sdf
[0.404s] -- Up-to-date symlink: /home/anish/ps1_ws/install/turtlebot3_gazebo/share/turtlebot3_gazebo//models/turtlebot3_world/model.config
[0.404s] -- Up-to-date symlink: /home/anish/ps1_ws/install/turtlebot3_gazebo/share/turtlebot3_gazebo//models/turtlebot3_world/model.sdf
[0.404s] -- Up-to-date symlink: /home/anish/ps1_ws/install/turtlebot3_gazebo/share/turtlebot3_gazebo//rviz/tb3_gazebo.rviz
[0.404s] -- Up-to-date symlink: /home/anish/ps1_ws/install/turtlebot3_gazebo/share/turtlebot3_gazebo//urdf/common_properties.urdf
[0.404s] -- Up-to-date symlink: /home/anish/ps1_ws/install/turtlebot3_gazebo/share/turtlebot3_gazebo//urdf/turtlebot3_burger.urdf
[0.404s] -- Up-to-date symlink: /home/anish/ps1_ws/install/turtlebot3_gazebo/share/turtlebot3_gazebo//urdf/turtlebot3_waffle.urdf
[0.404s] -- Up-to-date symlink: /home/anish/ps1_ws/install/turtlebot3_gazebo/share/turtlebot3_gazebo//urdf/turtlebot3_waffle_pi.urdf
[0.410s] -- Up-to-date symlink: /home/anish/ps1_ws/install/turtlebot3_gazebo/share/turtlebot3_gazebo//worlds/maps/turtlebot3_waffle_pi/map.pgm
[0.410s] -- Up-to-date symlink: /home/anish/ps1_ws/install/turtlebot3_gazebo/share/turtlebot3_gazebo//worlds/maps/turtlebot3_waffle_pi/map.yaml
[0.410s] -- Up-to-date symlink: /home/anish/ps1_ws/install/turtlebot3_gazebo/share/turtlebot3_gazebo//worlds/models/.DS_Store
[0.410s] -- Up-to-date symlink: /home/anish/ps1_ws/install/turtlebot3_gazebo/share/turtlebot3_gazebo//worlds/models/aws_robomaker_residential_AirconditionerA_01/materials/textures/aws_AirconditionerA_01.png
[0.410s] -- Up-to-date symlink: /home/anish/ps1_ws/install/turtlebot3_gazebo/share/turtlebot3_gazebo//worlds/models/aws_robomaker_residential_AirconditionerA_01/meshes/aws_AirconditionerA_01_collision.DAE
[0.410s] -- Up-to-date symlink: /home/anish/ps1_ws/install/turtlebot3_gazebo/share/turtlebot3_gazebo//worlds/models/aws_robomaker_residential_AirconditionerA_01/meshes/aws_AirconditionerA_01_visual.DAE
[0.410s] -- Up-to-date symlink: /home/anish/ps1_ws/install/turtlebot3_gazebo/share/turtlebot3_gazebo//worlds/models/aws_robomaker_residential_AirconditionerA_01/meshes/aws__Air conditioner_01.DAE
[0.410s] -- Up-to-date symlink: /home/anish/ps1_ws/install/turtlebot3_gazebo/share/turtlebot3_gazebo//worlds/models/aws_robomaker_residential_AirconditionerA_01/model.config
[0.410s] -- Up-to-date symlink: /home/anish/ps1_ws/install/turtlebot3_gazebo/share/turtlebot3_gazebo//worlds/models/aws_robomaker_residential_AirconditionerA_01/model.sdf
[0.411s] -- Up-to-date symlink: /home/anish/ps1_ws/install/turtlebot3_gazebo/share/turtlebot3_gazebo//worlds/models/aws_robomaker_residential_AirconditionerB_01/materials/textures/aws_AirconditionerB_01.png
[0.411s] -- Up-to-date symlink: /home/anish/ps1_ws/install/turtlebot3_gazebo/share/turtlebot3_gazebo//worlds/models/aws_robomaker_residential_AirconditionerB_01/meshes/aws_AirconditionerB_01_collision.DAE
[0.411s] -- Up-to-date symlink: /home/anish/ps1_ws/install/turtlebot3_gazebo/share/turtlebot3_gazebo//worlds/models/aws_robomaker_residential_AirconditionerB_01/meshes/aws_AirconditionerB_01_visual.DAE
[0.411s] -- Up-to-date symlink: /home/anish/ps1_ws/install/turtlebot3_gazebo/share/turtlebot3_gazebo//worlds/models/aws_robomaker_residential_AirconditionerB_01/model.config
[0.411s] -- Up-to-date symlink: /home/anish/ps1_ws/install/turtlebot3_gazebo/share/turtlebot3_gazebo//worlds/models/aws_robomaker_residential_AirconditionerB_01/model.sdf
[0.411s] -- Up-to-date symlink: /home/anish/ps1_ws/install/turtlebot3_gazebo/share/turtlebot3_gazebo//worlds/models/aws_robomaker_residential_BalconyTable_01/materials/textures/aws_BalconyTable_01.png
[0.411s] -- Up-to-date symlink: /home/anish/ps1_ws/install/turtlebot3_gazebo/share/turtlebot3_gazebo//worlds/models/aws_robomaker_residential_BalconyTable_01/meshes/aws_BalconyTable_01_collision.DAE
[0.411s] -- Up-to-date symlink: /home/anish/ps1_ws/install/turtlebot3_gazebo/share/turtlebot3_gazebo//worlds/models/aws_robomaker_residential_BalconyTable_01/meshes/aws_BalconyTable_01_visual.DAE
[0.411s] -- Up-to-date symlink: /home/anish/ps1_ws/install/turtlebot3_gazebo/share/turtlebot3_gazebo//worlds/models/aws_robomaker_residential_BalconyTable_01/model.config
[0.412s] -- Up-to-date symlink: /home/anish/ps1_ws/install/turtlebot3_gazebo/share/turtlebot3_gazebo//worlds/models/aws_robomaker_residential_BalconyTable_01/model.sdf
[0.412s] -- Up-to-date symlink: /home/anish/ps1_ws/install/turtlebot3_gazebo/share/turtlebot3_gazebo//worlds/models/aws_robomaker_residential_Ball_01/materials/textures/aws_Ball_01.png
[0.412s] -- Up-to-date symlink: /home/anish/ps1_ws/install/turtlebot3_gazebo/share/turtlebot3_gazebo//worlds/models/aws_robomaker_residential_Ball_01/meshes/aws_Ball_01_collision.DAE
[0.412s] -- Up-to-date symlink: /home/anish/ps1_ws/install/turtlebot3_gazebo/share/turtlebot3_gazebo//worlds/models/aws_robomaker_residential_Ball_01/meshes/aws_Ball_01_visual.DAE
[0.412s] -- Up-to-date symlink: /home/anish/ps1_ws/install/turtlebot3_gazebo/share/turtlebot3_gazebo//worlds/models/aws_robomaker_residential_Ball_01/model.config
[0.412s] -- Up-to-date symlink: /home/anish/ps1_ws/install/turtlebot3_gazebo/share/turtlebot3_gazebo//worlds/models/aws_robomaker_residential_Ball_01/model.sdf
[0.413s] -- Up-to-date symlink: /home/anish/ps1_ws/install/turtlebot3_gazebo/share/turtlebot3_gazebo//worlds/models/aws_robomaker_residential_Bed_01/materials/textures/aws_BedA_01.png
[0.413s] -- Up-to-date symlink: /home/anish/ps1_ws/install/turtlebot3_gazebo/share/turtlebot3_gazebo//worlds/models/aws_robomaker_residential_Bed_01/materials/textures/aws_BedB_01.png
[0.413s] -- Up-to-date symlink: /home/anish/ps1_ws/install/turtlebot3_gazebo/share/turtlebot3_gazebo//worlds/models/aws_robomaker_residential_Bed_01/materials/textures/aws_BedC_01.png
[0.413s] -- Up-to-date symlink: /home/anish/ps1_ws/install/turtlebot3_gazebo/share/turtlebot3_gazebo//worlds/models/aws_robomaker_residential_Bed_01/materials/textures/aws_Bed_01.png
[0.414s] -- Up-to-date symlink: /home/anish/ps1_ws/install/turtlebot3_gazebo/share/turtlebot3_gazebo//worlds/models/aws_robomaker_residential_Bed_01/meshes/aws_Bed_01_collision.DAE
[0.414s] -- Up-to-date symlink: /home/anish/ps1_ws/install/turtlebot3_gazebo/share/turtlebot3_gazebo//worlds/models/aws_robomaker_residential_Bed_01/meshes/aws_Bed_01_visual.DAE
[0.414s] -- Up-to-date symlink: /home/anish/ps1_ws/install/turtlebot3_gazebo/share/turtlebot3_gazebo//worlds/models/aws_robomaker_residential_Bed_01/model.config
[0.414s] -- Up-to-date symlink: /home/anish/ps1_ws/install/turtlebot3_gazebo/share/turtlebot3_gazebo//worlds/models/aws_robomaker_residential_Bed_01/model.sdf
[0.415s] -- Up-to-date symlink: /home/anish/ps1_ws/install/turtlebot3_gazebo/share/turtlebot3_gazebo//worlds/models/aws_robomaker_residential_Board_01/materials/textures/aws_Board_01.png
[0.416s] -- Up-to-date symlink: /home/anish/ps1_ws/install/turtlebot3_gazebo/share/turtlebot3_gazebo//worlds/models/aws_robomaker_residential_Board_01/meshes/aws_Board_01_collision.DAE
[0.416s] -- Up-to-date symlink: /home/anish/ps1_ws/install/turtlebot3_gazebo/share/turtlebot3_gazebo//worlds/models/aws_robomaker_residential_Board_01/meshes/aws_Board_01_visual.DAE
[0.416s] -- Up-to-date symlink: /home/anish/ps1_ws/install/turtlebot3_gazebo/share/turtlebot3_gazebo//worlds/models/aws_robomaker_residential_Board_01/model.config
[0.416s] -- Up-to-date symlink: /home/anish/ps1_ws/install/turtlebot3_gazebo/share/turtlebot3_gazebo//worlds/models/aws_robomaker_residential_Board_01/model.sdf
[0.416s] -- Up-to-date symlink: /home/anish/ps1_ws/install/turtlebot3_gazebo/share/turtlebot3_gazebo//worlds/models/aws_robomaker_residential_Carpet_01/materials/textures/aws_Carpet_01.png
[0.416s] -- Up-to-date symlink: /home/anish/ps1_ws/install/turtlebot3_gazebo/share/turtlebot3_gazebo//worlds/models/aws_robomaker_residential_Carpet_01/meshes/aws_Carpet_01_collision.DAE
[0.416s] -- Up-to-date symlink: /home/anish/ps1_ws/install/turtlebot3_gazebo/share/turtlebot3_gazebo//worlds/models/aws_robomaker_residential_Carpet_01/meshes/aws_Carpet_01_visual.DAE
[0.416s] -- Up-to-date symlink: /home/anish/ps1_ws/install/turtlebot3_gazebo/share/turtlebot3_gazebo//worlds/models/aws_robomaker_residential_Carpet_01/model.config
[0.416s] -- Up-to-date symlink: /home/anish/ps1_ws/install/turtlebot3_gazebo/share/turtlebot3_gazebo//worlds/models/aws_robomaker_residential_Carpet_01/model.sdf
[0.416s] -- Up-to-date symlink: /home/anish/ps1_ws/install/turtlebot3_gazebo/share/turtlebot3_gazebo//worlds/models/aws_robomaker_residential_ChairA_01/materials/textures/aws_ChairA_01.png
[0.416s] -- Up-to-date symlink: /home/anish/ps1_ws/install/turtlebot3_gazebo/share/turtlebot3_gazebo//worlds/models/aws_robomaker_residential_ChairA_01/meshes/aws_ChairA_01_collision.DAE
[0.416s] -- Up-to-date symlink: /home/anish/ps1_ws/install/turtlebot3_gazebo/share/turtlebot3_gazebo//worlds/models/aws_robomaker_residential_ChairA_01/meshes/aws_ChairA_01_visual.DAE
[0.416s] -- Up-to-date symlink: /home/anish/ps1_ws/install/turtlebot3_gazebo/share/turtlebot3_gazebo//worlds/models/aws_robomaker_residential_ChairA_01/model.config
[0.416s] -- Up-to-date symlink: /home/anish/ps1_ws/install/turtlebot3_gazebo/share/turtlebot3_gazebo//worlds/models/aws_robomaker_residential_ChairA_01/model.sdf
[0.416s] -- Up-to-date symlink: /home/anish/ps1_ws/install/turtlebot3_gazebo/share/turtlebot3_gazebo//worlds/models/aws_robomaker_residential_ChairD_01/materials/textures/aws_ChairD_01.png
[0.417s] -- Up-to-date symlink: /home/anish/ps1_ws/install/turtlebot3_gazebo/share/turtlebot3_gazebo//worlds/models/aws_robomaker_residential_ChairD_01/meshes/aws_ChairD_01_collision.DAE
[0.417s] -- Up-to-date symlink: /home/anish/ps1_ws/install/turtlebot3_gazebo/share/turtlebot3_gazebo//worlds/models/aws_robomaker_residential_ChairD_01/meshes/aws_ChairD_01_visual.DAE
[0.417s] -- Up-to-date symlink: /home/anish/ps1_ws/install/turtlebot3_gazebo/share/turtlebot3_gazebo//worlds/models/aws_robomaker_residential_ChairD_01/model.config
[0.417s] -- Up-to-date symlink: /home/anish/ps1_ws/install/turtlebot3_gazebo/share/turtlebot3_gazebo//worlds/models/aws_robomaker_residential_ChairD_01/model.sdf
[0.417s] -- Up-to-date symlink: /home/anish/ps1_ws/install/turtlebot3_gazebo/share/turtlebot3_gazebo//worlds/models/aws_robomaker_residential_Chandelier_01/materials/textures/aws_Chandelier_01.png
[0.417s] -- Up-to-date symlink: /home/anish/ps1_ws/install/turtlebot3_gazebo/share/turtlebot3_gazebo//worlds/models/aws_robomaker_residential_Chandelier_01/meshes/aws_Chandelier_01.DAE
[0.417s] -- Up-to-date symlink: /home/anish/ps1_ws/install/turtlebot3_gazebo/share/turtlebot3_gazebo//worlds/models/aws_robomaker_residential_Chandelier_01/meshes/aws_Chandelier_01_collision.DAE
[0.417s] -- Up-to-date symlink: /home/anish/ps1_ws/install/turtlebot3_gazebo/share/turtlebot3_gazebo//worlds/models/aws_robomaker_residential_Chandelier_01/meshes/aws_Chandelier_01_visual.DAE
[0.417s] -- Up-to-date symlink: /home/anish/ps1_ws/install/turtlebot3_gazebo/share/turtlebot3_gazebo//worlds/models/aws_robomaker_residential_Chandelier_01/model.config
[0.417s] -- Up-to-date symlink: /home/anish/ps1_ws/install/turtlebot3_gazebo/share/turtlebot3_gazebo//worlds/models/aws_robomaker_residential_Chandelier_01/model.sdf
[0.417s] -- Up-to-date symlink: /home/anish/ps1_ws/install/turtlebot3_gazebo/share/turtlebot3_gazebo//worlds/models/aws_robomaker_residential_CoffeeTable_01/materials/textures/aws_CoffeeTable_01.png
[0.417s] -- Up-to-date symlink: /home/anish/ps1_ws/install/turtlebot3_gazebo/share/turtlebot3_gazebo//worlds/models/aws_robomaker_residential_CoffeeTable_01/meshes/aws_CoffeeTable_01_collision.DAE
[0.417s] -- Up-to-date symlink: /home/anish/ps1_ws/install/turtlebot3_gazebo/share/turtlebot3_gazebo//worlds/models/aws_robomaker_residential_CoffeeTable_01/meshes/aws_CoffeeTable_01_visual.DAE
[0.417s] -- Up-to-date symlink: /home/anish/ps1_ws/install/turtlebot3_gazebo/share/turtlebot3_gazebo//worlds/models/aws_robomaker_residential_CoffeeTable_01/model.config
[0.417s] -- Up-to-date symlink: /home/anish/ps1_ws/install/turtlebot3_gazebo/share/turtlebot3_gazebo//worlds/models/aws_robomaker_residential_CoffeeTable_01/model.sdf
[0.417s] -- Up-to-date symlink: /home/anish/ps1_ws/install/turtlebot3_gazebo/share/turtlebot3_gazebo//worlds/models/aws_robomaker_residential_CookingBench_01/materials/textures/aws_CookingBench_01.png
[0.418s] -- Up-to-date symlink: /home/anish/ps1_ws/install/turtlebot3_gazebo/share/turtlebot3_gazebo//worlds/models/aws_robomaker_residential_CookingBench_01/meshes/aws_CookingBench_01.DAE
[0.418s] -- Up-to-date symlink: /home/anish/ps1_ws/install/turtlebot3_gazebo/share/turtlebot3_gazebo//worlds/models/aws_robomaker_residential_CookingBench_01/meshes/aws_CookingBench_01_collision.DAE
[0.418s] -- Up-to-date symlink: /home/anish/ps1_ws/install/turtlebot3_gazebo/share/turtlebot3_gazebo//worlds/models/aws_robomaker_residential_CookingBench_01/meshes/aws_CookingBench_01_visual.DAE
[0.418s] -- Up-to-date symlink: /home/anish/ps1_ws/install/turtlebot3_gazebo/share/turtlebot3_gazebo//worlds/models/aws_robomaker_residential_CookingBench_01/model.config
[0.418s] -- Up-to-date symlink: /home/anish/ps1_ws/install/turtlebot3_gazebo/share/turtlebot3_gazebo//worlds/models/aws_robomaker_residential_CookingBench_01/model.sdf
[0.418s] -- Up-to-date symlink: /home/anish/ps1_ws/install/turtlebot3_gazebo/share/turtlebot3_gazebo//worlds/models/aws_robomaker_residential_Curtain_01/materials/textures/aws_Curtain_01.png
[0.418s] -- Up-to-date symlink: /home/anish/ps1_ws/install/turtlebot3_gazebo/share/turtlebot3_gazebo//worlds/models/aws_robomaker_residential_Curtain_01/meshes/aws_Curtain_01_collision.DAE
[0.418s] -- Up-to-date symlink: /home/anish/ps1_ws/install/turtlebot3_gazebo/share/turtlebot3_gazebo//worlds/models/aws_robomaker_residential_Curtain_01/meshes/aws_Curtain_01_visual.DAE
[0.418s] -- Up-to-date symlink: /home/anish/ps1_ws/install/turtlebot3_gazebo/share/turtlebot3_gazebo//worlds/models/aws_robomaker_residential_Curtain_01/model.config
[0.418s] -- Up-to-date symlink: /home/anish/ps1_ws/install/turtlebot3_gazebo/share/turtlebot3_gazebo//worlds/models/aws_robomaker_residential_Curtain_01/model.sdf
[0.418s] -- Up-to-date symlink: /home/anish/ps1_ws/install/turtlebot3_gazebo/share/turtlebot3_gazebo//worlds/models/aws_robomaker_residential_DeskPortraitA_01/materials/textures/aws_DeskPortraitA_01.png
[0.419s] -- Up-to-date symlink: /home/anish/ps1_ws/install/turtlebot3_gazebo/share/turtlebot3_gazebo//worlds/models/aws_robomaker_residential_DeskPortraitA_01/materials/textures/aws_DeskPortraitA_02.png
[0.419s] -- Up-to-date symlink: /home/anish/ps1_ws/install/turtlebot3_gazebo/share/turtlebot3_gazebo//worlds/models/aws_robomaker_residential_DeskPortraitA_01/meshes/aws_DeskPortraitA_01_collision.DAE
[0.419s] -- Up-to-date symlink: /home/anish/ps1_ws/install/turtlebot3_gazebo/share/turtlebot3_gazebo//worlds/models/aws_robomaker_residential_DeskPortraitA_01/meshes/aws_DeskPortraitA_01_visual.DAE
[0.419s] -- Up-to-date symlink: /home/anish/ps1_ws/install/turtlebot3_gazebo/share/turtlebot3_gazebo//worlds/models/aws_robomaker_residential_DeskPortraitA_01/model.config
[0.419s] -- Up-to-date symlink: /home/anish/ps1_ws/install/turtlebot3_gazebo/share/turtlebot3_gazebo//worlds/models/aws_robomaker_residential_DeskPortraitA_01/model.sdf
[0.419s] -- Up-to-date symlink: /home/anish/ps1_ws/install/turtlebot3_gazebo/share/turtlebot3_gazebo//worlds/models/aws_robomaker_residential_DeskPortraitA_02/materials/textures/aws_DeskPortraitA_01.png
[0.419s] -- Up-to-date symlink: /home/anish/ps1_ws/install/turtlebot3_gazebo/share/turtlebot3_gazebo//worlds/models/aws_robomaker_residential_DeskPortraitA_02/materials/textures/aws_DeskPortraitA_02.png
[0.419s] -- Up-to-date symlink: /home/anish/ps1_ws/install/turtlebot3_gazebo/share/turtlebot3_gazebo//worlds/models/aws_robomaker_residential_DeskPortraitA_02/meshes/aws_DeskPortraitA_01_collision.DAE
[0.419s] -- Up-to-date symlink: /home/anish/ps1_ws/install/turtlebot3_gazebo/share/turtlebot3_gazebo//worlds/models/aws_robomaker_residential_DeskPortraitA_02/meshes/aws_DeskPortraitA_01_visual.DAE
[0.419s] -- Up-to-date symlink: /home/anish/ps1_ws/install/turtlebot3_gazebo/share/turtlebot3_gazebo//worlds/models/aws_robomaker_residential_DeskPortraitA_02/model.config
[0.419s] -- Up-to-date symlink: /home/anish/ps1_ws/install/turtlebot3_gazebo/share/turtlebot3_gazebo//worlds/models/aws_robomaker_residential_DeskPortraitA_02/model.sdf
[0.419s] -- Up-to-date symlink: /home/anish/ps1_ws/install/turtlebot3_gazebo/share/turtlebot3_gazebo//worlds/models/aws_robomaker_residential_DeskPortraitB_01/materials/textures/aws_DeskPortraitB_01.png
[0.419s] -- Up-to-date symlink: /home/anish/ps1_ws/install/turtlebot3_gazebo/share/turtlebot3_gazebo//worlds/models/aws_robomaker_residential_DeskPortraitB_01/materials/textures/aws_DeskPortraitB_02.png
[0.420s] -- Up-to-date symlink: /home/anish/ps1_ws/install/turtlebot3_gazebo/share/turtlebot3_gazebo//worlds/models/aws_robomaker_residential_DeskPortraitB_01/meshes/aws_DeskPortraitB_01_collision.DAE
[0.420s] -- Up-to-date symlink: /home/anish/ps1_ws/install/turtlebot3_gazebo/share/turtlebot3_gazebo//worlds/models/aws_robomaker_residential_DeskPortraitB_01/meshes/aws_DeskPortraitB_01_visual.DAE
[0.420s] -- Up-to-date symlink: /home/anish/ps1_ws/install/turtlebot3_gazebo/share/turtlebot3_gazebo//worlds/models/aws_robomaker_residential_DeskPortraitB_01/model.config
[0.420s] -- Up-to-date symlink: /home/anish/ps1_ws/install/turtlebot3_gazebo/share/turtlebot3_gazebo//worlds/models/aws_robomaker_residential_DeskPortraitB_01/model.sdf
[0.420s] -- Up-to-date symlink: /home/anish/ps1_ws/install/turtlebot3_gazebo/share/turtlebot3_gazebo//worlds/models/aws_robomaker_residential_DeskPortraitB_02/materials/textures/aws_DeskPortraitB_01.png
[0.420s] -- Up-to-date symlink: /home/anish/ps1_ws/install/turtlebot3_gazebo/share/turtlebot3_gazebo//worlds/models/aws_robomaker_residential_DeskPortraitB_02/materials/textures/aws_DeskPortraitB_02.png
[0.420s] -- Up-to-date symlink: /home/anish/ps1_ws/install/turtlebot3_gazebo/share/turtlebot3_gazebo//worlds/models/aws_robomaker_residential_DeskPortraitB_02/meshes/aws_DeskPortraitB_01_collision.DAE
[0.420s] -- Up-to-date symlink: /home/anish/ps1_ws/install/turtlebot3_gazebo/share/turtlebot3_gazebo//worlds/models/aws_robomaker_residential_DeskPortraitB_02/meshes/aws_DeskPortraitB_01_visual.DAE
[0.420s] -- Up-to-date symlink: /home/anish/ps1_ws/install/turtlebot3_gazebo/share/turtlebot3_gazebo//worlds/models/aws_robomaker_residential_DeskPortraitB_02/model.config
[0.421s] -- Up-to-date symlink: /home/anish/ps1_ws/install/turtlebot3_gazebo/share/turtlebot3_gazebo//worlds/models/aws_robomaker_residential_DeskPortraitB_02/model.sdf
[0.421s] -- Up-to-date symlink: /home/anish/ps1_ws/install/turtlebot3_gazebo/share/turtlebot3_gazebo//worlds/models/aws_robomaker_residential_DeskPortraitC_01/materials/textures/aws_DeskPortraitC_01.png
[0.421s] -- Up-to-date symlink: /home/anish/ps1_ws/install/turtlebot3_gazebo/share/turtlebot3_gazebo//worlds/models/aws_robomaker_residential_DeskPortraitC_01/materials/textures/aws_DeskPortraitC_02.png
[0.421s] -- Up-to-date symlink: /home/anish/ps1_ws/install/turtlebot3_gazebo/share/turtlebot3_gazebo//worlds/models/aws_robomaker_residential_DeskPortraitC_01/meshes/aws_DeskPortraitC_01_collision.DAE
[0.421s] -- Up-to-date symlink: /home/anish/ps1_ws/install/turtlebot3_gazebo/share/turtlebot3_gazebo//worlds/models/aws_robomaker_residential_DeskPortraitC_01/meshes/aws_DeskPortraitC_01_visual.DAE
[0.421s] -- Up-to-date symlink: /home/anish/ps1_ws/install/turtlebot3_gazebo/share/turtlebot3_gazebo//worlds/models/aws_robomaker_residential_DeskPortraitC_01/model.config
[0.421s] -- Up-to-date symlink: /home/anish/ps1_ws/install/turtlebot3_gazebo/share/turtlebot3_gazebo//worlds/models/aws_robomaker_residential_DeskPortraitC_01/model.sdf
[0.421s] -- Up-to-date symlink: /home/anish/ps1_ws/install/turtlebot3_gazebo/share/turtlebot3_gazebo//worlds/models/aws_robomaker_residential_DeskPortraitC_02/materials/textures/aws_DeskPortraitC_01.png
[0.421s] -- Up-to-date symlink: /home/anish/ps1_ws/install/turtlebot3_gazebo/share/turtlebot3_gazebo//worlds/models/aws_robomaker_residential_DeskPortraitC_02/materials/textures/aws_DeskPortraitC_02.png
[0.421s] -- Up-to-date symlink: /home/anish/ps1_ws/install/turtlebot3_gazebo/share/turtlebot3_gazebo//worlds/models/aws_robomaker_residential_DeskPortraitC_02/meshes/aws_DeskPortraitC_01_collision.DAE
[0.421s] -- Up-to-date symlink: /home/anish/ps1_ws/install/turtlebot3_gazebo/share/turtlebot3_gazebo//worlds/models/aws_robomaker_residential_DeskPortraitC_02/meshes/aws_DeskPortraitC_01_visual.DAE
[0.422s] -- Up-to-date symlink: /home/anish/ps1_ws/install/turtlebot3_gazebo/share/turtlebot3_gazebo//worlds/models/aws_robomaker_residential_DeskPortraitC_02/model.config
[0.422s] -- Up-to-date symlink: /home/anish/ps1_ws/install/turtlebot3_gazebo/share/turtlebot3_gazebo//worlds/models/aws_robomaker_residential_DeskPortraitC_02/model.sdf
[0.422s] -- Up-to-date symlink: /home/anish/ps1_ws/install/turtlebot3_gazebo/share/turtlebot3_gazebo//worlds/models/aws_robomaker_residential_DeskPortraitD_01/materials/textures/aws_DeskPortraitD_01.png
[0.422s] -- Up-to-date symlink: /home/anish/ps1_ws/install/turtlebot3_gazebo/share/turtlebot3_gazebo//worlds/models/aws_robomaker_residential_DeskPortraitD_01/materials/textures/aws_DeskPortraitD_02.png
[0.422s] -- Up-to-date symlink: /home/anish/ps1_ws/install/turtlebot3_gazebo/share/turtlebot3_gazebo//worlds/models/aws_robomaker_residential_DeskPortraitD_01/meshes/aws_DeskPortraitD_01_collision.DAE
[0.422s] -- Up-to-date symlink: /home/anish/ps1_ws/install/turtlebot3_gazebo/share/turtlebot3_gazebo//worlds/models/aws_robomaker_residential_DeskPortraitD_01/meshes/aws_DeskPortraitD_01_visual.DAE
[0.422s] -- Up-to-date symlink: /home/anish/ps1_ws/install/turtlebot3_gazebo/share/turtlebot3_gazebo//worlds/models/aws_robomaker_residential_DeskPortraitD_01/model.config
[0.422s] -- Up-to-date symlink: /home/anish/ps1_ws/install/turtlebot3_gazebo/share/turtlebot3_gazebo//worlds/models/aws_robomaker_residential_DeskPortraitD_01/model.sdf
[0.422s] -- Up-to-date symlink: /home/anish/ps1_ws/install/turtlebot3_gazebo/share/turtlebot3_gazebo//worlds/models/aws_robomaker_residential_DeskPortraitD_02/materials/textures/aws_DeskPortraitD_01.png
[0.422s] -- Up-to-date symlink: /home/anish/ps1_ws/install/turtlebot3_gazebo/share/turtlebot3_gazebo//worlds/models/aws_robomaker_residential_DeskPortraitD_02/materials/textures/aws_DeskPortraitD_02.png
[0.422s] -- Up-to-date symlink: /home/anish/ps1_ws/install/turtlebot3_gazebo/share/turtlebot3_gazebo//worlds/models/aws_robomaker_residential_DeskPortraitD_02/meshes/aws_DeskPortraitD_01_collision.DAE
[0.422s] -- Up-to-date symlink: /home/anish/ps1_ws/install/turtlebot3_gazebo/share/turtlebot3_gazebo//worlds/models/aws_robomaker_residential_DeskPortraitD_02/meshes/aws_DeskPortraitD_01_visual.DAE
[0.423s] -- Up-to-date symlink: /home/anish/ps1_ws/install/turtlebot3_gazebo/share/turtlebot3_gazebo//worlds/models/aws_robomaker_residential_DeskPortraitD_02/model.config
[0.423s] -- Up-to-date symlink: /home/anish/ps1_ws/install/turtlebot3_gazebo/share/turtlebot3_gazebo//worlds/models/aws_robomaker_residential_DeskPortraitD_02/model.sdf
[0.423s] -- Up-to-date symlink: /home/anish/ps1_ws/install/turtlebot3_gazebo/share/turtlebot3_gazebo//worlds/models/aws_robomaker_residential_DeskPortraitD_03/materials/textures/aws_DeskPortraitD_01.png
[0.423s] -- Up-to-date symlink: /home/anish/ps1_ws/install/turtlebot3_gazebo/share/turtlebot3_gazebo//worlds/models/aws_robomaker_residential_DeskPortraitD_03/materials/textures/aws_DeskPortraitD_02.png
[0.423s] -- Up-to-date symlink: /home/anish/ps1_ws/install/turtlebot3_gazebo/share/turtlebot3_gazebo//worlds/models/aws_robomaker_residential_DeskPortraitD_03/meshes/aws_DeskPortraitD_01_collision.DAE
[0.423s] -- Up-to-date symlink: /home/anish/ps1_ws/install/turtlebot3_gazebo/share/turtlebot3_gazebo//worlds/models/aws_robomaker_residential_DeskPortraitD_03/meshes/aws_DeskPortraitD_01_visual.DAE
[0.423s] -- Up-to-date symlink: /home/anish/ps1_ws/install/turtlebot3_gazebo/share/turtlebot3_gazebo//worlds/models/aws_robomaker_residential_DeskPortraitD_03/model.config
[0.423s] -- Up-to-date symlink: /home/anish/ps1_ws/install/turtlebot3_gazebo/share/turtlebot3_gazebo//worlds/models/aws_robomaker_residential_DeskPortraitD_03/model.sdf
[0.423s] -- Up-to-date symlink: /home/anish/ps1_ws/install/turtlebot3_gazebo/share/turtlebot3_gazebo//worlds/models/aws_robomaker_residential_DeskPortraitD_04/materials/textures/aws_DeskPortraitD_01.png
[0.424s] -- Up-to-date symlink: /home/anish/ps1_ws/install/turtlebot3_gazebo/share/turtlebot3_gazebo//worlds/models/aws_robomaker_residential_DeskPortraitD_04/materials/textures/aws_DeskPortraitD_02.png
[0.424s] -- Up-to-date symlink: /home/anish/ps1_ws/install/turtlebot3_gazebo/share/turtlebot3_gazebo//worlds/models/aws_robomaker_residential_DeskPortraitD_04/meshes/aws_DeskPortraitD_01_collision.DAE
[0.424s] -- Up-to-date symlink: /home/anish/ps1_ws/install/turtlebot3_gazebo/share/turtlebot3_gazebo//worlds/models/aws_robomaker_residential_DeskPortraitD_04/meshes/aws_DeskPortraitD_01_visual.DAE
[0.424s] -- Up-to-date symlink: /home/anish/ps1_ws/install/turtlebot3_gazebo/share/turtlebot3_gazebo//worlds/models/aws_robomaker_residential_DeskPortraitD_04/model.config
[0.424s] -- Up-to-date symlink: /home/anish/ps1_ws/install/turtlebot3_gazebo/share/turtlebot3_gazebo//worlds/models/aws_robomaker_residential_DeskPortraitD_04/model.sdf
[0.424s] -- Up-to-date symlink: /home/anish/ps1_ws/install/turtlebot3_gazebo/share/turtlebot3_gazebo//worlds/models/aws_robomaker_residential_Door_01/materials/textures/aws_Door_01.png
[0.425s] -- Up-to-date symlink: /home/anish/ps1_ws/install/turtlebot3_gazebo/share/turtlebot3_gazebo//worlds/models/aws_robomaker_residential_Door_01/meshes/aws_Door_01_collision.DAE
[0.425s] -- Up-to-date symlink: /home/anish/ps1_ws/install/turtlebot3_gazebo/share/turtlebot3_gazebo//worlds/models/aws_robomaker_residential_Door_01/meshes/aws_Door_01_visual.DAE
[0.425s] -- Up-to-date symlink: /home/anish/ps1_ws/install/turtlebot3_gazebo/share/turtlebot3_gazebo//worlds/models/aws_robomaker_residential_Door_01/model.config
[0.425s] -- Up-to-date symlink: /home/anish/ps1_ws/install/turtlebot3_gazebo/share/turtlebot3_gazebo//worlds/models/aws_robomaker_residential_Door_01/model.sdf
[0.425s] -- Up-to-date symlink: /home/anish/ps1_ws/install/turtlebot3_gazebo/share/turtlebot3_gazebo//worlds/models/aws_robomaker_residential_Dumbbell_01/materials/textures/aws_Dumbbell_01.png
[0.425s] -- Up-to-date symlink: /home/anish/ps1_ws/install/turtlebot3_gazebo/share/turtlebot3_gazebo//worlds/models/aws_robomaker_residential_Dumbbell_01/meshes/aws_Dumbbell_01_collision.DAE
[0.425s] -- Up-to-date symlink: /home/anish/ps1_ws/install/turtlebot3_gazebo/share/turtlebot3_gazebo//worlds/models/aws_robomaker_residential_Dumbbell_01/meshes/aws_Dumbbell_01_visual.DAE
[0.425s] -- Up-to-date symlink: /home/anish/ps1_ws/install/turtlebot3_gazebo/share/turtlebot3_gazebo//worlds/models/aws_robomaker_residential_Dumbbell_01/model.config
[0.425s] -- Up-to-date symlink: /home/anish/ps1_ws/install/turtlebot3_gazebo/share/turtlebot3_gazebo//worlds/models/aws_robomaker_residential_Dumbbell_01/model.sdf
[0.426s] -- Up-to-date symlink: /home/anish/ps1_ws/install/turtlebot3_gazebo/share/turtlebot3_gazebo//worlds/models/aws_robomaker_residential_FitnessEquipment_01/materials/textures/aws_FitnessEquipment_01.png
[0.426s] -- Up-to-date symlink: /home/anish/ps1_ws/install/turtlebot3_gazebo/share/turtlebot3_gazebo//worlds/models/aws_robomaker_residential_FitnessEquipment_01/meshes/aws_FitnessEquipment_01_collision.DAE
[0.426s] -- Up-to-date symlink: /home/anish/ps1_ws/install/turtlebot3_gazebo/share/turtlebot3_gazebo//worlds/models/aws_robomaker_residential_FitnessEquipment_01/meshes/aws_FitnessEquipment_01_visual.DAE
[0.426s] -- Up-to-date symlink: /home/anish/ps1_ws/install/turtlebot3_gazebo/share/turtlebot3_gazebo//worlds/models/aws_robomaker_residential_FitnessEquipment_01/model.config
[0.426s] -- Up-to-date symlink: /home/anish/ps1_ws/install/turtlebot3_gazebo/share/turtlebot3_gazebo//worlds/models/aws_robomaker_residential_FitnessEquipment_01/model.sdf
[0.426s] -- Up-to-date symlink: /home/anish/ps1_ws/install/turtlebot3_gazebo/share/turtlebot3_gazebo//worlds/models/aws_robomaker_residential_FloorB_01/materials/textures/aws_FloorB_01.png
[0.426s] -- Up-to-date symlink: /home/anish/ps1_ws/install/turtlebot3_gazebo/share/turtlebot3_gazebo//worlds/models/aws_robomaker_residential_FloorB_01/meshes/aws_FloorB_01_collision.DAE
[0.426s] -- Up-to-date symlink: /home/anish/ps1_ws/install/turtlebot3_gazebo/share/turtlebot3_gazebo//worlds/models/aws_robomaker_residential_FloorB_01/meshes/aws_FloorB_01_visual.DAE
[0.426s] -- Up-to-date symlink: /home/anish/ps1_ws/install/turtlebot3_gazebo/share/turtlebot3_gazebo//worlds/models/aws_robomaker_residential_FloorB_01/model.config
[0.426s] -- Up-to-date symlink: /home/anish/ps1_ws/install/turtlebot3_gazebo/share/turtlebot3_gazebo//worlds/models/aws_robomaker_residential_FloorB_01/model.sdf
[0.426s] -- Up-to-date symlink: /home/anish/ps1_ws/install/turtlebot3_gazebo/share/turtlebot3_gazebo//worlds/models/aws_robomaker_residential_FoldingDoor_01/materials/textures/aws_FoldingDoor_01.png
[0.426s] -- Up-to-date symlink: /home/anish/ps1_ws/install/turtlebot3_gazebo/share/turtlebot3_gazebo//worlds/models/aws_robomaker_residential_FoldingDoor_01/meshes/aws_FoldingDoor_01_collision.DAE
[0.426s] -- Up-to-date symlink: /home/anish/ps1_ws/install/turtlebot3_gazebo/share/turtlebot3_gazebo//worlds/models/aws_robomaker_residential_FoldingDoor_01/meshes/aws_FoldingDoor_01_visual.DAE
[0.426s] -- Up-to-date symlink: /home/anish/ps1_ws/install/turtlebot3_gazebo/share/turtlebot3_gazebo//worlds/models/aws_robomaker_residential_FoldingDoor_01/model.config
[0.426s] -- Up-to-date symlink: /home/anish/ps1_ws/install/turtlebot3_gazebo/share/turtlebot3_gazebo//worlds/models/aws_robomaker_residential_FoldingDoor_01/model.sdf
[0.426s] -- Up-to-date symlink: /home/anish/ps1_ws/install/turtlebot3_gazebo/share/turtlebot3_gazebo//worlds/models/aws_robomaker_residential_FoldingDoor_02/materials/textures/aws_FoldingDoor_02.png
[0.426s] -- Up-to-date symlink: /home/anish/ps1_ws/install/turtlebot3_gazebo/share/turtlebot3_gazebo//worlds/models/aws_robomaker_residential_FoldingDoor_02/meshes/aws_FoldingDoor_02_collision.DAE
[0.426s] -- Up-to-date symlink: /home/anish/ps1_ws/install/turtlebot3_gazebo/share/turtlebot3_gazebo//worlds/models/aws_robomaker_residential_FoldingDoor_02/meshes/aws_FoldingDoor_02_visual.DAE
[0.426s] -- Up-to-date symlink: /home/anish/ps1_ws/install/turtlebot3_gazebo/share/turtlebot3_gazebo//worlds/models/aws_robomaker_residential_FoldingDoor_02/model.config
[0.426s] -- Up-to-date symlink: /home/anish/ps1_ws/install/turtlebot3_gazebo/share/turtlebot3_gazebo//worlds/models/aws_robomaker_residential_FoldingDoor_02/model.sdf
[0.426s] -- Up-to-date symlink: /home/anish/ps1_ws/install/turtlebot3_gazebo/share/turtlebot3_gazebo//worlds/models/aws_robomaker_residential_Handle_01/materials/textures/aws_Handle_01.png
[0.426s] -- Up-to-date symlink: /home/anish/ps1_ws/install/turtlebot3_gazebo/share/turtlebot3_gazebo//worlds/models/aws_robomaker_residential_Handle_01/meshes/aws_ handle_01_collision.DAE
[0.426s] -- Up-to-date symlink: /home/anish/ps1_ws/install/turtlebot3_gazebo/share/turtlebot3_gazebo//worlds/models/aws_robomaker_residential_Handle_01/meshes/aws_Handle_01_collision.DAE
[0.426s] -- Up-to-date symlink: /home/anish/ps1_ws/install/turtlebot3_gazebo/share/turtlebot3_gazebo//worlds/models/aws_robomaker_residential_Handle_01/meshes/aws_Handle_01_visual.DAE
[0.427s] -- Up-to-date symlink: /home/anish/ps1_ws/install/turtlebot3_gazebo/share/turtlebot3_gazebo//worlds/models/aws_robomaker_residential_Handle_01/model.config
[0.427s] -- Up-to-date symlink: /home/anish/ps1_ws/install/turtlebot3_gazebo/share/turtlebot3_gazebo//worlds/models/aws_robomaker_residential_Handle_01/model.sdf
[0.427s] -- Up-to-date symlink: /home/anish/ps1_ws/install/turtlebot3_gazebo/share/turtlebot3_gazebo//worlds/models/aws_robomaker_residential_HouseWallB_01/materials/textures/aws_HouseWallB_01.png
[0.427s] -- Up-to-date symlink: /home/anish/ps1_ws/install/turtlebot3_gazebo/share/turtlebot3_gazebo//worlds/models/aws_robomaker_residential_HouseWallB_01/meshes/aws_HouseWallB_01_collision.DAE
[0.427s] -- Up-to-date symlink: /home/anish/ps1_ws/install/turtlebot3_gazebo/share/turtlebot3_gazebo//worlds/models/aws_robomaker_residential_HouseWallB_01/meshes/aws_HouseWallB_01_visual.DAE
[0.427s] -- Up-to-date symlink: /home/anish/ps1_ws/install/turtlebot3_gazebo/share/turtlebot3_gazebo//worlds/models/aws_robomaker_residential_HouseWallB_01/model.config
[0.427s] -- Up-to-date symlink: /home/anish/ps1_ws/install/turtlebot3_gazebo/share/turtlebot3_gazebo//worlds/models/aws_robomaker_residential_HouseWallB_01/model.sdf
[0.427s] -- Up-to-date symlink: /home/anish/ps1_ws/install/turtlebot3_gazebo/share/turtlebot3_gazebo//worlds/models/aws_robomaker_residential_KitchenCabinet_01/materials/textures/aws_KitchenCabinet_01.png
[0.427s] -- Up-to-date symlink: /home/anish/ps1_ws/install/turtlebot3_gazebo/share/turtlebot3_gazebo//worlds/models/aws_robomaker_residential_KitchenCabinet_01/meshes/aws_KitchenCabinet_01_collision.DAE
[0.427s] -- Up-to-date symlink: /home/anish/ps1_ws/install/turtlebot3_gazebo/share/turtlebot3_gazebo//worlds/models/aws_robomaker_residential_KitchenCabinet_01/meshes/aws_KitchenCabinet_01_visual.DAE
[0.427s] -- Up-to-date symlink: /home/anish/ps1_ws/install/turtlebot3_gazebo/share/turtlebot3_gazebo//worlds/models/aws_robomaker_residential_KitchenCabinet_01/model.config
[0.427s] -- Up-to-date symlink: /home/anish/ps1_ws/install/turtlebot3_gazebo/share/turtlebot3_gazebo//worlds/models/aws_robomaker_residential_KitchenCabinet_01/model.sdf
[0.427s] -- Up-to-date symlink: /home/anish/ps1_ws/install/turtlebot3_gazebo/share/turtlebot3_gazebo//worlds/models/aws_robomaker_residential_KitchenTable_01/materials/textures/aws_KitchenTable_01.png
[0.427s] -- Up-to-date symlink: /home/anish/ps1_ws/install/turtlebot3_gazebo/share/turtlebot3_gazebo//worlds/models/aws_robomaker_residential_KitchenTable_01/meshes/aws_KitchenTable_01_collision.DAE
[0.427s] -- Up-to-date symlink: /home/anish/ps1_ws/install/turtlebot3_gazebo/share/turtlebot3_gazebo//worlds/models/aws_robomaker_residential_KitchenTable_01/meshes/aws_KitchenTable_01_visual.DAE
[0.427s] -- Up-to-date symlink: /home/anish/ps1_ws/install/turtlebot3_gazebo/share/turtlebot3_gazebo//worlds/models/aws_robomaker_residential_KitchenTable_01/model.config
[0.427s] -- Up-to-date symlink: /home/anish/ps1_ws/install/turtlebot3_gazebo/share/turtlebot3_gazebo//worlds/models/aws_robomaker_residential_KitchenTable_01/model.sdf
[0.427s] -- Up-to-date symlink: /home/anish/ps1_ws/install/turtlebot3_gazebo/share/turtlebot3_gazebo//worlds/models/aws_robomaker_residential_KitchenUtensils_01/materials/textures/aws_KitchenUtensils_01.png
[0.427s] -- Up-to-date symlink: /home/anish/ps1_ws/install/turtlebot3_gazebo/share/turtlebot3_gazebo//worlds/models/aws_robomaker_residential_KitchenUtensils_01/meshes/aws_KitchenUtensils_01_collision.DAE
[0.427s] -- Up-to-date symlink: /home/anish/ps1_ws/install/turtlebot3_gazebo/share/turtlebot3_gazebo//worlds/models/aws_robomaker_residential_KitchenUtensils_01/meshes/aws_KitchenUtensils_01_visual.DAE
[0.427s] -- Up-to-date symlink: /home/anish/ps1_ws/install/turtlebot3_gazebo/share/turtlebot3_gazebo//worlds/models/aws_robomaker_residential_KitchenUtensils_01/model.config
[0.427s] -- Up-to-date symlink: /home/anish/ps1_ws/install/turtlebot3_gazebo/share/turtlebot3_gazebo//worlds/models/aws_robomaker_residential_KitchenUtensils_01/model.sdf
[0.427s] -- Up-to-date symlink: /home/anish/ps1_ws/install/turtlebot3_gazebo/share/turtlebot3_gazebo//worlds/models/aws_robomaker_residential_LightC_01/materials/textures/aws_LightC_01.png
[0.427s] -- Up-to-date symlink: /home/anish/ps1_ws/install/turtlebot3_gazebo/share/turtlebot3_gazebo//worlds/models/aws_robomaker_residential_LightC_01/meshes/aws_LightC_01_collision.DAE
[0.427s] -- Up-to-date symlink: /home/anish/ps1_ws/install/turtlebot3_gazebo/share/turtlebot3_gazebo//worlds/models/aws_robomaker_residential_LightC_01/meshes/aws_LightC_01_visual.DAE
[0.428s] -- Up-to-date symlink: /home/anish/ps1_ws/install/turtlebot3_gazebo/share/turtlebot3_gazebo//worlds/models/aws_robomaker_residential_LightC_01/model.config
[0.428s] -- Up-to-date symlink: /home/anish/ps1_ws/install/turtlebot3_gazebo/share/turtlebot3_gazebo//worlds/models/aws_robomaker_residential_LightC_01/model.sdf
[0.428s] -- Up-to-date symlink: /home/anish/ps1_ws/install/turtlebot3_gazebo/share/turtlebot3_gazebo//worlds/models/aws_robomaker_residential_NightStand_01/materials/textures/aws_NightStand_01.png
[0.428s] -- Up-to-date symlink: /home/anish/ps1_ws/install/turtlebot3_gazebo/share/turtlebot3_gazebo//worlds/models/aws_robomaker_residential_NightStand_01/meshes/aws_NightStand_01_collision.DAE
[0.428s] -- Up-to-date symlink: /home/anish/ps1_ws/install/turtlebot3_gazebo/share/turtlebot3_gazebo//worlds/models/aws_robomaker_residential_NightStand_01/meshes/aws_NightStand_01_visual.DAE
[0.428s] -- Up-to-date symlink: /home/anish/ps1_ws/install/turtlebot3_gazebo/share/turtlebot3_gazebo//worlds/models/aws_robomaker_residential_NightStand_01/model.config
[0.428s] -- Up-to-date symlink: /home/anish/ps1_ws/install/turtlebot3_gazebo/share/turtlebot3_gazebo//worlds/models/aws_robomaker_residential_NightStand_01/model.sdf
[0.428s] -- Up-to-date symlink: /home/anish/ps1_ws/install/turtlebot3_gazebo/share/turtlebot3_gazebo//worlds/models/aws_robomaker_residential_Pillow_01/materials/textures/aws_Pillow_01.png
[0.428s] -- Up-to-date symlink: /home/anish/ps1_ws/install/turtlebot3_gazebo/share/turtlebot3_gazebo//worlds/models/aws_robomaker_residential_Pillow_01/meshes/aws_Pillow_01_collision.DAE
[0.428s] -- Up-to-date symlink: /home/anish/ps1_ws/install/turtlebot3_gazebo/share/turtlebot3_gazebo//worlds/models/aws_robomaker_residential_Pillow_01/meshes/aws_Pillow_01_visual.DAE
[0.428s] -- Up-to-date symlink: /home/anish/ps1_ws/install/turtlebot3_gazebo/share/turtlebot3_gazebo//worlds/models/aws_robomaker_residential_Pillow_01/model.config
[0.428s] -- Up-to-date symlink: /home/anish/ps1_ws/install/turtlebot3_gazebo/share/turtlebot3_gazebo//worlds/models/aws_robomaker_residential_Pillow_01/model.sdf
[0.429s] -- Up-to-date symlink: /home/anish/ps1_ws/install/turtlebot3_gazebo/share/turtlebot3_gazebo//worlds/models/aws_robomaker_residential_PortraitA_01/materials/textures/aws_PortraitA_01.png
[0.429s] -- Up-to-date symlink: /home/anish/ps1_ws/install/turtlebot3_gazebo/share/turtlebot3_gazebo//worlds/models/aws_robomaker_residential_PortraitA_01/materials/textures/aws_PortraitA_02.png
[0.429s] -- Up-to-date symlink: /home/anish/ps1_ws/install/turtlebot3_gazebo/share/turtlebot3_gazebo//worlds/models/aws_robomaker_residential_PortraitA_01/meshes/aws_PortraitA_01_collision.DAE
[0.429s] -- Up-to-date symlink: /home/anish/ps1_ws/install/turtlebot3_gazebo/share/turtlebot3_gazebo//worlds/models/aws_robomaker_residential_PortraitA_01/meshes/aws_PortraitA_01_visual.DAE
[0.429s] -- Up-to-date symlink: /home/anish/ps1_ws/install/turtlebot3_gazebo/share/turtlebot3_gazebo//worlds/models/aws_robomaker_residential_PortraitA_01/model.config
[0.429s] -- Up-to-date symlink: /home/anish/ps1_ws/install/turtlebot3_gazebo/share/turtlebot3_gazebo//worlds/models/aws_robomaker_residential_PortraitA_01/model.sdf
[0.429s] -- Up-to-date symlink: /home/anish/ps1_ws/install/turtlebot3_gazebo/share/turtlebot3_gazebo//worlds/models/aws_robomaker_residential_PortraitA_02/materials/textures/aws_PortraitA_01.png
[0.429s] -- Up-to-date symlink: /home/anish/ps1_ws/install/turtlebot3_gazebo/share/turtlebot3_gazebo//worlds/models/aws_robomaker_residential_PortraitA_02/materials/textures/aws_PortraitA_02.png
[0.429s] -- Up-to-date symlink: /home/anish/ps1_ws/install/turtlebot3_gazebo/share/turtlebot3_gazebo//worlds/models/aws_robomaker_residential_PortraitA_02/meshes/aws_PortraitA_01_collision.DAE
[0.429s] -- Up-to-date symlink: /home/anish/ps1_ws/install/turtlebot3_gazebo/share/turtlebot3_gazebo//worlds/models/aws_robomaker_residential_PortraitA_02/meshes/aws_PortraitA_01_visual.DAE
[0.429s] -- Up-to-date symlink: /home/anish/ps1_ws/install/turtlebot3_gazebo/share/turtlebot3_gazebo//worlds/models/aws_robomaker_residential_PortraitA_02/model.config
[0.430s] -- Up-to-date symlink: /home/anish/ps1_ws/install/turtlebot3_gazebo/share/turtlebot3_gazebo//worlds/models/aws_robomaker_residential_PortraitA_02/model.sdf
[0.430s] -- Up-to-date symlink: /home/anish/ps1_ws/install/turtlebot3_gazebo/share/turtlebot3_gazebo//worlds/models/aws_robomaker_residential_PortraitB_01/materials/textures/aws_PortraitB_01.png
[0.430s] -- Up-to-date symlink: /home/anish/ps1_ws/install/turtlebot3_gazebo/share/turtlebot3_gazebo//worlds/models/aws_robomaker_residential_PortraitB_01/materials/textures/aws_PortraitB_02.png
[0.430s] -- Up-to-date symlink: /home/anish/ps1_ws/install/turtlebot3_gazebo/share/turtlebot3_gazebo//worlds/models/aws_robomaker_residential_PortraitB_01/meshes/aws_PortraitB_01_collision.DAE
[0.430s] -- Up-to-date symlink: /home/anish/ps1_ws/install/turtlebot3_gazebo/share/turtlebot3_gazebo//worlds/models/aws_robomaker_residential_PortraitB_01/meshes/aws_PortraitB_01_visual.DAE
[0.430s] -- Up-to-date symlink: /home/anish/ps1_ws/install/turtlebot3_gazebo/share/turtlebot3_gazebo//worlds/models/aws_robomaker_residential_PortraitB_01/model.config
[0.430s] -- Up-to-date symlink: /home/anish/ps1_ws/install/turtlebot3_gazebo/share/turtlebot3_gazebo//worlds/models/aws_robomaker_residential_PortraitB_01/model.sdf
[0.430s] -- Up-to-date symlink: /home/anish/ps1_ws/install/turtlebot3_gazebo/share/turtlebot3_gazebo//worlds/models/aws_robomaker_residential_PortraitB_02/materials/textures/aws_PortraitB_01.png
[0.430s] -- Up-to-date symlink: /home/anish/ps1_ws/install/turtlebot3_gazebo/share/turtlebot3_gazebo//worlds/models/aws_robomaker_residential_PortraitB_02/materials/textures/aws_PortraitB_02.png
[0.430s] -- Up-to-date symlink: /home/anish/ps1_ws/install/turtlebot3_gazebo/share/turtlebot3_gazebo//worlds/models/aws_robomaker_residential_PortraitB_02/meshes/aws_PortraitB_01_collision.DAE
[0.430s] -- Up-to-date symlink: /home/anish/ps1_ws/install/turtlebot3_gazebo/share/turtlebot3_gazebo//worlds/models/aws_robomaker_residential_PortraitB_02/meshes/aws_PortraitB_01_visual.DAE
[0.431s] -- Up-to-date symlink: /home/anish/ps1_ws/install/turtlebot3_gazebo/share/turtlebot3_gazebo//worlds/models/aws_robomaker_residential_PortraitB_02/model.config
[0.431s] -- Up-to-date symlink: /home/anish/ps1_ws/install/turtlebot3_gazebo/share/turtlebot3_gazebo//worlds/models/aws_robomaker_residential_PortraitB_02/model.sdf
[0.431s] -- Up-to-date symlink: /home/anish/ps1_ws/install/turtlebot3_gazebo/share/turtlebot3_gazebo//worlds/models/aws_robomaker_residential_PortraitB_03/materials/textures/aws_PortraitB_01.png
[0.431s] -- Up-to-date symlink: /home/anish/ps1_ws/install/turtlebot3_gazebo/share/turtlebot3_gazebo//worlds/models/aws_robomaker_residential_PortraitB_03/materials/textures/aws_PortraitB_02.png
[0.431s] -- Up-to-date symlink: /home/anish/ps1_ws/install/turtlebot3_gazebo/share/turtlebot3_gazebo//worlds/models/aws_robomaker_residential_PortraitB_03/meshes/aws_PortraitB_01_collision.DAE
[0.431s] -- Up-to-date symlink: /home/anish/ps1_ws/install/turtlebot3_gazebo/share/turtlebot3_gazebo//worlds/models/aws_robomaker_residential_PortraitB_03/meshes/aws_PortraitB_01_visual.DAE
[0.431s] -- Up-to-date symlink: /home/anish/ps1_ws/install/turtlebot3_gazebo/share/turtlebot3_gazebo//worlds/models/aws_robomaker_residential_PortraitB_03/model.config
[0.431s] -- Up-to-date symlink: /home/anish/ps1_ws/install/turtlebot3_gazebo/share/turtlebot3_gazebo//worlds/models/aws_robomaker_residential_PortraitB_03/model.sdf
[0.431s] -- Up-to-date symlink: /home/anish/ps1_ws/install/turtlebot3_gazebo/share/turtlebot3_gazebo//worlds/models/aws_robomaker_residential_PortraitC_01/materials/textures/aws_PortraitC_01.png
[0.431s] -- Up-to-date symlink: /home/anish/ps1_ws/install/turtlebot3_gazebo/share/turtlebot3_gazebo//worlds/models/aws_robomaker_residential_PortraitC_01/materials/textures/aws_PortraitC_02.png
[0.431s] -- Up-to-date symlink: /home/anish/ps1_ws/install/turtlebot3_gazebo/share/turtlebot3_gazebo//worlds/models/aws_robomaker_residential_PortraitC_01/meshes/aws_PortraitC_01_collision.DAE
[0.432s] -- Up-to-date symlink: /home/anish/ps1_ws/install/turtlebot3_gazebo/share/turtlebot3_gazebo//worlds/models/aws_robomaker_residential_PortraitC_01/meshes/aws_PortraitC_01_visual.DAE
[0.432s] -- Up-to-date symlink: /home/anish/ps1_ws/install/turtlebot3_gazebo/share/turtlebot3_gazebo//worlds/models/aws_robomaker_residential_PortraitC_01/model.config
[0.432s] -- Up-to-date symlink: /home/anish/ps1_ws/install/turtlebot3_gazebo/share/turtlebot3_gazebo//worlds/models/aws_robomaker_residential_PortraitC_01/model.sdf
[0.432s] -- Up-to-date symlink: /home/anish/ps1_ws/install/turtlebot3_gazebo/share/turtlebot3_gazebo//worlds/models/aws_robomaker_residential_PortraitD_01/materials/textures/aws_PortraitD_01.png
[0.432s] -- Up-to-date symlink: /home/anish/ps1_ws/install/turtlebot3_gazebo/share/turtlebot3_gazebo//worlds/models/aws_robomaker_residential_PortraitD_01/materials/textures/aws_PortraitD_02.png
[0.432s] -- Up-to-date symlink: /home/anish/ps1_ws/install/turtlebot3_gazebo/share/turtlebot3_gazebo//worlds/models/aws_robomaker_residential_PortraitD_01/meshes/aws_PortraitD_01_collision.DAE
[0.432s] -- Up-to-date symlink: /home/anish/ps1_ws/install/turtlebot3_gazebo/share/turtlebot3_gazebo//worlds/models/aws_robomaker_residential_PortraitD_01/meshes/aws_PortraitD_01_visual.DAE
[0.432s] -- Up-to-date symlink: /home/anish/ps1_ws/install/turtlebot3_gazebo/share/turtlebot3_gazebo//worlds/models/aws_robomaker_residential_PortraitD_01/model.config
[0.432s] -- Up-to-date symlink: /home/anish/ps1_ws/install/turtlebot3_gazebo/share/turtlebot3_gazebo//worlds/models/aws_robomaker_residential_PortraitD_01/model.sdf
[0.432s] -- Up-to-date symlink: /home/anish/ps1_ws/install/turtlebot3_gazebo/share/turtlebot3_gazebo//worlds/models/aws_robomaker_residential_PortraitD_02/materials/textures/aws_PortraitD_01.png
[0.432s] -- Up-to-date symlink: /home/anish/ps1_ws/install/turtlebot3_gazebo/share/turtlebot3_gazebo//worlds/models/aws_robomaker_residential_PortraitD_02/materials/textures/aws_PortraitD_02.png
[0.432s] -- Up-to-date symlink: /home/anish/ps1_ws/install/turtlebot3_gazebo/share/turtlebot3_gazebo//worlds/models/aws_robomaker_residential_PortraitD_02/meshes/aws_PortraitD_01_collision.DAE
[0.432s] -- Up-to-date symlink: /home/anish/ps1_ws/install/turtlebot3_gazebo/share/turtlebot3_gazebo//worlds/models/aws_robomaker_residential_PortraitD_02/meshes/aws_PortraitD_01_visual.DAE
[0.433s] -- Up-to-date symlink: /home/anish/ps1_ws/install/turtlebot3_gazebo/share/turtlebot3_gazebo//worlds/models/aws_robomaker_residential_PortraitD_02/model.config
[0.433s] -- Up-to-date symlink: /home/anish/ps1_ws/install/turtlebot3_gazebo/share/turtlebot3_gazebo//worlds/models/aws_robomaker_residential_PortraitD_02/model.sdf
[0.433s] -- Up-to-date symlink: /home/anish/ps1_ws/install/turtlebot3_gazebo/share/turtlebot3_gazebo//worlds/models/aws_robomaker_residential_PortraitE_01/materials/textures/aws_PortraitE_01.png
[0.433s] -- Up-to-date symlink: /home/anish/ps1_ws/install/turtlebot3_gazebo/share/turtlebot3_gazebo//worlds/models/aws_robomaker_residential_PortraitE_01/materials/textures/aws_PortraitE_02.png
[0.433s] -- Up-to-date symlink: /home/anish/ps1_ws/install/turtlebot3_gazebo/share/turtlebot3_gazebo//worlds/models/aws_robomaker_residential_PortraitE_01/meshes/aws_PortraitE_01_collision.DAE
[0.433s] -- Up-to-date symlink: /home/anish/ps1_ws/install/turtlebot3_gazebo/share/turtlebot3_gazebo//worlds/models/aws_robomaker_residential_PortraitE_01/meshes/aws_PortraitE_01_visual.DAE
[0.433s] -- Up-to-date symlink: /home/anish/ps1_ws/install/turtlebot3_gazebo/share/turtlebot3_gazebo//worlds/models/aws_robomaker_residential_PortraitE_01/model.config
[0.433s] -- Up-to-date symlink: /home/anish/ps1_ws/install/turtlebot3_gazebo/share/turtlebot3_gazebo//worlds/models/aws_robomaker_residential_PortraitE_01/model.sdf
[0.433s] -- Up-to-date symlink: /home/anish/ps1_ws/install/turtlebot3_gazebo/share/turtlebot3_gazebo//worlds/models/aws_robomaker_residential_PortraitE_02/materials/textures/aws_PortraitE_01.png
[0.433s] -- Up-to-date symlink: /home/anish/ps1_ws/install/turtlebot3_gazebo/share/turtlebot3_gazebo//worlds/models/aws_robomaker_residential_PortraitE_02/materials/textures/aws_PortraitE_02.png
[0.433s] -- Up-to-date symlink: /home/anish/ps1_ws/install/turtlebot3_gazebo/share/turtlebot3_gazebo//worlds/models/aws_robomaker_residential_PortraitE_02/meshes/aws_PortraitE_01_collision.DAE
[0.433s] -- Up-to-date symlink: /home/anish/ps1_ws/install/turtlebot3_gazebo/share/turtlebot3_gazebo//worlds/models/aws_robomaker_residential_PortraitE_02/meshes/aws_PortraitE_01_visual.DAE
[0.434s] -- Up-to-date symlink: /home/anish/ps1_ws/install/turtlebot3_gazebo/share/turtlebot3_gazebo//worlds/models/aws_robomaker_residential_PortraitE_02/model.config
[0.434s] -- Up-to-date symlink: /home/anish/ps1_ws/install/turtlebot3_gazebo/share/turtlebot3_gazebo//worlds/models/aws_robomaker_residential_PortraitE_02/model.sdf
[0.434s] -- Up-to-date symlink: /home/anish/ps1_ws/install/turtlebot3_gazebo/share/turtlebot3_gazebo//worlds/models/aws_robomaker_residential_Quilt_01/materials/textures/aws_Quilt_01.png
[0.434s] -- Up-to-date symlink: /home/anish/ps1_ws/install/turtlebot3_gazebo/share/turtlebot3_gazebo//worlds/models/aws_robomaker_residential_Quilt_01/meshes/aws_Quilt_01_collision.DAE
[0.434s] -- Up-to-date symlink: /home/anish/ps1_ws/install/turtlebot3_gazebo/share/turtlebot3_gazebo//worlds/models/aws_robomaker_residential_Quilt_01/meshes/aws_Quilt_01_visual.DAE
[0.434s] -- Up-to-date symlink: /home/anish/ps1_ws/install/turtlebot3_gazebo/share/turtlebot3_gazebo//worlds/models/aws_robomaker_residential_Quilt_01/model.config
[0.434s] -- Up-to-date symlink: /home/anish/ps1_ws/install/turtlebot3_gazebo/share/turtlebot3_gazebo//worlds/models/aws_robomaker_residential_Quilt_01/model.sdf
[0.434s] -- Up-to-date symlink: /home/anish/ps1_ws/install/turtlebot3_gazebo/share/turtlebot3_gazebo//worlds/models/aws_robomaker_residential_Rangehood_01/materials/textures/aws_Rangehood_01.png
[0.434s] -- Up-to-date symlink: /home/anish/ps1_ws/install/turtlebot3_gazebo/share/turtlebot3_gazebo//worlds/models/aws_robomaker_residential_Rangehood_01/meshes/aws_Rangehood_01_collision.DAE
[0.434s] -- Up-to-date symlink: /home/anish/ps1_ws/install/turtlebot3_gazebo/share/turtlebot3_gazebo//worlds/models/aws_robomaker_residential_Rangehood_01/meshes/aws_Rangehood_01_visual.DAE
[0.434s] -- Up-to-date symlink: /home/anish/ps1_ws/install/turtlebot3_gazebo/share/turtlebot3_gazebo//worlds/models/aws_robomaker_residential_Rangehood_01/model.config
[0.435s] -- Up-to-date symlink: /home/anish/ps1_ws/install/turtlebot3_gazebo/share/turtlebot3_gazebo//worlds/models/aws_robomaker_residential_Rangehood_01/model.sdf
[0.435s] -- Up-to-date symlink: /home/anish/ps1_ws/install/turtlebot3_gazebo/share/turtlebot3_gazebo//worlds/models/aws_robomaker_residential_ReadingDesk_01/materials/textures/aws_ReadingDesk_01.png
[0.435s] -- Up-to-date symlink: /home/anish/ps1_ws/install/turtlebot3_gazebo/share/turtlebot3_gazebo//worlds/models/aws_robomaker_residential_ReadingDesk_01/meshes/aws_ReadingDesk_01_collision.DAE
[0.435s] -- Up-to-date symlink: /home/anish/ps1_ws/install/turtlebot3_gazebo/share/turtlebot3_gazebo//worlds/models/aws_robomaker_residential_ReadingDesk_01/meshes/aws_ReadingDesk_01_visual.DAE
[0.435s] -- Up-to-date symlink: /home/anish/ps1_ws/install/turtlebot3_gazebo/share/turtlebot3_gazebo//worlds/models/aws_robomaker_residential_ReadingDesk_01/model.config
[0.435s] -- Up-to-date symlink: /home/anish/ps1_ws/install/turtlebot3_gazebo/share/turtlebot3_gazebo//worlds/models/aws_robomaker_residential_ReadingDesk_01/model.sdf
[0.435s] -- Up-to-date symlink: /home/anish/ps1_ws/install/turtlebot3_gazebo/share/turtlebot3_gazebo//worlds/models/aws_robomaker_residential_Refrigerator_01/materials/textures/aws_Refrigerator_01.png
[0.435s] -- Up-to-date symlink: /home/anish/ps1_ws/install/turtlebot3_gazebo/share/turtlebot3_gazebo//worlds/models/aws_robomaker_residential_Refrigerator_01/materials/textures/aws_Refrigerator_02.png
[0.435s] -- Up-to-date symlink: /home/anish/ps1_ws/install/turtlebot3_gazebo/share/turtlebot3_gazebo//worlds/models/aws_robomaker_residential_Refrigerator_01/meshes/aws_Refrigerator_01.DAE
[0.435s] -- Up-to-date symlink: /home/anish/ps1_ws/install/turtlebot3_gazebo/share/turtlebot3_gazebo//worlds/models/aws_robomaker_residential_Refrigerator_01/meshes/aws_Refrigerator_01_collision.DAE
[0.435s] -- Up-to-date symlink: /home/anish/ps1_ws/install/turtlebot3_gazebo/share/turtlebot3_gazebo//worlds/models/aws_robomaker_residential_Refrigerator_01/meshes/aws_Refrigerator_01_visual.DAE
[0.435s] -- Up-to-date symlink: /home/anish/ps1_ws/install/turtlebot3_gazebo/share/turtlebot3_gazebo//worlds/models/aws_robomaker_residential_Refrigerator_01/model.config
[0.435s] -- Up-to-date symlink: /home/anish/ps1_ws/install/turtlebot3_gazebo/share/turtlebot3_gazebo//worlds/models/aws_robomaker_residential_Refrigerator_01/model.sdf
[0.436s] -- Up-to-date symlink: /home/anish/ps1_ws/install/turtlebot3_gazebo/share/turtlebot3_gazebo//worlds/models/aws_robomaker_residential_RoomCeiling_01/materials/textures/aws_RoomCeiling_01.png
[0.436s] -- Up-to-date symlink: /home/anish/ps1_ws/install/turtlebot3_gazebo/share/turtlebot3_gazebo//worlds/models/aws_robomaker_residential_RoomCeiling_01/meshes/aws_RoomCeiling_01_collision.DAE
[0.436s] -- Up-to-date symlink: /home/anish/ps1_ws/install/turtlebot3_gazebo/share/turtlebot3_gazebo//worlds/models/aws_robomaker_residential_RoomCeiling_01/meshes/aws_RoomCeiling_01_visual.DAE
[0.436s] -- Up-to-date symlink: /home/anish/ps1_ws/install/turtlebot3_gazebo/share/turtlebot3_gazebo//worlds/models/aws_robomaker_residential_RoomCeiling_01/model.config
[0.436s] -- Up-to-date symlink: /home/anish/ps1_ws/install/turtlebot3_gazebo/share/turtlebot3_gazebo//worlds/models/aws_robomaker_residential_RoomCeiling_01/model.sdf
[0.436s] -- Up-to-date symlink: /home/anish/ps1_ws/install/turtlebot3_gazebo/share/turtlebot3_gazebo//worlds/models/aws_robomaker_residential_RoomWall_01/materials/textures/aws_RoomWall_01.png
[0.436s] -- Up-to-date symlink: /home/anish/ps1_ws/install/turtlebot3_gazebo/share/turtlebot3_gazebo//worlds/models/aws_robomaker_residential_RoomWall_01/meshes/aws_RoomWall_01_collision.DAE
[0.436s] -- Up-to-date symlink: /home/anish/ps1_ws/install/turtlebot3_gazebo/share/turtlebot3_gazebo//worlds/models/aws_robomaker_residential_RoomWall_01/meshes/aws_RoomWall_01_visual.DAE
[0.436s] -- Up-to-date symlink: /home/anish/ps1_ws/install/turtlebot3_gazebo/share/turtlebot3_gazebo//worlds/models/aws_robomaker_residential_RoomWall_01/model.config
[0.436s] -- Up-to-date symlink: /home/anish/ps1_ws/install/turtlebot3_gazebo/share/turtlebot3_gazebo//worlds/models/aws_robomaker_residential_RoomWall_01/model.sdf
[0.436s] -- Up-to-date symlink: /home/anish/ps1_ws/install/turtlebot3_gazebo/share/turtlebot3_gazebo//worlds/models/aws_robomaker_residential_RoomWindow_01/materials/textures/aws_RoomWindow_01.png
[0.436s] -- Up-to-date symlink: /home/anish/ps1_ws/install/turtlebot3_gazebo/share/turtlebot3_gazebo//worlds/models/aws_robomaker_residential_RoomWindow_01/meshes/aws_RoomWindow_01_collision.DAE
[0.437s] -- Up-to-date symlink: /home/anish/ps1_ws/install/turtlebot3_gazebo/share/turtlebot3_gazebo//worlds/models/aws_robomaker_residential_RoomWindow_01/meshes/aws_RoomWindow_01_visual.DAE
[0.437s] -- Up-to-date symlink: /home/anish/ps1_ws/install/turtlebot3_gazebo/share/turtlebot3_gazebo//worlds/models/aws_robomaker_residential_RoomWindow_01/model.config
[0.437s] -- Up-to-date symlink: /home/anish/ps1_ws/install/turtlebot3_gazebo/share/turtlebot3_gazebo//worlds/models/aws_robomaker_residential_RoomWindow_01/model.sdf
[0.437s] -- Up-to-date symlink: /home/anish/ps1_ws/install/turtlebot3_gazebo/share/turtlebot3_gazebo//worlds/models/aws_robomaker_residential_SeasoningBox_01/materials/textures/aws_SeasoningBox_01.png
[0.437s] -- Up-to-date symlink: /home/anish/ps1_ws/install/turtlebot3_gazebo/share/turtlebot3_gazebo//worlds/models/aws_robomaker_residential_SeasoningBox_01/meshes/aws_SeasoningBox_01_collision.DAE
[0.437s] -- Up-to-date symlink: /home/anish/ps1_ws/install/turtlebot3_gazebo/share/turtlebot3_gazebo//worlds/models/aws_robomaker_residential_SeasoningBox_01/meshes/aws_SeasoningBox_01_visual.DAE
[0.437s] -- Up-to-date symlink: /home/anish/ps1_ws/install/turtlebot3_gazebo/share/turtlebot3_gazebo//worlds/models/aws_robomaker_residential_SeasoningBox_01/model.config
[0.437s] -- Up-to-date symlink: /home/anish/ps1_ws/install/turtlebot3_gazebo/share/turtlebot3_gazebo//worlds/models/aws_robomaker_residential_SeasoningBox_01/model.sdf
[0.438s] -- Up-to-date symlink: /home/anish/ps1_ws/install/turtlebot3_gazebo/share/turtlebot3_gazebo//worlds/models/aws_robomaker_residential_SecurityCamera_01/materials/textures/aws_SecurityCamera_01.png
[0.438s] -- Up-to-date symlink: /home/anish/ps1_ws/install/turtlebot3_gazebo/share/turtlebot3_gazebo//worlds/models/aws_robomaker_residential_SecurityCamera_01/meshes/aws_SecurityCamera_01_collision.DAE
[0.438s] -- Up-to-date symlink: /home/anish/ps1_ws/install/turtlebot3_gazebo/share/turtlebot3_gazebo//worlds/models/aws_robomaker_residential_SecurityCamera_01/meshes/aws_SecurityCamera_01_visual.DAE
[0.438s] -- Up-to-date symlink: /home/anish/ps1_ws/install/turtlebot3_gazebo/share/turtlebot3_gazebo//worlds/models/aws_robomaker_residential_SecurityCamera_01/model.config
[0.438s] -- Up-to-date symlink: /home/anish/ps1_ws/install/turtlebot3_gazebo/share/turtlebot3_gazebo//worlds/models/aws_robomaker_residential_SecurityCamera_01/model.sdf
[0.438s] -- Up-to-date symlink: /home/anish/ps1_ws/install/turtlebot3_gazebo/share/turtlebot3_gazebo//worlds/models/aws_robomaker_residential_ShoeRack_01/materials/textures/aws_ShoeRack_01.png
[0.438s] -- Up-to-date symlink: /home/anish/ps1_ws/install/turtlebot3_gazebo/share/turtlebot3_gazebo//worlds/models/aws_robomaker_residential_ShoeRack_01/meshes/aws_ShoeRack_01_collision.DAE
[0.438s] -- Up-to-date symlink: /home/anish/ps1_ws/install/turtlebot3_gazebo/share/turtlebot3_gazebo//worlds/models/aws_robomaker_residential_ShoeRack_01/meshes/aws_ShoeRack_01_visual.DAE
[0.439s] -- Up-to-date symlink: /home/anish/ps1_ws/install/turtlebot3_gazebo/share/turtlebot3_gazebo//worlds/models/aws_robomaker_residential_ShoeRack_01/model.config
[0.440s] -- Up-to-date symlink: /home/anish/ps1_ws/install/turtlebot3_gazebo/share/turtlebot3_gazebo//worlds/models/aws_robomaker_residential_ShoeRack_01/model.sdf
[0.441s] -- Up-to-date symlink: /home/anish/ps1_ws/install/turtlebot3_gazebo/share/turtlebot3_gazebo//worlds/models/aws_robomaker_residential_SofaB_01/materials/textures/aws_SofaB_01.png
[0.441s] -- Up-to-date symlink: /home/anish/ps1_ws/install/turtlebot3_gazebo/share/turtlebot3_gazebo//worlds/models/aws_robomaker_residential_SofaB_01/meshes/aws_SofaB_01_collision.DAE
[0.441s] -- Up-to-date symlink: /home/anish/ps1_ws/install/turtlebot3_gazebo/share/turtlebot3_gazebo//worlds/models/aws_robomaker_residential_SofaB_01/meshes/aws_SofaB_01_visual.DAE
[0.441s] -- Up-to-date symlink: /home/anish/ps1_ws/install/turtlebot3_gazebo/share/turtlebot3_gazebo//worlds/models/aws_robomaker_residential_SofaB_01/model.config
[0.441s] -- Up-to-date symlink: /home/anish/ps1_ws/install/turtlebot3_gazebo/share/turtlebot3_gazebo//worlds/models/aws_robomaker_residential_SofaB_01/model.sdf
[0.441s] -- Up-to-date symlink: /home/anish/ps1_ws/install/turtlebot3_gazebo/share/turtlebot3_gazebo//worlds/models/aws_robomaker_residential_SofaC_01/materials/textures/aws_SofaC_01.png
[0.441s] -- Up-to-date symlink: /home/anish/ps1_ws/install/turtlebot3_gazebo/share/turtlebot3_gazebo//worlds/models/aws_robomaker_residential_SofaC_01/meshes/aws_SofaC_01_collision.DAE
[0.441s] -- Up-to-date symlink: /home/anish/ps1_ws/install/turtlebot3_gazebo/share/turtlebot3_gazebo//worlds/models/aws_robomaker_residential_SofaC_01/meshes/aws_SofaC_01_visual.DAE
[0.441s] -- Up-to-date symlink: /home/anish/ps1_ws/install/turtlebot3_gazebo/share/turtlebot3_gazebo//worlds/models/aws_robomaker_residential_SofaC_01/model.config
[0.441s] -- Up-to-date symlink: /home/anish/ps1_ws/install/turtlebot3_gazebo/share/turtlebot3_gazebo//worlds/models/aws_robomaker_residential_SofaC_01/model.sdf
[0.441s] -- Up-to-date symlink: /home/anish/ps1_ws/install/turtlebot3_gazebo/share/turtlebot3_gazebo//worlds/models/aws_robomaker_residential_Sofa_01/materials/textures/aws_Sofa_01.png
[0.441s] -- Up-to-date symlink: /home/anish/ps1_ws/install/turtlebot3_gazebo/share/turtlebot3_gazebo//worlds/models/aws_robomaker_residential_Sofa_01/meshes/aws_Sofa_01.DAE
[0.441s] -- Up-to-date symlink: /home/anish/ps1_ws/install/turtlebot3_gazebo/share/turtlebot3_gazebo//worlds/models/aws_robomaker_residential_Sofa_01/meshes/aws_Sofa_01_collision.DAE
[0.441s] -- Up-to-date symlink: /home/anish/ps1_ws/install/turtlebot3_gazebo/share/turtlebot3_gazebo//worlds/models/aws_robomaker_residential_Sofa_01/meshes/aws_Sofa_01_visual.DAE
[0.441s] -- Up-to-date symlink: /home/anish/ps1_ws/install/turtlebot3_gazebo/share/turtlebot3_gazebo//worlds/models/aws_robomaker_residential_Sofa_01/model.config
[0.441s] -- Up-to-date symlink: /home/anish/ps1_ws/install/turtlebot3_gazebo/share/turtlebot3_gazebo//worlds/models/aws_robomaker_residential_Sofa_01/model.sdf
[0.441s] -- Up-to-date symlink: /home/anish/ps1_ws/install/turtlebot3_gazebo/share/turtlebot3_gazebo//worlds/models/aws_robomaker_residential_TVCabinet_01/materials/textures/aws_TVCabinet_01.png
[0.441s] -- Up-to-date symlink: /home/anish/ps1_ws/install/turtlebot3_gazebo/share/turtlebot3_gazebo//worlds/models/aws_robomaker_residential_TVCabinet_01/meshes/aws_TVCabinet_01_collision.DAE
[0.441s] -- Up-to-date symlink: /home/anish/ps1_ws/install/turtlebot3_gazebo/share/turtlebot3_gazebo//worlds/models/aws_robomaker_residential_TVCabinet_01/meshes/aws_TVCabinet_01_visual.DAE
[0.441s] -- Up-to-date symlink: /home/anish/ps1_ws/install/turtlebot3_gazebo/share/turtlebot3_gazebo//worlds/models/aws_robomaker_residential_TVCabinet_01/model.config
[0.442s] -- Up-to-date symlink: /home/anish/ps1_ws/install/turtlebot3_gazebo/share/turtlebot3_gazebo//worlds/models/aws_robomaker_residential_TVCabinet_01/model.sdf
[0.442s] -- Up-to-date symlink: /home/anish/ps1_ws/install/turtlebot3_gazebo/share/turtlebot3_gazebo//worlds/models/aws_robomaker_residential_TV_01/materials/textures/aws_TV_01.png
[0.442s] -- Up-to-date symlink: /home/anish/ps1_ws/install/turtlebot3_gazebo/share/turtlebot3_gazebo//worlds/models/aws_robomaker_residential_TV_01/meshes/aws_TV_01_collision.DAE
[0.442s] -- Up-to-date symlink: /home/anish/ps1_ws/install/turtlebot3_gazebo/share/turtlebot3_gazebo//worlds/models/aws_robomaker_residential_TV_01/meshes/aws_TV_01_visual.DAE
[0.442s] -- Up-to-date symlink: /home/anish/ps1_ws/install/turtlebot3_gazebo/share/turtlebot3_gazebo//worlds/models/aws_robomaker_residential_TV_01/model.config
[0.442s] -- Up-to-date symlink: /home/anish/ps1_ws/install/turtlebot3_gazebo/share/turtlebot3_gazebo//worlds/models/aws_robomaker_residential_TV_01/model.sdf
[0.442s] -- Up-to-date symlink: /home/anish/ps1_ws/install/turtlebot3_gazebo/share/turtlebot3_gazebo//worlds/models/aws_robomaker_residential_TV_02/materials/textures/aws_TV_01.png
[0.442s] -- Up-to-date symlink: /home/anish/ps1_ws/install/turtlebot3_gazebo/share/turtlebot3_gazebo//worlds/models/aws_robomaker_residential_TV_02/meshes/aws_TV_01_collision.DAE
[0.442s] -- Up-to-date symlink: /home/anish/ps1_ws/install/turtlebot3_gazebo/share/turtlebot3_gazebo//worlds/models/aws_robomaker_residential_TV_02/meshes/aws_TV_01_visual.DAE
[0.442s] -- Up-to-date symlink: /home/anish/ps1_ws/install/turtlebot3_gazebo/share/turtlebot3_gazebo//worlds/models/aws_robomaker_residential_TV_02/model.config
[0.442s] -- Up-to-date symlink: /home/anish/ps1_ws/install/turtlebot3_gazebo/share/turtlebot3_gazebo//worlds/models/aws_robomaker_residential_TV_02/model.sdf
[0.442s] -- Up-to-date symlink: /home/anish/ps1_ws/install/turtlebot3_gazebo/share/turtlebot3_gazebo//worlds/models/aws_robomaker_residential_Tablet_01/.DS_Store
[0.442s] -- Up-to-date symlink: /home/anish/ps1_ws/install/turtlebot3_gazebo/share/turtlebot3_gazebo//worlds/models/aws_robomaker_residential_Tablet_01/materials/.DS_Store
[0.442s] -- Up-to-date symlink: /home/anish/ps1_ws/install/turtlebot3_gazebo/share/turtlebot3_gazebo//worlds/models/aws_robomaker_residential_Tablet_01/materials/textures/aws_Tablet_01_nologo.png
[0.442s] -- Up-to-date symlink: /home/anish/ps1_ws/install/turtlebot3_gazebo/share/turtlebot3_gazebo//worlds/models/aws_robomaker_residential_Tablet_01/meshes/aws_Tablet_01_collision.DAE
[0.442s] -- Up-to-date symlink: /home/anish/ps1_ws/install/turtlebot3_gazebo/share/turtlebot3_gazebo//worlds/models/aws_robomaker_residential_Tablet_01/meshes/aws_Tablet_01_visual.DAE
[0.442s] -- Up-to-date symlink: /home/anish/ps1_ws/install/turtlebot3_gazebo/share/turtlebot3_gazebo//worlds/models/aws_robomaker_residential_Tablet_01/model.config
[0.442s] -- Up-to-date symlink: /home/anish/ps1_ws/install/turtlebot3_gazebo/share/turtlebot3_gazebo//worlds/models/aws_robomaker_residential_Tablet_01/model.sdf
[0.443s] -- Up-to-date symlink: /home/anish/ps1_ws/install/turtlebot3_gazebo/share/turtlebot3_gazebo//worlds/models/aws_robomaker_residential_Tableware_01/materials/textures/aws_Tableware_01.png
[0.443s] -- Up-to-date symlink: /home/anish/ps1_ws/install/turtlebot3_gazebo/share/turtlebot3_gazebo//worlds/models/aws_robomaker_residential_Tableware_01/meshes/aws_Tableware_01_collision.DAE
[0.443s] -- Up-to-date symlink: /home/anish/ps1_ws/install/turtlebot3_gazebo/share/turtlebot3_gazebo//worlds/models/aws_robomaker_residential_Tableware_01/meshes/aws_Tableware_01_visual.DAE
[0.443s] -- Up-to-date symlink: /home/anish/ps1_ws/install/turtlebot3_gazebo/share/turtlebot3_gazebo//worlds/models/aws_robomaker_residential_Tableware_01/model.config
[0.443s] -- Up-to-date symlink: /home/anish/ps1_ws/install/turtlebot3_gazebo/share/turtlebot3_gazebo//worlds/models/aws_robomaker_residential_Tableware_01/model.sdf
[0.443s] -- Up-to-date symlink: /home/anish/ps1_ws/install/turtlebot3_gazebo/share/turtlebot3_gazebo//worlds/models/aws_robomaker_residential_Trash_01/materials/textures/aws_Trash_01.png
[0.443s] -- Up-to-date symlink: /home/anish/ps1_ws/install/turtlebot3_gazebo/share/turtlebot3_gazebo//worlds/models/aws_robomaker_residential_Trash_01/meshes/aws_Trash_01_collision.DAE
[0.443s] -- Up-to-date symlink: /home/anish/ps1_ws/install/turtlebot3_gazebo/share/turtlebot3_gazebo//worlds/models/aws_robomaker_residential_Trash_01/meshes/aws_Trash_01_visual.DAE
[0.443s] -- Up-to-date symlink: /home/anish/ps1_ws/install/turtlebot3_gazebo/share/turtlebot3_gazebo//worlds/models/aws_robomaker_residential_Trash_01/model.config
[0.443s] -- Up-to-date symlink: /home/anish/ps1_ws/install/turtlebot3_gazebo/share/turtlebot3_gazebo//worlds/models/aws_robomaker_residential_Trash_01/model.sdf
[0.443s] -- Up-to-date symlink: /home/anish/ps1_ws/install/turtlebot3_gazebo/share/turtlebot3_gazebo//worlds/models/aws_robomaker_residential_Vase_01/materials/textures/aws_Vase_01.png
[0.443s] -- Up-to-date symlink: /home/anish/ps1_ws/install/turtlebot3_gazebo/share/turtlebot3_gazebo//worlds/models/aws_robomaker_residential_Vase_01/meshes/aws_Vase_01_collision.DAE
[0.443s] -- Up-to-date symlink: /home/anish/ps1_ws/install/turtlebot3_gazebo/share/turtlebot3_gazebo//worlds/models/aws_robomaker_residential_Vase_01/meshes/aws_Vase_01_visual.DAE
[0.443s] -- Up-to-date symlink: /home/anish/ps1_ws/install/turtlebot3_gazebo/share/turtlebot3_gazebo//worlds/models/aws_robomaker_residential_Vase_01/model.config
[0.443s] -- Up-to-date symlink: /home/anish/ps1_ws/install/turtlebot3_gazebo/share/turtlebot3_gazebo//worlds/models/aws_robomaker_residential_Vase_01/model.sdf
[0.443s] -- Up-to-date symlink: /home/anish/ps1_ws/install/turtlebot3_gazebo/share/turtlebot3_gazebo//worlds/models/aws_robomaker_residential_Wardrobe_01/materials/textures/aws_Wardrobe_01.png
[0.443s] -- Up-to-date symlink: /home/anish/ps1_ws/install/turtlebot3_gazebo/share/turtlebot3_gazebo//worlds/models/aws_robomaker_residential_Wardrobe_01/meshes/aws_Wardrobe_01_collision.DAE
[0.443s] -- Up-to-date symlink: /home/anish/ps1_ws/install/turtlebot3_gazebo/share/turtlebot3_gazebo//worlds/models/aws_robomaker_residential_Wardrobe_01/meshes/aws_Wardrobe_01_visual.DAE
[0.443s] -- Up-to-date symlink: /home/anish/ps1_ws/install/turtlebot3_gazebo/share/turtlebot3_gazebo//worlds/models/aws_robomaker_residential_Wardrobe_01/model.config
[0.443s] -- Up-to-date symlink: /home/anish/ps1_ws/install/turtlebot3_gazebo/share/turtlebot3_gazebo//worlds/models/aws_robomaker_residential_Wardrobe_01/model.sdf
[0.443s] -- Up-to-date symlink: /home/anish/ps1_ws/install/turtlebot3_gazebo/share/turtlebot3_gazebo//worlds/models/turtlebot3_waffle_pi/model-1_4_.sdf
[0.443s] -- Up-to-date symlink: /home/anish/ps1_ws/install/turtlebot3_gazebo/share/turtlebot3_gazebo//worlds/models/turtlebot3_waffle_pi/model.config
[0.444s] -- Up-to-date symlink: /home/anish/ps1_ws/install/turtlebot3_gazebo/share/turtlebot3_gazebo//worlds/models/turtlebot3_waffle_pi/model.sdf
[0.444s] -- Up-to-date symlink: /home/anish/ps1_ws/install/turtlebot3_gazebo/share/turtlebot3_gazebo//worlds/photos/DeskPortraitA_01.jpg
[0.444s] -- Up-to-date symlink: /home/anish/ps1_ws/install/turtlebot3_gazebo/share/turtlebot3_gazebo//worlds/photos/DeskPortraitA_02.jpg
[0.444s] -- Up-to-date symlink: /home/anish/ps1_ws/install/turtlebot3_gazebo/share/turtlebot3_gazebo//worlds/photos/DeskPortraitB_01.jpg
[0.444s] -- Up-to-date symlink: /home/anish/ps1_ws/install/turtlebot3_gazebo/share/turtlebot3_gazebo//worlds/photos/DeskPortraitB_02.jpg
[0.444s] -- Up-to-date symlink: /home/anish/ps1_ws/install/turtlebot3_gazebo/share/turtlebot3_gazebo//worlds/photos/DeskPortraitC_01.jpg
[0.444s] -- Up-to-date symlink: /home/anish/ps1_ws/install/turtlebot3_gazebo/share/turtlebot3_gazebo//worlds/photos/DeskPortraitC_02.jpg
[0.444s] -- Up-to-date symlink: /home/anish/ps1_ws/install/turtlebot3_gazebo/share/turtlebot3_gazebo//worlds/photos/DeskPortraitD_01.jpg
[0.444s] -- Up-to-date symlink: /home/anish/ps1_ws/install/turtlebot3_gazebo/share/turtlebot3_gazebo//worlds/photos/DeskPortraitD_02.jpg
[0.444s] -- Up-to-date symlink: /home/anish/ps1_ws/install/turtlebot3_gazebo/share/turtlebot3_gazebo//worlds/photos/DeskPortraitD_03.jpg
[0.444s] -- Up-to-date symlink: /home/anish/ps1_ws/install/turtlebot3_gazebo/share/turtlebot3_gazebo//worlds/photos/DeskPortraitD_04.jpg
[0.444s] -- Up-to-date symlink: /home/anish/ps1_ws/install/turtlebot3_gazebo/share/turtlebot3_gazebo//worlds/photos/PortraitA_01.jpg
[0.444s] -- Up-to-date symlink: /home/anish/ps1_ws/install/turtlebot3_gazebo/share/turtlebot3_gazebo//worlds/photos/PortraitA_02.jpg
[0.444s] -- Up-to-date symlink: /home/anish/ps1_ws/install/turtlebot3_gazebo/share/turtlebot3_gazebo//worlds/photos/PortraitB_01.jpg
[0.444s] -- Up-to-date symlink: /home/anish/ps1_ws/install/turtlebot3_gazebo/share/turtlebot3_gazebo//worlds/photos/PortraitB_02.jpg
[0.444s] -- Up-to-date symlink: /home/anish/ps1_ws/install/turtlebot3_gazebo/share/turtlebot3_gazebo//worlds/photos/PortraitB_03.jpg
[0.444s] -- Up-to-date symlink: /home/anish/ps1_ws/install/turtlebot3_gazebo/share/turtlebot3_gazebo//worlds/photos/PortraitC_01.jpg
[0.444s] -- Up-to-date symlink: /home/anish/ps1_ws/install/turtlebot3_gazebo/share/turtlebot3_gazebo//worlds/photos/PortraitD_01.jpg
[0.445s] -- Up-to-date symlink: /home/anish/ps1_ws/install/turtlebot3_gazebo/share/turtlebot3_gazebo//worlds/photos/PortraitD_02.jpg
[0.445s] -- Up-to-date symlink: /home/anish/ps1_ws/install/turtlebot3_gazebo/share/turtlebot3_gazebo//worlds/photos/PortraitE_01.jpg
[0.445s] -- Up-to-date symlink: /home/anish/ps1_ws/install/turtlebot3_gazebo/share/turtlebot3_gazebo//worlds/photos/PortraitE_02.jpg
[0.445s] -- Up-to-date symlink: /home/anish/ps1_ws/install/turtlebot3_gazebo/share/turtlebot3_gazebo//worlds/small_house.jpg
[0.445s] -- Up-to-date symlink: /home/anish/ps1_ws/install/turtlebot3_gazebo/share/turtlebot3_gazebo//worlds/small_house.world
[0.445s] -- Up-to-date symlink: /home/anish/ps1_ws/install/turtlebot3_gazebo/include//turtlebot3_gazebo/turtlebot3_drive.hpp
[0.445s] -- Up-to-date symlink: /home/anish/ps1_ws/install/turtlebot3_gazebo/share/ament_index/resource_index/package_run_dependencies/turtlebot3_gazebo
[0.445s] -- Up-to-date symlink: /home/anish/ps1_ws/install/turtlebot3_gazebo/share/ament_index/resource_index/parent_prefix_path/turtlebot3_gazebo
[0.445s] -- Up-to-date symlink: /home/anish/ps1_ws/install/turtlebot3_gazebo/share/turtlebot3_gazebo/environment/ament_prefix_path.sh
[0.445s] -- Up-to-date symlink: /home/anish/ps1_ws/install/turtlebot3_gazebo/share/turtlebot3_gazebo/environment/ament_prefix_path.dsv
[0.445s] -- Up-to-date symlink: /home/anish/ps1_ws/install/turtlebot3_gazebo/share/turtlebot3_gazebo/environment/path.sh
[0.446s] -- Up-to-date symlink: /home/anish/ps1_ws/install/turtlebot3_gazebo/share/turtlebot3_gazebo/environment/path.dsv
[0.446s] -- Up-to-date symlink: /home/anish/ps1_ws/install/turtlebot3_gazebo/share/turtlebot3_gazebo/local_setup.bash
[0.446s] -- Up-to-date symlink: /home/anish/ps1_ws/install/turtlebot3_gazebo/share/turtlebot3_gazebo/local_setup.sh
[0.446s] -- Up-to-date symlink: /home/anish/ps1_ws/install/turtlebot3_gazebo/share/turtlebot3_gazebo/local_setup.zsh
[0.446s] -- Up-to-date symlink: /home/anish/ps1_ws/install/turtlebot3_gazebo/share/turtlebot3_gazebo/local_setup.dsv
[0.446s] -- Symlinking: /home/anish/ps1_ws/install/turtlebot3_gazebo/share/turtlebot3_gazebo/package.dsv
[0.456s] -- Up-to-date symlink: /home/anish/ps1_ws/install/turtlebot3_gazebo/share/ament_index/resource_index/packages/turtlebot3_gazebo
[0.456s] -- Up-to-date symlink: /home/anish/ps1_ws/install/turtlebot3_gazebo/share/turtlebot3_gazebo/cmake/ament_cmake_export_include_directories-extras.cmake
[0.456s] -- Up-to-date symlink: /home/anish/ps1_ws/install/turtlebot3_gazebo/share/turtlebot3_gazebo/cmake/ament_cmake_export_dependencies-extras.cmake
[0.456s] -- Up-to-date symlink: /home/anish/ps1_ws/install/turtlebot3_gazebo/share/turtlebot3_gazebo/cmake/turtlebot3_gazeboConfig.cmake
[0.456s] -- Up-to-date symlink: /home/anish/ps1_ws/install/turtlebot3_gazebo/share/turtlebot3_gazebo/cmake/turtlebot3_gazeboConfig-version.cmake
[0.456s] -- Up-to-date symlink: /home/anish/ps1_ws/install/turtlebot3_gazebo/share/turtlebot3_gazebo/package.xml
[0.467s] Invoked command in '/home/anish/ps1_ws/build/turtlebot3_gazebo' returned '0': CMAKE_PREFIX_PATH=${CMAKE_PREFIX_PATH}:/home/anish/ps1_ws/install/turtlebot3_teleop:/home/anish/ps1_ws/install/turtlebot3_example:/opt/ros/humble /usr/bin/cmake --install /home/anish/ps1_ws/build/turtlebot3_gazebo
