[0.008s] Invoking command in '/home/anish/ps1_ws/build/turtlebot3_simulations': AMENT_PREFIX_PATH=/home/anish/ps1_ws/install/turtlebot3_gazebo:/home/anish/ps1_ws/install/turtlebot3_fake_node:${AMENT_PREFIX_PATH} CMAKE_PREFIX_PATH=/home/anish/ps1_ws/install/turtlebot3_gazebo:/home/anish/ps1_ws/install/turtlebot3_fake_node:/home/anish/ps1_ws/install/my_world_launcher:/opt/ros/humble /usr/bin/cmake /home/anish/ps1_ws/src/turtlebot3_simulations/turtlebot3_simulations -DCMAKE_INSTALL_PREFIX=/home/anish/ps1_ws/install/turtlebot3_simulations
[0.055s] -- The C compiler identification is GNU 11.4.0
[0.101s] -- The CXX compiler identification is GNU 11.4.0
[0.107s] -- Detecting C compiler ABI info
[0.170s] -- Detecting C compiler ABI info - done
[0.175s] -- Check for working C compiler: /usr/bin/cc - skipped
[0.175s] -- Detecting C compile features
[0.175s] -- Detecting C compile features - done
[0.177s] -- Detecting CXX compiler ABI info
[0.242s] -- Detecting CXX compiler ABI info - done
[0.247s] -- Check for working CXX compiler: /usr/bin/c++ - skipped
[0.247s] -- Detecting CXX compile features
[0.248s] -- Detecting CXX compile features - done
[0.250s] -- Found ament_cmake: 1.3.11 (/opt/ros/humble/share/ament_cmake/cmake)
[0.383s] -- Found Python3: /usr/bin/python3 (found version "3.10.12") found components: Interpreter 
[0.507s] -- Configuring done
[0.508s] -- Generating done
[0.510s] -- Build files have been written to: /home/anish/ps1_ws/build/turtlebot3_simulations
[0.514s] Invoked command in '/home/anish/ps1_ws/build/turtlebot3_simulations' returned '0': AMENT_PREFIX_PATH=/home/anish/ps1_ws/install/turtlebot3_gazebo:/home/anish/ps1_ws/install/turtlebot3_fake_node:${AMENT_PREFIX_PATH} CMAKE_PREFIX_PATH=/home/anish/ps1_ws/install/turtlebot3_gazebo:/home/anish/ps1_ws/install/turtlebot3_fake_node:/home/anish/ps1_ws/install/my_world_launcher:/opt/ros/humble /usr/bin/cmake /home/anish/ps1_ws/src/turtlebot3_simulations/turtlebot3_simulations -DCMAKE_INSTALL_PREFIX=/home/anish/ps1_ws/install/turtlebot3_simulations
[0.515s] Invoking command in '/home/anish/ps1_ws/build/turtlebot3_simulations': AMENT_PREFIX_PATH=/home/anish/ps1_ws/install/turtlebot3_gazebo:/home/anish/ps1_ws/install/turtlebot3_fake_node:${AMENT_PREFIX_PATH} CMAKE_PREFIX_PATH=/home/anish/ps1_ws/install/turtlebot3_gazebo:/home/anish/ps1_ws/install/turtlebot3_fake_node:/home/anish/ps1_ws/install/my_world_launcher:/opt/ros/humble /usr/bin/cmake --build /home/anish/ps1_ws/build/turtlebot3_simulations -- -j16 -l16
[0.551s] Invoked command in '/home/anish/ps1_ws/build/turtlebot3_simulations' returned '0': AMENT_PREFIX_PATH=/home/anish/ps1_ws/install/turtlebot3_gazebo:/home/anish/ps1_ws/install/turtlebot3_fake_node:${AMENT_PREFIX_PATH} CMAKE_PREFIX_PATH=/home/anish/ps1_ws/install/turtlebot3_gazebo:/home/anish/ps1_ws/install/turtlebot3_fake_node:/home/anish/ps1_ws/install/my_world_launcher:/opt/ros/humble /usr/bin/cmake --build /home/anish/ps1_ws/build/turtlebot3_simulations -- -j16 -l16
[0.553s] Invoking command in '/home/anish/ps1_ws/build/turtlebot3_simulations': AMENT_PREFIX_PATH=/home/anish/ps1_ws/install/turtlebot3_gazebo:/home/anish/ps1_ws/install/turtlebot3_fake_node:${AMENT_PREFIX_PATH} CMAKE_PREFIX_PATH=/home/anish/ps1_ws/install/turtlebot3_gazebo:/home/anish/ps1_ws/install/turtlebot3_fake_node:/home/anish/ps1_ws/install/my_world_launcher:/opt/ros/humble /usr/bin/cmake --install /home/anish/ps1_ws/build/turtlebot3_simulations
[0.559s] -- Install configuration: ""
[0.559s] -- Installing: /home/anish/ps1_ws/install/turtlebot3_simulations/share/ament_index/resource_index/package_run_dependencies/turtlebot3_simulations
[0.560s] -- Installing: /home/anish/ps1_ws/install/turtlebot3_simulations/share/ament_index/resource_index/parent_prefix_path/turtlebot3_simulations
[0.560s] -- Installing: /home/anish/ps1_ws/install/turtlebot3_simulations/share/turtlebot3_simulations/environment/ament_prefix_path.sh
[0.560s] -- Installing: /home/anish/ps1_ws/install/turtlebot3_simulations/share/turtlebot3_simulations/environment/ament_prefix_path.dsv
[0.560s] -- Installing: /home/anish/ps1_ws/install/turtlebot3_simulations/share/turtlebot3_simulations/environment/path.sh
[0.560s] -- Installing: /home/anish/ps1_ws/install/turtlebot3_simulations/share/turtlebot3_simulations/environment/path.dsv
[0.560s] -- Installing: /home/anish/ps1_ws/install/turtlebot3_simulations/share/turtlebot3_simulations/local_setup.bash
[0.560s] -- Installing: /home/anish/ps1_ws/install/turtlebot3_simulations/share/turtlebot3_simulations/local_setup.sh
[0.560s] -- Installing: /home/anish/ps1_ws/install/turtlebot3_simulations/share/turtlebot3_simulations/local_setup.zsh
[0.560s] -- Installing: /home/anish/ps1_ws/install/turtlebot3_simulations/share/turtlebot3_simulations/local_setup.dsv
[0.561s] -- Installing: /home/anish/ps1_ws/install/turtlebot3_simulations/share/turtlebot3_simulations/package.dsv
[0.561s] -- Installing: /home/anish/ps1_ws/install/turtlebot3_simulations/share/ament_index/resource_index/packages/turtlebot3_simulations
[0.561s] -- Installing: /home/anish/ps1_ws/install/turtlebot3_simulations/share/turtlebot3_simulations/cmake/turtlebot3_simulationsConfig.cmake
[0.561s] -- Installing: /home/anish/ps1_ws/install/turtlebot3_simulations/share/turtlebot3_simulations/cmake/turtlebot3_simulationsConfig-version.cmake
[0.561s] -- Installing: /home/anish/ps1_ws/install/turtlebot3_simulations/share/turtlebot3_simulations/package.xml
[0.563s] Invoked command in '/home/anish/ps1_ws/build/turtlebot3_simulations' returned '0': AMENT_PREFIX_PATH=/home/anish/ps1_ws/install/turtlebot3_gazebo:/home/anish/ps1_ws/install/turtlebot3_fake_node:${AMENT_PREFIX_PATH} CMAKE_PREFIX_PATH=/home/anish/ps1_ws/install/turtlebot3_gazebo:/home/anish/ps1_ws/install/turtlebot3_fake_node:/home/anish/ps1_ws/install/my_world_launcher:/opt/ros/humble /usr/bin/cmake --install /home/anish/ps1_ws/build/turtlebot3_simulations
