[0.221s] Invoking command in '/home/anish/ps1_ws/build/turtlebot3_fake_node': CMAKE_PREFIX_PATH=/home/anish/ps1_ws/install/my_world_launcher:/opt/ros/humble /usr/bin/cmake /home/anish/ps1_ws/src/turtlebot3_simulations/turtlebot3_fake_node -DCMAKE_INSTALL_PREFIX=/home/anish/ps1_ws/install/turtlebot3_fake_node
[0.270s] -- The C compiler identification is GNU 11.4.0
[0.317s] -- The CXX compiler identification is GNU 11.4.0
[0.322s] -- Detecting C compiler ABI info
[0.379s] -- Detecting C compiler ABI info - done
[0.384s] -- Check for working C compiler: /usr/bin/cc - skipped
[0.384s] -- Detecting C compile features
[0.384s] -- Detecting C compile features - done
[0.387s] -- Detecting CXX compiler ABI info
[0.455s] -- Detecting CXX compiler ABI info - done
[0.460s] -- Check for working CXX compiler: /usr/bin/c++ - skipped
[0.460s] -- Detecting CXX compile features
[0.460s] -- Detecting CXX compile features - done
[0.462s] -- Found ament_cmake: 1.3.11 (/opt/ros/humble/share/ament_cmake/cmake)
[0.575s] -- Found Python3: /usr/bin/python3 (found version "3.10.12") found components: Interpreter 
[0.640s] -- Found geometry_msgs: 4.9.0 (/opt/ros/humble/share/geometry_msgs/cmake)
[0.666s] -- Found rosidl_generator_c: 3.1.6 (/opt/ros/humble/share/rosidl_generator_c/cmake)
[0.670s] -- Found rosidl_adapter: 3.1.6 (/opt/ros/humble/share/rosidl_adapter/cmake)
[0.676s] -- Found rosidl_generator_cpp: 3.1.6 (/opt/ros/humble/share/rosidl_generator_cpp/cmake)
[0.684s] -- Using all available rosidl_typesupport_c: rosidl_typesupport_fastrtps_c;rosidl_typesupport_introspection_c
[0.698s] -- Using all available rosidl_typesupport_cpp: rosidl_typesupport_fastrtps_cpp;rosidl_typesupport_introspection_cpp
[0.723s] -- Found nav_msgs: 4.9.0 (/opt/ros/humble/share/nav_msgs/cmake)
[0.739s] -- Found rclcpp: 16.0.12 (/opt/ros/humble/share/rclcpp/cmake)
[0.764s] -- Found rmw_implementation_cmake: 6.1.2 (/opt/ros/humble/share/rmw_implementation_cmake/cmake)
[0.766s] -- Found rmw_cyclonedds_cpp: 1.3.4 (/opt/ros/humble/share/rmw_cyclonedds_cpp/cmake)
[0.780s] -- Using RMW implementation 'rmw_cyclonedds_cpp' as default
[0.786s] -- Looking for pthread.h
[0.844s] -- Looking for pthread.h - found
[0.844s] -- Performing Test CMAKE_HAVE_LIBC_PTHREAD
[0.902s] -- Performing Test CMAKE_HAVE_LIBC_PTHREAD - Success
[0.903s] -- Found Threads: TRUE  
[0.938s] -- Found sensor_msgs: 4.9.0 (/opt/ros/humble/share/sensor_msgs/cmake)
[0.950s] -- Found tf2: 0.25.13 (/opt/ros/humble/share/tf2/cmake)
[0.958s] -- Found tf2_msgs: 0.25.13 (/opt/ros/humble/share/tf2_msgs/cmake)
[0.991s] -- Found turtlebot3_msgs: 2.4.0 (/opt/ros/humble/share/turtlebot3_msgs/cmake)
[1.050s] -- Configuring done
[1.059s] -- Generating done
[1.062s] -- Build files have been written to: /home/anish/ps1_ws/build/turtlebot3_fake_node
[1.070s] Invoked command in '/home/anish/ps1_ws/build/turtlebot3_fake_node' returned '0': CMAKE_PREFIX_PATH=/home/anish/ps1_ws/install/my_world_launcher:/opt/ros/humble /usr/bin/cmake /home/anish/ps1_ws/src/turtlebot3_simulations/turtlebot3_fake_node -DCMAKE_INSTALL_PREFIX=/home/anish/ps1_ws/install/turtlebot3_fake_node
[1.071s] Invoking command in '/home/anish/ps1_ws/build/turtlebot3_fake_node': CMAKE_PREFIX_PATH=/home/anish/ps1_ws/install/my_world_launcher:/opt/ros/humble /usr/bin/cmake --build /home/anish/ps1_ws/build/turtlebot3_fake_node -- -j16 -l16
[1.114s] [ 50%] [32mBuilding CXX object CMakeFiles/turtlebot3_fake_node.dir/src/turtlebot3_fake_node.cpp.o[0m
[10.948s] [100%] [32m[1mLinking CXX executable turtlebot3_fake_node[0m
[11.400s] [100%] Built target turtlebot3_fake_node
[11.411s] Invoked command in '/home/anish/ps1_ws/build/turtlebot3_fake_node' returned '0': CMAKE_PREFIX_PATH=/home/anish/ps1_ws/install/my_world_launcher:/opt/ros/humble /usr/bin/cmake --build /home/anish/ps1_ws/build/turtlebot3_fake_node -- -j16 -l16
[11.413s] Invoking command in '/home/anish/ps1_ws/build/turtlebot3_fake_node': CMAKE_PREFIX_PATH=/home/anish/ps1_ws/install/my_world_launcher:/opt/ros/humble /usr/bin/cmake --install /home/anish/ps1_ws/build/turtlebot3_fake_node
[11.420s] -- Install configuration: ""
[11.420s] -- Installing: /home/anish/ps1_ws/install/turtlebot3_fake_node/lib/turtlebot3_fake_node/turtlebot3_fake_node
[11.424s] -- Set runtime path of "/home/anish/ps1_ws/install/turtlebot3_fake_node/lib/turtlebot3_fake_node/turtlebot3_fake_node" to ""
[11.424s] -- Installing: /home/anish/ps1_ws/install/turtlebot3_fake_node/share/turtlebot3_fake_node/launch
[11.425s] -- Installing: /home/anish/ps1_ws/install/turtlebot3_fake_node/share/turtlebot3_fake_node/launch/turtlebot3_fake_node.launch.py
[11.425s] -- Installing: /home/anish/ps1_ws/install/turtlebot3_fake_node/share/turtlebot3_fake_node/launch/rviz2.launch.py
[11.425s] -- Installing: /home/anish/ps1_ws/install/turtlebot3_fake_node/share/turtlebot3_fake_node/param
[11.425s] -- Installing: /home/anish/ps1_ws/install/turtlebot3_fake_node/share/turtlebot3_fake_node/param/waffle_pi.yaml
[11.425s] -- Installing: /home/anish/ps1_ws/install/turtlebot3_fake_node/share/turtlebot3_fake_node/param/burger.yaml
[11.425s] -- Installing: /home/anish/ps1_ws/install/turtlebot3_fake_node/share/turtlebot3_fake_node/param/waffle.yaml
[11.425s] -- Installing: /home/anish/ps1_ws/install/turtlebot3_fake_node/include/
[11.425s] -- Installing: /home/anish/ps1_ws/install/turtlebot3_fake_node/include//turtlebot3_fake_node
[11.426s] -- Installing: /home/anish/ps1_ws/install/turtlebot3_fake_node/include//turtlebot3_fake_node/turtlebot3_fake_node.hpp
[11.426s] -- Installing: /home/anish/ps1_ws/install/turtlebot3_fake_node/share/ament_index/resource_index/package_run_dependencies/turtlebot3_fake_node
[11.426s] -- Installing: /home/anish/ps1_ws/install/turtlebot3_fake_node/share/ament_index/resource_index/parent_prefix_path/turtlebot3_fake_node
[11.426s] -- Installing: /home/anish/ps1_ws/install/turtlebot3_fake_node/share/turtlebot3_fake_node/environment/ament_prefix_path.sh
[11.426s] -- Installing: /home/anish/ps1_ws/install/turtlebot3_fake_node/share/turtlebot3_fake_node/environment/ament_prefix_path.dsv
[11.426s] -- Installing: /home/anish/ps1_ws/install/turtlebot3_fake_node/share/turtlebot3_fake_node/environment/path.sh
[11.427s] -- Installing: /home/anish/ps1_ws/install/turtlebot3_fake_node/share/turtlebot3_fake_node/environment/path.dsv
[11.427s] -- Installing: /home/anish/ps1_ws/install/turtlebot3_fake_node/share/turtlebot3_fake_node/local_setup.bash
[11.427s] -- Installing: /home/anish/ps1_ws/install/turtlebot3_fake_node/share/turtlebot3_fake_node/local_setup.sh
[11.427s] -- Installing: /home/anish/ps1_ws/install/turtlebot3_fake_node/share/turtlebot3_fake_node/local_setup.zsh
[11.427s] -- Installing: /home/anish/ps1_ws/install/turtlebot3_fake_node/share/turtlebot3_fake_node/local_setup.dsv
[11.427s] -- Installing: /home/anish/ps1_ws/install/turtlebot3_fake_node/share/turtlebot3_fake_node/package.dsv
[11.428s] -- Installing: /home/anish/ps1_ws/install/turtlebot3_fake_node/share/ament_index/resource_index/packages/turtlebot3_fake_node
[11.428s] -- Installing: /home/anish/ps1_ws/install/turtlebot3_fake_node/share/turtlebot3_fake_node/cmake/ament_cmake_export_include_directories-extras.cmake
[11.428s] -- Installing: /home/anish/ps1_ws/install/turtlebot3_fake_node/share/turtlebot3_fake_node/cmake/ament_cmake_export_dependencies-extras.cmake
[11.428s] -- Installing: /home/anish/ps1_ws/install/turtlebot3_fake_node/share/turtlebot3_fake_node/cmake/turtlebot3_fake_nodeConfig.cmake
[11.428s] -- Installing: /home/anish/ps1_ws/install/turtlebot3_fake_node/share/turtlebot3_fake_node/cmake/turtlebot3_fake_nodeConfig-version.cmake
[11.428s] -- Installing: /home/anish/ps1_ws/install/turtlebot3_fake_node/share/turtlebot3_fake_node/package.xml
[11.431s] Invoked command in '/home/anish/ps1_ws/build/turtlebot3_fake_node' returned '0': CMAKE_PREFIX_PATH=/home/anish/ps1_ws/install/my_world_launcher:/opt/ros/humble /usr/bin/cmake --install /home/anish/ps1_ws/build/turtlebot3_fake_node
