[0.007s] Invoking command in '/home/anish/ps1_ws/build/turtlebot3_simulations': CMAKE_PREFIX_PATH=/home/anish/ps1_ws/install/turtlebot3_gazebo:/home/anish/ps1_ws/install/turtlebot3_fake_node:/home/anish/ps1_ws/install/turtlebot3:/home/anish/ps1_ws/install/turtlebot3_simulations:/home/anish/ps1_ws/install/turtlebot3_bringup:/home/anish/ps1_ws/install/turtlebot3_node:/home/anish/ps1_ws/install/turtlebot3_navigation2:/home/anish/ps1_ws/install/turtlebot3_description:/home/anish/ps1_ws/install/turtlebot3_cartographer:/home/anish/ps1_ws/install/turtlebot3_teleop:/home/anish/ps1_ws/install/turtlebot3_example:/opt/ros/humble /usr/bin/cmake --build /home/anish/ps1_ws/build/turtlebot3_simulations -- -j16 -l16
[0.039s] Invoked command in '/home/anish/ps1_ws/build/turtlebot3_simulations' returned '0': CMAKE_PREFIX_PATH=/home/anish/ps1_ws/install/turtlebot3_gazebo:/home/anish/ps1_ws/install/turtlebot3_fake_node:/home/anish/ps1_ws/install/turtlebot3:/home/anish/ps1_ws/install/turtlebot3_simulations:/home/anish/ps1_ws/install/turtlebot3_bringup:/home/anish/ps1_ws/install/turtlebot3_node:/home/anish/ps1_ws/install/turtlebot3_navigation2:/home/anish/ps1_ws/install/turtlebot3_description:/home/anish/ps1_ws/install/turtlebot3_cartographer:/home/anish/ps1_ws/install/turtlebot3_teleop:/home/anish/ps1_ws/install/turtlebot3_example:/opt/ros/humble /usr/bin/cmake --build /home/anish/ps1_ws/build/turtlebot3_simulations -- -j16 -l16
[0.040s] Invoking command in '/home/anish/ps1_ws/build/turtlebot3_simulations': CMAKE_PREFIX_PATH=/home/anish/ps1_ws/install/turtlebot3_gazebo:/home/anish/ps1_ws/install/turtlebot3_fake_node:/home/anish/ps1_ws/install/turtlebot3:/home/anish/ps1_ws/install/turtlebot3_simulations:/home/anish/ps1_ws/install/turtlebot3_bringup:/home/anish/ps1_ws/install/turtlebot3_node:/home/anish/ps1_ws/install/turtlebot3_navigation2:/home/anish/ps1_ws/install/turtlebot3_description:/home/anish/ps1_ws/install/turtlebot3_cartographer:/home/anish/ps1_ws/install/turtlebot3_teleop:/home/anish/ps1_ws/install/turtlebot3_example:/opt/ros/humble /usr/bin/cmake --install /home/anish/ps1_ws/build/turtlebot3_simulations
[0.047s] -- Install configuration: ""
[0.047s] -- Execute custom install script
[0.047s] -- Up-to-date symlink: /home/anish/ps1_ws/install/turtlebot3_simulations/share/ament_index/resource_index/package_run_dependencies/turtlebot3_simulations
[0.048s] -- Up-to-date symlink: /home/anish/ps1_ws/install/turtlebot3_simulations/share/ament_index/resource_index/parent_prefix_path/turtlebot3_simulations
[0.048s] -- Up-to-date symlink: /home/anish/ps1_ws/install/turtlebot3_simulations/share/turtlebot3_simulations/environment/ament_prefix_path.sh
[0.048s] -- Up-to-date symlink: /home/anish/ps1_ws/install/turtlebot3_simulations/share/turtlebot3_simulations/environment/ament_prefix_path.dsv
[0.049s] -- Up-to-date symlink: /home/anish/ps1_ws/install/turtlebot3_simulations/share/turtlebot3_simulations/environment/path.sh
[0.049s] -- Up-to-date symlink: /home/anish/ps1_ws/install/turtlebot3_simulations/share/turtlebot3_simulations/environment/path.dsv
[0.049s] -- Up-to-date symlink: /home/anish/ps1_ws/install/turtlebot3_simulations/share/turtlebot3_simulations/local_setup.bash
[0.049s] -- Up-to-date symlink: /home/anish/ps1_ws/install/turtlebot3_simulations/share/turtlebot3_simulations/local_setup.sh
[0.049s] -- Up-to-date symlink: /home/anish/ps1_ws/install/turtlebot3_simulations/share/turtlebot3_simulations/local_setup.zsh
[0.049s] -- Up-to-date symlink: /home/anish/ps1_ws/install/turtlebot3_simulations/share/turtlebot3_simulations/local_setup.dsv
[0.049s] -- Symlinking: /home/anish/ps1_ws/install/turtlebot3_simulations/share/turtlebot3_simulations/package.dsv
[0.056s] -- Up-to-date symlink: /home/anish/ps1_ws/install/turtlebot3_simulations/share/ament_index/resource_index/packages/turtlebot3_simulations
[0.056s] -- Up-to-date symlink: /home/anish/ps1_ws/install/turtlebot3_simulations/share/turtlebot3_simulations/cmake/turtlebot3_simulationsConfig.cmake
[0.056s] -- Up-to-date symlink: /home/anish/ps1_ws/install/turtlebot3_simulations/share/turtlebot3_simulations/cmake/turtlebot3_simulationsConfig-version.cmake
[0.056s] -- Up-to-date symlink: /home/anish/ps1_ws/install/turtlebot3_simulations/share/turtlebot3_simulations/package.xml
[0.058s] Invoked command in '/home/anish/ps1_ws/build/turtlebot3_simulations' returned '0': CMAKE_PREFIX_PATH=/home/anish/ps1_ws/install/turtlebot3_gazebo:/home/anish/ps1_ws/install/turtlebot3_fake_node:/home/anish/ps1_ws/install/turtlebot3:/home/anish/ps1_ws/install/turtlebot3_simulations:/home/anish/ps1_ws/install/turtlebot3_bringup:/home/anish/ps1_ws/install/turtlebot3_node:/home/anish/ps1_ws/install/turtlebot3_navigation2:/home/anish/ps1_ws/install/turtlebot3_description:/home/anish/ps1_ws/install/turtlebot3_cartographer:/home/anish/ps1_ws/install/turtlebot3_teleop:/home/anish/ps1_ws/install/turtlebot3_example:/opt/ros/humble /usr/bin/cmake --install /home/anish/ps1_ws/build/turtlebot3_simulations
