[0.030s] Invoking command in '/home/anish/ps1_ws/build/turtlebot3_node': CMAKE_PREFIX_PATH=${CMAKE_PREFIX_PATH}:/home/anish/ps1_ws/install/turtlebot3_teleop:/home/anish/ps1_ws/install/turtlebot3_example:/opt/ros/humble /usr/bin/cmake /home/anish/ps1_ws/src/turtlebot3/turtlebot3_node -DAMENT_CMAKE_SYMLINK_INSTALL=1 -DCMAKE_INSTALL_PREFIX=/home/anish/ps1_ws/install/turtlebot3_node
[0.189s] -- Found ament_cmake: 1.3.11 (/opt/ros/humble/share/ament_cmake/cmake)
[0.190s] -- Override CMake install command with custom implementation using symlinks instead of copying resources
[0.190s] -- Found dynamixel_sdk: 3.8.4 (/opt/ros/humble/share/dynamixel_sdk/cmake)
[0.190s] -- Found geometry_msgs: 4.9.0 (/opt/ros/humble/share/geometry_msgs/cmake)
[0.190s] -- Found rosidl_generator_c: 3.1.6 (/opt/ros/humble/share/rosidl_generator_c/cmake)
[0.190s] -- Found rosidl_adapter: 3.1.6 (/opt/ros/humble/share/rosidl_adapter/cmake)
[0.190s] -- Found rosidl_generator_cpp: 3.1.6 (/opt/ros/humble/share/rosidl_generator_cpp/cmake)
[0.190s] -- Using all available rosidl_typesupport_c: rosidl_typesupport_fastrtps_c;rosidl_typesupport_introspection_c
[0.190s] -- Using all available rosidl_typesupport_cpp: rosidl_typesupport_fastrtps_cpp;rosidl_typesupport_introspection_cpp
[0.190s] -- Found message_filters: 4.3.7 (/opt/ros/humble/share/message_filters/cmake)
[0.196s] -- Found rmw_implementation_cmake: 6.1.2 (/opt/ros/humble/share/rmw_implementation_cmake/cmake)
[0.197s] -- Found rmw_cyclonedds_cpp: 1.3.4 (/opt/ros/humble/share/rmw_cyclonedds_cpp/cmake)
[0.209s] -- Using RMW implementation 'rmw_cyclonedds_cpp' as default
[0.235s] -- Found nav_msgs: 4.9.0 (/opt/ros/humble/share/nav_msgs/cmake)
[0.246s] -- Found sensor_msgs: 4.9.0 (/opt/ros/humble/share/sensor_msgs/cmake)
[0.256s] -- Found std_srvs: 4.9.0 (/opt/ros/humble/share/std_srvs/cmake)
[0.261s] -- Found tf2: 0.25.13 (/opt/ros/humble/share/tf2/cmake)
[0.264s] -- Found tf2_ros: 0.25.13 (/opt/ros/humble/share/tf2_ros/cmake)
[0.312s] -- Found turtlebot3_msgs: 2.4.0 (/opt/ros/humble/share/turtlebot3_msgs/cmake)
[0.372s] -- Configuring done
[0.386s] -- Generating done
[0.390s] -- Build files have been written to: /home/anish/ps1_ws/build/turtlebot3_node
[0.403s] Invoked command in '/home/anish/ps1_ws/build/turtlebot3_node' returned '0': CMAKE_PREFIX_PATH=${CMAKE_PREFIX_PATH}:/home/anish/ps1_ws/install/turtlebot3_teleop:/home/anish/ps1_ws/install/turtlebot3_example:/opt/ros/humble /usr/bin/cmake /home/anish/ps1_ws/src/turtlebot3/turtlebot3_node -DAMENT_CMAKE_SYMLINK_INSTALL=1 -DCMAKE_INSTALL_PREFIX=/home/anish/ps1_ws/install/turtlebot3_node
[0.403s] Invoking command in '/home/anish/ps1_ws/build/turtlebot3_node': CMAKE_PREFIX_PATH=${CMAKE_PREFIX_PATH}:/home/anish/ps1_ws/install/turtlebot3_teleop:/home/anish/ps1_ws/install/turtlebot3_example:/opt/ros/humble /usr/bin/cmake --build /home/anish/ps1_ws/build/turtlebot3_node -- -j16 -l16
[0.440s] [35m[1mConsolidate compiler generated dependencies of target turtlebot3_node_lib[0m
[0.473s] [ 85%] Built target turtlebot3_node_lib
[0.483s] [35m[1mConsolidate compiler generated dependencies of target turtlebot3_ros[0m
[0.499s] [ 92%] [32m[1mLinking CXX executable turtlebot3_ros[0m
[1.928s] [100%] Built target turtlebot3_ros
[1.939s] Invoked command in '/home/anish/ps1_ws/build/turtlebot3_node' returned '0': CMAKE_PREFIX_PATH=${CMAKE_PREFIX_PATH}:/home/anish/ps1_ws/install/turtlebot3_teleop:/home/anish/ps1_ws/install/turtlebot3_example:/opt/ros/humble /usr/bin/cmake --build /home/anish/ps1_ws/build/turtlebot3_node -- -j16 -l16
[1.940s] Invoking command in '/home/anish/ps1_ws/build/turtlebot3_node': CMAKE_PREFIX_PATH=${CMAKE_PREFIX_PATH}:/home/anish/ps1_ws/install/turtlebot3_teleop:/home/anish/ps1_ws/install/turtlebot3_example:/opt/ros/humble /usr/bin/cmake --install /home/anish/ps1_ws/build/turtlebot3_node
[1.946s] -- Install configuration: ""
[1.947s] -- Execute custom install script
[1.947s] -- Symlinking: /home/anish/ps1_ws/install/turtlebot3_node/share/turtlebot3_node/param/burger.yaml
[1.954s] -- Symlinking: /home/anish/ps1_ws/install/turtlebot3_node/share/turtlebot3_node/param/waffle.yaml
[1.961s] -- Symlinking: /home/anish/ps1_ws/install/turtlebot3_node/share/turtlebot3_node/param/waffle_pi.yaml
[1.969s] -- Symlinking: /home/anish/ps1_ws/install/turtlebot3_node/lib/turtlebot3_node/turtlebot3_ros
[1.978s] -- Symlinking: /home/anish/ps1_ws/install/turtlebot3_node/share/ament_index/resource_index/package_run_dependencies/turtlebot3_node
[1.986s] -- Symlinking: /home/anish/ps1_ws/install/turtlebot3_node/share/ament_index/resource_index/parent_prefix_path/turtlebot3_node
[1.993s] -- Symlinking: /home/anish/ps1_ws/install/turtlebot3_node/share/turtlebot3_node/environment/ament_prefix_path.sh
[2.000s] -- Symlinking: /home/anish/ps1_ws/install/turtlebot3_node/share/turtlebot3_node/environment/ament_prefix_path.dsv
[2.013s] -- Symlinking: /home/anish/ps1_ws/install/turtlebot3_node/share/turtlebot3_node/environment/path.sh
[2.020s] -- Symlinking: /home/anish/ps1_ws/install/turtlebot3_node/share/turtlebot3_node/environment/path.dsv
[2.028s] -- Symlinking: /home/anish/ps1_ws/install/turtlebot3_node/share/turtlebot3_node/local_setup.bash
[2.036s] -- Symlinking: /home/anish/ps1_ws/install/turtlebot3_node/share/turtlebot3_node/local_setup.sh
[2.043s] -- Symlinking: /home/anish/ps1_ws/install/turtlebot3_node/share/turtlebot3_node/local_setup.zsh
[2.050s] -- Symlinking: /home/anish/ps1_ws/install/turtlebot3_node/share/turtlebot3_node/local_setup.dsv
[2.058s] -- Symlinking: /home/anish/ps1_ws/install/turtlebot3_node/share/turtlebot3_node/package.dsv
[2.065s] -- Symlinking: /home/anish/ps1_ws/install/turtlebot3_node/share/ament_index/resource_index/packages/turtlebot3_node
[2.072s] -- Symlinking: /home/anish/ps1_ws/install/turtlebot3_node/share/turtlebot3_node/cmake/ament_cmake_export_dependencies-extras.cmake
[2.080s] -- Symlinking: /home/anish/ps1_ws/install/turtlebot3_node/share/turtlebot3_node/cmake/ament_cmake_export_include_directories-extras.cmake
[2.087s] -- Symlinking: /home/anish/ps1_ws/install/turtlebot3_node/share/turtlebot3_node/cmake/turtlebot3_nodeConfig.cmake
[2.094s] -- Symlinking: /home/anish/ps1_ws/install/turtlebot3_node/share/turtlebot3_node/cmake/turtlebot3_nodeConfig-version.cmake
[2.101s] -- Symlinking: /home/anish/ps1_ws/install/turtlebot3_node/share/turtlebot3_node/package.xml
[2.113s] Invoked command in '/home/anish/ps1_ws/build/turtlebot3_node' returned '0': CMAKE_PREFIX_PATH=${CMAKE_PREFIX_PATH}:/home/anish/ps1_ws/install/turtlebot3_teleop:/home/anish/ps1_ws/install/turtlebot3_example:/opt/ros/humble /usr/bin/cmake --install /home/anish/ps1_ws/build/turtlebot3_node
