[0.033s] Invoking command in '/home/anish/ps1_ws/build/turtlebot3_description': CMAKE_PREFIX_PATH=/home/anish/ps1_ws/install/my_world_launcher:/opt/ros/humble /usr/bin/cmake /home/anish/ps1_ws/src/turtlebot3/turtlebot3_description -DCMAKE_INSTALL_PREFIX=/home/anish/ps1_ws/install/turtlebot3_description
[0.243s] -- The C compiler identification is GNU 11.4.0
[0.243s] -- The CXX compiler identification is GNU 11.4.0
[0.243s] -- Detecting C compiler ABI info
[0.289s] -- Detecting C compiler ABI info - done
[0.294s] -- Check for working C compiler: /usr/bin/cc - skipped
[0.294s] -- Detecting C compile features
[0.295s] -- Detecting C compile features - done
[0.297s] -- Detecting CXX compiler ABI info
[0.364s] -- Detecting CXX compiler ABI info - done
[0.369s] -- Check for working CXX compiler: /usr/bin/c++ - skipped
[0.369s] -- Detecting CXX compile features
[0.370s] -- Detecting CXX compile features - done
[0.372s] -- Found ament_cmake: 1.3.11 (/opt/ros/humble/share/ament_cmake/cmake)
[0.494s] -- Found Python3: /usr/bin/python3 (found version "3.10.12") found components: Interpreter 
[0.568s] -- Found urdf: 2.6.1 (/opt/ros/humble/share/urdf/cmake)
[0.667s] -- Configuring done
[0.670s] -- Generating done
[0.674s] -- Build files have been written to: /home/anish/ps1_ws/build/turtlebot3_description
[0.679s] Invoked command in '/home/anish/ps1_ws/build/turtlebot3_description' returned '0': CMAKE_PREFIX_PATH=/home/anish/ps1_ws/install/my_world_launcher:/opt/ros/humble /usr/bin/cmake /home/anish/ps1_ws/src/turtlebot3/turtlebot3_description -DCMAKE_INSTALL_PREFIX=/home/anish/ps1_ws/install/turtlebot3_description
[0.681s] Invoking command in '/home/anish/ps1_ws/build/turtlebot3_description': CMAKE_PREFIX_PATH=/home/anish/ps1_ws/install/my_world_launcher:/opt/ros/humble /usr/bin/cmake --build /home/anish/ps1_ws/build/turtlebot3_description -- -j16 -l16
[0.716s] Invoked command in '/home/anish/ps1_ws/build/turtlebot3_description' returned '0': CMAKE_PREFIX_PATH=/home/anish/ps1_ws/install/my_world_launcher:/opt/ros/humble /usr/bin/cmake --build /home/anish/ps1_ws/build/turtlebot3_description -- -j16 -l16
[0.718s] Invoking command in '/home/anish/ps1_ws/build/turtlebot3_description': CMAKE_PREFIX_PATH=/home/anish/ps1_ws/install/my_world_launcher:/opt/ros/humble /usr/bin/cmake --install /home/anish/ps1_ws/build/turtlebot3_description
[0.724s] -- Install configuration: ""
[0.724s] -- Installing: /home/anish/ps1_ws/install/turtlebot3_description/share/turtlebot3_description/meshes
[0.725s] -- Installing: /home/anish/ps1_ws/install/turtlebot3_description/share/turtlebot3_description/meshes/sensors
[0.725s] -- Installing: /home/anish/ps1_ws/install/turtlebot3_description/share/turtlebot3_description/meshes/sensors/r200.jpg
[0.725s] -- Installing: /home/anish/ps1_ws/install/turtlebot3_description/share/turtlebot3_description/meshes/sensors/astra.jpg
[0.725s] -- Installing: /home/anish/ps1_ws/install/turtlebot3_description/share/turtlebot3_description/meshes/sensors/r200.dae
[0.726s] -- Installing: /home/anish/ps1_ws/install/turtlebot3_description/share/turtlebot3_description/meshes/sensors/astra.dae
[0.738s] -- Installing: /home/anish/ps1_ws/install/turtlebot3_description/share/turtlebot3_description/meshes/sensors/lds.stl
[0.739s] -- Installing: /home/anish/ps1_ws/install/turtlebot3_description/share/turtlebot3_description/meshes/bases
[0.739s] -- Installing: /home/anish/ps1_ws/install/turtlebot3_description/share/turtlebot3_description/meshes/bases/burger_base.stl
[0.747s] -- Installing: /home/anish/ps1_ws/install/turtlebot3_description/share/turtlebot3_description/meshes/bases/waffle_base.stl
[0.771s] -- Installing: /home/anish/ps1_ws/install/turtlebot3_description/share/turtlebot3_description/meshes/bases/waffle_pi_base.stl
[0.782s] -- Installing: /home/anish/ps1_ws/install/turtlebot3_description/share/turtlebot3_description/meshes/wheels
[0.782s] -- Installing: /home/anish/ps1_ws/install/turtlebot3_description/share/turtlebot3_description/meshes/wheels/right_tire.stl
[0.784s] -- Installing: /home/anish/ps1_ws/install/turtlebot3_description/share/turtlebot3_description/meshes/wheels/left_tire.stl
[0.785s] -- Installing: /home/anish/ps1_ws/install/turtlebot3_description/share/turtlebot3_description/rviz
[0.785s] -- Installing: /home/anish/ps1_ws/install/turtlebot3_description/share/turtlebot3_description/rviz/model.rviz
[0.786s] -- Installing: /home/anish/ps1_ws/install/turtlebot3_description/share/turtlebot3_description/urdf
[0.786s] -- Installing: /home/anish/ps1_ws/install/turtlebot3_description/share/turtlebot3_description/urdf/common_properties.urdf
[0.786s] -- Installing: /home/anish/ps1_ws/install/turtlebot3_description/share/turtlebot3_description/urdf/turtlebot3_burger.urdf
[0.786s] -- Installing: /home/anish/ps1_ws/install/turtlebot3_description/share/turtlebot3_description/urdf/turtlebot3_waffle.urdf
[0.786s] -- Installing: /home/anish/ps1_ws/install/turtlebot3_description/share/turtlebot3_description/urdf/turtlebot3_waffle_pi.urdf
[0.787s] -- Installing: /home/anish/ps1_ws/install/turtlebot3_description/share/ament_index/resource_index/package_run_dependencies/turtlebot3_description
[0.787s] -- Installing: /home/anish/ps1_ws/install/turtlebot3_description/share/ament_index/resource_index/parent_prefix_path/turtlebot3_description
[0.787s] -- Installing: /home/anish/ps1_ws/install/turtlebot3_description/share/turtlebot3_description/environment/ament_prefix_path.sh
[0.787s] -- Installing: /home/anish/ps1_ws/install/turtlebot3_description/share/turtlebot3_description/environment/ament_prefix_path.dsv
[0.787s] -- Installing: /home/anish/ps1_ws/install/turtlebot3_description/share/turtlebot3_description/environment/path.sh
[0.787s] -- Installing: /home/anish/ps1_ws/install/turtlebot3_description/share/turtlebot3_description/environment/path.dsv
[0.787s] -- Installing: /home/anish/ps1_ws/install/turtlebot3_description/share/turtlebot3_description/local_setup.bash
[0.788s] -- Installing: /home/anish/ps1_ws/install/turtlebot3_description/share/turtlebot3_description/local_setup.sh
[0.788s] -- Installing: /home/anish/ps1_ws/install/turtlebot3_description/share/turtlebot3_description/local_setup.zsh
[0.788s] -- Installing: /home/anish/ps1_ws/install/turtlebot3_description/share/turtlebot3_description/local_setup.dsv
[0.788s] -- Installing: /home/anish/ps1_ws/install/turtlebot3_description/share/turtlebot3_description/package.dsv
[0.788s] -- Installing: /home/anish/ps1_ws/install/turtlebot3_description/share/ament_index/resource_index/packages/turtlebot3_description
[0.788s] -- Installing: /home/anish/ps1_ws/install/turtlebot3_description/share/turtlebot3_description/cmake/turtlebot3_descriptionConfig.cmake
[0.788s] -- Installing: /home/anish/ps1_ws/install/turtlebot3_description/share/turtlebot3_description/cmake/turtlebot3_descriptionConfig-version.cmake
[0.788s] -- Installing: /home/anish/ps1_ws/install/turtlebot3_description/share/turtlebot3_description/package.xml
[0.791s] Invoked command in '/home/anish/ps1_ws/build/turtlebot3_description' returned '0': CMAKE_PREFIX_PATH=/home/anish/ps1_ws/install/my_world_launcher:/opt/ros/humble /usr/bin/cmake --install /home/anish/ps1_ws/build/turtlebot3_description
