[0.020s] Invoking command in '/home/anish/ps1_ws/build/turtlebot3_cartographer': CMAKE_PREFIX_PATH=/opt/ros/humble /usr/bin/cmake /home/anish/ps1_ws/src/turtlebot3/turtlebot3_cartographer -DCMAKE_INSTALL_PREFIX=/home/anish/ps1_ws/install/turtlebot3_cartographer
[0.179s] -- Found ament_cmake: 1.3.11 (/opt/ros/humble/share/ament_cmake/cmake)
[0.180s] -- Override CMake install command with custom implementation using symlinks instead of copying resources
[0.180s] -- Configuring done
[0.180s] -- Generating done
[0.180s] -- Build files have been written to: /home/anish/ps1_ws/build/turtlebot3_cartographer
[0.335s] Invoked command in '/home/anish/ps1_ws/build/turtlebot3_cartographer' returned '0': CMAKE_PREFIX_PATH=/opt/ros/humble /usr/bin/cmake /home/anish/ps1_ws/src/turtlebot3/turtlebot3_cartographer -DCMAKE_INSTALL_PREFIX=/home/anish/ps1_ws/install/turtlebot3_cartographer
[0.337s] Invoking command in '/home/anish/ps1_ws/build/turtlebot3_cartographer': CMAKE_PREFIX_PATH=/opt/ros/humble /usr/bin/cmake --build /home/anish/ps1_ws/build/turtlebot3_cartographer -- -j16 -l16
[0.370s] Invoked command in '/home/anish/ps1_ws/build/turtlebot3_cartographer' returned '0': CMAKE_PREFIX_PATH=/opt/ros/humble /usr/bin/cmake --build /home/anish/ps1_ws/build/turtlebot3_cartographer -- -j16 -l16
[0.379s] Invoking command in '/home/anish/ps1_ws/build/turtlebot3_cartographer': CMAKE_PREFIX_PATH=/opt/ros/humble /usr/bin/cmake --install /home/anish/ps1_ws/build/turtlebot3_cartographer
[0.387s] -- Install configuration: ""
[0.387s] -- Execute custom install script
[0.387s] -- Up-to-date symlink: /home/anish/ps1_ws/install/turtlebot3_cartographer/share/turtlebot3_cartographer/config/turtlebot3_lds_2d.lua
[0.388s] -- Up-to-date symlink: /home/anish/ps1_ws/install/turtlebot3_cartographer/share/turtlebot3_cartographer/launch/cartographer.launch.py
[0.388s] -- Up-to-date symlink: /home/anish/ps1_ws/install/turtlebot3_cartographer/share/turtlebot3_cartographer/launch/occupancy_grid.launch.py
[0.388s] -- Up-to-date symlink: /home/anish/ps1_ws/install/turtlebot3_cartographer/share/turtlebot3_cartographer/rviz/tb3_cartographer.rviz
[0.388s] -- Up-to-date symlink: /home/anish/ps1_ws/install/turtlebot3_cartographer/share/ament_index/resource_index/package_run_dependencies/turtlebot3_cartographer
[0.388s] -- Up-to-date symlink: /home/anish/ps1_ws/install/turtlebot3_cartographer/share/ament_index/resource_index/parent_prefix_path/turtlebot3_cartographer
[0.388s] -- Up-to-date symlink: /home/anish/ps1_ws/install/turtlebot3_cartographer/share/turtlebot3_cartographer/environment/ament_prefix_path.sh
[0.388s] -- Up-to-date symlink: /home/anish/ps1_ws/install/turtlebot3_cartographer/share/turtlebot3_cartographer/environment/ament_prefix_path.dsv
[0.388s] -- Up-to-date symlink: /home/anish/ps1_ws/install/turtlebot3_cartographer/share/turtlebot3_cartographer/environment/path.sh
[0.389s] -- Up-to-date symlink: /home/anish/ps1_ws/install/turtlebot3_cartographer/share/turtlebot3_cartographer/environment/path.dsv
[0.389s] -- Up-to-date symlink: /home/anish/ps1_ws/install/turtlebot3_cartographer/share/turtlebot3_cartographer/local_setup.bash
[0.389s] -- Up-to-date symlink: /home/anish/ps1_ws/install/turtlebot3_cartographer/share/turtlebot3_cartographer/local_setup.sh
[0.389s] -- Up-to-date symlink: /home/anish/ps1_ws/install/turtlebot3_cartographer/share/turtlebot3_cartographer/local_setup.zsh
[0.389s] -- Up-to-date symlink: /home/anish/ps1_ws/install/turtlebot3_cartographer/share/turtlebot3_cartographer/local_setup.dsv
[0.389s] -- Symlinking: /home/anish/ps1_ws/install/turtlebot3_cartographer/share/turtlebot3_cartographer/package.dsv
[0.399s] -- Up-to-date symlink: /home/anish/ps1_ws/install/turtlebot3_cartographer/share/ament_index/resource_index/packages/turtlebot3_cartographer
[0.399s] -- Up-to-date symlink: /home/anish/ps1_ws/install/turtlebot3_cartographer/share/turtlebot3_cartographer/cmake/turtlebot3_cartographerConfig.cmake
[0.399s] -- Up-to-date symlink: /home/anish/ps1_ws/install/turtlebot3_cartographer/share/turtlebot3_cartographer/cmake/turtlebot3_cartographerConfig-version.cmake
[0.399s] -- Up-to-date symlink: /home/anish/ps1_ws/install/turtlebot3_cartographer/share/turtlebot3_cartographer/package.xml
[0.402s] Invoked command in '/home/anish/ps1_ws/build/turtlebot3_cartographer' returned '0': CMAKE_PREFIX_PATH=/opt/ros/humble /usr/bin/cmake --install /home/anish/ps1_ws/build/turtlebot3_cartographer
