[0.577s] Invoking command in '/home/anish/ps1_ws/build/turtlebot3_example': PYTHONPATH=/home/anish/ps1_ws/build/turtlebot3_example/prefix_override:/usr/lib/python3/dist-packages/colcon_core/task/python/colcon_distutils_commands:/home/anish/ps1_ws/install/turtlebot3_example/lib/python3.10/site-packages:${PYTHONPATH} /usr/bin/python3 -W ignore:setup.py install is deprecated -W ignore:easy_install command is deprecated setup.py develop --uninstall --editable --build-directory /home/anish/ps1_ws/build/turtlebot3_example/build
[0.728s] running develop
[0.809s] Removing /home/anish/ps1_ws/install/turtlebot3_example/lib/python3.10/site-packages/turtlebot3-example.egg-link (link to .)
[0.835s] Invoked command in '/home/anish/ps1_ws/build/turtlebot3_example' returned '0': PYTHONPATH=/home/anish/ps1_ws/build/turtlebot3_example/prefix_override:/usr/lib/python3/dist-packages/colcon_core/task/python/colcon_distutils_commands:/home/anish/ps1_ws/install/turtlebot3_example/lib/python3.10/site-packages:${PYTHONPATH} /usr/bin/python3 -W ignore:setup.py install is deprecated -W ignore:easy_install command is deprecated setup.py develop --uninstall --editable --build-directory /home/anish/ps1_ws/build/turtlebot3_example/build
[0.836s] Invoking command in '/home/anish/ps1_ws/src/turtlebot3/turtlebot3_example': PYTHONPATH=/home/anish/ps1_ws/build/turtlebot3_example/prefix_override:/usr/lib/python3/dist-packages/colcon_core/task/python/colcon_distutils_commands:/home/anish/ps1_ws/install/turtlebot3_example/lib/python3.10/site-packages:${PYTHONPATH} /usr/bin/python3 -W ignore:setup.py install is deprecated -W ignore:easy_install command is deprecated setup.py egg_info --egg-base ../../../build/turtlebot3_example build --build-base /home/anish/ps1_ws/build/turtlebot3_example/build install --record /home/anish/ps1_ws/build/turtlebot3_example/install.log --single-version-externally-managed install_data --force
[0.968s] running egg_info
[0.968s] writing ../../../build/turtlebot3_example/turtlebot3_example.egg-info/PKG-INFO
[0.968s] writing dependency_links to ../../../build/turtlebot3_example/turtlebot3_example.egg-info/dependency_links.txt
[0.969s] writing entry points to ../../../build/turtlebot3_example/turtlebot3_example.egg-info/entry_points.txt
[0.969s] writing requirements to ../../../build/turtlebot3_example/turtlebot3_example.egg-info/requires.txt
[0.969s] writing top-level names to ../../../build/turtlebot3_example/turtlebot3_example.egg-info/top_level.txt
[0.970s] reading manifest file '../../../build/turtlebot3_example/turtlebot3_example.egg-info/SOURCES.txt'
[0.971s] writing manifest file '../../../build/turtlebot3_example/turtlebot3_example.egg-info/SOURCES.txt'
[0.971s] running build
[0.971s] running build_py
[0.971s] running install
[0.972s] running install_lib
[0.972s] creating /home/anish/ps1_ws/install/turtlebot3_example/lib/python3.10/site-packages/turtlebot3_example
[0.972s] creating /home/anish/ps1_ws/install/turtlebot3_example/lib/python3.10/site-packages/turtlebot3_example/turtlebot3_relative_move
[0.972s] copying /home/anish/ps1_ws/build/turtlebot3_example/build/lib/turtlebot3_example/turtlebot3_relative_move/__init__.py -> /home/anish/ps1_ws/install/turtlebot3_example/lib/python3.10/site-packages/turtlebot3_example/turtlebot3_relative_move
[0.972s] copying /home/anish/ps1_ws/build/turtlebot3_example/build/lib/turtlebot3_example/turtlebot3_relative_move/turtlebot3_relative_move.py -> /home/anish/ps1_ws/install/turtlebot3_example/lib/python3.10/site-packages/turtlebot3_example/turtlebot3_relative_move
[0.972s] copying /home/anish/ps1_ws/build/turtlebot3_example/build/lib/turtlebot3_example/__init__.py -> /home/anish/ps1_ws/install/turtlebot3_example/lib/python3.10/site-packages/turtlebot3_example
[0.972s] creating /home/anish/ps1_ws/install/turtlebot3_example/lib/python3.10/site-packages/turtlebot3_example/turtlebot3_patrol
[0.972s] copying /home/anish/ps1_ws/build/turtlebot3_example/build/lib/turtlebot3_example/turtlebot3_patrol/__init__.py -> /home/anish/ps1_ws/install/turtlebot3_example/lib/python3.10/site-packages/turtlebot3_example/turtlebot3_patrol
[0.972s] copying /home/anish/ps1_ws/build/turtlebot3_example/build/lib/turtlebot3_example/turtlebot3_patrol/turtlebot3_patrol_server.py -> /home/anish/ps1_ws/install/turtlebot3_example/lib/python3.10/site-packages/turtlebot3_example/turtlebot3_patrol
[0.972s] copying /home/anish/ps1_ws/build/turtlebot3_example/build/lib/turtlebot3_example/turtlebot3_patrol/turtlebot3_patrol_client.py -> /home/anish/ps1_ws/install/turtlebot3_example/lib/python3.10/site-packages/turtlebot3_example/turtlebot3_patrol
[0.972s] creating /home/anish/ps1_ws/install/turtlebot3_example/lib/python3.10/site-packages/turtlebot3_example/turtlebot3_absolute_move
[0.973s] copying /home/anish/ps1_ws/build/turtlebot3_example/build/lib/turtlebot3_example/turtlebot3_absolute_move/__init__.py -> /home/anish/ps1_ws/install/turtlebot3_example/lib/python3.10/site-packages/turtlebot3_example/turtlebot3_absolute_move
[0.973s] copying /home/anish/ps1_ws/build/turtlebot3_example/build/lib/turtlebot3_example/turtlebot3_absolute_move/turtlebot3_absolute_move.py -> /home/anish/ps1_ws/install/turtlebot3_example/lib/python3.10/site-packages/turtlebot3_example/turtlebot3_absolute_move
[0.973s] creating /home/anish/ps1_ws/install/turtlebot3_example/lib/python3.10/site-packages/turtlebot3_example/turtlebot3_interactive_marker
[0.973s] copying /home/anish/ps1_ws/build/turtlebot3_example/build/lib/turtlebot3_example/turtlebot3_interactive_marker/turtlebot3_interactive_marker.py -> /home/anish/ps1_ws/install/turtlebot3_example/lib/python3.10/site-packages/turtlebot3_example/turtlebot3_interactive_marker
[0.973s] copying /home/anish/ps1_ws/build/turtlebot3_example/build/lib/turtlebot3_example/turtlebot3_interactive_marker/__init__.py -> /home/anish/ps1_ws/install/turtlebot3_example/lib/python3.10/site-packages/turtlebot3_example/turtlebot3_interactive_marker
[0.973s] creating /home/anish/ps1_ws/install/turtlebot3_example/lib/python3.10/site-packages/turtlebot3_example/turtlebot3_obstacle_detection
[0.973s] copying /home/anish/ps1_ws/build/turtlebot3_example/build/lib/turtlebot3_example/turtlebot3_obstacle_detection/turtlebot3_obstacle_detection.py -> /home/anish/ps1_ws/install/turtlebot3_example/lib/python3.10/site-packages/turtlebot3_example/turtlebot3_obstacle_detection
[0.973s] copying /home/anish/ps1_ws/build/turtlebot3_example/build/lib/turtlebot3_example/turtlebot3_obstacle_detection/__init__.py -> /home/anish/ps1_ws/install/turtlebot3_example/lib/python3.10/site-packages/turtlebot3_example/turtlebot3_obstacle_detection
[0.973s] byte-compiling /home/anish/ps1_ws/install/turtlebot3_example/lib/python3.10/site-packages/turtlebot3_example/turtlebot3_relative_move/__init__.py to __init__.cpython-310.pyc
[0.973s] byte-compiling /home/anish/ps1_ws/install/turtlebot3_example/lib/python3.10/site-packages/turtlebot3_example/turtlebot3_relative_move/turtlebot3_relative_move.py to turtlebot3_relative_move.cpython-310.pyc
[0.974s] byte-compiling /home/anish/ps1_ws/install/turtlebot3_example/lib/python3.10/site-packages/turtlebot3_example/__init__.py to __init__.cpython-310.pyc
[0.974s] byte-compiling /home/anish/ps1_ws/install/turtlebot3_example/lib/python3.10/site-packages/turtlebot3_example/turtlebot3_patrol/__init__.py to __init__.cpython-310.pyc
[0.974s] byte-compiling /home/anish/ps1_ws/install/turtlebot3_example/lib/python3.10/site-packages/turtlebot3_example/turtlebot3_patrol/turtlebot3_patrol_server.py to turtlebot3_patrol_server.cpython-310.pyc
[0.975s] byte-compiling /home/anish/ps1_ws/install/turtlebot3_example/lib/python3.10/site-packages/turtlebot3_example/turtlebot3_patrol/turtlebot3_patrol_client.py to turtlebot3_patrol_client.cpython-310.pyc
[0.975s] byte-compiling /home/anish/ps1_ws/install/turtlebot3_example/lib/python3.10/site-packages/turtlebot3_example/turtlebot3_absolute_move/__init__.py to __init__.cpython-310.pyc
[0.976s] byte-compiling /home/anish/ps1_ws/install/turtlebot3_example/lib/python3.10/site-packages/turtlebot3_example/turtlebot3_absolute_move/turtlebot3_absolute_move.py to turtlebot3_absolute_move.cpython-310.pyc
[0.976s] byte-compiling /home/anish/ps1_ws/install/turtlebot3_example/lib/python3.10/site-packages/turtlebot3_example/turtlebot3_interactive_marker/turtlebot3_interactive_marker.py to turtlebot3_interactive_marker.cpython-310.pyc
[0.977s] byte-compiling /home/anish/ps1_ws/install/turtlebot3_example/lib/python3.10/site-packages/turtlebot3_example/turtlebot3_interactive_marker/__init__.py to __init__.cpython-310.pyc
[0.977s] byte-compiling /home/anish/ps1_ws/install/turtlebot3_example/lib/python3.10/site-packages/turtlebot3_example/turtlebot3_obstacle_detection/turtlebot3_obstacle_detection.py to turtlebot3_obstacle_detection.cpython-310.pyc
[0.977s] byte-compiling /home/anish/ps1_ws/install/turtlebot3_example/lib/python3.10/site-packages/turtlebot3_example/turtlebot3_obstacle_detection/__init__.py to __init__.cpython-310.pyc
[0.977s] running install_data
[0.977s] copying resource/turtlebot3_example -> /home/anish/ps1_ws/install/turtlebot3_example/share/ament_index/resource_index/packages
[0.977s] copying package.xml -> /home/anish/ps1_ws/install/turtlebot3_example/share/turtlebot3_example
[0.977s] running install_egg_info
[0.979s] Copying ../../../build/turtlebot3_example/turtlebot3_example.egg-info to /home/anish/ps1_ws/install/turtlebot3_example/lib/python3.10/site-packages/turtlebot3_example-2.3.1-py3.10.egg-info
[0.979s] running install_scripts
[0.992s] Installing turtlebot3_absolute_move script to /home/anish/ps1_ws/install/turtlebot3_example/lib/turtlebot3_example
[0.993s] Installing turtlebot3_interactive_marker script to /home/anish/ps1_ws/install/turtlebot3_example/lib/turtlebot3_example
[0.993s] Installing turtlebot3_obstacle_detection script to /home/anish/ps1_ws/install/turtlebot3_example/lib/turtlebot3_example
[0.993s] Installing turtlebot3_patrol_client script to /home/anish/ps1_ws/install/turtlebot3_example/lib/turtlebot3_example
[0.993s] Installing turtlebot3_patrol_server script to /home/anish/ps1_ws/install/turtlebot3_example/lib/turtlebot3_example
[0.993s] Installing turtlebot3_relative_move script to /home/anish/ps1_ws/install/turtlebot3_example/lib/turtlebot3_example
[0.993s] writing list of installed files to '/home/anish/ps1_ws/build/turtlebot3_example/install.log'
[1.017s] Invoked command in '/home/anish/ps1_ws/src/turtlebot3/turtlebot3_example' returned '0': PYTHONPATH=/home/anish/ps1_ws/build/turtlebot3_example/prefix_override:/usr/lib/python3/dist-packages/colcon_core/task/python/colcon_distutils_commands:/home/anish/ps1_ws/install/turtlebot3_example/lib/python3.10/site-packages:${PYTHONPATH} /usr/bin/python3 -W ignore:setup.py install is deprecated -W ignore:easy_install command is deprecated setup.py egg_info --egg-base ../../../build/turtlebot3_example build --build-base /home/anish/ps1_ws/build/turtlebot3_example/build install --record /home/anish/ps1_ws/build/turtlebot3_example/install.log --single-version-externally-managed install_data --force
