[0.007s] Invoking command in '/home/anish/ps1_ws/build/turtlebot3_simulations': CMAKE_PREFIX_PATH=/home/anish/ps1_ws/install/turtlebot3_gazebo:/home/anish/ps1_ws/install/turtlebot3_fake_node:/home/anish/ps1_ws/install/turtlebot3:/home/anish/ps1_ws/install/turtlebot3_simulations:/home/anish/ps1_ws/install/turtlebot3_bringup:/home/anish/ps1_ws/install/turtlebot3_node:/home/anish/ps1_ws/install/turtlebot3_navigation2:/home/anish/ps1_ws/install/turtlebot3_description:/home/anish/ps1_ws/install/turtlebot3_cartographer:/home/anish/ps1_ws/install/turtlebot3_teleop:/home/anish/ps1_ws/install/turtlebot3_example:/opt/ros/humble /usr/bin/cmake /home/anish/ps1_ws/src/turtlebot3_simulations/turtlebot3_simulations -DAMENT_CMAKE_SYMLINK_INSTALL=1 -DCMAKE_INSTALL_PREFIX=/home/anish/ps1_ws/install/turtlebot3_simulations
[0.017s] -- Found ament_cmake: 1.3.11 (/opt/ros/humble/share/ament_cmake/cmake)
[0.097s] -- Override CMake install command with custom implementation using symlinks instead of copying resources
[0.147s] -- Configuring done
[0.149s] -- Generating done
[0.150s] -- Build files have been written to: /home/anish/ps1_ws/build/turtlebot3_simulations
[0.155s] Invoked command in '/home/anish/ps1_ws/build/turtlebot3_simulations' returned '0': CMAKE_PREFIX_PATH=/home/anish/ps1_ws/install/turtlebot3_gazebo:/home/anish/ps1_ws/install/turtlebot3_fake_node:/home/anish/ps1_ws/install/turtlebot3:/home/anish/ps1_ws/install/turtlebot3_simulations:/home/anish/ps1_ws/install/turtlebot3_bringup:/home/anish/ps1_ws/install/turtlebot3_node:/home/anish/ps1_ws/install/turtlebot3_navigation2:/home/anish/ps1_ws/install/turtlebot3_description:/home/anish/ps1_ws/install/turtlebot3_cartographer:/home/anish/ps1_ws/install/turtlebot3_teleop:/home/anish/ps1_ws/install/turtlebot3_example:/opt/ros/humble /usr/bin/cmake /home/anish/ps1_ws/src/turtlebot3_simulations/turtlebot3_simulations -DAMENT_CMAKE_SYMLINK_INSTALL=1 -DCMAKE_INSTALL_PREFIX=/home/anish/ps1_ws/install/turtlebot3_simulations
[0.156s] Invoking command in '/home/anish/ps1_ws/build/turtlebot3_simulations': CMAKE_PREFIX_PATH=/home/anish/ps1_ws/install/turtlebot3_gazebo:/home/anish/ps1_ws/install/turtlebot3_fake_node:/home/anish/ps1_ws/install/turtlebot3:/home/anish/ps1_ws/install/turtlebot3_simulations:/home/anish/ps1_ws/install/turtlebot3_bringup:/home/anish/ps1_ws/install/turtlebot3_node:/home/anish/ps1_ws/install/turtlebot3_navigation2:/home/anish/ps1_ws/install/turtlebot3_description:/home/anish/ps1_ws/install/turtlebot3_cartographer:/home/anish/ps1_ws/install/turtlebot3_teleop:/home/anish/ps1_ws/install/turtlebot3_example:/opt/ros/humble /usr/bin/cmake --build /home/anish/ps1_ws/build/turtlebot3_simulations -- -j16 -l16
[0.188s] Invoked command in '/home/anish/ps1_ws/build/turtlebot3_simulations' returned '0': CMAKE_PREFIX_PATH=/home/anish/ps1_ws/install/turtlebot3_gazebo:/home/anish/ps1_ws/install/turtlebot3_fake_node:/home/anish/ps1_ws/install/turtlebot3:/home/anish/ps1_ws/install/turtlebot3_simulations:/home/anish/ps1_ws/install/turtlebot3_bringup:/home/anish/ps1_ws/install/turtlebot3_node:/home/anish/ps1_ws/install/turtlebot3_navigation2:/home/anish/ps1_ws/install/turtlebot3_description:/home/anish/ps1_ws/install/turtlebot3_cartographer:/home/anish/ps1_ws/install/turtlebot3_teleop:/home/anish/ps1_ws/install/turtlebot3_example:/opt/ros/humble /usr/bin/cmake --build /home/anish/ps1_ws/build/turtlebot3_simulations -- -j16 -l16
[0.190s] Invoking command in '/home/anish/ps1_ws/build/turtlebot3_simulations': CMAKE_PREFIX_PATH=/home/anish/ps1_ws/install/turtlebot3_gazebo:/home/anish/ps1_ws/install/turtlebot3_fake_node:/home/anish/ps1_ws/install/turtlebot3:/home/anish/ps1_ws/install/turtlebot3_simulations:/home/anish/ps1_ws/install/turtlebot3_bringup:/home/anish/ps1_ws/install/turtlebot3_node:/home/anish/ps1_ws/install/turtlebot3_navigation2:/home/anish/ps1_ws/install/turtlebot3_description:/home/anish/ps1_ws/install/turtlebot3_cartographer:/home/anish/ps1_ws/install/turtlebot3_teleop:/home/anish/ps1_ws/install/turtlebot3_example:/opt/ros/humble /usr/bin/cmake --install /home/anish/ps1_ws/build/turtlebot3_simulations
[0.195s] -- Install configuration: ""
[0.195s] -- Execute custom install script
[0.195s] -- Symlinking: /home/anish/ps1_ws/install/turtlebot3_simulations/share/ament_index/resource_index/package_run_dependencies/turtlebot3_simulations
[0.202s] -- Symlinking: /home/anish/ps1_ws/install/turtlebot3_simulations/share/ament_index/resource_index/parent_prefix_path/turtlebot3_simulations
[0.211s] -- Symlinking: /home/anish/ps1_ws/install/turtlebot3_simulations/share/turtlebot3_simulations/environment/ament_prefix_path.sh
[0.219s] -- Symlinking: /home/anish/ps1_ws/install/turtlebot3_simulations/share/turtlebot3_simulations/environment/ament_prefix_path.dsv
[0.228s] -- Symlinking: /home/anish/ps1_ws/install/turtlebot3_simulations/share/turtlebot3_simulations/environment/path.sh
[0.237s] -- Symlinking: /home/anish/ps1_ws/install/turtlebot3_simulations/share/turtlebot3_simulations/environment/path.dsv
[0.245s] -- Symlinking: /home/anish/ps1_ws/install/turtlebot3_simulations/share/turtlebot3_simulations/local_setup.bash
[0.253s] -- Symlinking: /home/anish/ps1_ws/install/turtlebot3_simulations/share/turtlebot3_simulations/local_setup.sh
[0.260s] -- Symlinking: /home/anish/ps1_ws/install/turtlebot3_simulations/share/turtlebot3_simulations/local_setup.zsh
[0.267s] -- Symlinking: /home/anish/ps1_ws/install/turtlebot3_simulations/share/turtlebot3_simulations/local_setup.dsv
[0.274s] -- Symlinking: /home/anish/ps1_ws/install/turtlebot3_simulations/share/turtlebot3_simulations/package.dsv
[0.281s] -- Symlinking: /home/anish/ps1_ws/install/turtlebot3_simulations/share/ament_index/resource_index/packages/turtlebot3_simulations
[0.288s] -- Symlinking: /home/anish/ps1_ws/install/turtlebot3_simulations/share/turtlebot3_simulations/cmake/turtlebot3_simulationsConfig.cmake
[0.296s] -- Symlinking: /home/anish/ps1_ws/install/turtlebot3_simulations/share/turtlebot3_simulations/cmake/turtlebot3_simulationsConfig-version.cmake
[0.303s] -- Symlinking: /home/anish/ps1_ws/install/turtlebot3_simulations/share/turtlebot3_simulations/package.xml
[0.314s] Invoked command in '/home/anish/ps1_ws/build/turtlebot3_simulations' returned '0': CMAKE_PREFIX_PATH=/home/anish/ps1_ws/install/turtlebot3_gazebo:/home/anish/ps1_ws/install/turtlebot3_fake_node:/home/anish/ps1_ws/install/turtlebot3:/home/anish/ps1_ws/install/turtlebot3_simulations:/home/anish/ps1_ws/install/turtlebot3_bringup:/home/anish/ps1_ws/install/turtlebot3_node:/home/anish/ps1_ws/install/turtlebot3_navigation2:/home/anish/ps1_ws/install/turtlebot3_description:/home/anish/ps1_ws/install/turtlebot3_cartographer:/home/anish/ps1_ws/install/turtlebot3_teleop:/home/anish/ps1_ws/install/turtlebot3_example:/opt/ros/humble /usr/bin/cmake --install /home/anish/ps1_ws/build/turtlebot3_simulations
