[0.181s] Invoking command in '/home/anish/ps1_ws/build/turtlebot3_fake_node': CMAKE_PREFIX_PATH=${CMAKE_PREFIX_PATH}:/home/anish/ps1_ws/install/turtlebot3_teleop:/home/anish/ps1_ws/install/turtlebot3_example:/opt/ros/humble /usr/bin/cmake --build /home/anish/ps1_ws/build/turtlebot3_fake_node -- -j16 -l16
[0.226s] [100%] Built target turtlebot3_fake_node
[0.363s] Invoked command in '/home/anish/ps1_ws/build/turtlebot3_fake_node' returned '0': CMAKE_PREFIX_PATH=${CMAKE_PREFIX_PATH}:/home/anish/ps1_ws/install/turtlebot3_teleop:/home/anish/ps1_ws/install/turtlebot3_example:/opt/ros/humble /usr/bin/cmake --build /home/anish/ps1_ws/build/turtlebot3_fake_node -- -j16 -l16
[0.366s] Invoking command in '/home/anish/ps1_ws/build/turtlebot3_fake_node': CMAKE_PREFIX_PATH=${CMAKE_PREFIX_PATH}:/home/anish/ps1_ws/install/turtlebot3_teleop:/home/anish/ps1_ws/install/turtlebot3_example:/opt/ros/humble /usr/bin/cmake --install /home/anish/ps1_ws/build/turtlebot3_fake_node
[0.374s] -- Install configuration: ""
[0.374s] -- Execute custom install script
[0.375s] -- Up-to-date symlink: /home/anish/ps1_ws/install/turtlebot3_fake_node/lib/turtlebot3_fake_node/turtlebot3_fake_node
[0.375s] -- Up-to-date symlink: /home/anish/ps1_ws/install/turtlebot3_fake_node/share/turtlebot3_fake_node/launch/rviz2.launch.py
[0.376s] -- Up-to-date symlink: /home/anish/ps1_ws/install/turtlebot3_fake_node/share/turtlebot3_fake_node/launch/turtlebot3_fake_node.launch.py
[0.376s] -- Up-to-date symlink: /home/anish/ps1_ws/install/turtlebot3_fake_node/share/turtlebot3_fake_node/param/burger.yaml
[0.376s] -- Up-to-date symlink: /home/anish/ps1_ws/install/turtlebot3_fake_node/share/turtlebot3_fake_node/param/waffle.yaml
[0.376s] -- Up-to-date symlink: /home/anish/ps1_ws/install/turtlebot3_fake_node/share/turtlebot3_fake_node/param/waffle_pi.yaml
[0.376s] -- Up-to-date symlink: /home/anish/ps1_ws/install/turtlebot3_fake_node/include//turtlebot3_fake_node/turtlebot3_fake_node.hpp
[0.376s] -- Up-to-date symlink: /home/anish/ps1_ws/install/turtlebot3_fake_node/share/ament_index/resource_index/package_run_dependencies/turtlebot3_fake_node
[0.376s] -- Up-to-date symlink: /home/anish/ps1_ws/install/turtlebot3_fake_node/share/ament_index/resource_index/parent_prefix_path/turtlebot3_fake_node
[0.376s] -- Up-to-date symlink: /home/anish/ps1_ws/install/turtlebot3_fake_node/share/turtlebot3_fake_node/environment/ament_prefix_path.sh
[0.376s] -- Up-to-date symlink: /home/anish/ps1_ws/install/turtlebot3_fake_node/share/turtlebot3_fake_node/environment/ament_prefix_path.dsv
[0.376s] -- Up-to-date symlink: /home/anish/ps1_ws/install/turtlebot3_fake_node/share/turtlebot3_fake_node/environment/path.sh
[0.376s] -- Up-to-date symlink: /home/anish/ps1_ws/install/turtlebot3_fake_node/share/turtlebot3_fake_node/environment/path.dsv
[0.377s] -- Up-to-date symlink: /home/anish/ps1_ws/install/turtlebot3_fake_node/share/turtlebot3_fake_node/local_setup.bash
[0.377s] -- Up-to-date symlink: /home/anish/ps1_ws/install/turtlebot3_fake_node/share/turtlebot3_fake_node/local_setup.sh
[0.377s] -- Up-to-date symlink: /home/anish/ps1_ws/install/turtlebot3_fake_node/share/turtlebot3_fake_node/local_setup.zsh
[0.377s] -- Up-to-date symlink: /home/anish/ps1_ws/install/turtlebot3_fake_node/share/turtlebot3_fake_node/local_setup.dsv
[0.377s] -- Symlinking: /home/anish/ps1_ws/install/turtlebot3_fake_node/share/turtlebot3_fake_node/package.dsv
[0.380s] -- Up-to-date symlink: /home/anish/ps1_ws/install/turtlebot3_fake_node/share/ament_index/resource_index/packages/turtlebot3_fake_node
[0.380s] -- Up-to-date symlink: /home/anish/ps1_ws/install/turtlebot3_fake_node/share/turtlebot3_fake_node/cmake/ament_cmake_export_include_directories-extras.cmake
[0.381s] -- Up-to-date symlink: /home/anish/ps1_ws/install/turtlebot3_fake_node/share/turtlebot3_fake_node/cmake/ament_cmake_export_dependencies-extras.cmake
[0.381s] -- Up-to-date symlink: /home/anish/ps1_ws/install/turtlebot3_fake_node/share/turtlebot3_fake_node/cmake/turtlebot3_fake_nodeConfig.cmake
[0.382s] -- Up-to-date symlink: /home/anish/ps1_ws/install/turtlebot3_fake_node/share/turtlebot3_fake_node/cmake/turtlebot3_fake_nodeConfig-version.cmake
[0.382s] -- Up-to-date symlink: /home/anish/ps1_ws/install/turtlebot3_fake_node/share/turtlebot3_fake_node/package.xml
[0.430s] Invoked command in '/home/anish/ps1_ws/build/turtlebot3_fake_node' returned '0': CMAKE_PREFIX_PATH=${CMAKE_PREFIX_PATH}:/home/anish/ps1_ws/install/turtlebot3_teleop:/home/anish/ps1_ws/install/turtlebot3_example:/opt/ros/humble /usr/bin/cmake --install /home/anish/ps1_ws/build/turtlebot3_fake_node
