[0.172s] Invoking command in '/home/anish/ps1_ws/build/turtlebot3_navigation2': CMAKE_PREFIX_PATH=${CMAKE_PREFIX_PATH}:/home/anish/ps1_ws/install/turtlebot3_teleop:/home/anish/ps1_ws/install/turtlebot3_example:/opt/ros/humble /usr/bin/cmake /home/anish/ps1_ws/src/turtlebot3/turtlebot3_navigation2 -DAMENT_CMAKE_SYMLINK_INSTALL=1 -DCMAKE_INSTALL_PREFIX=/home/anish/ps1_ws/install/turtlebot3_navigation2
[0.180s] -- Found ament_cmake: 1.3.11 (/opt/ros/humble/share/ament_cmake/cmake)
[0.261s] -- Override CMake install command with custom implementation using symlinks instead of copying resources
[0.308s] -- Configuring done
[0.310s] -- Generating done
[0.311s] -- Build files have been written to: /home/anish/ps1_ws/build/turtlebot3_navigation2
[0.336s] Invoked command in '/home/anish/ps1_ws/build/turtlebot3_navigation2' returned '0': CMAKE_PREFIX_PATH=${CMAKE_PREFIX_PATH}:/home/anish/ps1_ws/install/turtlebot3_teleop:/home/anish/ps1_ws/install/turtlebot3_example:/opt/ros/humble /usr/bin/cmake /home/anish/ps1_ws/src/turtlebot3/turtlebot3_navigation2 -DAMENT_CMAKE_SYMLINK_INSTALL=1 -DCMAKE_INSTALL_PREFIX=/home/anish/ps1_ws/install/turtlebot3_navigation2
[0.337s] Invoking command in '/home/anish/ps1_ws/build/turtlebot3_navigation2': CMAKE_PREFIX_PATH=${CMAKE_PREFIX_PATH}:/home/anish/ps1_ws/install/turtlebot3_teleop:/home/anish/ps1_ws/install/turtlebot3_example:/opt/ros/humble /usr/bin/cmake --build /home/anish/ps1_ws/build/turtlebot3_navigation2 -- -j16 -l16
[0.379s] Invoked command in '/home/anish/ps1_ws/build/turtlebot3_navigation2' returned '0': CMAKE_PREFIX_PATH=${CMAKE_PREFIX_PATH}:/home/anish/ps1_ws/install/turtlebot3_teleop:/home/anish/ps1_ws/install/turtlebot3_example:/opt/ros/humble /usr/bin/cmake --build /home/anish/ps1_ws/build/turtlebot3_navigation2 -- -j16 -l16
[0.381s] Invoking command in '/home/anish/ps1_ws/build/turtlebot3_navigation2': CMAKE_PREFIX_PATH=${CMAKE_PREFIX_PATH}:/home/anish/ps1_ws/install/turtlebot3_teleop:/home/anish/ps1_ws/install/turtlebot3_example:/opt/ros/humble /usr/bin/cmake --install /home/anish/ps1_ws/build/turtlebot3_navigation2
[0.387s] -- Install configuration: ""
[0.387s] -- Execute custom install script
[0.387s] -- Symlinking: /home/anish/ps1_ws/install/turtlebot3_navigation2/share/turtlebot3_navigation2/launch/navigation2.launch.py
[0.395s] -- Symlinking: /home/anish/ps1_ws/install/turtlebot3_navigation2/share/turtlebot3_navigation2/map/map.pgm
[0.403s] -- Symlinking: /home/anish/ps1_ws/install/turtlebot3_navigation2/share/turtlebot3_navigation2/map/map.yaml
[0.412s] -- Symlinking: /home/anish/ps1_ws/install/turtlebot3_navigation2/share/turtlebot3_navigation2/param/burger.yaml
[0.419s] -- Symlinking: /home/anish/ps1_ws/install/turtlebot3_navigation2/share/turtlebot3_navigation2/param/burger_cam.yaml
[0.427s] -- Symlinking: /home/anish/ps1_ws/install/turtlebot3_navigation2/share/turtlebot3_navigation2/param/humble/burger.yaml
[0.435s] -- Symlinking: /home/anish/ps1_ws/install/turtlebot3_navigation2/share/turtlebot3_navigation2/param/humble/burger_cam.yaml
[0.443s] -- Symlinking: /home/anish/ps1_ws/install/turtlebot3_navigation2/share/turtlebot3_navigation2/param/humble/waffle.yaml
[0.452s] -- Symlinking: /home/anish/ps1_ws/install/turtlebot3_navigation2/share/turtlebot3_navigation2/param/humble/waffle_pi.yaml
[0.460s] -- Symlinking: /home/anish/ps1_ws/install/turtlebot3_navigation2/share/turtlebot3_navigation2/param/waffle.yaml
[0.467s] -- Symlinking: /home/anish/ps1_ws/install/turtlebot3_navigation2/share/turtlebot3_navigation2/param/waffle_pi.yaml
[0.476s] -- Symlinking: /home/anish/ps1_ws/install/turtlebot3_navigation2/share/turtlebot3_navigation2/rviz/tb3_navigation2.rviz
[0.484s] -- Symlinking: /home/anish/ps1_ws/install/turtlebot3_navigation2/share/ament_index/resource_index/package_run_dependencies/turtlebot3_navigation2
[0.492s] -- Symlinking: /home/anish/ps1_ws/install/turtlebot3_navigation2/share/ament_index/resource_index/parent_prefix_path/turtlebot3_navigation2
[0.500s] -- Symlinking: /home/anish/ps1_ws/install/turtlebot3_navigation2/share/turtlebot3_navigation2/environment/ament_prefix_path.sh
[0.509s] -- Symlinking: /home/anish/ps1_ws/install/turtlebot3_navigation2/share/turtlebot3_navigation2/environment/ament_prefix_path.dsv
[0.518s] -- Symlinking: /home/anish/ps1_ws/install/turtlebot3_navigation2/share/turtlebot3_navigation2/environment/path.sh
[0.526s] -- Symlinking: /home/anish/ps1_ws/install/turtlebot3_navigation2/share/turtlebot3_navigation2/environment/path.dsv
[0.535s] -- Symlinking: /home/anish/ps1_ws/install/turtlebot3_navigation2/share/turtlebot3_navigation2/local_setup.bash
[0.543s] -- Symlinking: /home/anish/ps1_ws/install/turtlebot3_navigation2/share/turtlebot3_navigation2/local_setup.sh
[0.551s] -- Symlinking: /home/anish/ps1_ws/install/turtlebot3_navigation2/share/turtlebot3_navigation2/local_setup.zsh
[0.559s] -- Symlinking: /home/anish/ps1_ws/install/turtlebot3_navigation2/share/turtlebot3_navigation2/local_setup.dsv
[0.567s] -- Symlinking: /home/anish/ps1_ws/install/turtlebot3_navigation2/share/turtlebot3_navigation2/package.dsv
[0.576s] -- Symlinking: /home/anish/ps1_ws/install/turtlebot3_navigation2/share/ament_index/resource_index/packages/turtlebot3_navigation2
[0.584s] -- Symlinking: /home/anish/ps1_ws/install/turtlebot3_navigation2/share/turtlebot3_navigation2/cmake/turtlebot3_navigation2Config.cmake
[0.592s] -- Symlinking: /home/anish/ps1_ws/install/turtlebot3_navigation2/share/turtlebot3_navigation2/cmake/turtlebot3_navigation2Config-version.cmake
[0.602s] -- Symlinking: /home/anish/ps1_ws/install/turtlebot3_navigation2/share/turtlebot3_navigation2/package.xml
[0.617s] Invoked command in '/home/anish/ps1_ws/build/turtlebot3_navigation2' returned '0': CMAKE_PREFIX_PATH=${CMAKE_PREFIX_PATH}:/home/anish/ps1_ws/install/turtlebot3_teleop:/home/anish/ps1_ws/install/turtlebot3_example:/opt/ros/humble /usr/bin/cmake --install /home/anish/ps1_ws/build/turtlebot3_navigation2
