[0.644s] Invoking command in '/home/anish/ps1_ws/src/turtlebot3/turtlebot3_teleop': PYTHONPATH=/home/anish/ps1_ws/build/turtlebot3_teleop/prefix_override:/usr/lib/python3/dist-packages/colcon_core/task/python/colcon_distutils_commands:/home/anish/ps1_ws/install/turtlebot3_teleop/lib/python3.10/site-packages:${PYTHONPATH} /usr/bin/python3 -W ignore:setup.py install is deprecated -W ignore:easy_install command is deprecated setup.py egg_info --egg-base ../../../build/turtlebot3_teleop build --build-base /home/anish/ps1_ws/build/turtlebot3_teleop/build install --record /home/anish/ps1_ws/build/turtlebot3_teleop/install.log --single-version-externally-managed install_data
[0.787s] running egg_info
[0.787s] writing ../../../build/turtlebot3_teleop/turtlebot3_teleop.egg-info/PKG-INFO
[0.787s] writing dependency_links to ../../../build/turtlebot3_teleop/turtlebot3_teleop.egg-info/dependency_links.txt
[0.787s] writing entry points to ../../../build/turtlebot3_teleop/turtlebot3_teleop.egg-info/entry_points.txt
[0.788s] writing requirements to ../../../build/turtlebot3_teleop/turtlebot3_teleop.egg-info/requires.txt
[0.788s] writing top-level names to ../../../build/turtlebot3_teleop/turtlebot3_teleop.egg-info/top_level.txt
[0.789s] reading manifest file '../../../build/turtlebot3_teleop/turtlebot3_teleop.egg-info/SOURCES.txt'
[0.790s] writing manifest file '../../../build/turtlebot3_teleop/turtlebot3_teleop.egg-info/SOURCES.txt'
[0.790s] running build
[0.790s] running build_py
[0.790s] running install
[0.790s] running install_lib
[0.792s] running install_data
[0.792s] running install_egg_info
[0.793s] removing '/home/anish/ps1_ws/install/turtlebot3_teleop/lib/python3.10/site-packages/turtlebot3_teleop-2.3.1-py3.10.egg-info' (and everything under it)
[0.793s] Copying ../../../build/turtlebot3_teleop/turtlebot3_teleop.egg-info to /home/anish/ps1_ws/install/turtlebot3_teleop/lib/python3.10/site-packages/turtlebot3_teleop-2.3.1-py3.10.egg-info
[0.794s] running install_scripts
[0.808s] Installing teleop_keyboard script to /home/anish/ps1_ws/install/turtlebot3_teleop/lib/turtlebot3_teleop
[0.809s] writing list of installed files to '/home/anish/ps1_ws/build/turtlebot3_teleop/install.log'
[0.833s] Invoked command in '/home/anish/ps1_ws/src/turtlebot3/turtlebot3_teleop' returned '0': PYTHONPATH=/home/anish/ps1_ws/build/turtlebot3_teleop/prefix_override:/usr/lib/python3/dist-packages/colcon_core/task/python/colcon_distutils_commands:/home/anish/ps1_ws/install/turtlebot3_teleop/lib/python3.10/site-packages:${PYTHONPATH} /usr/bin/python3 -W ignore:setup.py install is deprecated -W ignore:easy_install command is deprecated setup.py egg_info --egg-base ../../../build/turtlebot3_teleop build --build-base /home/anish/ps1_ws/build/turtlebot3_teleop/build install --record /home/anish/ps1_ws/build/turtlebot3_teleop/install.log --single-version-externally-managed install_data
