[0.008s] Invoking command in '/home/anish/ps1_ws/build/turtlebot3_simulations': AMENT_PREFIX_PATH=/home/anish/ps1_ws/install/turtlebot3_gazebo:/home/anish/ps1_ws/install/turtlebot3_fake_node:${AMENT_PREFIX_PATH} CMAKE_PREFIX_PATH=/home/anish/ps1_ws/install/turtlebot3_gazebo:/home/anish/ps1_ws/install/turtlebot3_fake_node:/opt/ros/humble /usr/bin/cmake /home/anish/ps1_ws/src/turtlebot3_simulations/turtlebot3_simulations -DCMAKE_INSTALL_PREFIX=/home/anish/ps1_ws/install/turtlebot3_simulations
[0.019s] -- Found ament_cmake: 1.3.11 (/opt/ros/humble/share/ament_cmake/cmake)
[0.104s] -- Override CMake install command with custom implementation using symlinks instead of copying resources
[0.154s] -- Configuring done
[0.155s] -- Generating done
[0.157s] -- Build files have been written to: /home/anish/ps1_ws/build/turtlebot3_simulations
[0.159s] Invoked command in '/home/anish/ps1_ws/build/turtlebot3_simulations' returned '0': AMENT_PREFIX_PATH=/home/anish/ps1_ws/install/turtlebot3_gazebo:/home/anish/ps1_ws/install/turtlebot3_fake_node:${AMENT_PREFIX_PATH} CMAKE_PREFIX_PATH=/home/anish/ps1_ws/install/turtlebot3_gazebo:/home/anish/ps1_ws/install/turtlebot3_fake_node:/opt/ros/humble /usr/bin/cmake /home/anish/ps1_ws/src/turtlebot3_simulations/turtlebot3_simulations -DCMAKE_INSTALL_PREFIX=/home/anish/ps1_ws/install/turtlebot3_simulations
[0.160s] Invoking command in '/home/anish/ps1_ws/build/turtlebot3_simulations': AMENT_PREFIX_PATH=/home/anish/ps1_ws/install/turtlebot3_gazebo:/home/anish/ps1_ws/install/turtlebot3_fake_node:${AMENT_PREFIX_PATH} CMAKE_PREFIX_PATH=/home/anish/ps1_ws/install/turtlebot3_gazebo:/home/anish/ps1_ws/install/turtlebot3_fake_node:/opt/ros/humble /usr/bin/cmake --build /home/anish/ps1_ws/build/turtlebot3_simulations -- -j16 -l16
[0.191s] Invoked command in '/home/anish/ps1_ws/build/turtlebot3_simulations' returned '0': AMENT_PREFIX_PATH=/home/anish/ps1_ws/install/turtlebot3_gazebo:/home/anish/ps1_ws/install/turtlebot3_fake_node:${AMENT_PREFIX_PATH} CMAKE_PREFIX_PATH=/home/anish/ps1_ws/install/turtlebot3_gazebo:/home/anish/ps1_ws/install/turtlebot3_fake_node:/opt/ros/humble /usr/bin/cmake --build /home/anish/ps1_ws/build/turtlebot3_simulations -- -j16 -l16
[0.192s] Invoking command in '/home/anish/ps1_ws/build/turtlebot3_simulations': AMENT_PREFIX_PATH=/home/anish/ps1_ws/install/turtlebot3_gazebo:/home/anish/ps1_ws/install/turtlebot3_fake_node:${AMENT_PREFIX_PATH} CMAKE_PREFIX_PATH=/home/anish/ps1_ws/install/turtlebot3_gazebo:/home/anish/ps1_ws/install/turtlebot3_fake_node:/opt/ros/humble /usr/bin/cmake --install /home/anish/ps1_ws/build/turtlebot3_simulations
[0.198s] -- Install configuration: ""
[0.198s] -- Execute custom install script
[0.198s] -- Up-to-date symlink: /home/anish/ps1_ws/install/turtlebot3_simulations/share/ament_index/resource_index/package_run_dependencies/turtlebot3_simulations
[0.198s] -- Up-to-date symlink: /home/anish/ps1_ws/install/turtlebot3_simulations/share/ament_index/resource_index/parent_prefix_path/turtlebot3_simulations
[0.199s] -- Up-to-date symlink: /home/anish/ps1_ws/install/turtlebot3_simulations/share/turtlebot3_simulations/environment/ament_prefix_path.sh
[0.199s] -- Up-to-date symlink: /home/anish/ps1_ws/install/turtlebot3_simulations/share/turtlebot3_simulations/environment/ament_prefix_path.dsv
[0.199s] -- Up-to-date symlink: /home/anish/ps1_ws/install/turtlebot3_simulations/share/turtlebot3_simulations/environment/path.sh
[0.199s] -- Up-to-date symlink: /home/anish/ps1_ws/install/turtlebot3_simulations/share/turtlebot3_simulations/environment/path.dsv
[0.199s] -- Up-to-date symlink: /home/anish/ps1_ws/install/turtlebot3_simulations/share/turtlebot3_simulations/local_setup.bash
[0.199s] -- Up-to-date symlink: /home/anish/ps1_ws/install/turtlebot3_simulations/share/turtlebot3_simulations/local_setup.sh
[0.199s] -- Up-to-date symlink: /home/anish/ps1_ws/install/turtlebot3_simulations/share/turtlebot3_simulations/local_setup.zsh
[0.199s] -- Up-to-date symlink: /home/anish/ps1_ws/install/turtlebot3_simulations/share/turtlebot3_simulations/local_setup.dsv
[0.199s] -- Symlinking: /home/anish/ps1_ws/install/turtlebot3_simulations/share/turtlebot3_simulations/package.dsv
[0.206s] -- Up-to-date symlink: /home/anish/ps1_ws/install/turtlebot3_simulations/share/ament_index/resource_index/packages/turtlebot3_simulations
[0.206s] -- Up-to-date symlink: /home/anish/ps1_ws/install/turtlebot3_simulations/share/turtlebot3_simulations/cmake/turtlebot3_simulationsConfig.cmake
[0.206s] -- Up-to-date symlink: /home/anish/ps1_ws/install/turtlebot3_simulations/share/turtlebot3_simulations/cmake/turtlebot3_simulationsConfig-version.cmake
[0.206s] -- Up-to-date symlink: /home/anish/ps1_ws/install/turtlebot3_simulations/share/turtlebot3_simulations/package.xml
[0.208s] Invoked command in '/home/anish/ps1_ws/build/turtlebot3_simulations' returned '0': AMENT_PREFIX_PATH=/home/anish/ps1_ws/install/turtlebot3_gazebo:/home/anish/ps1_ws/install/turtlebot3_fake_node:${AMENT_PREFIX_PATH} CMAKE_PREFIX_PATH=/home/anish/ps1_ws/install/turtlebot3_gazebo:/home/anish/ps1_ws/install/turtlebot3_fake_node:/opt/ros/humble /usr/bin/cmake --install /home/anish/ps1_ws/build/turtlebot3_simulations
